<?xml version="1.0" encoding="UTF-8"?>
<testsuite xmlns:xsi="http://www.w3.org/2001/XMLSchema-instance" xsi:noNamespaceSchemaLocation="https://maven.apache.org/surefire/maven-surefire-plugin/xsd/surefire-test-report.xsd" name="TestSuite" time="10.583" tests="20" errors="0" skipped="2" failures="16">
  <properties>
    <property name="java.specification.version" value="18"/>
    <property name="sun.cpu.isalist" value="amd64"/>
    <property name="sun.jnu.encoding" value="Cp1251"/>
    <property name="java.class.path" value="H:\Programirane\Java\Proxiad-Hangman\target\test-classes;H:\Programirane\Java\Proxiad-Hangman\target\classes;C:\Users\HP\.m2\repository\com\fasterxml\jackson\datatype\jackson-datatype-jsr310\2.13.5\jackson-datatype-jsr310-2.13.5.jar;C:\Users\HP\.m2\repository\com\fasterxml\jackson\core\jackson-annotations\2.13.5\jackson-annotations-2.13.5.jar;C:\Users\HP\.m2\repository\com\fasterxml\jackson\core\jackson-core\2.13.5\jackson-core-2.13.5.jar;C:\Users\HP\.m2\repository\com\fasterxml\jackson\core\jackson-databind\2.13.5\jackson-databind-2.13.5.jar;C:\Users\HP\.m2\repository\javax\inject\javax.inject\1\javax.inject-1.jar;C:\Users\HP\.m2\repository\org\hamcrest\hamcrest\2.2\hamcrest-2.2.jar;C:\Users\HP\.m2\repository\org\springframework\boot\spring-boot-starter-web\2.7.13\spring-boot-starter-web-2.7.13.jar;C:\Users\HP\.m2\repository\org\springframework\boot\spring-boot-starter\2.7.13\spring-boot-starter-2.7.13.jar;C:\Users\HP\.m2\repository\org\springframework\boot\spring-boot-starter-logging\2.7.13\spring-boot-starter-logging-2.7.13.jar;C:\Users\HP\.m2\repository\ch\qos\logback\logback-classic\1.2.12\logback-classic-1.2.12.jar;C:\Users\HP\.m2\repository\ch\qos\logback\logback-core\1.2.12\logback-core-1.2.12.jar;C:\Users\HP\.m2\repository\org\apache\logging\log4j\log4j-to-slf4j\2.17.2\log4j-to-slf4j-2.17.2.jar;C:\Users\HP\.m2\repository\org\apache\logging\log4j\log4j-api\2.17.2\log4j-api-2.17.2.jar;C:\Users\HP\.m2\repository\org\slf4j\jul-to-slf4j\1.7.36\jul-to-slf4j-1.7.36.jar;C:\Users\HP\.m2\repository\org\yaml\snakeyaml\1.30\snakeyaml-1.30.jar;C:\Users\HP\.m2\repository\org\springframework\boot\spring-boot-starter-json\2.7.13\spring-boot-starter-json-2.7.13.jar;C:\Users\HP\.m2\repository\com\fasterxml\jackson\datatype\jackson-datatype-jdk8\2.13.5\jackson-datatype-jdk8-2.13.5.jar;C:\Users\HP\.m2\repository\com\fasterxml\jackson\module\jackson-module-parameter-names\2.13.5\jackson-module-parameter-names-2.13.5.jar;C:\Users\HP\.m2\repository\org\springframework\boot\spring-boot-starter-tomcat\2.7.13\spring-boot-starter-tomcat-2.7.13.jar;C:\Users\HP\.m2\repository\org\apache\tomcat\embed\tomcat-embed-websocket\9.0.76\tomcat-embed-websocket-9.0.76.jar;C:\Users\HP\.m2\repository\org\springframework\spring-web\5.3.28\spring-web-5.3.28.jar;C:\Users\HP\.m2\repository\org\springframework\spring-webmvc\5.3.28\spring-webmvc-5.3.28.jar;C:\Users\HP\.m2\repository\org\springframework\spring-aop\5.3.28\spring-aop-5.3.28.jar;C:\Users\HP\.m2\repository\org\springframework\spring-expression\5.3.28\spring-expression-5.3.28.jar;C:\Users\HP\.m2\repository\org\springframework\boot\spring-boot-starter-validation\2.7.13\spring-boot-starter-validation-2.7.13.jar;C:\Users\HP\.m2\repository\org\apache\tomcat\embed\tomcat-embed-el\9.0.76\tomcat-embed-el-9.0.76.jar;C:\Users\HP\.m2\repository\org\hibernate\validator\hibernate-validator\6.2.5.Final\hibernate-validator-6.2.5.Final.jar;C:\Users\HP\.m2\repository\org\jboss\logging\jboss-logging\3.4.3.Final\jboss-logging-3.4.3.Final.jar;C:\Users\HP\.m2\repository\com\fasterxml\classmate\1.5.1\classmate-1.5.1.jar;C:\Users\HP\.m2\repository\org\springframework\boot\spring-boot-devtools\2.7.13\spring-boot-devtools-2.7.13.jar;C:\Users\HP\.m2\repository\org\springframework\boot\spring-boot\2.7.13\spring-boot-2.7.13.jar;C:\Users\HP\.m2\repository\org\springframework\boot\spring-boot-autoconfigure\2.7.13\spring-boot-autoconfigure-2.7.13.jar;C:\Users\HP\.m2\repository\org\springframework\boot\spring-boot-starter-web-services\2.7.13\spring-boot-starter-web-services-2.7.13.jar;C:\Users\HP\.m2\repository\com\sun\xml\messaging\saaj\saaj-impl\1.5.3\saaj-impl-1.5.3.jar;C:\Users\HP\.m2\repository\org\jvnet\staxex\stax-ex\1.8.3\stax-ex-1.8.3.jar;C:\Users\HP\.m2\repository\org\springframework\spring-oxm\5.3.28\spring-oxm-5.3.28.jar;C:\Users\HP\.m2\repository\org\springframework\ws\spring-ws-core\3.1.6\spring-ws-core-3.1.6.jar;C:\Users\HP\.m2\repository\org\apache\cxf\cxf-spring-boot-starter-jaxws\3.5.0\cxf-spring-boot-starter-jaxws-3.5.0.jar;C:\Users\HP\.m2\repository\org\apache\cxf\cxf-spring-boot-autoconfigure\3.5.0\cxf-spring-boot-autoconfigure-3.5.0.jar;C:\Users\HP\.m2\repository\org\apache\cxf\cxf-rt-features-metrics\3.5.0\cxf-rt-features-metrics-3.5.0.jar;C:\Users\HP\.m2\repository\jakarta\validation\jakarta.validation-api\2.0.2\jakarta.validation-api-2.0.2.jar;C:\Users\HP\.m2\repository\jakarta\annotation\jakarta.annotation-api\1.3.5\jakarta.annotation-api-1.3.5.jar;C:\Users\HP\.m2\repository\jakarta\jws\jakarta.jws-api\2.1.0\jakarta.jws-api-2.1.0.jar;C:\Users\HP\.m2\repository\jakarta\xml\soap\jakarta.xml.soap-api\1.4.2\jakarta.xml.soap-api-1.4.2.jar;C:\Users\HP\.m2\repository\jakarta\activation\jakarta.activation-api\1.2.2\jakarta.activation-api-1.2.2.jar;C:\Users\HP\.m2\repository\com\sun\activation\jakarta.activation\1.2.2\jakarta.activation-1.2.2.jar;C:\Users\HP\.m2\repository\org\apache\geronimo\specs\geronimo-jta_1.1_spec\1.1.1\geronimo-jta_1.1_spec-1.1.1.jar;C:\Users\HP\.m2\repository\junit\junit\4.13.2\junit-4.13.2.jar;C:\Users\HP\.m2\repository\org\hamcrest\hamcrest-core\2.2\hamcrest-core-2.2.jar;C:\Users\HP\.m2\repository\org\apache\cxf\cxf-rt-frontend-jaxws\3.5.0\cxf-rt-frontend-jaxws-3.5.0.jar;C:\Users\HP\.m2\repository\xml-resolver\xml-resolver\1.2\xml-resolver-1.2.jar;C:\Users\HP\.m2\repository\org\ow2\asm\asm\9.2\asm-9.2.jar;C:\Users\HP\.m2\repository\org\apache\cxf\cxf-core\3.5.0\cxf-core-3.5.0.jar;C:\Users\HP\.m2\repository\org\glassfish\jaxb\jaxb-runtime\2.3.8\jaxb-runtime-2.3.8.jar;C:\Users\HP\.m2\repository\org\glassfish\jaxb\txw2\2.3.8\txw2-2.3.8.jar;C:\Users\HP\.m2\repository\com\sun\istack\istack-commons-runtime\3.0.12\istack-commons-runtime-3.0.12.jar;C:\Users\HP\.m2\repository\com\fasterxml\woodstox\woodstox-core\6.2.7\woodstox-core-6.2.7.jar;C:\Users\HP\.m2\repository\org\codehaus\woodstox\stax2-api\4.2.1\stax2-api-4.2.1.jar;C:\Users\HP\.m2\repository\org\apache\ws\xmlschema\xmlschema-core\2.3.0\xmlschema-core-2.3.0.jar;C:\Users\HP\.m2\repository\org\apache\cxf\cxf-rt-bindings-soap\3.5.0\cxf-rt-bindings-soap-3.5.0.jar;C:\Users\HP\.m2\repository\org\apache\cxf\cxf-rt-wsdl\3.5.0\cxf-rt-wsdl-3.5.0.jar;C:\Users\HP\.m2\repository\wsdl4j\wsdl4j\1.6.3\wsdl4j-1.6.3.jar;C:\Users\HP\.m2\repository\org\apache\cxf\cxf-rt-databinding-jaxb\3.5.0\cxf-rt-databinding-jaxb-3.5.0.jar;C:\Users\HP\.m2\repository\org\apache\cxf\cxf-rt-bindings-xml\3.5.0\cxf-rt-bindings-xml-3.5.0.jar;C:\Users\HP\.m2\repository\org\apache\cxf\cxf-rt-frontend-simple\3.5.0\cxf-rt-frontend-simple-3.5.0.jar;C:\Users\HP\.m2\repository\org\apache\cxf\cxf-rt-ws-addr\3.5.0\cxf-rt-ws-addr-3.5.0.jar;C:\Users\HP\.m2\repository\org\apache\cxf\cxf-rt-ws-policy\3.5.0\cxf-rt-ws-policy-3.5.0.jar;C:\Users\HP\.m2\repository\org\apache\neethi\neethi\3.2.0\neethi-3.2.0.jar;C:\Users\HP\.m2\repository\org\apache\cxf\cxf-rt-transports-http\3.5.0\cxf-rt-transports-http-3.5.0.jar;C:\Users\HP\.m2\repository\org\apache\cxf\cxf-rt-transports-http-jetty\3.5.0\cxf-rt-transports-http-jetty-3.5.0.jar;C:\Users\HP\.m2\repository\org\eclipse\jetty\jetty-server\9.4.51.v20230217\jetty-server-9.4.51.v20230217.jar;C:\Users\HP\.m2\repository\javax\servlet\javax.servlet-api\4.0.1\javax.servlet-api-4.0.1.jar;C:\Users\HP\.m2\repository\org\eclipse\jetty\jetty-util\9.4.51.v20230217\jetty-util-9.4.51.v20230217.jar;C:\Users\HP\.m2\repository\org\eclipse\jetty\jetty-io\9.4.51.v20230217\jetty-io-9.4.51.v20230217.jar;C:\Users\HP\.m2\repository\org\eclipse\jetty\jetty-security\9.4.51.v20230217\jetty-security-9.4.51.v20230217.jar;C:\Users\HP\.m2\repository\org\eclipse\jetty\jetty-continuation\9.4.51.v20230217\jetty-continuation-9.4.51.v20230217.jar;C:\Users\HP\.m2\repository\org\eclipse\jetty\jetty-http\9.4.51.v20230217\jetty-http-9.4.51.v20230217.jar;C:\Users\HP\.m2\repository\org\slf4j\slf4j-api\1.7.36\slf4j-api-1.7.36.jar;C:\Users\HP\.m2\repository\org\springframework\boot\spring-boot-starter-test\2.7.13\spring-boot-starter-test-2.7.13.jar;C:\Users\HP\.m2\repository\org\springframework\boot\spring-boot-test\2.7.13\spring-boot-test-2.7.13.jar;C:\Users\HP\.m2\repository\org\springframework\boot\spring-boot-test-autoconfigure\2.7.13\spring-boot-test-autoconfigure-2.7.13.jar;C:\Users\HP\.m2\repository\com\jayway\jsonpath\json-path\2.7.0\json-path-2.7.0.jar;C:\Users\HP\.m2\repository\net\minidev\json-smart\2.4.11\json-smart-2.4.11.jar;C:\Users\HP\.m2\repository\net\minidev\accessors-smart\2.4.11\accessors-smart-2.4.11.jar;C:\Users\HP\.m2\repository\jakarta\xml\bind\jakarta.xml.bind-api\2.3.3\jakarta.xml.bind-api-2.3.3.jar;C:\Users\HP\.m2\repository\org\assertj\assertj-core\3.22.0\assertj-core-3.22.0.jar;C:\Users\HP\.m2\repository\org\junit\jupiter\junit-jupiter\5.8.2\junit-jupiter-5.8.2.jar;C:\Users\HP\.m2\repository\org\junit\jupiter\junit-jupiter-api\5.8.2\junit-jupiter-api-5.8.2.jar;C:\Users\HP\.m2\repository\org\opentest4j\opentest4j\1.2.0\opentest4j-1.2.0.jar;C:\Users\HP\.m2\repository\org\junit\platform\junit-platform-commons\1.8.2\junit-platform-commons-1.8.2.jar;C:\Users\HP\.m2\repository\org\apiguardian\apiguardian-api\1.1.2\apiguardian-api-1.1.2.jar;C:\Users\HP\.m2\repository\org\junit\jupiter\junit-jupiter-params\5.8.2\junit-jupiter-params-5.8.2.jar;C:\Users\HP\.m2\repository\org\junit\jupiter\junit-jupiter-engine\5.8.2\junit-jupiter-engine-5.8.2.jar;C:\Users\HP\.m2\repository\org\junit\platform\junit-platform-engine\1.8.2\junit-platform-engine-1.8.2.jar;C:\Users\HP\.m2\repository\org\mockito\mockito-core\4.5.1\mockito-core-4.5.1.jar;C:\Users\HP\.m2\repository\net\bytebuddy\byte-buddy\1.12.23\byte-buddy-1.12.23.jar;C:\Users\HP\.m2\repository\net\bytebuddy\byte-buddy-agent\1.12.23\byte-buddy-agent-1.12.23.jar;C:\Users\HP\.m2\repository\org\objenesis\objenesis\3.2\objenesis-3.2.jar;C:\Users\HP\.m2\repository\org\mockito\mockito-junit-jupiter\4.5.1\mockito-junit-jupiter-4.5.1.jar;C:\Users\HP\.m2\repository\org\skyscreamer\jsonassert\1.5.1\jsonassert-1.5.1.jar;C:\Users\HP\.m2\repository\com\vaadin\external\google\android-json\0.0.20131108.vaadin1\android-json-0.0.20131108.vaadin1.jar;C:\Users\HP\.m2\repository\org\springframework\spring-core\5.3.28\spring-core-5.3.28.jar;C:\Users\HP\.m2\repository\org\springframework\spring-jcl\5.3.28\spring-jcl-5.3.28.jar;C:\Users\HP\.m2\repository\org\springframework\spring-test\5.3.28\spring-test-5.3.28.jar;C:\Users\HP\.m2\repository\org\xmlunit\xmlunit-core\2.9.1\xmlunit-core-2.9.1.jar;C:\Users\HP\.m2\repository\org\mariadb\jdbc\mariadb-java-client\3.0.10\mariadb-java-client-3.0.10.jar;C:\Users\HP\.m2\repository\org\flywaydb\flyway-core\8.5.13\flyway-core-8.5.13.jar;C:\Users\HP\.m2\repository\org\flywaydb\flyway-mysql\8.5.13\flyway-mysql-8.5.13.jar;C:\Users\HP\.m2\repository\com\mysql\mysql-connector-j\8.0.33\mysql-connector-j-8.0.33.jar;C:\Users\HP\.m2\repository\org\springframework\boot\spring-boot-starter-data-jpa\2.7.13\spring-boot-starter-data-jpa-2.7.13.jar;C:\Users\HP\.m2\repository\org\springframework\boot\spring-boot-starter-aop\2.7.13\spring-boot-starter-aop-2.7.13.jar;C:\Users\HP\.m2\repository\org\aspectj\aspectjweaver\1.9.7\aspectjweaver-1.9.7.jar;C:\Users\HP\.m2\repository\org\springframework\boot\spring-boot-starter-jdbc\2.7.13\spring-boot-starter-jdbc-2.7.13.jar;C:\Users\HP\.m2\repository\com\zaxxer\HikariCP\4.0.3\HikariCP-4.0.3.jar;C:\Users\HP\.m2\repository\org\springframework\spring-jdbc\5.3.28\spring-jdbc-5.3.28.jar;C:\Users\HP\.m2\repository\jakarta\transaction\jakarta.transaction-api\1.3.3\jakarta.transaction-api-1.3.3.jar;C:\Users\HP\.m2\repository\jakarta\persistence\jakarta.persistence-api\2.2.3\jakarta.persistence-api-2.2.3.jar;C:\Users\HP\.m2\repository\org\hibernate\hibernate-core\5.6.15.Final\hibernate-core-5.6.15.Final.jar;C:\Users\HP\.m2\repository\antlr\antlr\2.7.7\antlr-2.7.7.jar;C:\Users\HP\.m2\repository\org\jboss\jandex\2.4.2.Final\jandex-2.4.2.Final.jar;C:\Users\HP\.m2\repository\org\hibernate\common\hibernate-commons-annotations\5.1.2.Final\hibernate-commons-annotations-5.1.2.Final.jar;C:\Users\HP\.m2\repository\org\springframework\data\spring-data-jpa\2.7.13\spring-data-jpa-2.7.13.jar;C:\Users\HP\.m2\repository\org\springframework\data\spring-data-commons\2.7.13\spring-data-commons-2.7.13.jar;C:\Users\HP\.m2\repository\org\springframework\spring-orm\5.3.28\spring-orm-5.3.28.jar;C:\Users\HP\.m2\repository\org\springframework\spring-tx\5.3.28\spring-tx-5.3.28.jar;C:\Users\HP\.m2\repository\org\springframework\spring-aspects\5.3.28\spring-aspects-5.3.28.jar;C:\Users\HP\.m2\repository\org\apache\tomcat\embed\tomcat-embed-jasper\9.0.76\tomcat-embed-jasper-9.0.76.jar;C:\Users\HP\.m2\repository\org\apache\tomcat\embed\tomcat-embed-core\9.0.76\tomcat-embed-core-9.0.76.jar;C:\Users\HP\.m2\repository\org\apache\tomcat\tomcat-annotations-api\9.0.76\tomcat-annotations-api-9.0.76.jar;C:\Users\HP\.m2\repository\org\eclipse\jdt\ecj\3.26.0\ecj-3.26.0.jar;C:\Users\HP\.m2\repository\javax\servlet\jstl\1.2\jstl-1.2.jar;C:\Users\HP\.m2\repository\io\github\bonigarcia\webdrivermanager\5.3.3\webdrivermanager-5.3.3.jar;C:\Users\HP\.m2\repository\com\google\code\gson\gson\2.9.1\gson-2.9.1.jar;C:\Users\HP\.m2\repository\com\github\docker-java\docker-java\3.3.0\docker-java-3.3.0.jar;C:\Users\HP\.m2\repository\com\github\docker-java\docker-java-core\3.3.0\docker-java-core-3.3.0.jar;C:\Users\HP\.m2\repository\com\github\docker-java\docker-java-api\3.3.0\docker-java-api-3.3.0.jar;C:\Users\HP\.m2\repository\commons-io\commons-io\2.6\commons-io-2.6.jar;C:\Users\HP\.m2\repository\org\apache\commons\commons-compress\1.21\commons-compress-1.21.jar;C:\Users\HP\.m2\repository\org\bouncycastle\bcpkix-jdk15on\1.64\bcpkix-jdk15on-1.64.jar;C:\Users\HP\.m2\repository\org\bouncycastle\bcprov-jdk15on\1.64\bcprov-jdk15on-1.64.jar;C:\Users\HP\.m2\repository\org\slf4j\jcl-over-slf4j\1.7.36\jcl-over-slf4j-1.7.36.jar;C:\Users\HP\.m2\repository\com\github\docker-java\docker-java-transport-httpclient5\3.3.0\docker-java-transport-httpclient5-3.3.0.jar;C:\Users\HP\.m2\repository\com\github\docker-java\docker-java-transport\3.3.0\docker-java-transport-3.3.0.jar;C:\Users\HP\.m2\repository\net\java\dev\jna\jna\5.12.1\jna-5.12.1.jar;C:\Users\HP\.m2\repository\org\brotli\dec\0.1.2\dec-0.1.2.jar;C:\Users\HP\.m2\repository\org\apache\commons\commons-lang3\3.12.0\commons-lang3-3.12.0.jar;C:\Users\HP\.m2\repository\org\apache\httpcomponents\client5\httpclient5\5.1.4\httpclient5-5.1.4.jar;C:\Users\HP\.m2\repository\org\apache\httpcomponents\core5\httpcore5\5.1.5\httpcore5-5.1.5.jar;C:\Users\HP\.m2\repository\org\apache\httpcomponents\core5\httpcore5-h2\5.1.5\httpcore5-h2-5.1.5.jar;C:\Users\HP\.m2\repository\commons-codec\commons-codec\1.15\commons-codec-1.15.jar;C:\Users\HP\.m2\repository\javax\ejb\ejb-api\3.0\ejb-api-3.0.jar;C:\Users\HP\.m2\repository\javax\jws\javax.jws-api\1.1\javax.jws-api-1.1.jar;C:\Users\HP\.m2\repository\org\springdoc\springdoc-openapi-ui\1.6.14\springdoc-openapi-ui-1.6.14.jar;C:\Users\HP\.m2\repository\org\springdoc\springdoc-openapi-webmvc-core\1.6.14\springdoc-openapi-webmvc-core-1.6.14.jar;C:\Users\HP\.m2\repository\org\springdoc\springdoc-openapi-common\1.6.14\springdoc-openapi-common-1.6.14.jar;C:\Users\HP\.m2\repository\io\swagger\core\v3\swagger-core\2.2.7\swagger-core-2.2.7.jar;C:\Users\HP\.m2\repository\com\fasterxml\jackson\dataformat\jackson-dataformat-yaml\2.13.5\jackson-dataformat-yaml-2.13.5.jar;C:\Users\HP\.m2\repository\io\swagger\core\v3\swagger-annotations\2.2.7\swagger-annotations-2.2.7.jar;C:\Users\HP\.m2\repository\io\swagger\core\v3\swagger-models\2.2.7\swagger-models-2.2.7.jar;C:\Users\HP\.m2\repository\org\webjars\swagger-ui\4.15.5\swagger-ui-4.15.5.jar;C:\Users\HP\.m2\repository\org\webjars\webjars-locator-core\0.50\webjars-locator-core-0.50.jar;C:\Users\HP\.m2\repository\io\github\classgraph\classgraph\4.8.149\classgraph-4.8.149.jar;C:\Users\HP\.m2\repository\jakarta\xml\ws\jakarta.xml.ws-api\2.3.3\jakarta.xml.ws-api-2.3.3.jar;C:\Users\HP\.m2\repository\org\seleniumhq\selenium\selenium-java\4.1.4\selenium-java-4.1.4.jar;C:\Users\HP\.m2\repository\org\seleniumhq\selenium\selenium-api\4.1.4\selenium-api-4.1.4.jar;C:\Users\HP\.m2\repository\org\seleniumhq\selenium\selenium-chrome-driver\4.1.4\selenium-chrome-driver-4.1.4.jar;C:\Users\HP\.m2\repository\com\google\auto\service\auto-service-annotations\1.0.1\auto-service-annotations-1.0.1.jar;C:\Users\HP\.m2\repository\com\google\auto\service\auto-service\1.0.1\auto-service-1.0.1.jar;C:\Users\HP\.m2\repository\com\google\auto\auto-common\1.2\auto-common-1.2.jar;C:\Users\HP\.m2\repository\com\google\guava\guava\31.1-jre\guava-31.1-jre.jar;C:\Users\HP\.m2\repository\com\google\guava\failureaccess\1.0.1\failureaccess-1.0.1.jar;C:\Users\HP\.m2\repository\com\google\guava\listenablefuture\9999.0-empty-to-avoid-conflict-with-guava\listenablefuture-9999.0-empty-to-avoid-conflict-with-guava.jar;C:\Users\HP\.m2\repository\com\google\code\findbugs\jsr305\3.0.2\jsr305-3.0.2.jar;C:\Users\HP\.m2\repository\org\checkerframework\checker-qual\3.12.0\checker-qual-3.12.0.jar;C:\Users\HP\.m2\repository\com\google\errorprone\error_prone_annotations\2.11.0\error_prone_annotations-2.11.0.jar;C:\Users\HP\.m2\repository\com\google\j2objc\j2objc-annotations\1.3\j2objc-annotations-1.3.jar;C:\Users\HP\.m2\repository\org\seleniumhq\selenium\selenium-chromium-driver\4.1.4\selenium-chromium-driver-4.1.4.jar;C:\Users\HP\.m2\repository\org\seleniumhq\selenium\selenium-json\4.1.4\selenium-json-4.1.4.jar;C:\Users\HP\.m2\repository\org\seleniumhq\selenium\selenium-devtools-v100\4.1.4\selenium-devtools-v100-4.1.4.jar;C:\Users\HP\.m2\repository\org\seleniumhq\selenium\selenium-devtools-v101\4.1.4\selenium-devtools-v101-4.1.4.jar;C:\Users\HP\.m2\repository\org\seleniumhq\selenium\selenium-devtools-v85\4.1.4\selenium-devtools-v85-4.1.4.jar;C:\Users\HP\.m2\repository\org\seleniumhq\selenium\selenium-devtools-v99\4.1.4\selenium-devtools-v99-4.1.4.jar;C:\Users\HP\.m2\repository\org\seleniumhq\selenium\selenium-edge-driver\4.1.4\selenium-edge-driver-4.1.4.jar;C:\Users\HP\.m2\repository\org\seleniumhq\selenium\selenium-firefox-driver\4.1.4\selenium-firefox-driver-4.1.4.jar;C:\Users\HP\.m2\repository\org\seleniumhq\selenium\selenium-ie-driver\4.1.4\selenium-ie-driver-4.1.4.jar;C:\Users\HP\.m2\repository\org\seleniumhq\selenium\selenium-opera-driver\4.1.4\selenium-opera-driver-4.1.4.jar;C:\Users\HP\.m2\repository\org\seleniumhq\selenium\selenium-remote-driver\4.1.4\selenium-remote-driver-4.1.4.jar;C:\Users\HP\.m2\repository\io\netty\netty-buffer\4.1.94.Final\netty-buffer-4.1.94.Final.jar;C:\Users\HP\.m2\repository\io\netty\netty-codec-http\4.1.94.Final\netty-codec-http-4.1.94.Final.jar;C:\Users\HP\.m2\repository\io\netty\netty-codec\4.1.94.Final\netty-codec-4.1.94.Final.jar;C:\Users\HP\.m2\repository\io\netty\netty-handler\4.1.94.Final\netty-handler-4.1.94.Final.jar;C:\Users\HP\.m2\repository\io\netty\netty-common\4.1.94.Final\netty-common-4.1.94.Final.jar;C:\Users\HP\.m2\repository\io\netty\netty-transport-classes-epoll\4.1.94.Final\netty-transport-classes-epoll-4.1.94.Final.jar;C:\Users\HP\.m2\repository\io\netty\netty-transport-classes-kqueue\4.1.94.Final\netty-transport-classes-kqueue-4.1.94.Final.jar;C:\Users\HP\.m2\repository\io\netty\netty-transport-native-epoll\4.1.94.Final\netty-transport-native-epoll-4.1.94.Final.jar;C:\Users\HP\.m2\repository\io\netty\netty-transport-native-kqueue\4.1.94.Final\netty-transport-native-kqueue-4.1.94.Final.jar;C:\Users\HP\.m2\repository\io\netty\netty-transport-native-unix-common\4.1.94.Final\netty-transport-native-unix-common-4.1.94.Final.jar;C:\Users\HP\.m2\repository\io\netty\netty-transport\4.1.94.Final\netty-transport-4.1.94.Final.jar;C:\Users\HP\.m2\repository\io\netty\netty-resolver\4.1.94.Final\netty-resolver-4.1.94.Final.jar;C:\Users\HP\.m2\repository\io\opentelemetry\opentelemetry-api\1.13.0\opentelemetry-api-1.13.0.jar;C:\Users\HP\.m2\repository\io\opentelemetry\opentelemetry-context\1.13.0\opentelemetry-context-1.13.0.jar;C:\Users\HP\.m2\repository\io\opentelemetry\opentelemetry-exporter-logging\1.13.0\opentelemetry-exporter-logging-1.13.0.jar;C:\Users\HP\.m2\repository\io\opentelemetry\opentelemetry-sdk-metrics\1.13.0-alpha\opentelemetry-sdk-metrics-1.13.0-alpha.jar;C:\Users\HP\.m2\repository\io\opentelemetry\opentelemetry-sdk-logs\1.13.0-alpha\opentelemetry-sdk-logs-1.13.0-alpha.jar;C:\Users\HP\.m2\repository\io\opentelemetry\opentelemetry-sdk-common\1.13.0\opentelemetry-sdk-common-1.13.0.jar;C:\Users\HP\.m2\repository\io\opentelemetry\opentelemetry-sdk-extension-autoconfigure-spi\1.13.0\opentelemetry-sdk-extension-autoconfigure-spi-1.13.0.jar;C:\Users\HP\.m2\repository\io\opentelemetry\opentelemetry-sdk-extension-autoconfigure\1.13.0-alpha\opentelemetry-sdk-extension-autoconfigure-1.13.0-alpha.jar;C:\Users\HP\.m2\repository\io\opentelemetry\opentelemetry-sdk-trace\1.13.0\opentelemetry-sdk-trace-1.13.0.jar;C:\Users\HP\.m2\repository\io\opentelemetry\opentelemetry-sdk\1.13.0\opentelemetry-sdk-1.13.0.jar;C:\Users\HP\.m2\repository\io\opentelemetry\opentelemetry-semconv\1.13.0-alpha\opentelemetry-semconv-1.13.0-alpha.jar;C:\Users\HP\.m2\repository\io\ous\jtoml\2.0.0\jtoml-2.0.0.jar;C:\Users\HP\.m2\repository\org\apache\commons\commons-exec\1.3\commons-exec-1.3.jar;C:\Users\HP\.m2\repository\org\asynchttpclient\async-http-client\2.12.3\async-http-client-2.12.3.jar;C:\Users\HP\.m2\repository\org\asynchttpclient\async-http-client-netty-utils\2.12.3\async-http-client-netty-utils-2.12.3.jar;C:\Users\HP\.m2\repository\io\netty\netty-codec-socks\4.1.94.Final\netty-codec-socks-4.1.94.Final.jar;C:\Users\HP\.m2\repository\io\netty\netty-handler-proxy\4.1.94.Final\netty-handler-proxy-4.1.94.Final.jar;C:\Users\HP\.m2\repository\io\netty\netty-transport-native-epoll\4.1.94.Final\netty-transport-native-epoll-4.1.94.Final-linux-x86_64.jar;C:\Users\HP\.m2\repository\io\netty\netty-transport-native-kqueue\4.1.94.Final\netty-transport-native-kqueue-4.1.94.Final-osx-x86_64.jar;C:\Users\HP\.m2\repository\com\typesafe\netty\netty-reactive-streams\2.0.4\netty-reactive-streams-2.0.4.jar;C:\Users\HP\.m2\repository\org\seleniumhq\selenium\selenium-http\4.1.4\selenium-http-4.1.4.jar;C:\Users\HP\.m2\repository\dev\failsafe\failsafe\3.2.3\failsafe-3.2.3.jar;C:\Users\HP\.m2\repository\org\seleniumhq\selenium\selenium-safari-driver\4.1.4\selenium-safari-driver-4.1.4.jar;C:\Users\HP\.m2\repository\org\seleniumhq\selenium\selenium-support\4.1.4\selenium-support-4.1.4.jar;C:\Users\HP\.m2\repository\io\rest-assured\rest-assured\4.5.1\rest-assured-4.5.1.jar;C:\Users\HP\.m2\repository\org\codehaus\groovy\groovy\3.0.17\groovy-3.0.17.jar;C:\Users\HP\.m2\repository\org\codehaus\groovy\groovy-xml\3.0.17\groovy-xml-3.0.17.jar;C:\Users\HP\.m2\repository\org\apache\httpcomponents\httpclient\4.5.14\httpclient-4.5.14.jar;C:\Users\HP\.m2\repository\org\apache\httpcomponents\httpcore\4.4.16\httpcore-4.4.16.jar;C:\Users\HP\.m2\repository\org\apache\httpcomponents\httpmime\4.5.14\httpmime-4.5.14.jar;C:\Users\HP\.m2\repository\org\ccil\cowan\tagsoup\tagsoup\1.2.1\tagsoup-1.2.1.jar;C:\Users\HP\.m2\repository\io\rest-assured\json-path\4.5.1\json-path-4.5.1.jar;C:\Users\HP\.m2\repository\org\codehaus\groovy\groovy-json\3.0.17\groovy-json-3.0.17.jar;C:\Users\HP\.m2\repository\io\rest-assured\rest-assured-common\4.5.1\rest-assured-common-4.5.1.jar;C:\Users\HP\.m2\repository\io\rest-assured\xml-path\4.5.1\xml-path-4.5.1.jar;C:\Users\HP\.m2\repository\org\springframework\boot\spring-boot-starter-webflux\2.7.13\spring-boot-starter-webflux-2.7.13.jar;C:\Users\HP\.m2\repository\org\springframework\boot\spring-boot-starter-reactor-netty\2.7.13\spring-boot-starter-reactor-netty-2.7.13.jar;C:\Users\HP\.m2\repository\io\projectreactor\netty\reactor-netty-http\1.0.33\reactor-netty-http-1.0.33.jar;C:\Users\HP\.m2\repository\io\netty\netty-codec-http2\4.1.94.Final\netty-codec-http2-4.1.94.Final.jar;C:\Users\HP\.m2\repository\io\netty\netty-resolver-dns\4.1.94.Final\netty-resolver-dns-4.1.94.Final.jar;C:\Users\HP\.m2\repository\io\netty\netty-codec-dns\4.1.94.Final\netty-codec-dns-4.1.94.Final.jar;C:\Users\HP\.m2\repository\io\netty\netty-resolver-dns-native-macos\4.1.94.Final\netty-resolver-dns-native-macos-4.1.94.Final-osx-x86_64.jar;C:\Users\HP\.m2\repository\io\netty\netty-resolver-dns-classes-macos\4.1.94.Final\netty-resolver-dns-classes-macos-4.1.94.Final.jar;C:\Users\HP\.m2\repository\io\projectreactor\netty\reactor-netty-core\1.0.33\reactor-netty-core-1.0.33.jar;C:\Users\HP\.m2\repository\org\springframework\spring-webflux\5.3.28\spring-webflux-5.3.28.jar;C:\Users\HP\.m2\repository\org\springframework\spring-beans\5.3.28\spring-beans-5.3.28.jar;C:\Users\HP\.m2\repository\io\projectreactor\reactor-core\3.4.30\reactor-core-3.4.30.jar;C:\Users\HP\.m2\repository\org\reactivestreams\reactive-streams\1.0.4\reactive-streams-1.0.4.jar;C:\Users\HP\.m2\repository\org\springframework\boot\spring-boot-starter-hateoas\2.7.13\spring-boot-starter-hateoas-2.7.13.jar;C:\Users\HP\.m2\repository\org\springframework\hateoas\spring-hateoas\1.5.4\spring-hateoas-1.5.4.jar;C:\Users\HP\.m2\repository\org\springframework\plugin\spring-plugin-core\2.0.0.RELEASE\spring-plugin-core-2.0.0.RELEASE.jar;C:\Users\HP\.m2\repository\org\testng\testng\7.4.0\testng-7.4.0.jar;C:\Users\HP\.m2\repository\com\beust\jcommander\1.78\jcommander-1.78.jar;C:\Users\HP\.m2\repository\org\webjars\jquery\3.5.1\jquery-3.5.1.jar;C:\Users\HP\.m2\repository\org\springframework\ws\spring-ws-test\3.1.6\spring-ws-test-3.1.6.jar;C:\Users\HP\.m2\repository\org\springframework\ws\spring-xml\3.1.6\spring-xml-3.1.6.jar;C:\Users\HP\.m2\repository\org\springframework\spring-context\5.3.28\spring-context-5.3.28.jar;C:\Users\HP\.m2\repository\xmlunit\xmlunit\1.6\xmlunit-1.6.jar;C:\Users\HP\.m2\repository\com\squareup\okhttp3\okhttp\4.9.3\okhttp-4.9.3.jar;C:\Users\HP\.m2\repository\com\squareup\okio\okio\2.8.0\okio-2.8.0.jar;C:\Users\HP\.m2\repository\org\jetbrains\kotlin\kotlin-stdlib-common\1.6.21\kotlin-stdlib-common-1.6.21.jar;C:\Users\HP\.m2\repository\org\jetbrains\kotlin\kotlin-stdlib\1.6.21\kotlin-stdlib-1.6.21.jar;C:\Users\HP\.m2\repository\org\jetbrains\annotations\13.0\annotations-13.0.jar;C:\Users\HP\.m2\repository\com\squareup\okhttp3\mockwebserver\4.9.3\mockwebserver-4.9.3.jar;C:\Users\HP\.m2\repository\org\jetbrains\kotlin\kotlin-stdlib-jdk8\1.6.21\kotlin-stdlib-jdk8-1.6.21.jar;C:\Users\HP\.m2\repository\org\jetbrains\kotlin\kotlin-stdlib-jdk7\1.6.21\kotlin-stdlib-jdk7-1.6.21.jar;C:\Users\HP\.m2\repository\org\apache\shiro\shiro-spring-boot-web-starter\1.12.0\shiro-spring-boot-web-starter-1.12.0.jar;C:\Users\HP\.m2\repository\org\apache\shiro\shiro-spring-boot-starter\1.12.0\shiro-spring-boot-starter-1.12.0.jar;C:\Users\HP\.m2\repository\org\apache\shiro\shiro-spring\1.12.0\shiro-spring-1.12.0.jar;C:\Users\HP\.m2\repository\org\apache\shiro\shiro-core\1.12.0\shiro-core-1.12.0.jar;C:\Users\HP\.m2\repository\org\apache\shiro\shiro-lang\1.12.0\shiro-lang-1.12.0.jar;C:\Users\HP\.m2\repository\org\apache\shiro\shiro-cache\1.12.0\shiro-cache-1.12.0.jar;C:\Users\HP\.m2\repository\org\apache\shiro\shiro-crypto-hash\1.12.0\shiro-crypto-hash-1.12.0.jar;C:\Users\HP\.m2\repository\org\apache\shiro\shiro-crypto-core\1.12.0\shiro-crypto-core-1.12.0.jar;C:\Users\HP\.m2\repository\org\apache\shiro\shiro-crypto-cipher\1.12.0\shiro-crypto-cipher-1.12.0.jar;C:\Users\HP\.m2\repository\org\apache\shiro\shiro-config-core\1.12.0\shiro-config-core-1.12.0.jar;C:\Users\HP\.m2\repository\org\apache\shiro\shiro-config-ogdl\1.12.0\shiro-config-ogdl-1.12.0.jar;C:\Users\HP\.m2\repository\commons-beanutils\commons-beanutils\1.9.4\commons-beanutils-1.9.4.jar;C:\Users\HP\.m2\repository\commons-collections\commons-collections\3.2.2\commons-collections-3.2.2.jar;C:\Users\HP\.m2\repository\org\apache\shiro\shiro-event\1.12.0\shiro-event-1.12.0.jar;C:\Users\HP\.m2\repository\org\apache\shiro\shiro-web\1.12.0\shiro-web-1.12.0.jar;C:\Users\HP\.m2\repository\org\owasp\encoder\encoder\1.2.3\encoder-1.2.3.jar;"/>
    <property name="java.vm.vendor" value="Eclipse Adoptium"/>
    <property name="sun.arch.data.model" value="64"/>
    <property name="user.variant" value=""/>
    <property name="java.vendor.url" value="https://adoptium.net/"/>
    <property name="user.timezone" value="Europe/Sofia"/>
    <property name="os.name" value="Windows 10"/>
    <property name="java.vm.specification.version" value="18"/>
    <property name="sun.java.launcher" value="SUN_STANDARD"/>
    <property name="user.country" value="US"/>
    <property name="sun.boot.library.path" value="C:\Users\HP\.p2\pool\plugins\org.eclipse.justj.openjdk.hotspot.jre.full.win32.x86_64_18.0.2.v20221005-1040\jre\bin"/>
    <property name="sun.java.command" value="C:\Users\HP\AppData\Local\Temp\surefire3661063459936580676\surefirebooter5525053400874769559.jar C:\Users\HP\AppData\Local\Temp\surefire3661063459936580676 2023-08-11T19-42-40_851-jvmRun1 surefire2723475070182337317tmp surefire_04203159606691214149tmp"/>
    <property name="jdk.debug" value="release"/>
    <property name="surefire.test.class.path" value="H:\Programirane\Java\Proxiad-Hangman\target\test-classes;H:\Programirane\Java\Proxiad-Hangman\target\classes;C:\Users\HP\.m2\repository\com\fasterxml\jackson\datatype\jackson-datatype-jsr310\2.13.5\jackson-datatype-jsr310-2.13.5.jar;C:\Users\HP\.m2\repository\com\fasterxml\jackson\core\jackson-annotations\2.13.5\jackson-annotations-2.13.5.jar;C:\Users\HP\.m2\repository\com\fasterxml\jackson\core\jackson-core\2.13.5\jackson-core-2.13.5.jar;C:\Users\HP\.m2\repository\com\fasterxml\jackson\core\jackson-databind\2.13.5\jackson-databind-2.13.5.jar;C:\Users\HP\.m2\repository\javax\inject\javax.inject\1\javax.inject-1.jar;C:\Users\HP\.m2\repository\org\hamcrest\hamcrest\2.2\hamcrest-2.2.jar;C:\Users\HP\.m2\repository\org\springframework\boot\spring-boot-starter-web\2.7.13\spring-boot-starter-web-2.7.13.jar;C:\Users\HP\.m2\repository\org\springframework\boot\spring-boot-starter\2.7.13\spring-boot-starter-2.7.13.jar;C:\Users\HP\.m2\repository\org\springframework\boot\spring-boot-starter-logging\2.7.13\spring-boot-starter-logging-2.7.13.jar;C:\Users\HP\.m2\repository\ch\qos\logback\logback-classic\1.2.12\logback-classic-1.2.12.jar;C:\Users\HP\.m2\repository\ch\qos\logback\logback-core\1.2.12\logback-core-1.2.12.jar;C:\Users\HP\.m2\repository\org\apache\logging\log4j\log4j-to-slf4j\2.17.2\log4j-to-slf4j-2.17.2.jar;C:\Users\HP\.m2\repository\org\apache\logging\log4j\log4j-api\2.17.2\log4j-api-2.17.2.jar;C:\Users\HP\.m2\repository\org\slf4j\jul-to-slf4j\1.7.36\jul-to-slf4j-1.7.36.jar;C:\Users\HP\.m2\repository\org\yaml\snakeyaml\1.30\snakeyaml-1.30.jar;C:\Users\HP\.m2\repository\org\springframework\boot\spring-boot-starter-json\2.7.13\spring-boot-starter-json-2.7.13.jar;C:\Users\HP\.m2\repository\com\fasterxml\jackson\datatype\jackson-datatype-jdk8\2.13.5\jackson-datatype-jdk8-2.13.5.jar;C:\Users\HP\.m2\repository\com\fasterxml\jackson\module\jackson-module-parameter-names\2.13.5\jackson-module-parameter-names-2.13.5.jar;C:\Users\HP\.m2\repository\org\springframework\boot\spring-boot-starter-tomcat\2.7.13\spring-boot-starter-tomcat-2.7.13.jar;C:\Users\HP\.m2\repository\org\apache\tomcat\embed\tomcat-embed-websocket\9.0.76\tomcat-embed-websocket-9.0.76.jar;C:\Users\HP\.m2\repository\org\springframework\spring-web\5.3.28\spring-web-5.3.28.jar;C:\Users\HP\.m2\repository\org\springframework\spring-webmvc\5.3.28\spring-webmvc-5.3.28.jar;C:\Users\HP\.m2\repository\org\springframework\spring-aop\5.3.28\spring-aop-5.3.28.jar;C:\Users\HP\.m2\repository\org\springframework\spring-expression\5.3.28\spring-expression-5.3.28.jar;C:\Users\HP\.m2\repository\org\springframework\boot\spring-boot-starter-validation\2.7.13\spring-boot-starter-validation-2.7.13.jar;C:\Users\HP\.m2\repository\org\apache\tomcat\embed\tomcat-embed-el\9.0.76\tomcat-embed-el-9.0.76.jar;C:\Users\HP\.m2\repository\org\hibernate\validator\hibernate-validator\6.2.5.Final\hibernate-validator-6.2.5.Final.jar;C:\Users\HP\.m2\repository\org\jboss\logging\jboss-logging\3.4.3.Final\jboss-logging-3.4.3.Final.jar;C:\Users\HP\.m2\repository\com\fasterxml\classmate\1.5.1\classmate-1.5.1.jar;C:\Users\HP\.m2\repository\org\springframework\boot\spring-boot-devtools\2.7.13\spring-boot-devtools-2.7.13.jar;C:\Users\HP\.m2\repository\org\springframework\boot\spring-boot\2.7.13\spring-boot-2.7.13.jar;C:\Users\HP\.m2\repository\org\springframework\boot\spring-boot-autoconfigure\2.7.13\spring-boot-autoconfigure-2.7.13.jar;C:\Users\HP\.m2\repository\org\springframework\boot\spring-boot-starter-web-services\2.7.13\spring-boot-starter-web-services-2.7.13.jar;C:\Users\HP\.m2\repository\com\sun\xml\messaging\saaj\saaj-impl\1.5.3\saaj-impl-1.5.3.jar;C:\Users\HP\.m2\repository\org\jvnet\staxex\stax-ex\1.8.3\stax-ex-1.8.3.jar;C:\Users\HP\.m2\repository\org\springframework\spring-oxm\5.3.28\spring-oxm-5.3.28.jar;C:\Users\HP\.m2\repository\org\springframework\ws\spring-ws-core\3.1.6\spring-ws-core-3.1.6.jar;C:\Users\HP\.m2\repository\org\apache\cxf\cxf-spring-boot-starter-jaxws\3.5.0\cxf-spring-boot-starter-jaxws-3.5.0.jar;C:\Users\HP\.m2\repository\org\apache\cxf\cxf-spring-boot-autoconfigure\3.5.0\cxf-spring-boot-autoconfigure-3.5.0.jar;C:\Users\HP\.m2\repository\org\apache\cxf\cxf-rt-features-metrics\3.5.0\cxf-rt-features-metrics-3.5.0.jar;C:\Users\HP\.m2\repository\jakarta\validation\jakarta.validation-api\2.0.2\jakarta.validation-api-2.0.2.jar;C:\Users\HP\.m2\repository\jakarta\annotation\jakarta.annotation-api\1.3.5\jakarta.annotation-api-1.3.5.jar;C:\Users\HP\.m2\repository\jakarta\jws\jakarta.jws-api\2.1.0\jakarta.jws-api-2.1.0.jar;C:\Users\HP\.m2\repository\jakarta\xml\soap\jakarta.xml.soap-api\1.4.2\jakarta.xml.soap-api-1.4.2.jar;C:\Users\HP\.m2\repository\jakarta\activation\jakarta.activation-api\1.2.2\jakarta.activation-api-1.2.2.jar;C:\Users\HP\.m2\repository\com\sun\activation\jakarta.activation\1.2.2\jakarta.activation-1.2.2.jar;C:\Users\HP\.m2\repository\org\apache\geronimo\specs\geronimo-jta_1.1_spec\1.1.1\geronimo-jta_1.1_spec-1.1.1.jar;C:\Users\HP\.m2\repository\junit\junit\4.13.2\junit-4.13.2.jar;C:\Users\HP\.m2\repository\org\hamcrest\hamcrest-core\2.2\hamcrest-core-2.2.jar;C:\Users\HP\.m2\repository\org\apache\cxf\cxf-rt-frontend-jaxws\3.5.0\cxf-rt-frontend-jaxws-3.5.0.jar;C:\Users\HP\.m2\repository\xml-resolver\xml-resolver\1.2\xml-resolver-1.2.jar;C:\Users\HP\.m2\repository\org\ow2\asm\asm\9.2\asm-9.2.jar;C:\Users\HP\.m2\repository\org\apache\cxf\cxf-core\3.5.0\cxf-core-3.5.0.jar;C:\Users\HP\.m2\repository\org\glassfish\jaxb\jaxb-runtime\2.3.8\jaxb-runtime-2.3.8.jar;C:\Users\HP\.m2\repository\org\glassfish\jaxb\txw2\2.3.8\txw2-2.3.8.jar;C:\Users\HP\.m2\repository\com\sun\istack\istack-commons-runtime\3.0.12\istack-commons-runtime-3.0.12.jar;C:\Users\HP\.m2\repository\com\fasterxml\woodstox\woodstox-core\6.2.7\woodstox-core-6.2.7.jar;C:\Users\HP\.m2\repository\org\codehaus\woodstox\stax2-api\4.2.1\stax2-api-4.2.1.jar;C:\Users\HP\.m2\repository\org\apache\ws\xmlschema\xmlschema-core\2.3.0\xmlschema-core-2.3.0.jar;C:\Users\HP\.m2\repository\org\apache\cxf\cxf-rt-bindings-soap\3.5.0\cxf-rt-bindings-soap-3.5.0.jar;C:\Users\HP\.m2\repository\org\apache\cxf\cxf-rt-wsdl\3.5.0\cxf-rt-wsdl-3.5.0.jar;C:\Users\HP\.m2\repository\wsdl4j\wsdl4j\1.6.3\wsdl4j-1.6.3.jar;C:\Users\HP\.m2\repository\org\apache\cxf\cxf-rt-databinding-jaxb\3.5.0\cxf-rt-databinding-jaxb-3.5.0.jar;C:\Users\HP\.m2\repository\org\apache\cxf\cxf-rt-bindings-xml\3.5.0\cxf-rt-bindings-xml-3.5.0.jar;C:\Users\HP\.m2\repository\org\apache\cxf\cxf-rt-frontend-simple\3.5.0\cxf-rt-frontend-simple-3.5.0.jar;C:\Users\HP\.m2\repository\org\apache\cxf\cxf-rt-ws-addr\3.5.0\cxf-rt-ws-addr-3.5.0.jar;C:\Users\HP\.m2\repository\org\apache\cxf\cxf-rt-ws-policy\3.5.0\cxf-rt-ws-policy-3.5.0.jar;C:\Users\HP\.m2\repository\org\apache\neethi\neethi\3.2.0\neethi-3.2.0.jar;C:\Users\HP\.m2\repository\org\apache\cxf\cxf-rt-transports-http\3.5.0\cxf-rt-transports-http-3.5.0.jar;C:\Users\HP\.m2\repository\org\apache\cxf\cxf-rt-transports-http-jetty\3.5.0\cxf-rt-transports-http-jetty-3.5.0.jar;C:\Users\HP\.m2\repository\org\eclipse\jetty\jetty-server\9.4.51.v20230217\jetty-server-9.4.51.v20230217.jar;C:\Users\HP\.m2\repository\javax\servlet\javax.servlet-api\4.0.1\javax.servlet-api-4.0.1.jar;C:\Users\HP\.m2\repository\org\eclipse\jetty\jetty-util\9.4.51.v20230217\jetty-util-9.4.51.v20230217.jar;C:\Users\HP\.m2\repository\org\eclipse\jetty\jetty-io\9.4.51.v20230217\jetty-io-9.4.51.v20230217.jar;C:\Users\HP\.m2\repository\org\eclipse\jetty\jetty-security\9.4.51.v20230217\jetty-security-9.4.51.v20230217.jar;C:\Users\HP\.m2\repository\org\eclipse\jetty\jetty-continuation\9.4.51.v20230217\jetty-continuation-9.4.51.v20230217.jar;C:\Users\HP\.m2\repository\org\eclipse\jetty\jetty-http\9.4.51.v20230217\jetty-http-9.4.51.v20230217.jar;C:\Users\HP\.m2\repository\org\slf4j\slf4j-api\1.7.36\slf4j-api-1.7.36.jar;C:\Users\HP\.m2\repository\org\springframework\boot\spring-boot-starter-test\2.7.13\spring-boot-starter-test-2.7.13.jar;C:\Users\HP\.m2\repository\org\springframework\boot\spring-boot-test\2.7.13\spring-boot-test-2.7.13.jar;C:\Users\HP\.m2\repository\org\springframework\boot\spring-boot-test-autoconfigure\2.7.13\spring-boot-test-autoconfigure-2.7.13.jar;C:\Users\HP\.m2\repository\com\jayway\jsonpath\json-path\2.7.0\json-path-2.7.0.jar;C:\Users\HP\.m2\repository\net\minidev\json-smart\2.4.11\json-smart-2.4.11.jar;C:\Users\HP\.m2\repository\net\minidev\accessors-smart\2.4.11\accessors-smart-2.4.11.jar;C:\Users\HP\.m2\repository\jakarta\xml\bind\jakarta.xml.bind-api\2.3.3\jakarta.xml.bind-api-2.3.3.jar;C:\Users\HP\.m2\repository\org\assertj\assertj-core\3.22.0\assertj-core-3.22.0.jar;C:\Users\HP\.m2\repository\org\junit\jupiter\junit-jupiter\5.8.2\junit-jupiter-5.8.2.jar;C:\Users\HP\.m2\repository\org\junit\jupiter\junit-jupiter-api\5.8.2\junit-jupiter-api-5.8.2.jar;C:\Users\HP\.m2\repository\org\opentest4j\opentest4j\1.2.0\opentest4j-1.2.0.jar;C:\Users\HP\.m2\repository\org\junit\platform\junit-platform-commons\1.8.2\junit-platform-commons-1.8.2.jar;C:\Users\HP\.m2\repository\org\apiguardian\apiguardian-api\1.1.2\apiguardian-api-1.1.2.jar;C:\Users\HP\.m2\repository\org\junit\jupiter\junit-jupiter-params\5.8.2\junit-jupiter-params-5.8.2.jar;C:\Users\HP\.m2\repository\org\junit\jupiter\junit-jupiter-engine\5.8.2\junit-jupiter-engine-5.8.2.jar;C:\Users\HP\.m2\repository\org\junit\platform\junit-platform-engine\1.8.2\junit-platform-engine-1.8.2.jar;C:\Users\HP\.m2\repository\org\mockito\mockito-core\4.5.1\mockito-core-4.5.1.jar;C:\Users\HP\.m2\repository\net\bytebuddy\byte-buddy\1.12.23\byte-buddy-1.12.23.jar;C:\Users\HP\.m2\repository\net\bytebuddy\byte-buddy-agent\1.12.23\byte-buddy-agent-1.12.23.jar;C:\Users\HP\.m2\repository\org\objenesis\objenesis\3.2\objenesis-3.2.jar;C:\Users\HP\.m2\repository\org\mockito\mockito-junit-jupiter\4.5.1\mockito-junit-jupiter-4.5.1.jar;C:\Users\HP\.m2\repository\org\skyscreamer\jsonassert\1.5.1\jsonassert-1.5.1.jar;C:\Users\HP\.m2\repository\com\vaadin\external\google\android-json\0.0.20131108.vaadin1\android-json-0.0.20131108.vaadin1.jar;C:\Users\HP\.m2\repository\org\springframework\spring-core\5.3.28\spring-core-5.3.28.jar;C:\Users\HP\.m2\repository\org\springframework\spring-jcl\5.3.28\spring-jcl-5.3.28.jar;C:\Users\HP\.m2\repository\org\springframework\spring-test\5.3.28\spring-test-5.3.28.jar;C:\Users\HP\.m2\repository\org\xmlunit\xmlunit-core\2.9.1\xmlunit-core-2.9.1.jar;C:\Users\HP\.m2\repository\org\mariadb\jdbc\mariadb-java-client\3.0.10\mariadb-java-client-3.0.10.jar;C:\Users\HP\.m2\repository\org\flywaydb\flyway-core\8.5.13\flyway-core-8.5.13.jar;C:\Users\HP\.m2\repository\org\flywaydb\flyway-mysql\8.5.13\flyway-mysql-8.5.13.jar;C:\Users\HP\.m2\repository\com\mysql\mysql-connector-j\8.0.33\mysql-connector-j-8.0.33.jar;C:\Users\HP\.m2\repository\org\springframework\boot\spring-boot-starter-data-jpa\2.7.13\spring-boot-starter-data-jpa-2.7.13.jar;C:\Users\HP\.m2\repository\org\springframework\boot\spring-boot-starter-aop\2.7.13\spring-boot-starter-aop-2.7.13.jar;C:\Users\HP\.m2\repository\org\aspectj\aspectjweaver\1.9.7\aspectjweaver-1.9.7.jar;C:\Users\HP\.m2\repository\org\springframework\boot\spring-boot-starter-jdbc\2.7.13\spring-boot-starter-jdbc-2.7.13.jar;C:\Users\HP\.m2\repository\com\zaxxer\HikariCP\4.0.3\HikariCP-4.0.3.jar;C:\Users\HP\.m2\repository\org\springframework\spring-jdbc\5.3.28\spring-jdbc-5.3.28.jar;C:\Users\HP\.m2\repository\jakarta\transaction\jakarta.transaction-api\1.3.3\jakarta.transaction-api-1.3.3.jar;C:\Users\HP\.m2\repository\jakarta\persistence\jakarta.persistence-api\2.2.3\jakarta.persistence-api-2.2.3.jar;C:\Users\HP\.m2\repository\org\hibernate\hibernate-core\5.6.15.Final\hibernate-core-5.6.15.Final.jar;C:\Users\HP\.m2\repository\antlr\antlr\2.7.7\antlr-2.7.7.jar;C:\Users\HP\.m2\repository\org\jboss\jandex\2.4.2.Final\jandex-2.4.2.Final.jar;C:\Users\HP\.m2\repository\org\hibernate\common\hibernate-commons-annotations\5.1.2.Final\hibernate-commons-annotations-5.1.2.Final.jar;C:\Users\HP\.m2\repository\org\springframework\data\spring-data-jpa\2.7.13\spring-data-jpa-2.7.13.jar;C:\Users\HP\.m2\repository\org\springframework\data\spring-data-commons\2.7.13\spring-data-commons-2.7.13.jar;C:\Users\HP\.m2\repository\org\springframework\spring-orm\5.3.28\spring-orm-5.3.28.jar;C:\Users\HP\.m2\repository\org\springframework\spring-tx\5.3.28\spring-tx-5.3.28.jar;C:\Users\HP\.m2\repository\org\springframework\spring-aspects\5.3.28\spring-aspects-5.3.28.jar;C:\Users\HP\.m2\repository\org\apache\tomcat\embed\tomcat-embed-jasper\9.0.76\tomcat-embed-jasper-9.0.76.jar;C:\Users\HP\.m2\repository\org\apache\tomcat\embed\tomcat-embed-core\9.0.76\tomcat-embed-core-9.0.76.jar;C:\Users\HP\.m2\repository\org\apache\tomcat\tomcat-annotations-api\9.0.76\tomcat-annotations-api-9.0.76.jar;C:\Users\HP\.m2\repository\org\eclipse\jdt\ecj\3.26.0\ecj-3.26.0.jar;C:\Users\HP\.m2\repository\javax\servlet\jstl\1.2\jstl-1.2.jar;C:\Users\HP\.m2\repository\io\github\bonigarcia\webdrivermanager\5.3.3\webdrivermanager-5.3.3.jar;C:\Users\HP\.m2\repository\com\google\code\gson\gson\2.9.1\gson-2.9.1.jar;C:\Users\HP\.m2\repository\com\github\docker-java\docker-java\3.3.0\docker-java-3.3.0.jar;C:\Users\HP\.m2\repository\com\github\docker-java\docker-java-core\3.3.0\docker-java-core-3.3.0.jar;C:\Users\HP\.m2\repository\com\github\docker-java\docker-java-api\3.3.0\docker-java-api-3.3.0.jar;C:\Users\HP\.m2\repository\commons-io\commons-io\2.6\commons-io-2.6.jar;C:\Users\HP\.m2\repository\org\apache\commons\commons-compress\1.21\commons-compress-1.21.jar;C:\Users\HP\.m2\repository\org\bouncycastle\bcpkix-jdk15on\1.64\bcpkix-jdk15on-1.64.jar;C:\Users\HP\.m2\repository\org\bouncycastle\bcprov-jdk15on\1.64\bcprov-jdk15on-1.64.jar;C:\Users\HP\.m2\repository\org\slf4j\jcl-over-slf4j\1.7.36\jcl-over-slf4j-1.7.36.jar;C:\Users\HP\.m2\repository\com\github\docker-java\docker-java-transport-httpclient5\3.3.0\docker-java-transport-httpclient5-3.3.0.jar;C:\Users\HP\.m2\repository\com\github\docker-java\docker-java-transport\3.3.0\docker-java-transport-3.3.0.jar;C:\Users\HP\.m2\repository\net\java\dev\jna\jna\5.12.1\jna-5.12.1.jar;C:\Users\HP\.m2\repository\org\brotli\dec\0.1.2\dec-0.1.2.jar;C:\Users\HP\.m2\repository\org\apache\commons\commons-lang3\3.12.0\commons-lang3-3.12.0.jar;C:\Users\HP\.m2\repository\org\apache\httpcomponents\client5\httpclient5\5.1.4\httpclient5-5.1.4.jar;C:\Users\HP\.m2\repository\org\apache\httpcomponents\core5\httpcore5\5.1.5\httpcore5-5.1.5.jar;C:\Users\HP\.m2\repository\org\apache\httpcomponents\core5\httpcore5-h2\5.1.5\httpcore5-h2-5.1.5.jar;C:\Users\HP\.m2\repository\commons-codec\commons-codec\1.15\commons-codec-1.15.jar;C:\Users\HP\.m2\repository\javax\ejb\ejb-api\3.0\ejb-api-3.0.jar;C:\Users\HP\.m2\repository\javax\jws\javax.jws-api\1.1\javax.jws-api-1.1.jar;C:\Users\HP\.m2\repository\org\springdoc\springdoc-openapi-ui\1.6.14\springdoc-openapi-ui-1.6.14.jar;C:\Users\HP\.m2\repository\org\springdoc\springdoc-openapi-webmvc-core\1.6.14\springdoc-openapi-webmvc-core-1.6.14.jar;C:\Users\HP\.m2\repository\org\springdoc\springdoc-openapi-common\1.6.14\springdoc-openapi-common-1.6.14.jar;C:\Users\HP\.m2\repository\io\swagger\core\v3\swagger-core\2.2.7\swagger-core-2.2.7.jar;C:\Users\HP\.m2\repository\com\fasterxml\jackson\dataformat\jackson-dataformat-yaml\2.13.5\jackson-dataformat-yaml-2.13.5.jar;C:\Users\HP\.m2\repository\io\swagger\core\v3\swagger-annotations\2.2.7\swagger-annotations-2.2.7.jar;C:\Users\HP\.m2\repository\io\swagger\core\v3\swagger-models\2.2.7\swagger-models-2.2.7.jar;C:\Users\HP\.m2\repository\org\webjars\swagger-ui\4.15.5\swagger-ui-4.15.5.jar;C:\Users\HP\.m2\repository\org\webjars\webjars-locator-core\0.50\webjars-locator-core-0.50.jar;C:\Users\HP\.m2\repository\io\github\classgraph\classgraph\4.8.149\classgraph-4.8.149.jar;C:\Users\HP\.m2\repository\jakarta\xml\ws\jakarta.xml.ws-api\2.3.3\jakarta.xml.ws-api-2.3.3.jar;C:\Users\HP\.m2\repository\org\seleniumhq\selenium\selenium-java\4.1.4\selenium-java-4.1.4.jar;C:\Users\HP\.m2\repository\org\seleniumhq\selenium\selenium-api\4.1.4\selenium-api-4.1.4.jar;C:\Users\HP\.m2\repository\org\seleniumhq\selenium\selenium-chrome-driver\4.1.4\selenium-chrome-driver-4.1.4.jar;C:\Users\HP\.m2\repository\com\google\auto\service\auto-service-annotations\1.0.1\auto-service-annotations-1.0.1.jar;C:\Users\HP\.m2\repository\com\google\auto\service\auto-service\1.0.1\auto-service-1.0.1.jar;C:\Users\HP\.m2\repository\com\google\auto\auto-common\1.2\auto-common-1.2.jar;C:\Users\HP\.m2\repository\com\google\guava\guava\31.1-jre\guava-31.1-jre.jar;C:\Users\HP\.m2\repository\com\google\guava\failureaccess\1.0.1\failureaccess-1.0.1.jar;C:\Users\HP\.m2\repository\com\google\guava\listenablefuture\9999.0-empty-to-avoid-conflict-with-guava\listenablefuture-9999.0-empty-to-avoid-conflict-with-guava.jar;C:\Users\HP\.m2\repository\com\google\code\findbugs\jsr305\3.0.2\jsr305-3.0.2.jar;C:\Users\HP\.m2\repository\org\checkerframework\checker-qual\3.12.0\checker-qual-3.12.0.jar;C:\Users\HP\.m2\repository\com\google\errorprone\error_prone_annotations\2.11.0\error_prone_annotations-2.11.0.jar;C:\Users\HP\.m2\repository\com\google\j2objc\j2objc-annotations\1.3\j2objc-annotations-1.3.jar;C:\Users\HP\.m2\repository\org\seleniumhq\selenium\selenium-chromium-driver\4.1.4\selenium-chromium-driver-4.1.4.jar;C:\Users\HP\.m2\repository\org\seleniumhq\selenium\selenium-json\4.1.4\selenium-json-4.1.4.jar;C:\Users\HP\.m2\repository\org\seleniumhq\selenium\selenium-devtools-v100\4.1.4\selenium-devtools-v100-4.1.4.jar;C:\Users\HP\.m2\repository\org\seleniumhq\selenium\selenium-devtools-v101\4.1.4\selenium-devtools-v101-4.1.4.jar;C:\Users\HP\.m2\repository\org\seleniumhq\selenium\selenium-devtools-v85\4.1.4\selenium-devtools-v85-4.1.4.jar;C:\Users\HP\.m2\repository\org\seleniumhq\selenium\selenium-devtools-v99\4.1.4\selenium-devtools-v99-4.1.4.jar;C:\Users\HP\.m2\repository\org\seleniumhq\selenium\selenium-edge-driver\4.1.4\selenium-edge-driver-4.1.4.jar;C:\Users\HP\.m2\repository\org\seleniumhq\selenium\selenium-firefox-driver\4.1.4\selenium-firefox-driver-4.1.4.jar;C:\Users\HP\.m2\repository\org\seleniumhq\selenium\selenium-ie-driver\4.1.4\selenium-ie-driver-4.1.4.jar;C:\Users\HP\.m2\repository\org\seleniumhq\selenium\selenium-opera-driver\4.1.4\selenium-opera-driver-4.1.4.jar;C:\Users\HP\.m2\repository\org\seleniumhq\selenium\selenium-remote-driver\4.1.4\selenium-remote-driver-4.1.4.jar;C:\Users\HP\.m2\repository\io\netty\netty-buffer\4.1.94.Final\netty-buffer-4.1.94.Final.jar;C:\Users\HP\.m2\repository\io\netty\netty-codec-http\4.1.94.Final\netty-codec-http-4.1.94.Final.jar;C:\Users\HP\.m2\repository\io\netty\netty-codec\4.1.94.Final\netty-codec-4.1.94.Final.jar;C:\Users\HP\.m2\repository\io\netty\netty-handler\4.1.94.Final\netty-handler-4.1.94.Final.jar;C:\Users\HP\.m2\repository\io\netty\netty-common\4.1.94.Final\netty-common-4.1.94.Final.jar;C:\Users\HP\.m2\repository\io\netty\netty-transport-classes-epoll\4.1.94.Final\netty-transport-classes-epoll-4.1.94.Final.jar;C:\Users\HP\.m2\repository\io\netty\netty-transport-classes-kqueue\4.1.94.Final\netty-transport-classes-kqueue-4.1.94.Final.jar;C:\Users\HP\.m2\repository\io\netty\netty-transport-native-epoll\4.1.94.Final\netty-transport-native-epoll-4.1.94.Final.jar;C:\Users\HP\.m2\repository\io\netty\netty-transport-native-kqueue\4.1.94.Final\netty-transport-native-kqueue-4.1.94.Final.jar;C:\Users\HP\.m2\repository\io\netty\netty-transport-native-unix-common\4.1.94.Final\netty-transport-native-unix-common-4.1.94.Final.jar;C:\Users\HP\.m2\repository\io\netty\netty-transport\4.1.94.Final\netty-transport-4.1.94.Final.jar;C:\Users\HP\.m2\repository\io\netty\netty-resolver\4.1.94.Final\netty-resolver-4.1.94.Final.jar;C:\Users\HP\.m2\repository\io\opentelemetry\opentelemetry-api\1.13.0\opentelemetry-api-1.13.0.jar;C:\Users\HP\.m2\repository\io\opentelemetry\opentelemetry-context\1.13.0\opentelemetry-context-1.13.0.jar;C:\Users\HP\.m2\repository\io\opentelemetry\opentelemetry-exporter-logging\1.13.0\opentelemetry-exporter-logging-1.13.0.jar;C:\Users\HP\.m2\repository\io\opentelemetry\opentelemetry-sdk-metrics\1.13.0-alpha\opentelemetry-sdk-metrics-1.13.0-alpha.jar;C:\Users\HP\.m2\repository\io\opentelemetry\opentelemetry-sdk-logs\1.13.0-alpha\opentelemetry-sdk-logs-1.13.0-alpha.jar;C:\Users\HP\.m2\repository\io\opentelemetry\opentelemetry-sdk-common\1.13.0\opentelemetry-sdk-common-1.13.0.jar;C:\Users\HP\.m2\repository\io\opentelemetry\opentelemetry-sdk-extension-autoconfigure-spi\1.13.0\opentelemetry-sdk-extension-autoconfigure-spi-1.13.0.jar;C:\Users\HP\.m2\repository\io\opentelemetry\opentelemetry-sdk-extension-autoconfigure\1.13.0-alpha\opentelemetry-sdk-extension-autoconfigure-1.13.0-alpha.jar;C:\Users\HP\.m2\repository\io\opentelemetry\opentelemetry-sdk-trace\1.13.0\opentelemetry-sdk-trace-1.13.0.jar;C:\Users\HP\.m2\repository\io\opentelemetry\opentelemetry-sdk\1.13.0\opentelemetry-sdk-1.13.0.jar;C:\Users\HP\.m2\repository\io\opentelemetry\opentelemetry-semconv\1.13.0-alpha\opentelemetry-semconv-1.13.0-alpha.jar;C:\Users\HP\.m2\repository\io\ous\jtoml\2.0.0\jtoml-2.0.0.jar;C:\Users\HP\.m2\repository\org\apache\commons\commons-exec\1.3\commons-exec-1.3.jar;C:\Users\HP\.m2\repository\org\asynchttpclient\async-http-client\2.12.3\async-http-client-2.12.3.jar;C:\Users\HP\.m2\repository\org\asynchttpclient\async-http-client-netty-utils\2.12.3\async-http-client-netty-utils-2.12.3.jar;C:\Users\HP\.m2\repository\io\netty\netty-codec-socks\4.1.94.Final\netty-codec-socks-4.1.94.Final.jar;C:\Users\HP\.m2\repository\io\netty\netty-handler-proxy\4.1.94.Final\netty-handler-proxy-4.1.94.Final.jar;C:\Users\HP\.m2\repository\io\netty\netty-transport-native-epoll\4.1.94.Final\netty-transport-native-epoll-4.1.94.Final-linux-x86_64.jar;C:\Users\HP\.m2\repository\io\netty\netty-transport-native-kqueue\4.1.94.Final\netty-transport-native-kqueue-4.1.94.Final-osx-x86_64.jar;C:\Users\HP\.m2\repository\com\typesafe\netty\netty-reactive-streams\2.0.4\netty-reactive-streams-2.0.4.jar;C:\Users\HP\.m2\repository\org\seleniumhq\selenium\selenium-http\4.1.4\selenium-http-4.1.4.jar;C:\Users\HP\.m2\repository\dev\failsafe\failsafe\3.2.3\failsafe-3.2.3.jar;C:\Users\HP\.m2\repository\org\seleniumhq\selenium\selenium-safari-driver\4.1.4\selenium-safari-driver-4.1.4.jar;C:\Users\HP\.m2\repository\org\seleniumhq\selenium\selenium-support\4.1.4\selenium-support-4.1.4.jar;C:\Users\HP\.m2\repository\io\rest-assured\rest-assured\4.5.1\rest-assured-4.5.1.jar;C:\Users\HP\.m2\repository\org\codehaus\groovy\groovy\3.0.17\groovy-3.0.17.jar;C:\Users\HP\.m2\repository\org\codehaus\groovy\groovy-xml\3.0.17\groovy-xml-3.0.17.jar;C:\Users\HP\.m2\repository\org\apache\httpcomponents\httpclient\4.5.14\httpclient-4.5.14.jar;C:\Users\HP\.m2\repository\org\apache\httpcomponents\httpcore\4.4.16\httpcore-4.4.16.jar;C:\Users\HP\.m2\repository\org\apache\httpcomponents\httpmime\4.5.14\httpmime-4.5.14.jar;C:\Users\HP\.m2\repository\org\ccil\cowan\tagsoup\tagsoup\1.2.1\tagsoup-1.2.1.jar;C:\Users\HP\.m2\repository\io\rest-assured\json-path\4.5.1\json-path-4.5.1.jar;C:\Users\HP\.m2\repository\org\codehaus\groovy\groovy-json\3.0.17\groovy-json-3.0.17.jar;C:\Users\HP\.m2\repository\io\rest-assured\rest-assured-common\4.5.1\rest-assured-common-4.5.1.jar;C:\Users\HP\.m2\repository\io\rest-assured\xml-path\4.5.1\xml-path-4.5.1.jar;C:\Users\HP\.m2\repository\org\springframework\boot\spring-boot-starter-webflux\2.7.13\spring-boot-starter-webflux-2.7.13.jar;C:\Users\HP\.m2\repository\org\springframework\boot\spring-boot-starter-reactor-netty\2.7.13\spring-boot-starter-reactor-netty-2.7.13.jar;C:\Users\HP\.m2\repository\io\projectreactor\netty\reactor-netty-http\1.0.33\reactor-netty-http-1.0.33.jar;C:\Users\HP\.m2\repository\io\netty\netty-codec-http2\4.1.94.Final\netty-codec-http2-4.1.94.Final.jar;C:\Users\HP\.m2\repository\io\netty\netty-resolver-dns\4.1.94.Final\netty-resolver-dns-4.1.94.Final.jar;C:\Users\HP\.m2\repository\io\netty\netty-codec-dns\4.1.94.Final\netty-codec-dns-4.1.94.Final.jar;C:\Users\HP\.m2\repository\io\netty\netty-resolver-dns-native-macos\4.1.94.Final\netty-resolver-dns-native-macos-4.1.94.Final-osx-x86_64.jar;C:\Users\HP\.m2\repository\io\netty\netty-resolver-dns-classes-macos\4.1.94.Final\netty-resolver-dns-classes-macos-4.1.94.Final.jar;C:\Users\HP\.m2\repository\io\projectreactor\netty\reactor-netty-core\1.0.33\reactor-netty-core-1.0.33.jar;C:\Users\HP\.m2\repository\org\springframework\spring-webflux\5.3.28\spring-webflux-5.3.28.jar;C:\Users\HP\.m2\repository\org\springframework\spring-beans\5.3.28\spring-beans-5.3.28.jar;C:\Users\HP\.m2\repository\io\projectreactor\reactor-core\3.4.30\reactor-core-3.4.30.jar;C:\Users\HP\.m2\repository\org\reactivestreams\reactive-streams\1.0.4\reactive-streams-1.0.4.jar;C:\Users\HP\.m2\repository\org\springframework\boot\spring-boot-starter-hateoas\2.7.13\spring-boot-starter-hateoas-2.7.13.jar;C:\Users\HP\.m2\repository\org\springframework\hateoas\spring-hateoas\1.5.4\spring-hateoas-1.5.4.jar;C:\Users\HP\.m2\repository\org\springframework\plugin\spring-plugin-core\2.0.0.RELEASE\spring-plugin-core-2.0.0.RELEASE.jar;C:\Users\HP\.m2\repository\org\testng\testng\7.4.0\testng-7.4.0.jar;C:\Users\HP\.m2\repository\com\beust\jcommander\1.78\jcommander-1.78.jar;C:\Users\HP\.m2\repository\org\webjars\jquery\3.5.1\jquery-3.5.1.jar;C:\Users\HP\.m2\repository\org\springframework\ws\spring-ws-test\3.1.6\spring-ws-test-3.1.6.jar;C:\Users\HP\.m2\repository\org\springframework\ws\spring-xml\3.1.6\spring-xml-3.1.6.jar;C:\Users\HP\.m2\repository\org\springframework\spring-context\5.3.28\spring-context-5.3.28.jar;C:\Users\HP\.m2\repository\xmlunit\xmlunit\1.6\xmlunit-1.6.jar;C:\Users\HP\.m2\repository\com\squareup\okhttp3\okhttp\4.9.3\okhttp-4.9.3.jar;C:\Users\HP\.m2\repository\com\squareup\okio\okio\2.8.0\okio-2.8.0.jar;C:\Users\HP\.m2\repository\org\jetbrains\kotlin\kotlin-stdlib-common\1.6.21\kotlin-stdlib-common-1.6.21.jar;C:\Users\HP\.m2\repository\org\jetbrains\kotlin\kotlin-stdlib\1.6.21\kotlin-stdlib-1.6.21.jar;C:\Users\HP\.m2\repository\org\jetbrains\annotations\13.0\annotations-13.0.jar;C:\Users\HP\.m2\repository\com\squareup\okhttp3\mockwebserver\4.9.3\mockwebserver-4.9.3.jar;C:\Users\HP\.m2\repository\org\jetbrains\kotlin\kotlin-stdlib-jdk8\1.6.21\kotlin-stdlib-jdk8-1.6.21.jar;C:\Users\HP\.m2\repository\org\jetbrains\kotlin\kotlin-stdlib-jdk7\1.6.21\kotlin-stdlib-jdk7-1.6.21.jar;C:\Users\HP\.m2\repository\org\apache\shiro\shiro-spring-boot-web-starter\1.12.0\shiro-spring-boot-web-starter-1.12.0.jar;C:\Users\HP\.m2\repository\org\apache\shiro\shiro-spring-boot-starter\1.12.0\shiro-spring-boot-starter-1.12.0.jar;C:\Users\HP\.m2\repository\org\apache\shiro\shiro-spring\1.12.0\shiro-spring-1.12.0.jar;C:\Users\HP\.m2\repository\org\apache\shiro\shiro-core\1.12.0\shiro-core-1.12.0.jar;C:\Users\HP\.m2\repository\org\apache\shiro\shiro-lang\1.12.0\shiro-lang-1.12.0.jar;C:\Users\HP\.m2\repository\org\apache\shiro\shiro-cache\1.12.0\shiro-cache-1.12.0.jar;C:\Users\HP\.m2\repository\org\apache\shiro\shiro-crypto-hash\1.12.0\shiro-crypto-hash-1.12.0.jar;C:\Users\HP\.m2\repository\org\apache\shiro\shiro-crypto-core\1.12.0\shiro-crypto-core-1.12.0.jar;C:\Users\HP\.m2\repository\org\apache\shiro\shiro-crypto-cipher\1.12.0\shiro-crypto-cipher-1.12.0.jar;C:\Users\HP\.m2\repository\org\apache\shiro\shiro-config-core\1.12.0\shiro-config-core-1.12.0.jar;C:\Users\HP\.m2\repository\org\apache\shiro\shiro-config-ogdl\1.12.0\shiro-config-ogdl-1.12.0.jar;C:\Users\HP\.m2\repository\commons-beanutils\commons-beanutils\1.9.4\commons-beanutils-1.9.4.jar;C:\Users\HP\.m2\repository\commons-collections\commons-collections\3.2.2\commons-collections-3.2.2.jar;C:\Users\HP\.m2\repository\org\apache\shiro\shiro-event\1.12.0\shiro-event-1.12.0.jar;C:\Users\HP\.m2\repository\org\apache\shiro\shiro-web\1.12.0\shiro-web-1.12.0.jar;C:\Users\HP\.m2\repository\org\owasp\encoder\encoder\1.2.3\encoder-1.2.3.jar;"/>
    <property name="sun.cpu.endian" value="little"/>
    <property name="user.home" value="C:\Users\HP"/>
    <property name="user.language" value="en"/>
    <property name="java.specification.vendor" value="Oracle Corporation"/>
    <property name="java.version.date" value="2022-08-18"/>
    <property name="java.home" value="C:\Users\HP\.p2\pool\plugins\org.eclipse.justj.openjdk.hotspot.jre.full.win32.x86_64_18.0.2.v20221005-1040\jre"/>
    <property name="file.separator" value="\"/>
    <property name="basedir" value="H:\Programirane\Java\Proxiad-Hangman"/>
    <property name="style.color" value="always"/>
    <property name="java.vm.compressedOopsMode" value="Zero based"/>
    <property name="line.separator" value="&#10;"/>
    <property name="java.vm.specification.vendor" value="Oracle Corporation"/>
    <property name="java.specification.name" value="Java Platform API Specification"/>
    <property name="surefire.real.class.path" value="C:\Users\HP\AppData\Local\Temp\surefire3661063459936580676\surefirebooter5525053400874769559.jar"/>
    <property name="user.script" value=""/>
    <property name="sun.management.compiler" value="HotSpot 64-Bit Tiered Compilers"/>
    <property name="java.runtime.version" value="18.0.2.1+1"/>
    <property name="user.name" value="HP"/>
    <property name="path.separator" value=";"/>
    <property name="os.version" value="10.0"/>
    <property name="java.runtime.name" value="OpenJDK Runtime Environment"/>
    <property name="file.encoding" value="UTF-8"/>
    <property name="java.vm.name" value="OpenJDK 64-Bit Server VM"/>
    <property name="java.vendor.version" value="Temurin-18.0.2.1+1"/>
    <property name="localRepository" value="C:\Users\HP\.m2\repository"/>
    <property name="java.vendor.url.bug" value="https://github.com/adoptium/adoptium-support/issues"/>
    <property name="java.io.tmpdir" value="C:\Users\HP\AppData\Local\Temp\"/>
    <property name="java.version" value="18.0.2.1"/>
    <property name="user.dir" value="H:\Programirane\Java\Proxiad-Hangman"/>
    <property name="os.arch" value="amd64"/>
    <property name="java.vm.specification.name" value="Java Virtual Machine Specification"/>
    <property name="sun.os.patch.level" value=""/>
    <property name="native.encoding" value="Cp1251"/>
    <property name="java.library.path" value="C:\Users\HP\.p2\pool\plugins\org.eclipse.justj.openjdk.hotspot.jre.full.win32.x86_64_18.0.2.v20221005-1040\jre\bin;C:\Windows\Sun\Java\bin;C:\Windows\system32;C:\Windows;C:/Users/HP/.p2/pool/plugins/org.eclipse.justj.openjdk.hotspot.jre.full.win32.x86_64_18.0.2.v20221005-1040/jre/bin/server;C:/Users/HP/.p2/pool/plugins/org.eclipse.justj.openjdk.hotspot.jre.full.win32.x86_64_18.0.2.v20221005-1040/jre/bin;C:\Windows\system32;C:\Windows;C:\Windows\System32\Wbem;C:\Windows\System32\WindowsPowerShell\v1.0\;C:\Windows\System32\OpenSSH\;C:\Program Files\dotnet\;C:\Program Files\Microsoft SQL Server\150\Tools\Binn\;C:\Program Files\Microsoft SQL Server\Client SDK\ODBC\170\Tools\Binn\;C:\Program Files\NVIDIA Corporation\NVIDIA NvDLISR;C:\Program Files (x86)\NVIDIA Corporation\PhysX\Common;C:\Program Files\Git\cmd;H:\jdk-20\bin;;C:\Program Files\Docker\Docker\resources\bin;C:\Program Files\nodejs\;C:\Users\HP\anaconda3;C:\Users\HP\anaconda3\Library\mingw-w64\bin;C:\Users\HP\anaconda3\Library\usr\bin;C:\Users\HP\anaconda3\Library\bin;C:\Users\HP\anaconda3\Scripts;C:\Users\HP\AppData\Local\Microsoft\WindowsApps;C:\Users\HP\AppData\Local\Programs\Microsoft VS Code\bin;C:\Users\HP\.dotnet\tools;C:\Program Files\JetBrains\IntelliJ IDEA 2023.1.3\bin;;C:\Program Files\JetBrains\IntelliJ IDEA Community Edition 2023.1.3\bin;;C:\Users\HP\AppData\Roaming\npm;C:\Users\HP\Desktop;;."/>
    <property name="java.vm.info" value="mixed mode"/>
    <property name="java.vendor" value="Eclipse Adoptium"/>
    <property name="java.vm.version" value="18.0.2.1+1"/>
    <property name="sun.io.unicode.encoding" value="UnicodeLittle"/>
    <property name="java.class.version" value="62.0"/>
  </properties>
  <testcase name="looseGameTest" classname="com.game_classes.GameUiTest" time="0.178">
    <failure message="no such element: Unable to locate element: {&quot;method&quot;:&quot;css selector&quot;,&quot;selector&quot;:&quot;#word_num&quot;}&#10;  (Session info: chrome=115.0.5790.171)&#10;For documentation on this error, please visit: https://selenium.dev/exceptions/#no_such_element&#10;Build info: version: &apos;4.1.4&apos;, revision: &apos;535d840ee2&apos;&#10;System info: host: &apos;DESKTOP-TUFNRNQ&apos;, ip: &apos;192.168.0.102&apos;, os.name: &apos;Windows 10&apos;, os.arch: &apos;amd64&apos;, os.version: &apos;10.0&apos;, java.version: &apos;18.0.2.1&apos;&#10;Driver info: org.openqa.selenium.chrome.ChromeDriver&#10;Command: [3e668823bca2ed481073a58d85bdd53b, findElement {using=id, value=word_num}]&#10;Capabilities {acceptInsecureCerts: false, browserName: chrome, browserVersion: 115.0.5790.171, chrome: {chromedriverVersion: 114.0.5735.90 (386bc09e8f4f..., userDataDir: C:\Users\HP\AppData\Local\T...}, goog:chromeOptions: {debuggerAddress: localhost:49513}, javascriptEnabled: true, networkConnectionEnabled: false, pageLoadStrategy: normal, platform: WINDOWS, platformName: WINDOWS, proxy: Proxy(), se:cdp: ws://localhost:49513/devtoo..., se:cdpVersion: 115.0.5790.171, setWindowRect: true, strictFileInteractability: false, timeouts: {implicit: 0, pageLoad: 300000, script: 30000}, unhandledPromptBehavior: dismiss and notify, webauthn:extension:credBlob: true, webauthn:extension:largeBlob: true, webauthn:extension:minPinLength: true, webauthn:extension:prf: true, webauthn:virtualAuthenticators: true}&#10;Session ID: 3e668823bca2ed481073a58d85bdd53b" type="org.openqa.selenium.NoSuchElementException">org.openqa.selenium.NoSuchElementException: 
no such element: Unable to locate element: {"method":"css selector","selector":"#word_num"}
  (Session info: chrome=115.0.5790.171)
For documentation on this error, please visit: https://selenium.dev/exceptions/#no_such_element
Build info: version: '4.1.4', revision: '535d840ee2'
System info: host: 'DESKTOP-TUFNRNQ', ip: '192.168.0.102', os.name: 'Windows 10', os.arch: 'amd64', os.version: '10.0', java.version: '18.0.2.1'
Driver info: org.openqa.selenium.chrome.ChromeDriver
Command: [3e668823bca2ed481073a58d85bdd53b, findElement {using=id, value=word_num}]
Capabilities {acceptInsecureCerts: false, browserName: chrome, browserVersion: 115.0.5790.171, chrome: {chromedriverVersion: 114.0.5735.90 (386bc09e8f4f..., userDataDir: C:\Users\HP\AppData\Local\T...}, goog:chromeOptions: {debuggerAddress: localhost:49513}, javascriptEnabled: true, networkConnectionEnabled: false, pageLoadStrategy: normal, platform: WINDOWS, platformName: WINDOWS, proxy: Proxy(), se:cdp: ws://localhost:49513/devtoo..., se:cdpVersion: 115.0.5790.171, setWindowRect: true, strictFileInteractability: false, timeouts: {implicit: 0, pageLoad: 300000, script: 30000}, unhandledPromptBehavior: dismiss and notify, webauthn:extension:credBlob: true, webauthn:extension:largeBlob: true, webauthn:extension:minPinLength: true, webauthn:extension:prf: true, webauthn:virtualAuthenticators: true}
Session ID: 3e668823bca2ed481073a58d85bdd53b
	at com.game_classes.GameUiTest.looseGameTest(GameUiTest.java:81)
</failure>
    <system-out><![CDATA[19:42:42.701 [main] DEBUG io.netty.util.internal.logging.InternalLoggerFactory - Using SLF4J as the default logging framework
19:42:42.707 [main] DEBUG io.netty.util.ResourceLeakDetector - -Dio.netty.leakDetection.level: simple
19:42:42.707 [main] DEBUG io.netty.util.ResourceLeakDetector - -Dio.netty.leakDetection.targetRecords: 4
19:42:42.712 [main] DEBUG io.netty.util.ResourceLeakDetectorFactory - Loaded default ResourceLeakDetector: io.netty.util.ResourceLeakDetector@5a18cd76
19:42:42.733 [main] DEBUG io.netty.util.internal.PlatformDependent0 - -Dio.netty.noUnsafe: false
19:42:42.733 [main] DEBUG io.netty.util.internal.PlatformDependent0 - Java version: 18
19:42:42.735 [main] DEBUG io.netty.util.internal.PlatformDependent0 - sun.misc.Unsafe.theUnsafe: available
19:42:42.736 [main] DEBUG io.netty.util.internal.PlatformDependent0 - sun.misc.Unsafe.copyMemory: available
19:42:42.736 [main] DEBUG io.netty.util.internal.PlatformDependent0 - sun.misc.Unsafe.storeFence: available
19:42:42.737 [main] DEBUG io.netty.util.internal.PlatformDependent0 - java.nio.Buffer.address: available
19:42:42.737 [main] DEBUG io.netty.util.internal.PlatformDependent0 - direct buffer constructor: unavailable: Reflective setAccessible(true) disabled
19:42:42.738 [main] DEBUG io.netty.util.internal.PlatformDependent0 - java.nio.Bits.unaligned: available, true
19:42:42.739 [main] DEBUG io.netty.util.internal.PlatformDependent0 - jdk.internal.misc.Unsafe.allocateUninitializedArray(int): unavailable: class io.netty.util.internal.PlatformDependent0$7 cannot access class jdk.internal.misc.Unsafe (in module java.base) because module java.base does not export jdk.internal.misc to unnamed module @7a4ccb53
19:42:42.740 [main] DEBUG io.netty.util.internal.PlatformDependent0 - java.nio.DirectByteBuffer.<init>(long, {int,long}): unavailable
19:42:42.740 [main] DEBUG io.netty.util.internal.PlatformDependent - sun.misc.Unsafe: available
19:42:42.742 [main] DEBUG io.netty.util.internal.PlatformDependent - maxDirectMemory: 8568963072 bytes (maybe)
19:42:42.742 [main] DEBUG io.netty.util.internal.PlatformDependent - -Dio.netty.tmpdir: C:\Users\HP\AppData\Local\Temp (java.io.tmpdir)
19:42:42.742 [main] DEBUG io.netty.util.internal.PlatformDependent - -Dio.netty.bitMode: 64 (sun.arch.data.model)
19:42:42.743 [main] DEBUG io.netty.util.internal.PlatformDependent - Platform: Windows
19:42:42.743 [main] DEBUG io.netty.util.internal.PlatformDependent - -Dio.netty.maxDirectMemory: -1 bytes
19:42:42.743 [main] DEBUG io.netty.util.internal.PlatformDependent - -Dio.netty.uninitializedArrayAllocationThreshold: -1
19:42:42.746 [main] DEBUG io.netty.util.internal.CleanerJava9 - java.nio.ByteBuffer.cleaner(): available
19:42:42.746 [main] DEBUG io.netty.util.internal.PlatformDependent - -Dio.netty.noPreferDirect: false
19:42:42.754 [main] DEBUG io.netty.util.internal.PlatformDependent - org.jctools-core.MpscChunkedArrayQueue: available
19:42:42.775 [main] DEBUG io.netty.util.internal.InternalThreadLocalMap - -Dio.netty.threadLocalMap.stringBuilder.initialSize: 1024
19:42:42.775 [main] DEBUG io.netty.util.internal.InternalThreadLocalMap - -Dio.netty.threadLocalMap.stringBuilder.maxSize: 4096
19:42:42.954 [main] DEBUG io.netty.handler.ssl.JdkSslContext - Default protocols (JDK): [TLSv1.3, TLSv1.2] 
19:42:42.955 [main] DEBUG io.netty.handler.ssl.JdkSslContext - Default cipher suites (JDK): [TLS_ECDHE_ECDSA_WITH_AES_256_GCM_SHA384, TLS_ECDHE_ECDSA_WITH_AES_128_GCM_SHA256, TLS_ECDHE_RSA_WITH_AES_128_GCM_SHA256, TLS_ECDHE_RSA_WITH_AES_256_GCM_SHA384, TLS_ECDHE_RSA_WITH_AES_128_CBC_SHA, TLS_ECDHE_RSA_WITH_AES_256_CBC_SHA, TLS_RSA_WITH_AES_128_GCM_SHA256, TLS_RSA_WITH_AES_128_CBC_SHA, TLS_RSA_WITH_AES_256_CBC_SHA, TLS_AES_128_GCM_SHA256, TLS_AES_256_GCM_SHA384]
19:42:42.968 [main] DEBUG io.netty.util.concurrent.GlobalEventExecutor - -Dio.netty.globalEventExecutor.quietPeriodSeconds: 1
19:42:42.982 [main] DEBUG io.netty.channel.MultithreadEventLoopGroup - -Dio.netty.eventLoopThreads: 24
19:42:42.991 [main] DEBUG io.netty.channel.nio.NioEventLoop - -Dio.netty.noKeySetOptimization: false
19:42:42.991 [main] DEBUG io.netty.channel.nio.NioEventLoop - -Dio.netty.selectorAutoRebuildThreshold: 512
19:42:43.036 [main] DEBUG io.netty.buffer.PooledByteBufAllocator - -Dio.netty.allocator.numHeapArenas: 24
19:42:43.036 [main] DEBUG io.netty.buffer.PooledByteBufAllocator - -Dio.netty.allocator.numDirectArenas: 24
19:42:43.036 [main] DEBUG io.netty.buffer.PooledByteBufAllocator - -Dio.netty.allocator.pageSize: 8192
19:42:43.036 [main] DEBUG io.netty.buffer.PooledByteBufAllocator - -Dio.netty.allocator.maxOrder: 9
19:42:43.036 [main] DEBUG io.netty.buffer.PooledByteBufAllocator - -Dio.netty.allocator.chunkSize: 4194304
19:42:43.036 [main] DEBUG io.netty.buffer.PooledByteBufAllocator - -Dio.netty.allocator.smallCacheSize: 256
19:42:43.036 [main] DEBUG io.netty.buffer.PooledByteBufAllocator - -Dio.netty.allocator.normalCacheSize: 64
19:42:43.036 [main] DEBUG io.netty.buffer.PooledByteBufAllocator - -Dio.netty.allocator.maxCachedBufferCapacity: 32768
19:42:43.036 [main] DEBUG io.netty.buffer.PooledByteBufAllocator - -Dio.netty.allocator.cacheTrimInterval: 8192
19:42:43.036 [main] DEBUG io.netty.buffer.PooledByteBufAllocator - -Dio.netty.allocator.cacheTrimIntervalMillis: 0
19:42:43.036 [main] DEBUG io.netty.buffer.PooledByteBufAllocator - -Dio.netty.allocator.useCacheForAllThreads: false
19:42:43.036 [main] DEBUG io.netty.buffer.PooledByteBufAllocator - -Dio.netty.allocator.maxCachedByteBuffersPerChunk: 1023
19:42:43.048 [main] DEBUG io.netty.buffer.ByteBufUtil - -Dio.netty.allocator.type: pooled
19:42:43.048 [main] DEBUG io.netty.buffer.ByteBufUtil - -Dio.netty.threadLocalDirectBufferSize: 0
19:42:43.048 [main] DEBUG io.netty.buffer.ByteBufUtil - -Dio.netty.maxThreadLocalCharBufferSize: 16384
19:42:44.384 [Forwarding newSession on session null to remote] DEBUG io.netty.channel.DefaultChannelId - -Dio.netty.processId: 17980 (auto-detected)
19:42:44.386 [Forwarding newSession on session null to remote] DEBUG io.netty.util.NetUtil - -Djava.net.preferIPv4Stack: false
19:42:44.386 [Forwarding newSession on session null to remote] DEBUG io.netty.util.NetUtil - -Djava.net.preferIPv6Addresses: false
19:42:44.392 [Forwarding newSession on session null to remote] DEBUG io.netty.util.NetUtilInitializations - Loopback interface: lo (Software Loopback Interface 1, 127.0.0.1)
19:42:44.393 [Forwarding newSession on session null to remote] DEBUG io.netty.util.NetUtil - Failed to get SOMAXCONN from sysctl and file \proc\sys\net\core\somaxconn. Default: 200
19:42:44.396 [Forwarding newSession on session null to remote] DEBUG io.netty.channel.DefaultChannelId - -Dio.netty.machineId: 3c:52:82:ff:fe:5f:9d:42 (auto-detected)
19:42:44.444 [AsyncHttpClient-1-2] DEBUG io.netty.buffer.AbstractByteBuf - -Dio.netty.buffer.checkAccessible: true
19:42:44.444 [AsyncHttpClient-1-2] DEBUG io.netty.buffer.AbstractByteBuf - -Dio.netty.buffer.checkBounds: true
19:42:44.444 [AsyncHttpClient-1-2] DEBUG io.netty.util.ResourceLeakDetectorFactory - Loaded default ResourceLeakDetector: io.netty.util.ResourceLeakDetector@60667339
19:42:44.460 [AsyncHttpClient-1-2] DEBUG org.asynchttpclient.netty.channel.NettyConnectListener - Using new Channel '[id: 0x66ad5e08, L:/127.0.0.1:49512 - R:localhost/127.0.0.1:64354]' for 'POST' to '/session'
19:42:44.475 [AsyncHttpClient-1-2] DEBUG io.netty.util.Recycler - -Dio.netty.recycler.maxCapacityPerThread: 4096
19:42:44.475 [AsyncHttpClient-1-2] DEBUG io.netty.util.Recycler - -Dio.netty.recycler.ratio: 8
19:42:44.475 [AsyncHttpClient-1-2] DEBUG io.netty.util.Recycler - -Dio.netty.recycler.chunkSize: 32
19:42:44.475 [AsyncHttpClient-1-2] DEBUG io.netty.util.Recycler - -Dio.netty.recycler.blocking: false
19:42:44.475 [AsyncHttpClient-1-2] DEBUG io.netty.util.Recycler - -Dio.netty.recycler.batchFastThreadLocalOnly: true
19:42:45.049 [AsyncHttpClient-1-2] DEBUG io.netty.handler.codec.compression.Brotli - brotli4j not in the classpath; Brotli support will be unavailable.
19:42:45.049 [AsyncHttpClient-1-2] DEBUG org.asynchttpclient.netty.handler.HttpHandler - 

Request DefaultHttpRequest(decodeResult: success, version: HTTP/1.1)
POST /session HTTP/1.1
User-Agent: selenium/4.1.4 (java windows)
Content-Length: 439
Content-Type: application/json; charset=utf-8
host: localhost:64354
accept: */*

Response DefaultHttpResponse(decodeResult: success, version: HTTP/1.1)
HTTP/1.1 200 OK
Content-Length: 858
Content-Type: application/json; charset=utf-8
cache-control: no-cache

19:42:45.056 [AsyncHttpClient-1-2] DEBUG org.asynchttpclient.netty.channel.ChannelManager - Adding key: http://localhost:64354 for channel [id: 0x66ad5e08, L:/127.0.0.1:49512 - R:localhost/127.0.0.1:64354]
19:42:45.159 [AsyncHttpClient-1-1] DEBUG org.asynchttpclient.netty.channel.DefaultChannelPool - Entry count for : http://localhost:64354 : 1
19:42:45.161 [AsyncHttpClient-1-3] DEBUG org.asynchttpclient.netty.channel.NettyConnectListener - Using new Channel '[id: 0xfceee996, L:/127.0.0.1:49519 - R:localhost/127.0.0.1:49513]' for 'GET' to '/json/version'
19:42:45.164 [AsyncHttpClient-1-3] DEBUG org.asynchttpclient.netty.handler.HttpHandler - 

Request DefaultFullHttpRequest(decodeResult: success, version: HTTP/1.1, content: EmptyByteBufBE)
GET /json/version HTTP/1.1
User-Agent: selenium/4.1.4 (java windows)
host: localhost:49513
accept: */*

Response DefaultHttpResponse(decodeResult: success, version: HTTP/1.1)
HTTP/1.1 200 OK
Content-Security-Policy: frame-ancestors 'none'
Content-Length: 424
Content-Type: application/json; charset=UTF-8

19:42:45.164 [AsyncHttpClient-1-3] DEBUG org.asynchttpclient.netty.channel.ChannelManager - Adding key: http://localhost:49513 for channel [id: 0xfceee996, L:/127.0.0.1:49519 - R:localhost/127.0.0.1:49513]
19:42:45.173 [main] DEBUG io.netty.util.internal.ThreadLocalRandom - -Dio.netty.initialSeedUniquifier: 0x84a5d7e3d5525b8b
19:42:45.176 [AsyncHttpClient-1-4] DEBUG org.asynchttpclient.netty.channel.NettyConnectListener - Using new Channel '[id: 0xc8cd9bd6, L:/127.0.0.1:49520 - R:localhost/127.0.0.1:49513]' for 'GET' to '/devtools/browser/e6f176bd-aeb9-4109-8426-f299023d91ec'
19:42:45.179 [AsyncHttpClient-1-4] DEBUG org.asynchttpclient.netty.handler.WebSocketHandler - 

Request DefaultFullHttpRequest(decodeResult: success, version: HTTP/1.1, content: EmptyByteBufBE)
GET /devtools/browser/e6f176bd-aeb9-4109-8426-f299023d91ec HTTP/1.1
upgrade: websocket
connection: upgrade
sec-websocket-key: gaS5+nd/HhSFJRjBRuUXJQ==
sec-websocket-version: 13
origin: http://localhost:49513
host: localhost:49513
accept: */*
user-agent: AHC/2.1

Response DefaultHttpResponse(decodeResult: success, version: HTTP/1.1)
HTTP/1.1 101 WebSocket Protocol Handshake
Upgrade: WebSocket
Connection: Upgrade
Sec-WebSocket-Accept: onyqnZxIBv4qY+RGkLM3+9YYMqI=

19:42:45.268 [AsyncHttpClient-1-5] DEBUG org.asynchttpclient.netty.channel.NettyConnectListener - Using new Channel '[id: 0x1e96d830, L:/127.0.0.1:49524 - R:localhost/127.0.0.1:54925]' for 'POST' to '/session'
19:42:45.823 [AsyncHttpClient-1-5] DEBUG org.asynchttpclient.netty.handler.HttpHandler - 

Request DefaultHttpRequest(decodeResult: success, version: HTTP/1.1)
POST /session HTTP/1.1
User-Agent: selenium/4.1.4 (java windows)
Content-Length: 439
Content-Type: application/json; charset=utf-8
host: localhost:54925
accept: */*

Response DefaultHttpResponse(decodeResult: success, version: HTTP/1.1)
HTTP/1.1 200 OK
Content-Length: 858
Content-Type: application/json; charset=utf-8
cache-control: no-cache

19:42:45.824 [AsyncHttpClient-1-5] DEBUG org.asynchttpclient.netty.channel.ChannelManager - Adding key: http://localhost:54925 for channel [id: 0x1e96d830, L:/127.0.0.1:49524 - R:localhost/127.0.0.1:54925]
19:42:45.835 [AsyncHttpClient-1-6] DEBUG org.asynchttpclient.netty.channel.NettyConnectListener - Using new Channel '[id: 0x108ac9ec, L:/127.0.0.1:49533 - R:localhost/127.0.0.1:49527]' for 'GET' to '/json/version'
19:42:45.837 [AsyncHttpClient-1-6] DEBUG org.asynchttpclient.netty.handler.HttpHandler - 

Request DefaultFullHttpRequest(decodeResult: success, version: HTTP/1.1, content: EmptyByteBufBE)
GET /json/version HTTP/1.1
User-Agent: selenium/4.1.4 (java windows)
host: localhost:49527
accept: */*

Response DefaultHttpResponse(decodeResult: success, version: HTTP/1.1)
HTTP/1.1 200 OK
Content-Security-Policy: frame-ancestors 'none'
Content-Length: 424
Content-Type: application/json; charset=UTF-8

19:42:45.837 [AsyncHttpClient-1-6] DEBUG org.asynchttpclient.netty.channel.ChannelManager - Adding key: http://localhost:49527 for channel [id: 0x108ac9ec, L:/127.0.0.1:49533 - R:localhost/127.0.0.1:49527]
19:42:45.840 [AsyncHttpClient-1-7] DEBUG org.asynchttpclient.netty.channel.NettyConnectListener - Using new Channel '[id: 0x79dedb0d, L:/127.0.0.1:49534 - R:localhost/127.0.0.1:49527]' for 'GET' to '/devtools/browser/7ef427a4-a298-4733-b587-d5be7a267ec4'
19:42:45.842 [AsyncHttpClient-1-7] DEBUG org.asynchttpclient.netty.handler.WebSocketHandler - 

Request DefaultFullHttpRequest(decodeResult: success, version: HTTP/1.1, content: EmptyByteBufBE)
GET /devtools/browser/7ef427a4-a298-4733-b587-d5be7a267ec4 HTTP/1.1
upgrade: websocket
connection: upgrade
sec-websocket-key: LPV4KMHaFG/t12iukcM/RA==
sec-websocket-version: 13
origin: http://localhost:49527
host: localhost:49527
accept: */*
user-agent: AHC/2.1

Response DefaultHttpResponse(decodeResult: success, version: HTTP/1.1)
HTTP/1.1 101 WebSocket Protocol Handshake
Upgrade: WebSocket
Connection: Upgrade
Sec-WebSocket-Accept: AgnKAYN2r9oiXcxJenNiTLFsMng=

19:42:45.913 [AsyncHttpClient-1-8] DEBUG org.asynchttpclient.netty.channel.NettyConnectListener - Using new Channel '[id: 0x9c78a422, L:/127.0.0.1:49538 - R:localhost/127.0.0.1:60858]' for 'POST' to '/session'
19:42:46.260 [AsyncHttpClient-1-1] DEBUG org.asynchttpclient.netty.channel.DefaultChannelPool - Entry count for : http://localhost:54925 : 1
19:42:46.260 [AsyncHttpClient-1-1] DEBUG org.asynchttpclient.netty.channel.DefaultChannelPool - Entry count for : http://localhost:49527 : 1
19:42:46.260 [AsyncHttpClient-1-1] DEBUG org.asynchttpclient.netty.channel.DefaultChannelPool - Entry count for : http://localhost:64354 : 1
19:42:46.260 [AsyncHttpClient-1-1] DEBUG org.asynchttpclient.netty.channel.DefaultChannelPool - Entry count for : http://localhost:49513 : 1
19:42:46.456 [AsyncHttpClient-1-8] DEBUG org.asynchttpclient.netty.handler.HttpHandler - 

Request DefaultHttpRequest(decodeResult: success, version: HTTP/1.1)
POST /session HTTP/1.1
User-Agent: selenium/4.1.4 (java windows)
Content-Length: 439
Content-Type: application/json; charset=utf-8
host: localhost:60858
accept: */*

Response DefaultHttpResponse(decodeResult: success, version: HTTP/1.1)
HTTP/1.1 200 OK
Content-Length: 858
Content-Type: application/json; charset=utf-8
cache-control: no-cache

19:42:46.456 [AsyncHttpClient-1-8] DEBUG org.asynchttpclient.netty.channel.ChannelManager - Adding key: http://localhost:60858 for channel [id: 0x9c78a422, L:/127.0.0.1:49538 - R:localhost/127.0.0.1:60858]
19:42:46.463 [AsyncHttpClient-1-9] DEBUG org.asynchttpclient.netty.channel.NettyConnectListener - Using new Channel '[id: 0x5454f522, L:/127.0.0.1:49547 - R:localhost/127.0.0.1:49540]' for 'GET' to '/json/version'
19:42:46.465 [AsyncHttpClient-1-9] DEBUG org.asynchttpclient.netty.handler.HttpHandler - 

Request DefaultFullHttpRequest(decodeResult: success, version: HTTP/1.1, content: EmptyByteBufBE)
GET /json/version HTTP/1.1
User-Agent: selenium/4.1.4 (java windows)
host: localhost:49540
accept: */*

Response DefaultHttpResponse(decodeResult: success, version: HTTP/1.1)
HTTP/1.1 200 OK
Content-Security-Policy: frame-ancestors 'none'
Content-Length: 424
Content-Type: application/json; charset=UTF-8

19:42:46.465 [AsyncHttpClient-1-9] DEBUG org.asynchttpclient.netty.channel.ChannelManager - Adding key: http://localhost:49540 for channel [id: 0x5454f522, L:/127.0.0.1:49547 - R:localhost/127.0.0.1:49540]
19:42:46.468 [AsyncHttpClient-1-10] DEBUG org.asynchttpclient.netty.channel.NettyConnectListener - Using new Channel '[id: 0x42d12688, L:/127.0.0.1:49548 - R:localhost/127.0.0.1:49540]' for 'GET' to '/devtools/browser/3628c41d-bdd6-425d-ab56-075d34bf39ad'
19:42:46.470 [AsyncHttpClient-1-10] DEBUG org.asynchttpclient.netty.handler.WebSocketHandler - 

Request DefaultFullHttpRequest(decodeResult: success, version: HTTP/1.1, content: EmptyByteBufBE)
GET /devtools/browser/3628c41d-bdd6-425d-ab56-075d34bf39ad HTTP/1.1
upgrade: websocket
connection: upgrade
sec-websocket-key: sTEFOcTZ2rhuw/3jyOlziA==
sec-websocket-version: 13
origin: http://localhost:49540
host: localhost:49540
accept: */*
user-agent: AHC/2.1

Response DefaultHttpResponse(decodeResult: success, version: HTTP/1.1)
HTTP/1.1 101 WebSocket Protocol Handshake
Upgrade: WebSocket
Connection: Upgrade
Sec-WebSocket-Accept: lEg1kBjsETOoDMTwa6mvUupbaCU=

19:42:46.497 [Forwarding get on session 3e668823bca2ed481073a58d85bdd53b to remote] DEBUG org.asynchttpclient.netty.request.NettyRequestSender - Using pooled Channel '[id: 0x66ad5e08, L:/127.0.0.1:49512 - R:localhost/127.0.0.1:64354]' for 'POST' to 'http://localhost:64354/session/3e668823bca2ed481073a58d85bdd53b/url'
19:42:46.497 [Forwarding get on session 3e668823bca2ed481073a58d85bdd53b to remote] DEBUG org.asynchttpclient.netty.request.NettyRequestSender - Using open Channel [id: 0x66ad5e08, L:/127.0.0.1:49512 - R:localhost/127.0.0.1:64354] for POST '/session/3e668823bca2ed481073a58d85bdd53b/url'
19:42:46.637 [AsyncHttpClient-1-2] DEBUG org.asynchttpclient.netty.handler.HttpHandler - 

Request DefaultHttpRequest(decodeResult: success, version: HTTP/1.1)
POST /session/3e668823bca2ed481073a58d85bdd53b/url HTTP/1.1
User-Agent: selenium/4.1.4 (java windows)
Content-Length: 55
Content-Type: application/json; charset=utf-8
host: localhost:64354
accept: */*

Response DefaultHttpResponse(decodeResult: success, version: HTTP/1.1)
HTTP/1.1 200 OK
Content-Length: 14
Content-Type: application/json; charset=utf-8
cache-control: no-cache

19:42:46.637 [AsyncHttpClient-1-2] DEBUG org.asynchttpclient.netty.channel.ChannelManager - Adding key: http://localhost:64354 for channel [id: 0x66ad5e08, L:/127.0.0.1:49512 - R:localhost/127.0.0.1:64354]
19:42:46.641 [Forwarding findElement on session 3e668823bca2ed481073a58d85bdd53b to remote] DEBUG org.asynchttpclient.netty.request.NettyRequestSender - Using pooled Channel '[id: 0x66ad5e08, L:/127.0.0.1:49512 - R:localhost/127.0.0.1:64354]' for 'POST' to 'http://localhost:64354/session/3e668823bca2ed481073a58d85bdd53b/element'
19:42:46.641 [Forwarding findElement on session 3e668823bca2ed481073a58d85bdd53b to remote] DEBUG org.asynchttpclient.netty.request.NettyRequestSender - Using open Channel [id: 0x66ad5e08, L:/127.0.0.1:49512 - R:localhost/127.0.0.1:64354] for POST '/session/3e668823bca2ed481073a58d85bdd53b/element'
19:42:46.654 [AsyncHttpClient-1-2] DEBUG org.asynchttpclient.netty.handler.HttpHandler - 

Request DefaultHttpRequest(decodeResult: success, version: HTTP/1.1)
POST /session/3e668823bca2ed481073a58d85bdd53b/element HTTP/1.1
User-Agent: selenium/4.1.4 (java windows)
Content-Length: 53
Content-Type: application/json; charset=utf-8
host: localhost:64354
accept: */*

Response DefaultHttpResponse(decodeResult: success, version: HTTP/1.1)
HTTP/1.1 404 Not Found
Content-Length: 992
Content-Type: application/json; charset=utf-8
cache-control: no-cache

19:42:46.655 [AsyncHttpClient-1-2] DEBUG org.asynchttpclient.netty.channel.ChannelManager - Adding key: http://localhost:64354 for channel [id: 0x66ad5e08, L:/127.0.0.1:49512 - R:localhost/127.0.0.1:64354]
]]></system-out>
    <system-err><![CDATA[Starting ChromeDriver 114.0.5735.90 (386bc09e8f4f2e025eddae123f36f6263096ae49-refs/branch-heads/5735@{#1052}) on port 64354
Only local connections are allowed.
Please see https://chromedriver.chromium.org/security-considerations for suggestions on keeping ChromeDriver safe.
ChromeDriver was started successfully.
[1691772165.020][WARNING]: This version of ChromeDriver has not been tested with Chrome version 115.
Aug 11, 2023 7:42:45 PM org.openqa.selenium.remote.ProtocolHandshake createSession
INFO: Detected dialect: W3C
Aug 11, 2023 7:42:45 PM org.openqa.selenium.devtools.CdpVersionFinder findNearestMatch
WARNING: Unable to find an exact match for CDP version 115, so returning the closest version found: a no-op implementation
Aug 11, 2023 7:42:45 PM org.openqa.selenium.devtools.CdpVersionFinder findNearestMatch
INFO: Unable to find CDP implementation matching 115.
Aug 11, 2023 7:42:45 PM org.openqa.selenium.chromium.ChromiumDriver lambda$new$3
WARNING: Unable to find version of CDP to use for . You may need to include a dependency on a specific version of the CDP using something similar to `org.seleniumhq.selenium:selenium-devtools-v86:4.1.4` where the version ("v86") matches the version of the chromium-based browser you're using and the version number of the artifact is the same as Selenium's.
Starting ChromeDriver 114.0.5735.90 (386bc09e8f4f2e025eddae123f36f6263096ae49-refs/branch-heads/5735@{#1052}) on port 54925
Only local connections are allowed.
Please see https://chromedriver.chromium.org/security-considerations for suggestions on keeping ChromeDriver safe.
ChromeDriver was started successfully.
[1691772165.803][WARNING]: This version of ChromeDriver has not been tested with Chrome version 115.
Aug 11, 2023 7:42:45 PM org.openqa.selenium.remote.ProtocolHandshake createSession
INFO: Detected dialect: W3C
Aug 11, 2023 7:42:45 PM org.openqa.selenium.devtools.CdpVersionFinder findNearestMatch
WARNING: Unable to find an exact match for CDP version 115, so returning the closest version found: a no-op implementation
Aug 11, 2023 7:42:45 PM org.openqa.selenium.devtools.CdpVersionFinder findNearestMatch
INFO: Unable to find CDP implementation matching 115.
Aug 11, 2023 7:42:45 PM org.openqa.selenium.chromium.ChromiumDriver lambda$new$3
WARNING: Unable to find version of CDP to use for . You may need to include a dependency on a specific version of the CDP using something similar to `org.seleniumhq.selenium:selenium-devtools-v86:4.1.4` where the version ("v86") matches the version of the chromium-based browser you're using and the version number of the artifact is the same as Selenium's.
Starting ChromeDriver 114.0.5735.90 (386bc09e8f4f2e025eddae123f36f6263096ae49-refs/branch-heads/5735@{#1052}) on port 60858
Only local connections are allowed.
Please see https://chromedriver.chromium.org/security-considerations for suggestions on keeping ChromeDriver safe.
ChromeDriver was started successfully.
[1691772166.445][WARNING]: This version of ChromeDriver has not been tested with Chrome version 115.
Aug 11, 2023 7:42:46 PM org.openqa.selenium.remote.ProtocolHandshake createSession
INFO: Detected dialect: W3C
Aug 11, 2023 7:42:46 PM org.openqa.selenium.devtools.CdpVersionFinder findNearestMatch
WARNING: Unable to find an exact match for CDP version 115, so returning the closest version found: a no-op implementation
Aug 11, 2023 7:42:46 PM org.openqa.selenium.devtools.CdpVersionFinder findNearestMatch
INFO: Unable to find CDP implementation matching 115.
Aug 11, 2023 7:42:46 PM org.openqa.selenium.chromium.ChromiumDriver lambda$new$3
WARNING: Unable to find version of CDP to use for . You may need to include a dependency on a specific version of the CDP using something similar to `org.seleniumhq.selenium:selenium-devtools-v86:4.1.4` where the version ("v86") matches the version of the chromium-based browser you're using and the version number of the artifact is the same as Selenium's.
]]></system-err>
  </testcase>
  <testcase name="winGameTest" classname="com.game_classes.GameUiTest" time="0.03">
    <failure message="no such element: Unable to locate element: {&quot;method&quot;:&quot;css selector&quot;,&quot;selector&quot;:&quot;#word_num&quot;}&#10;  (Session info: chrome=115.0.5790.171)&#10;For documentation on this error, please visit: https://selenium.dev/exceptions/#no_such_element&#10;Build info: version: &apos;4.1.4&apos;, revision: &apos;535d840ee2&apos;&#10;System info: host: &apos;DESKTOP-TUFNRNQ&apos;, ip: &apos;192.168.0.102&apos;, os.name: &apos;Windows 10&apos;, os.arch: &apos;amd64&apos;, os.version: &apos;10.0&apos;, java.version: &apos;18.0.2.1&apos;&#10;Driver info: org.openqa.selenium.chrome.ChromeDriver&#10;Command: [3e668823bca2ed481073a58d85bdd53b, findElement {using=id, value=word_num}]&#10;Capabilities {acceptInsecureCerts: false, browserName: chrome, browserVersion: 115.0.5790.171, chrome: {chromedriverVersion: 114.0.5735.90 (386bc09e8f4f..., userDataDir: C:\Users\HP\AppData\Local\T...}, goog:chromeOptions: {debuggerAddress: localhost:49513}, javascriptEnabled: true, networkConnectionEnabled: false, pageLoadStrategy: normal, platform: WINDOWS, platformName: WINDOWS, proxy: Proxy(), se:cdp: ws://localhost:49513/devtoo..., se:cdpVersion: 115.0.5790.171, setWindowRect: true, strictFileInteractability: false, timeouts: {implicit: 0, pageLoad: 300000, script: 30000}, unhandledPromptBehavior: dismiss and notify, webauthn:extension:credBlob: true, webauthn:extension:largeBlob: true, webauthn:extension:minPinLength: true, webauthn:extension:prf: true, webauthn:virtualAuthenticators: true}&#10;Session ID: 3e668823bca2ed481073a58d85bdd53b" type="org.openqa.selenium.NoSuchElementException">org.openqa.selenium.NoSuchElementException: 
no such element: Unable to locate element: {"method":"css selector","selector":"#word_num"}
  (Session info: chrome=115.0.5790.171)
For documentation on this error, please visit: https://selenium.dev/exceptions/#no_such_element
Build info: version: '4.1.4', revision: '535d840ee2'
System info: host: 'DESKTOP-TUFNRNQ', ip: '192.168.0.102', os.name: 'Windows 10', os.arch: 'amd64', os.version: '10.0', java.version: '18.0.2.1'
Driver info: org.openqa.selenium.chrome.ChromeDriver
Command: [3e668823bca2ed481073a58d85bdd53b, findElement {using=id, value=word_num}]
Capabilities {acceptInsecureCerts: false, browserName: chrome, browserVersion: 115.0.5790.171, chrome: {chromedriverVersion: 114.0.5735.90 (386bc09e8f4f..., userDataDir: C:\Users\HP\AppData\Local\T...}, goog:chromeOptions: {debuggerAddress: localhost:49513}, javascriptEnabled: true, networkConnectionEnabled: false, pageLoadStrategy: normal, platform: WINDOWS, platformName: WINDOWS, proxy: Proxy(), se:cdp: ws://localhost:49513/devtoo..., se:cdpVersion: 115.0.5790.171, setWindowRect: true, strictFileInteractability: false, timeouts: {implicit: 0, pageLoad: 300000, script: 30000}, unhandledPromptBehavior: dismiss and notify, webauthn:extension:credBlob: true, webauthn:extension:largeBlob: true, webauthn:extension:minPinLength: true, webauthn:extension:prf: true, webauthn:virtualAuthenticators: true}
Session ID: 3e668823bca2ed481073a58d85bdd53b
	at com.game_classes.GameUiTest.winGameTest(GameUiTest.java:36)
</failure>
    <system-out><![CDATA[19:42:46.673 [Forwarding get on session 3e668823bca2ed481073a58d85bdd53b to remote] DEBUG org.asynchttpclient.netty.request.NettyRequestSender - Using pooled Channel '[id: 0x66ad5e08, L:/127.0.0.1:49512 - R:localhost/127.0.0.1:64354]' for 'POST' to 'http://localhost:64354/session/3e668823bca2ed481073a58d85bdd53b/url'
19:42:46.673 [Forwarding get on session 3e668823bca2ed481073a58d85bdd53b to remote] DEBUG org.asynchttpclient.netty.request.NettyRequestSender - Using open Channel [id: 0x66ad5e08, L:/127.0.0.1:49512 - R:localhost/127.0.0.1:64354] for POST '/session/3e668823bca2ed481073a58d85bdd53b/url'
19:42:46.690 [AsyncHttpClient-1-2] DEBUG org.asynchttpclient.netty.handler.HttpHandler - 

Request DefaultHttpRequest(decodeResult: success, version: HTTP/1.1)
POST /session/3e668823bca2ed481073a58d85bdd53b/url HTTP/1.1
User-Agent: selenium/4.1.4 (java windows)
Content-Length: 55
Content-Type: application/json; charset=utf-8
host: localhost:64354
accept: */*

Response DefaultHttpResponse(decodeResult: success, version: HTTP/1.1)
HTTP/1.1 200 OK
Content-Length: 14
Content-Type: application/json; charset=utf-8
cache-control: no-cache

19:42:46.690 [AsyncHttpClient-1-2] DEBUG org.asynchttpclient.netty.channel.ChannelManager - Adding key: http://localhost:64354 for channel [id: 0x66ad5e08, L:/127.0.0.1:49512 - R:localhost/127.0.0.1:64354]
19:42:46.692 [Forwarding findElement on session 3e668823bca2ed481073a58d85bdd53b to remote] DEBUG org.asynchttpclient.netty.request.NettyRequestSender - Using pooled Channel '[id: 0x66ad5e08, L:/127.0.0.1:49512 - R:localhost/127.0.0.1:64354]' for 'POST' to 'http://localhost:64354/session/3e668823bca2ed481073a58d85bdd53b/element'
19:42:46.692 [Forwarding findElement on session 3e668823bca2ed481073a58d85bdd53b to remote] DEBUG org.asynchttpclient.netty.request.NettyRequestSender - Using open Channel [id: 0x66ad5e08, L:/127.0.0.1:49512 - R:localhost/127.0.0.1:64354] for POST '/session/3e668823bca2ed481073a58d85bdd53b/element'
19:42:46.700 [AsyncHttpClient-1-2] DEBUG org.asynchttpclient.netty.handler.HttpHandler - 

Request DefaultHttpRequest(decodeResult: success, version: HTTP/1.1)
POST /session/3e668823bca2ed481073a58d85bdd53b/element HTTP/1.1
User-Agent: selenium/4.1.4 (java windows)
Content-Length: 53
Content-Type: application/json; charset=utf-8
host: localhost:64354
accept: */*

Response DefaultHttpResponse(decodeResult: success, version: HTTP/1.1)
HTTP/1.1 404 Not Found
Content-Length: 992
Content-Type: application/json; charset=utf-8
cache-control: no-cache

19:42:46.700 [AsyncHttpClient-1-2] DEBUG org.asynchttpclient.netty.channel.ChannelManager - Adding key: http://localhost:64354 for channel [id: 0x66ad5e08, L:/127.0.0.1:49512 - R:localhost/127.0.0.1:64354]
]]></system-out>
  </testcase>
  <testcase name="createUserTest" classname="com.game_classes.UsersUITest" time="0.07">
    <failure message="no such element: Unable to locate element: {&quot;method&quot;:&quot;css selector&quot;,&quot;selector&quot;:&quot;#openAddModal&quot;}&#10;  (Session info: chrome=115.0.5790.171)&#10;For documentation on this error, please visit: https://selenium.dev/exceptions/#no_such_element&#10;Build info: version: &apos;4.1.4&apos;, revision: &apos;535d840ee2&apos;&#10;System info: host: &apos;DESKTOP-TUFNRNQ&apos;, ip: &apos;192.168.0.102&apos;, os.name: &apos;Windows 10&apos;, os.arch: &apos;amd64&apos;, os.version: &apos;10.0&apos;, java.version: &apos;18.0.2.1&apos;&#10;Driver info: org.openqa.selenium.chrome.ChromeDriver&#10;Command: [22ab332ebf5f0e452da9ed4718e9797e, findElement {using=id, value=openAddModal}]&#10;Capabilities {acceptInsecureCerts: false, browserName: chrome, browserVersion: 115.0.5790.171, chrome: {chromedriverVersion: 114.0.5735.90 (386bc09e8f4f..., userDataDir: C:\Users\HP\AppData\Local\T...}, goog:chromeOptions: {debuggerAddress: localhost:49540}, javascriptEnabled: true, networkConnectionEnabled: false, pageLoadStrategy: normal, platform: WINDOWS, platformName: WINDOWS, proxy: Proxy(), se:cdp: ws://localhost:49540/devtoo..., se:cdpVersion: 115.0.5790.171, setWindowRect: true, strictFileInteractability: false, timeouts: {implicit: 0, pageLoad: 300000, script: 30000}, unhandledPromptBehavior: dismiss and notify, webauthn:extension:credBlob: true, webauthn:extension:largeBlob: true, webauthn:extension:minPinLength: true, webauthn:extension:prf: true, webauthn:virtualAuthenticators: true}&#10;Session ID: 22ab332ebf5f0e452da9ed4718e9797e" type="org.openqa.selenium.NoSuchElementException">org.openqa.selenium.NoSuchElementException: 
no such element: Unable to locate element: {"method":"css selector","selector":"#openAddModal"}
  (Session info: chrome=115.0.5790.171)
For documentation on this error, please visit: https://selenium.dev/exceptions/#no_such_element
Build info: version: '4.1.4', revision: '535d840ee2'
System info: host: 'DESKTOP-TUFNRNQ', ip: '192.168.0.102', os.name: 'Windows 10', os.arch: 'amd64', os.version: '10.0', java.version: '18.0.2.1'
Driver info: org.openqa.selenium.chrome.ChromeDriver
Command: [22ab332ebf5f0e452da9ed4718e9797e, findElement {using=id, value=openAddModal}]
Capabilities {acceptInsecureCerts: false, browserName: chrome, browserVersion: 115.0.5790.171, chrome: {chromedriverVersion: 114.0.5735.90 (386bc09e8f4f..., userDataDir: C:\Users\HP\AppData\Local\T...}, goog:chromeOptions: {debuggerAddress: localhost:49540}, javascriptEnabled: true, networkConnectionEnabled: false, pageLoadStrategy: normal, platform: WINDOWS, platformName: WINDOWS, proxy: Proxy(), se:cdp: ws://localhost:49540/devtoo..., se:cdpVersion: 115.0.5790.171, setWindowRect: true, strictFileInteractability: false, timeouts: {implicit: 0, pageLoad: 300000, script: 30000}, unhandledPromptBehavior: dismiss and notify, webauthn:extension:credBlob: true, webauthn:extension:largeBlob: true, webauthn:extension:minPinLength: true, webauthn:extension:prf: true, webauthn:virtualAuthenticators: true}
Session ID: 22ab332ebf5f0e452da9ed4718e9797e
	at com.game_classes.UsersUITest.createUserTest(UsersUITest.java:30)
</failure>
    <system-out><![CDATA[19:42:46.705 [Forwarding get on session 22ab332ebf5f0e452da9ed4718e9797e to remote] DEBUG org.asynchttpclient.netty.request.NettyRequestSender - Using pooled Channel '[id: 0x9c78a422, L:/127.0.0.1:49538 - R:localhost/127.0.0.1:60858]' for 'POST' to 'http://localhost:60858/session/22ab332ebf5f0e452da9ed4718e9797e/url'
19:42:46.705 [Forwarding get on session 22ab332ebf5f0e452da9ed4718e9797e to remote] DEBUG org.asynchttpclient.netty.request.NettyRequestSender - Using open Channel [id: 0x9c78a422, L:/127.0.0.1:49538 - R:localhost/127.0.0.1:60858] for POST '/session/22ab332ebf5f0e452da9ed4718e9797e/url'
19:42:46.753 [AsyncHttpClient-1-8] DEBUG org.asynchttpclient.netty.handler.HttpHandler - 

Request DefaultHttpRequest(decodeResult: success, version: HTTP/1.1)
POST /session/22ab332ebf5f0e452da9ed4718e9797e/url HTTP/1.1
User-Agent: selenium/4.1.4 (java windows)
Content-Length: 57
Content-Type: application/json; charset=utf-8
host: localhost:60858
accept: */*

Response DefaultHttpResponse(decodeResult: success, version: HTTP/1.1)
HTTP/1.1 200 OK
Content-Length: 14
Content-Type: application/json; charset=utf-8
cache-control: no-cache

19:42:46.753 [AsyncHttpClient-1-8] DEBUG org.asynchttpclient.netty.channel.ChannelManager - Adding key: http://localhost:60858 for channel [id: 0x9c78a422, L:/127.0.0.1:49538 - R:localhost/127.0.0.1:60858]
19:42:46.755 [Forwarding findElement on session 22ab332ebf5f0e452da9ed4718e9797e to remote] DEBUG org.asynchttpclient.netty.request.NettyRequestSender - Using pooled Channel '[id: 0x9c78a422, L:/127.0.0.1:49538 - R:localhost/127.0.0.1:60858]' for 'POST' to 'http://localhost:60858/session/22ab332ebf5f0e452da9ed4718e9797e/element'
19:42:46.755 [Forwarding findElement on session 22ab332ebf5f0e452da9ed4718e9797e to remote] DEBUG org.asynchttpclient.netty.request.NettyRequestSender - Using open Channel [id: 0x9c78a422, L:/127.0.0.1:49538 - R:localhost/127.0.0.1:60858] for POST '/session/22ab332ebf5f0e452da9ed4718e9797e/element'
19:42:46.772 [AsyncHttpClient-1-8] DEBUG org.asynchttpclient.netty.handler.HttpHandler - 

Request DefaultHttpRequest(decodeResult: success, version: HTTP/1.1)
POST /session/22ab332ebf5f0e452da9ed4718e9797e/element HTTP/1.1
User-Agent: selenium/4.1.4 (java windows)
Content-Length: 57
Content-Type: application/json; charset=utf-8
host: localhost:60858
accept: */*

Response DefaultHttpResponse(decodeResult: success, version: HTTP/1.1)
HTTP/1.1 404 Not Found
Content-Length: 996
Content-Type: application/json; charset=utf-8
cache-control: no-cache

19:42:46.772 [AsyncHttpClient-1-8] DEBUG org.asynchttpclient.netty.channel.ChannelManager - Adding key: http://localhost:60858 for channel [id: 0x9c78a422, L:/127.0.0.1:49538 - R:localhost/127.0.0.1:60858]
]]></system-out>
  </testcase>
  <testcase name="deleteUserTest" classname="com.game_classes.UsersUITest" time="0.032">
    <failure message="no such element: Unable to locate element: {&quot;method&quot;:&quot;css selector&quot;,&quot;selector&quot;:&quot;#totalUsers&quot;}&#10;  (Session info: chrome=115.0.5790.171)&#10;For documentation on this error, please visit: https://selenium.dev/exceptions/#no_such_element&#10;Build info: version: &apos;4.1.4&apos;, revision: &apos;535d840ee2&apos;&#10;System info: host: &apos;DESKTOP-TUFNRNQ&apos;, ip: &apos;192.168.0.102&apos;, os.name: &apos;Windows 10&apos;, os.arch: &apos;amd64&apos;, os.version: &apos;10.0&apos;, java.version: &apos;18.0.2.1&apos;&#10;Driver info: org.openqa.selenium.chrome.ChromeDriver&#10;Command: [22ab332ebf5f0e452da9ed4718e9797e, findElement {using=id, value=totalUsers}]&#10;Capabilities {acceptInsecureCerts: false, browserName: chrome, browserVersion: 115.0.5790.171, chrome: {chromedriverVersion: 114.0.5735.90 (386bc09e8f4f..., userDataDir: C:\Users\HP\AppData\Local\T...}, goog:chromeOptions: {debuggerAddress: localhost:49540}, javascriptEnabled: true, networkConnectionEnabled: false, pageLoadStrategy: normal, platform: WINDOWS, platformName: WINDOWS, proxy: Proxy(), se:cdp: ws://localhost:49540/devtoo..., se:cdpVersion: 115.0.5790.171, setWindowRect: true, strictFileInteractability: false, timeouts: {implicit: 0, pageLoad: 300000, script: 30000}, unhandledPromptBehavior: dismiss and notify, webauthn:extension:credBlob: true, webauthn:extension:largeBlob: true, webauthn:extension:minPinLength: true, webauthn:extension:prf: true, webauthn:virtualAuthenticators: true}&#10;Session ID: 22ab332ebf5f0e452da9ed4718e9797e" type="org.openqa.selenium.NoSuchElementException">org.openqa.selenium.NoSuchElementException: 
no such element: Unable to locate element: {"method":"css selector","selector":"#totalUsers"}
  (Session info: chrome=115.0.5790.171)
For documentation on this error, please visit: https://selenium.dev/exceptions/#no_such_element
Build info: version: '4.1.4', revision: '535d840ee2'
System info: host: 'DESKTOP-TUFNRNQ', ip: '192.168.0.102', os.name: 'Windows 10', os.arch: 'amd64', os.version: '10.0', java.version: '18.0.2.1'
Driver info: org.openqa.selenium.chrome.ChromeDriver
Command: [22ab332ebf5f0e452da9ed4718e9797e, findElement {using=id, value=totalUsers}]
Capabilities {acceptInsecureCerts: false, browserName: chrome, browserVersion: 115.0.5790.171, chrome: {chromedriverVersion: 114.0.5735.90 (386bc09e8f4f..., userDataDir: C:\Users\HP\AppData\Local\T...}, goog:chromeOptions: {debuggerAddress: localhost:49540}, javascriptEnabled: true, networkConnectionEnabled: false, pageLoadStrategy: normal, platform: WINDOWS, platformName: WINDOWS, proxy: Proxy(), se:cdp: ws://localhost:49540/devtoo..., se:cdpVersion: 115.0.5790.171, setWindowRect: true, strictFileInteractability: false, timeouts: {implicit: 0, pageLoad: 300000, script: 30000}, unhandledPromptBehavior: dismiss and notify, webauthn:extension:credBlob: true, webauthn:extension:largeBlob: true, webauthn:extension:minPinLength: true, webauthn:extension:prf: true, webauthn:virtualAuthenticators: true}
Session ID: 22ab332ebf5f0e452da9ed4718e9797e
	at com.game_classes.UsersUITest.deleteUserTest(UsersUITest.java:142)
</failure>
    <system-out><![CDATA[19:42:46.775 [Forwarding get on session 22ab332ebf5f0e452da9ed4718e9797e to remote] DEBUG org.asynchttpclient.netty.request.NettyRequestSender - Using pooled Channel '[id: 0x9c78a422, L:/127.0.0.1:49538 - R:localhost/127.0.0.1:60858]' for 'POST' to 'http://localhost:60858/session/22ab332ebf5f0e452da9ed4718e9797e/url'
19:42:46.775 [Forwarding get on session 22ab332ebf5f0e452da9ed4718e9797e to remote] DEBUG org.asynchttpclient.netty.request.NettyRequestSender - Using open Channel [id: 0x9c78a422, L:/127.0.0.1:49538 - R:localhost/127.0.0.1:60858] for POST '/session/22ab332ebf5f0e452da9ed4718e9797e/url'
19:42:46.790 [AsyncHttpClient-1-8] DEBUG org.asynchttpclient.netty.handler.HttpHandler - 

Request DefaultHttpRequest(decodeResult: success, version: HTTP/1.1)
POST /session/22ab332ebf5f0e452da9ed4718e9797e/url HTTP/1.1
User-Agent: selenium/4.1.4 (java windows)
Content-Length: 57
Content-Type: application/json; charset=utf-8
host: localhost:60858
accept: */*

Response DefaultHttpResponse(decodeResult: success, version: HTTP/1.1)
HTTP/1.1 200 OK
Content-Length: 14
Content-Type: application/json; charset=utf-8
cache-control: no-cache

19:42:46.791 [AsyncHttpClient-1-8] DEBUG org.asynchttpclient.netty.channel.ChannelManager - Adding key: http://localhost:60858 for channel [id: 0x9c78a422, L:/127.0.0.1:49538 - R:localhost/127.0.0.1:60858]
19:42:46.792 [Forwarding findElement on session 22ab332ebf5f0e452da9ed4718e9797e to remote] DEBUG org.asynchttpclient.netty.request.NettyRequestSender - Using pooled Channel '[id: 0x9c78a422, L:/127.0.0.1:49538 - R:localhost/127.0.0.1:60858]' for 'POST' to 'http://localhost:60858/session/22ab332ebf5f0e452da9ed4718e9797e/element'
19:42:46.793 [Forwarding findElement on session 22ab332ebf5f0e452da9ed4718e9797e to remote] DEBUG org.asynchttpclient.netty.request.NettyRequestSender - Using open Channel [id: 0x9c78a422, L:/127.0.0.1:49538 - R:localhost/127.0.0.1:60858] for POST '/session/22ab332ebf5f0e452da9ed4718e9797e/element'
19:42:46.803 [AsyncHttpClient-1-8] DEBUG org.asynchttpclient.netty.handler.HttpHandler - 

Request DefaultHttpRequest(decodeResult: success, version: HTTP/1.1)
POST /session/22ab332ebf5f0e452da9ed4718e9797e/element HTTP/1.1
User-Agent: selenium/4.1.4 (java windows)
Content-Length: 55
Content-Type: application/json; charset=utf-8
host: localhost:60858
accept: */*

Response DefaultHttpResponse(decodeResult: success, version: HTTP/1.1)
HTTP/1.1 404 Not Found
Content-Length: 994
Content-Type: application/json; charset=utf-8
cache-control: no-cache

19:42:46.804 [AsyncHttpClient-1-8] DEBUG org.asynchttpclient.netty.channel.ChannelManager - Adding key: http://localhost:60858 for channel [id: 0x9c78a422, L:/127.0.0.1:49538 - R:localhost/127.0.0.1:60858]
]]></system-out>
  </testcase>
  <testcase name="updateUserTest" classname="com.game_classes.UsersUITest" time="0.029">
    <failure message="no such element: Unable to locate element: {&quot;method&quot;:&quot;tag name&quot;,&quot;selector&quot;:&quot;table&quot;}&#10;  (Session info: chrome=115.0.5790.171)&#10;For documentation on this error, please visit: https://selenium.dev/exceptions/#no_such_element&#10;Build info: version: &apos;4.1.4&apos;, revision: &apos;535d840ee2&apos;&#10;System info: host: &apos;DESKTOP-TUFNRNQ&apos;, ip: &apos;192.168.0.102&apos;, os.name: &apos;Windows 10&apos;, os.arch: &apos;amd64&apos;, os.version: &apos;10.0&apos;, java.version: &apos;18.0.2.1&apos;&#10;Driver info: org.openqa.selenium.chrome.ChromeDriver&#10;Command: [22ab332ebf5f0e452da9ed4718e9797e, findElement {using=tag name, value=table}]&#10;Capabilities {acceptInsecureCerts: false, browserName: chrome, browserVersion: 115.0.5790.171, chrome: {chromedriverVersion: 114.0.5735.90 (386bc09e8f4f..., userDataDir: C:\Users\HP\AppData\Local\T...}, goog:chromeOptions: {debuggerAddress: localhost:49540}, javascriptEnabled: true, networkConnectionEnabled: false, pageLoadStrategy: normal, platform: WINDOWS, platformName: WINDOWS, proxy: Proxy(), se:cdp: ws://localhost:49540/devtoo..., se:cdpVersion: 115.0.5790.171, setWindowRect: true, strictFileInteractability: false, timeouts: {implicit: 0, pageLoad: 300000, script: 30000}, unhandledPromptBehavior: dismiss and notify, webauthn:extension:credBlob: true, webauthn:extension:largeBlob: true, webauthn:extension:minPinLength: true, webauthn:extension:prf: true, webauthn:virtualAuthenticators: true}&#10;Session ID: 22ab332ebf5f0e452da9ed4718e9797e" type="org.openqa.selenium.NoSuchElementException">org.openqa.selenium.NoSuchElementException: 
no such element: Unable to locate element: {"method":"tag name","selector":"table"}
  (Session info: chrome=115.0.5790.171)
For documentation on this error, please visit: https://selenium.dev/exceptions/#no_such_element
Build info: version: '4.1.4', revision: '535d840ee2'
System info: host: 'DESKTOP-TUFNRNQ', ip: '192.168.0.102', os.name: 'Windows 10', os.arch: 'amd64', os.version: '10.0', java.version: '18.0.2.1'
Driver info: org.openqa.selenium.chrome.ChromeDriver
Command: [22ab332ebf5f0e452da9ed4718e9797e, findElement {using=tag name, value=table}]
Capabilities {acceptInsecureCerts: false, browserName: chrome, browserVersion: 115.0.5790.171, chrome: {chromedriverVersion: 114.0.5735.90 (386bc09e8f4f..., userDataDir: C:\Users\HP\AppData\Local\T...}, goog:chromeOptions: {debuggerAddress: localhost:49540}, javascriptEnabled: true, networkConnectionEnabled: false, pageLoadStrategy: normal, platform: WINDOWS, platformName: WINDOWS, proxy: Proxy(), se:cdp: ws://localhost:49540/devtoo..., se:cdpVersion: 115.0.5790.171, setWindowRect: true, strictFileInteractability: false, timeouts: {implicit: 0, pageLoad: 300000, script: 30000}, unhandledPromptBehavior: dismiss and notify, webauthn:extension:credBlob: true, webauthn:extension:largeBlob: true, webauthn:extension:minPinLength: true, webauthn:extension:prf: true, webauthn:virtualAuthenticators: true}
Session ID: 22ab332ebf5f0e452da9ed4718e9797e
	at com.game_classes.UsersUITest.updateUserTest(UsersUITest.java:85)
</failure>
    <system-out><![CDATA[19:42:46.807 [Forwarding get on session 22ab332ebf5f0e452da9ed4718e9797e to remote] DEBUG org.asynchttpclient.netty.request.NettyRequestSender - Using pooled Channel '[id: 0x9c78a422, L:/127.0.0.1:49538 - R:localhost/127.0.0.1:60858]' for 'POST' to 'http://localhost:60858/session/22ab332ebf5f0e452da9ed4718e9797e/url'
19:42:46.807 [Forwarding get on session 22ab332ebf5f0e452da9ed4718e9797e to remote] DEBUG org.asynchttpclient.netty.request.NettyRequestSender - Using open Channel [id: 0x9c78a422, L:/127.0.0.1:49538 - R:localhost/127.0.0.1:60858] for POST '/session/22ab332ebf5f0e452da9ed4718e9797e/url'
19:42:46.820 [AsyncHttpClient-1-8] DEBUG org.asynchttpclient.netty.handler.HttpHandler - 

Request DefaultHttpRequest(decodeResult: success, version: HTTP/1.1)
POST /session/22ab332ebf5f0e452da9ed4718e9797e/url HTTP/1.1
User-Agent: selenium/4.1.4 (java windows)
Content-Length: 57
Content-Type: application/json; charset=utf-8
host: localhost:60858
accept: */*

Response DefaultHttpResponse(decodeResult: success, version: HTTP/1.1)
HTTP/1.1 200 OK
Content-Length: 14
Content-Type: application/json; charset=utf-8
cache-control: no-cache

19:42:46.820 [AsyncHttpClient-1-8] DEBUG org.asynchttpclient.netty.channel.ChannelManager - Adding key: http://localhost:60858 for channel [id: 0x9c78a422, L:/127.0.0.1:49538 - R:localhost/127.0.0.1:60858]
19:42:46.822 [Forwarding findElement on session 22ab332ebf5f0e452da9ed4718e9797e to remote] DEBUG org.asynchttpclient.netty.request.NettyRequestSender - Using pooled Channel '[id: 0x9c78a422, L:/127.0.0.1:49538 - R:localhost/127.0.0.1:60858]' for 'POST' to 'http://localhost:60858/session/22ab332ebf5f0e452da9ed4718e9797e/element'
19:42:46.822 [Forwarding findElement on session 22ab332ebf5f0e452da9ed4718e9797e to remote] DEBUG org.asynchttpclient.netty.request.NettyRequestSender - Using open Channel [id: 0x9c78a422, L:/127.0.0.1:49538 - R:localhost/127.0.0.1:60858] for POST '/session/22ab332ebf5f0e452da9ed4718e9797e/element'
19:42:46.833 [AsyncHttpClient-1-8] DEBUG org.asynchttpclient.netty.handler.HttpHandler - 

Request DefaultHttpRequest(decodeResult: success, version: HTTP/1.1)
POST /session/22ab332ebf5f0e452da9ed4718e9797e/element HTTP/1.1
User-Agent: selenium/4.1.4 (java windows)
Content-Length: 45
Content-Type: application/json; charset=utf-8
host: localhost:60858
accept: */*

Response DefaultHttpResponse(decodeResult: success, version: HTTP/1.1)
HTTP/1.1 404 Not Found
Content-Length: 984
Content-Type: application/json; charset=utf-8
cache-control: no-cache

19:42:46.833 [AsyncHttpClient-1-8] DEBUG org.asynchttpclient.netty.channel.ChannelManager - Adding key: http://localhost:60858 for channel [id: 0x9c78a422, L:/127.0.0.1:49538 - R:localhost/127.0.0.1:60858]
]]></system-out>
  </testcase>
  <testcase name="createUser" classname="com.react_tests.ReactUiTest" time="2.864">
    <failure message="no such window: target window already closed&#10;from unknown error: web view not found&#10;  (Session info: chrome=115.0.5790.171)&#10;Build info: version: &apos;4.1.4&apos;, revision: &apos;535d840ee2&apos;&#10;System info: host: &apos;DESKTOP-TUFNRNQ&apos;, ip: &apos;192.168.0.102&apos;, os.name: &apos;Windows 10&apos;, os.arch: &apos;amd64&apos;, os.version: &apos;10.0&apos;, java.version: &apos;18.0.2.1&apos;&#10;Driver info: org.openqa.selenium.chrome.ChromeDriver&#10;Command: [87f9a32c6fd680ccbbb3949beb742802, findElement {using=id, value=AddBtn}]&#10;Capabilities {acceptInsecureCerts: false, browserName: chrome, browserVersion: 115.0.5790.171, chrome: {chromedriverVersion: 114.0.5735.90 (386bc09e8f4f..., userDataDir: C:\Users\HP\AppData\Local\T...}, goog:chromeOptions: {debuggerAddress: localhost:49527}, javascriptEnabled: true, networkConnectionEnabled: false, pageLoadStrategy: normal, platform: WINDOWS, platformName: WINDOWS, proxy: Proxy(), se:cdp: ws://localhost:49527/devtoo..., se:cdpVersion: 115.0.5790.171, setWindowRect: true, strictFileInteractability: false, timeouts: {implicit: 0, pageLoad: 300000, script: 30000}, unhandledPromptBehavior: dismiss and notify, webauthn:extension:credBlob: true, webauthn:extension:largeBlob: true, webauthn:extension:minPinLength: true, webauthn:extension:prf: true, webauthn:virtualAuthenticators: true}&#10;Session ID: 87f9a32c6fd680ccbbb3949beb742802" type="org.openqa.selenium.NoSuchWindowException">org.openqa.selenium.NoSuchWindowException: 
no such window: target window already closed
from unknown error: web view not found
  (Session info: chrome=115.0.5790.171)
Build info: version: '4.1.4', revision: '535d840ee2'
System info: host: 'DESKTOP-TUFNRNQ', ip: '192.168.0.102', os.name: 'Windows 10', os.arch: 'amd64', os.version: '10.0', java.version: '18.0.2.1'
Driver info: org.openqa.selenium.chrome.ChromeDriver
Command: [87f9a32c6fd680ccbbb3949beb742802, findElement {using=id, value=AddBtn}]
Capabilities {acceptInsecureCerts: false, browserName: chrome, browserVersion: 115.0.5790.171, chrome: {chromedriverVersion: 114.0.5735.90 (386bc09e8f4f..., userDataDir: C:\Users\HP\AppData\Local\T...}, goog:chromeOptions: {debuggerAddress: localhost:49527}, javascriptEnabled: true, networkConnectionEnabled: false, pageLoadStrategy: normal, platform: WINDOWS, platformName: WINDOWS, proxy: Proxy(), se:cdp: ws://localhost:49527/devtoo..., se:cdpVersion: 115.0.5790.171, setWindowRect: true, strictFileInteractability: false, timeouts: {implicit: 0, pageLoad: 300000, script: 30000}, unhandledPromptBehavior: dismiss and notify, webauthn:extension:credBlob: true, webauthn:extension:largeBlob: true, webauthn:extension:minPinLength: true, webauthn:extension:prf: true, webauthn:virtualAuthenticators: true}
Session ID: 87f9a32c6fd680ccbbb3949beb742802
	at com.react_tests.ReactUiTest.createUser(ReactUiTest.java:31)
</failure>
    <system-out><![CDATA[19:42:46.837 [Forwarding get on session 87f9a32c6fd680ccbbb3949beb742802 to remote] DEBUG org.asynchttpclient.netty.request.NettyRequestSender - Using pooled Channel '[id: 0x1e96d830, L:/127.0.0.1:49524 - R:localhost/127.0.0.1:54925]' for 'POST' to 'http://localhost:54925/session/87f9a32c6fd680ccbbb3949beb742802/url'
19:42:46.837 [Forwarding get on session 87f9a32c6fd680ccbbb3949beb742802 to remote] DEBUG org.asynchttpclient.netty.request.NettyRequestSender - Using open Channel [id: 0x1e96d830, L:/127.0.0.1:49524 - R:localhost/127.0.0.1:54925] for POST '/session/87f9a32c6fd680ccbbb3949beb742802/url'
19:42:46.978 [AsyncHttpClient-1-9] DEBUG org.asynchttpclient.netty.handler.HttpHandler - Channel Closed: [id: 0x5454f522, L:/127.0.0.1:49547 ! R:localhost/127.0.0.1:49540] with attribute DISCARD
19:42:46.978 [AsyncHttpClient-1-10] DEBUG org.asynchttpclient.netty.handler.WebSocketHandler - Channel Closed: [id: 0x42d12688, L:/127.0.0.1:49548 ! R:localhost/127.0.0.1:49540] with attribute NettyResponseFuture{currentRetry=5,
	isDone=1,
	isCancelled=0,
	asyncHandler=org.asynchttpclient.ws.WebSocketUpgradeHandler@4463ae01,
	nettyRequest=org.asynchttpclient.netty.request.NettyRequest@24665a9,
	future=java.util.concurrent.CompletableFuture@155d309[Completed normally],
	uri=ws://localhost:49540/devtools/browser/3628c41d-bdd6-425d-ab56-075d34bf39ad,
	keepAlive=true,
	redirectCount=0,
	timeoutsHolder=null,
	inAuth=0,
	touch=1691772166470}
19:42:46.979 [AsyncHttpClient-1-10] DEBUG org.asynchttpclient.netty.channel.ChannelManager - Closing Channel [id: 0x42d12688, L:/127.0.0.1:49548 ! R:localhost/127.0.0.1:49540] 
19:42:47.362 [AsyncHttpClient-1-1] DEBUG org.asynchttpclient.netty.channel.DefaultChannelPool - Entry count for : http://localhost:49540 : 1
19:42:47.362 [AsyncHttpClient-1-1] DEBUG org.asynchttpclient.netty.channel.DefaultChannelPool - Entry count for : http://localhost:60858 : 1
19:42:47.362 [AsyncHttpClient-1-1] DEBUG org.asynchttpclient.netty.channel.DefaultChannelPool - Entry count for : http://localhost:49527 : 1
19:42:47.362 [AsyncHttpClient-1-1] DEBUG org.asynchttpclient.netty.channel.DefaultChannelPool - Entry count for : http://localhost:64354 : 1
19:42:47.362 [AsyncHttpClient-1-1] DEBUG org.asynchttpclient.netty.channel.DefaultChannelPool - Entry count for : http://localhost:49513 : 1
19:42:47.362 [AsyncHttpClient-1-1] DEBUG org.asynchttpclient.netty.channel.DefaultChannelPool - Adding Candidate expired Channel [id: 0x5454f522, L:/127.0.0.1:49547 ! R:localhost/127.0.0.1:49540] isIdleTimeoutExpired=false isRemotelyClosed=true isTtlExpired=false
19:42:47.362 [AsyncHttpClient-1-1] DEBUG org.asynchttpclient.netty.channel.DefaultChannelPool - Closing Idle Channel [id: 0x5454f522, L:/127.0.0.1:49547 ! R:localhost/127.0.0.1:49540]
19:42:47.362 [AsyncHttpClient-1-1] DEBUG org.asynchttpclient.netty.channel.DefaultChannelPool - Closed 1 connections out of 5 in 0 ms
19:42:47.677 [AsyncHttpClient-1-5] DEBUG org.asynchttpclient.netty.handler.HttpHandler - 

Request DefaultHttpRequest(decodeResult: success, version: HTTP/1.1)
POST /session/87f9a32c6fd680ccbbb3949beb742802/url HTTP/1.1
User-Agent: selenium/4.1.4 (java windows)
Content-Length: 64
Content-Type: application/json; charset=utf-8
host: localhost:54925
accept: */*

Response DefaultHttpResponse(decodeResult: success, version: HTTP/1.1)
HTTP/1.1 200 OK
Content-Length: 14
Content-Type: application/json; charset=utf-8
cache-control: no-cache

19:42:47.678 [AsyncHttpClient-1-5] DEBUG org.asynchttpclient.netty.channel.ChannelManager - Adding key: http://localhost:54925 for channel [id: 0x1e96d830, L:/127.0.0.1:49524 - R:localhost/127.0.0.1:54925]
19:42:47.706 [AsyncHttpClient-1-6] DEBUG org.asynchttpclient.netty.handler.HttpHandler - Channel Closed: [id: 0x108ac9ec, L:/127.0.0.1:49533 ! R:localhost/127.0.0.1:49527] with attribute DISCARD
19:42:47.706 [AsyncHttpClient-1-7] DEBUG org.asynchttpclient.netty.handler.WebSocketHandler - Channel Closed: [id: 0x79dedb0d, L:/127.0.0.1:49534 ! R:localhost/127.0.0.1:49527] with attribute NettyResponseFuture{currentRetry=5,
	isDone=1,
	isCancelled=0,
	asyncHandler=org.asynchttpclient.ws.WebSocketUpgradeHandler@45beaac1,
	nettyRequest=org.asynchttpclient.netty.request.NettyRequest@6d2cc7eb,
	future=java.util.concurrent.CompletableFuture@74b12ec4[Completed normally],
	uri=ws://localhost:49527/devtools/browser/7ef427a4-a298-4733-b587-d5be7a267ec4,
	keepAlive=true,
	redirectCount=0,
	timeoutsHolder=null,
	inAuth=0,
	touch=1691772165843}
19:42:47.706 [AsyncHttpClient-1-7] DEBUG org.asynchttpclient.netty.channel.ChannelManager - Closing Channel [id: 0x79dedb0d, L:/127.0.0.1:49534 ! R:localhost/127.0.0.1:49527] 
19:42:47.937 [AsyncHttpClient-1-4] DEBUG org.asynchttpclient.netty.handler.WebSocketHandler - Channel Closed: [id: 0xc8cd9bd6, L:/127.0.0.1:49520 ! R:localhost/127.0.0.1:49513] with attribute NettyResponseFuture{currentRetry=5,
	isDone=1,
	isCancelled=0,
	asyncHandler=org.asynchttpclient.ws.WebSocketUpgradeHandler@4a018666,
	nettyRequest=org.asynchttpclient.netty.request.NettyRequest@5b824f55,
	future=java.util.concurrent.CompletableFuture@535324c[Completed normally],
	uri=ws://localhost:49513/devtools/browser/e6f176bd-aeb9-4109-8426-f299023d91ec,
	keepAlive=true,
	redirectCount=0,
	timeoutsHolder=null,
	inAuth=0,
	touch=1691772165189}
19:42:47.937 [AsyncHttpClient-1-3] DEBUG org.asynchttpclient.netty.handler.HttpHandler - Channel Closed: [id: 0xfceee996, L:/127.0.0.1:49519 ! R:localhost/127.0.0.1:49513] with attribute DISCARD
19:42:47.937 [AsyncHttpClient-1-4] DEBUG org.asynchttpclient.netty.channel.ChannelManager - Closing Channel [id: 0xc8cd9bd6, L:/127.0.0.1:49520 ! R:localhost/127.0.0.1:49513] 
19:42:48.466 [AsyncHttpClient-1-1] DEBUG org.asynchttpclient.netty.channel.DefaultChannelPool - Entry count for : http://localhost:54925 : 1
19:42:48.466 [AsyncHttpClient-1-1] DEBUG org.asynchttpclient.netty.channel.DefaultChannelPool - Entry count for : http://localhost:60858 : 1
19:42:48.466 [AsyncHttpClient-1-1] DEBUG org.asynchttpclient.netty.channel.DefaultChannelPool - Entry count for : http://localhost:49527 : 1
19:42:48.466 [AsyncHttpClient-1-1] DEBUG org.asynchttpclient.netty.channel.DefaultChannelPool - Entry count for : http://localhost:64354 : 1
19:42:48.466 [AsyncHttpClient-1-1] DEBUG org.asynchttpclient.netty.channel.DefaultChannelPool - Entry count for : http://localhost:49513 : 1
19:42:48.466 [AsyncHttpClient-1-1] DEBUG org.asynchttpclient.netty.channel.DefaultChannelPool - Adding Candidate expired Channel [id: 0x108ac9ec, L:/127.0.0.1:49533 ! R:localhost/127.0.0.1:49527] isIdleTimeoutExpired=false isRemotelyClosed=true isTtlExpired=false
19:42:48.466 [AsyncHttpClient-1-1] DEBUG org.asynchttpclient.netty.channel.DefaultChannelPool - Closing Idle Channel [id: 0x108ac9ec, L:/127.0.0.1:49533 ! R:localhost/127.0.0.1:49527]
19:42:48.466 [AsyncHttpClient-1-1] DEBUG org.asynchttpclient.netty.channel.DefaultChannelPool - Adding Candidate expired Channel [id: 0xfceee996, L:/127.0.0.1:49519 ! R:localhost/127.0.0.1:49513] isIdleTimeoutExpired=false isRemotelyClosed=true isTtlExpired=false
19:42:48.466 [AsyncHttpClient-1-1] DEBUG org.asynchttpclient.netty.channel.DefaultChannelPool - Closing Idle Channel [id: 0xfceee996, L:/127.0.0.1:49519 ! R:localhost/127.0.0.1:49513]
19:42:48.466 [AsyncHttpClient-1-1] DEBUG org.asynchttpclient.netty.channel.DefaultChannelPool - Closed 2 connections out of 5 in 0 ms
19:42:49.562 [AsyncHttpClient-1-1] DEBUG org.asynchttpclient.netty.channel.DefaultChannelPool - Entry count for : http://localhost:54925 : 1
19:42:49.562 [AsyncHttpClient-1-1] DEBUG org.asynchttpclient.netty.channel.DefaultChannelPool - Entry count for : http://localhost:60858 : 1
19:42:49.562 [AsyncHttpClient-1-1] DEBUG org.asynchttpclient.netty.channel.DefaultChannelPool - Entry count for : http://localhost:64354 : 1
19:42:49.686 [Forwarding findElement on session 87f9a32c6fd680ccbbb3949beb742802 to remote] DEBUG org.asynchttpclient.netty.request.NettyRequestSender - Using pooled Channel '[id: 0x1e96d830, L:/127.0.0.1:49524 - R:localhost/127.0.0.1:54925]' for 'POST' to 'http://localhost:54925/session/87f9a32c6fd680ccbbb3949beb742802/element'
19:42:49.687 [Forwarding findElement on session 87f9a32c6fd680ccbbb3949beb742802 to remote] DEBUG org.asynchttpclient.netty.request.NettyRequestSender - Using open Channel [id: 0x1e96d830, L:/127.0.0.1:49524 - R:localhost/127.0.0.1:54925] for POST '/session/87f9a32c6fd680ccbbb3949beb742802/element'
19:42:49.690 [AsyncHttpClient-1-5] DEBUG org.asynchttpclient.netty.handler.HttpHandler - 

Request DefaultHttpRequest(decodeResult: success, version: HTTP/1.1)
POST /session/87f9a32c6fd680ccbbb3949beb742802/element HTTP/1.1
User-Agent: selenium/4.1.4 (java windows)
Content-Length: 51
Content-Type: application/json; charset=utf-8
host: localhost:54925
accept: */*

Response DefaultHttpResponse(decodeResult: success, version: HTTP/1.1)
HTTP/1.1 404 Not Found
Content-Length: 920
Content-Type: application/json; charset=utf-8
cache-control: no-cache

19:42:49.691 [AsyncHttpClient-1-5] DEBUG org.asynchttpclient.netty.channel.ChannelManager - Adding key: http://localhost:54925 for channel [id: 0x1e96d830, L:/127.0.0.1:49524 - R:localhost/127.0.0.1:54925]
]]></system-out>
  </testcase>
  <testcase name="editUser" classname="com.react_tests.ReactUiTest" time="0.005">
    <failure message="no such window: target window already closed&#10;from unknown error: web view not found&#10;  (Session info: chrome=115.0.5790.171)&#10;Build info: version: &apos;4.1.4&apos;, revision: &apos;535d840ee2&apos;&#10;System info: host: &apos;DESKTOP-TUFNRNQ&apos;, ip: &apos;192.168.0.102&apos;, os.name: &apos;Windows 10&apos;, os.arch: &apos;amd64&apos;, os.version: &apos;10.0&apos;, java.version: &apos;18.0.2.1&apos;&#10;Driver info: org.openqa.selenium.chrome.ChromeDriver&#10;Command: [87f9a32c6fd680ccbbb3949beb742802, get {url=http://localhost:3000/users/1}]&#10;Capabilities {acceptInsecureCerts: false, browserName: chrome, browserVersion: 115.0.5790.171, chrome: {chromedriverVersion: 114.0.5735.90 (386bc09e8f4f..., userDataDir: C:\Users\HP\AppData\Local\T...}, goog:chromeOptions: {debuggerAddress: localhost:49527}, javascriptEnabled: true, networkConnectionEnabled: false, pageLoadStrategy: normal, platform: WINDOWS, platformName: WINDOWS, proxy: Proxy(), se:cdp: ws://localhost:49527/devtoo..., se:cdpVersion: 115.0.5790.171, setWindowRect: true, strictFileInteractability: false, timeouts: {implicit: 0, pageLoad: 300000, script: 30000}, unhandledPromptBehavior: dismiss and notify, webauthn:extension:credBlob: true, webauthn:extension:largeBlob: true, webauthn:extension:minPinLength: true, webauthn:extension:prf: true, webauthn:virtualAuthenticators: true}&#10;Session ID: 87f9a32c6fd680ccbbb3949beb742802" type="org.openqa.selenium.NoSuchWindowException">org.openqa.selenium.NoSuchWindowException: 
no such window: target window already closed
from unknown error: web view not found
  (Session info: chrome=115.0.5790.171)
Build info: version: '4.1.4', revision: '535d840ee2'
System info: host: 'DESKTOP-TUFNRNQ', ip: '192.168.0.102', os.name: 'Windows 10', os.arch: 'amd64', os.version: '10.0', java.version: '18.0.2.1'
Driver info: org.openqa.selenium.chrome.ChromeDriver
Command: [87f9a32c6fd680ccbbb3949beb742802, get {url=http://localhost:3000/users/1}]
Capabilities {acceptInsecureCerts: false, browserName: chrome, browserVersion: 115.0.5790.171, chrome: {chromedriverVersion: 114.0.5735.90 (386bc09e8f4f..., userDataDir: C:\Users\HP\AppData\Local\T...}, goog:chromeOptions: {debuggerAddress: localhost:49527}, javascriptEnabled: true, networkConnectionEnabled: false, pageLoadStrategy: normal, platform: WINDOWS, platformName: WINDOWS, proxy: Proxy(), se:cdp: ws://localhost:49527/devtoo..., se:cdpVersion: 115.0.5790.171, setWindowRect: true, strictFileInteractability: false, timeouts: {implicit: 0, pageLoad: 300000, script: 30000}, unhandledPromptBehavior: dismiss and notify, webauthn:extension:credBlob: true, webauthn:extension:largeBlob: true, webauthn:extension:minPinLength: true, webauthn:extension:prf: true, webauthn:virtualAuthenticators: true}
Session ID: 87f9a32c6fd680ccbbb3949beb742802
	at com.react_tests.ReactUiTest.editUser(ReactUiTest.java:58)
</failure>
    <system-out><![CDATA[19:42:49.700 [Forwarding get on session 87f9a32c6fd680ccbbb3949beb742802 to remote] DEBUG org.asynchttpclient.netty.request.NettyRequestSender - Using pooled Channel '[id: 0x1e96d830, L:/127.0.0.1:49524 - R:localhost/127.0.0.1:54925]' for 'POST' to 'http://localhost:54925/session/87f9a32c6fd680ccbbb3949beb742802/url'
19:42:49.700 [Forwarding get on session 87f9a32c6fd680ccbbb3949beb742802 to remote] DEBUG org.asynchttpclient.netty.request.NettyRequestSender - Using open Channel [id: 0x1e96d830, L:/127.0.0.1:49524 - R:localhost/127.0.0.1:54925] for POST '/session/87f9a32c6fd680ccbbb3949beb742802/url'
19:42:49.703 [AsyncHttpClient-1-5] DEBUG org.asynchttpclient.netty.handler.HttpHandler - 

Request DefaultHttpRequest(decodeResult: success, version: HTTP/1.1)
POST /session/87f9a32c6fd680ccbbb3949beb742802/url HTTP/1.1
User-Agent: selenium/4.1.4 (java windows)
Content-Length: 64
Content-Type: application/json; charset=utf-8
host: localhost:54925
accept: */*

Response DefaultHttpResponse(decodeResult: success, version: HTTP/1.1)
HTTP/1.1 404 Not Found
Content-Length: 920
Content-Type: application/json; charset=utf-8
cache-control: no-cache

19:42:49.703 [AsyncHttpClient-1-5] DEBUG org.asynchttpclient.netty.channel.ChannelManager - Adding key: http://localhost:54925 for channel [id: 0x1e96d830, L:/127.0.0.1:49524 - R:localhost/127.0.0.1:54925]
]]></system-out>
  </testcase>
  <testcase name="createUserTest" classname="com.yasen.rest.UserRestAssuredControllerTest" time="1.309">
    <failure message="1 expectation failed.&#10;Expected status code &lt;200&gt; but was &lt;401&gt;.&#10;" type="java.lang.AssertionError"><![CDATA[java.lang.AssertionError: 
1 expectation failed.
Expected status code <200> but was <401>.

	at com.yasen.rest.UserRestAssuredControllerTest.createUserTest(UserRestAssuredControllerTest.java:46)
]]></failure>
    <system-out><![CDATA[19:42:50.659 [AsyncHttpClient-1-1] DEBUG org.asynchttpclient.netty.channel.DefaultChannelPool - Entry count for : http://localhost:54925 : 1
19:42:50.659 [AsyncHttpClient-1-1] DEBUG org.asynchttpclient.netty.channel.DefaultChannelPool - Entry count for : http://localhost:60858 : 1
19:42:50.659 [AsyncHttpClient-1-1] DEBUG org.asynchttpclient.netty.channel.DefaultChannelPool - Entry count for : http://localhost:64354 : 1
19:42:50.850 [main] DEBUG org.apache.http.impl.conn.BasicClientConnectionManager - Get connection for route {}->http://localhost:8080
19:42:50.857 [main] DEBUG org.apache.http.impl.conn.DefaultClientConnectionOperator - Connecting to localhost:8080
19:42:50.871 [main] DEBUG org.apache.http.client.protocol.RequestAddCookies - CookieSpec selected: ignoreCookies
19:42:50.872 [main] DEBUG org.apache.http.client.protocol.RequestAuthCache - Auth cache not set in the context
19:42:50.872 [main] DEBUG org.apache.http.client.protocol.RequestTargetAuthentication - Target auth state: UNCHALLENGED
19:42:50.872 [main] DEBUG org.apache.http.client.protocol.RequestProxyAuthentication - Proxy auth state: UNCHALLENGED
19:42:50.872 [main] DEBUG org.apache.http.impl.client.DefaultHttpClient - Attempt 1 to execute request
19:42:50.872 [main] DEBUG org.apache.http.impl.conn.DefaultClientConnection - Sending request: POST /api/users HTTP/1.1
19:42:50.872 [main] DEBUG org.apache.http.wire -  >> "POST /api/users HTTP/1.1[\r][\n]"
19:42:50.873 [main] DEBUG org.apache.http.wire -  >> "Accept: */*[\r][\n]"
19:42:50.873 [main] DEBUG org.apache.http.wire -  >> "Content-Type: application/json[\r][\n]"
19:42:50.873 [main] DEBUG org.apache.http.wire -  >> "Content-Length: 107[\r][\n]"
19:42:50.873 [main] DEBUG org.apache.http.wire -  >> "Host: localhost:8080[\r][\n]"
19:42:50.873 [main] DEBUG org.apache.http.wire -  >> "Connection: Keep-Alive[\r][\n]"
19:42:50.873 [main] DEBUG org.apache.http.wire -  >> "User-Agent: Apache-HttpClient/4.5.14 (Java/18.0.2.1)[\r][\n]"
19:42:50.873 [main] DEBUG org.apache.http.wire -  >> "Accept-Encoding: gzip,deflate[\r][\n]"
19:42:50.873 [main] DEBUG org.apache.http.wire -  >> "[\r][\n]"
19:42:50.873 [main] DEBUG org.apache.http.headers - >> POST /api/users HTTP/1.1
19:42:50.874 [main] DEBUG org.apache.http.headers - >> Accept: */*
19:42:50.874 [main] DEBUG org.apache.http.headers - >> Content-Type: application/json
19:42:50.874 [main] DEBUG org.apache.http.headers - >> Content-Length: 107
19:42:50.874 [main] DEBUG org.apache.http.headers - >> Host: localhost:8080
19:42:50.874 [main] DEBUG org.apache.http.headers - >> Connection: Keep-Alive
19:42:50.874 [main] DEBUG org.apache.http.headers - >> User-Agent: Apache-HttpClient/4.5.14 (Java/18.0.2.1)
19:42:50.874 [main] DEBUG org.apache.http.headers - >> Accept-Encoding: gzip,deflate
19:42:50.874 [main] DEBUG org.apache.http.wire -  >> "{"password":"testAssuredPassword","id":"123","birthDate":"2023-07-13","age":"420","username":"testAssured"}"
19:42:50.877 [main] DEBUG org.apache.http.wire -  << "HTTP/1.1 401 [\r][\n]"
19:42:50.878 [main] DEBUG org.apache.http.wire -  << "Content-Type: application/json;charset=ISO-8859-1[\r][\n]"
19:42:50.879 [main] DEBUG org.apache.http.wire -  << "Content-Length: 39[\r][\n]"
19:42:50.879 [main] DEBUG org.apache.http.wire -  << "Date: Fri, 11 Aug 2023 16:42:50 GMT[\r][\n]"
19:42:50.879 [main] DEBUG org.apache.http.wire -  << "Keep-Alive: timeout=60[\r][\n]"
19:42:50.879 [main] DEBUG org.apache.http.wire -  << "Connection: keep-alive[\r][\n]"
19:42:50.879 [main] DEBUG org.apache.http.wire -  << "[\r][\n]"
19:42:50.879 [main] DEBUG org.apache.http.impl.conn.DefaultClientConnection - Receiving response: HTTP/1.1 401 
19:42:50.879 [main] DEBUG org.apache.http.headers - << HTTP/1.1 401 
19:42:50.879 [main] DEBUG org.apache.http.headers - << Content-Type: application/json;charset=ISO-8859-1
19:42:50.880 [main] DEBUG org.apache.http.headers - << Content-Length: 39
19:42:50.880 [main] DEBUG org.apache.http.headers - << Date: Fri, 11 Aug 2023 16:42:50 GMT
19:42:50.880 [main] DEBUG org.apache.http.headers - << Keep-Alive: timeout=60
19:42:50.880 [main] DEBUG org.apache.http.headers - << Connection: keep-alive
19:42:50.884 [main] DEBUG org.apache.http.impl.client.DefaultHttpClient - Connection can be kept alive for 60000 MILLISECONDS
19:42:50.885 [main] DEBUG org.apache.http.impl.client.DefaultHttpClient - Authentication required
19:42:50.885 [main] DEBUG org.apache.http.impl.client.DefaultHttpClient - localhost:8080 requested authentication
19:42:50.885 [main] DEBUG org.apache.http.impl.client.DefaultHttpClient - Response contains no authentication challenges
19:42:50.918 [main] DEBUG io.restassured.internal.RequestSpecificationImpl$RestAssuredHttpBuilder - Parsing response as: application/json;charset=ISO-8859-1
19:42:50.918 [main] DEBUG io.restassured.internal.RequestSpecificationImpl$RestAssuredHttpBuilder - Parsed data to instance of: class org.apache.http.conn.EofSensorInputStream
19:42:50.953 [main] DEBUG org.apache.http.wire -  << "{"message":"User is not authenticated"}"
19:42:50.953 [main] DEBUG org.apache.http.impl.conn.BasicClientConnectionManager - Releasing connection org.apache.http.impl.conn.ManagedClientConnectionImpl@3e6748ae
19:42:50.953 [main] DEBUG org.apache.http.impl.conn.BasicClientConnectionManager - Connection can be kept alive for 60000 MILLISECONDS
]]></system-out>
  </testcase>
  <testcase name="getUserTest" classname="com.yasen.rest.UserRestAssuredControllerTest" time="0.577">
    <failure message="Cannot invoke &quot;java.lang.Integer.intValue()&quot; because the return value of &quot;io.restassured.internal.common.path.ObjectConverter.convertObjectTo(Object, java.lang.Class)&quot; is null" type="java.lang.NullPointerException">java.lang.NullPointerException: Cannot invoke "java.lang.Integer.intValue()" because the return value of "io.restassured.internal.common.path.ObjectConverter.convertObjectTo(Object, java.lang.Class)" is null
	at com.yasen.rest.UserRestAssuredControllerTest.getUserTest(UserRestAssuredControllerTest.java:59)
</failure>
    <system-out><![CDATA[19:42:51.057 [main] DEBUG org.apache.http.impl.conn.BasicClientConnectionManager - Get connection for route {}->http://localhost:8080
19:42:51.057 [main] DEBUG org.apache.http.impl.conn.DefaultClientConnectionOperator - Connecting to localhost:8080
19:42:51.058 [main] DEBUG org.apache.http.client.protocol.RequestAddCookies - CookieSpec selected: ignoreCookies
19:42:51.058 [main] DEBUG org.apache.http.client.protocol.RequestAuthCache - Auth cache not set in the context
19:42:51.058 [main] DEBUG org.apache.http.client.protocol.RequestTargetAuthentication - Target auth state: UNCHALLENGED
19:42:51.058 [main] DEBUG org.apache.http.client.protocol.RequestProxyAuthentication - Proxy auth state: UNCHALLENGED
19:42:51.058 [main] DEBUG org.apache.http.impl.client.DefaultHttpClient - Attempt 1 to execute request
19:42:51.058 [main] DEBUG org.apache.http.impl.conn.DefaultClientConnection - Sending request: GET /api/users?pageNum=0 HTTP/1.1
19:42:51.058 [main] DEBUG org.apache.http.wire -  >> "GET /api/users?pageNum=0 HTTP/1.1[\r][\n]"
19:42:51.058 [main] DEBUG org.apache.http.wire -  >> "Accept: */*[\r][\n]"
19:42:51.058 [main] DEBUG org.apache.http.wire -  >> "Host: localhost:8080[\r][\n]"
19:42:51.058 [main] DEBUG org.apache.http.wire -  >> "Connection: Keep-Alive[\r][\n]"
19:42:51.058 [main] DEBUG org.apache.http.wire -  >> "User-Agent: Apache-HttpClient/4.5.14 (Java/18.0.2.1)[\r][\n]"
19:42:51.059 [main] DEBUG org.apache.http.wire -  >> "Accept-Encoding: gzip,deflate[\r][\n]"
19:42:51.059 [main] DEBUG org.apache.http.wire -  >> "[\r][\n]"
19:42:51.059 [main] DEBUG org.apache.http.headers - >> GET /api/users?pageNum=0 HTTP/1.1
19:42:51.059 [main] DEBUG org.apache.http.headers - >> Accept: */*
19:42:51.059 [main] DEBUG org.apache.http.headers - >> Host: localhost:8080
19:42:51.059 [main] DEBUG org.apache.http.headers - >> Connection: Keep-Alive
19:42:51.059 [main] DEBUG org.apache.http.headers - >> User-Agent: Apache-HttpClient/4.5.14 (Java/18.0.2.1)
19:42:51.059 [main] DEBUG org.apache.http.headers - >> Accept-Encoding: gzip,deflate
19:42:51.060 [main] DEBUG org.apache.http.wire -  << "HTTP/1.1 401 [\r][\n]"
19:42:51.060 [main] DEBUG org.apache.http.wire -  << "Content-Type: application/json;charset=ISO-8859-1[\r][\n]"
19:42:51.060 [main] DEBUG org.apache.http.wire -  << "Content-Length: 39[\r][\n]"
19:42:51.060 [main] DEBUG org.apache.http.wire -  << "Date: Fri, 11 Aug 2023 16:42:50 GMT[\r][\n]"
19:42:51.060 [main] DEBUG org.apache.http.wire -  << "Keep-Alive: timeout=60[\r][\n]"
19:42:51.060 [main] DEBUG org.apache.http.wire -  << "Connection: keep-alive[\r][\n]"
19:42:51.060 [main] DEBUG org.apache.http.wire -  << "[\r][\n]"
19:42:51.060 [main] DEBUG org.apache.http.impl.conn.DefaultClientConnection - Receiving response: HTTP/1.1 401 
19:42:51.060 [main] DEBUG org.apache.http.headers - << HTTP/1.1 401 
19:42:51.061 [main] DEBUG org.apache.http.headers - << Content-Type: application/json;charset=ISO-8859-1
19:42:51.061 [main] DEBUG org.apache.http.headers - << Content-Length: 39
19:42:51.061 [main] DEBUG org.apache.http.headers - << Date: Fri, 11 Aug 2023 16:42:50 GMT
19:42:51.061 [main] DEBUG org.apache.http.headers - << Keep-Alive: timeout=60
19:42:51.061 [main] DEBUG org.apache.http.headers - << Connection: keep-alive
19:42:51.065 [main] DEBUG org.apache.http.impl.client.DefaultHttpClient - Connection can be kept alive for 60000 MILLISECONDS
19:42:51.065 [main] DEBUG org.apache.http.impl.client.DefaultHttpClient - Authentication required
19:42:51.065 [main] DEBUG org.apache.http.impl.client.DefaultHttpClient - localhost:8080 requested authentication
19:42:51.065 [main] DEBUG org.apache.http.impl.client.DefaultHttpClient - Response contains no authentication challenges
19:42:51.066 [main] DEBUG io.restassured.internal.RequestSpecificationImpl$RestAssuredHttpBuilder - Parsing response as: application/json;charset=ISO-8859-1
19:42:51.066 [main] DEBUG io.restassured.internal.RequestSpecificationImpl$RestAssuredHttpBuilder - Parsed data to instance of: class org.apache.http.conn.EofSensorInputStream
19:42:51.066 [main] DEBUG org.apache.http.wire -  << "{"message":"User is not authenticated"}"
19:42:51.066 [main] DEBUG org.apache.http.impl.conn.BasicClientConnectionManager - Releasing connection org.apache.http.impl.conn.ManagedClientConnectionImpl@350ff014
19:42:51.066 [main] DEBUG org.apache.http.impl.conn.BasicClientConnectionManager - Connection can be kept alive for 60000 MILLISECONDS
]]></system-out>
  </testcase>
  <testcase name="updateUserTest" classname="com.yasen.rest.UserRestAssuredControllerTest" time="0.016">
    <failure message="1 expectation failed.&#10;Expected status code &lt;200&gt; but was &lt;401&gt;.&#10;" type="java.lang.AssertionError"><![CDATA[java.lang.AssertionError: 
1 expectation failed.
Expected status code <200> but was <401>.

	at com.yasen.rest.UserRestAssuredControllerTest.updateUserTest(UserRestAssuredControllerTest.java:112)
]]></failure>
    <system-out><![CDATA[19:42:51.602 [main] DEBUG org.apache.http.impl.conn.BasicClientConnectionManager - Get connection for route {}->http://localhost:8080
19:42:51.602 [main] DEBUG org.apache.http.impl.conn.DefaultClientConnectionOperator - Connecting to localhost:8080
19:42:51.603 [main] DEBUG org.apache.http.client.protocol.RequestAddCookies - CookieSpec selected: ignoreCookies
19:42:51.603 [main] DEBUG org.apache.http.client.protocol.RequestAuthCache - Auth cache not set in the context
19:42:51.603 [main] DEBUG org.apache.http.client.protocol.RequestTargetAuthentication - Target auth state: UNCHALLENGED
19:42:51.603 [main] DEBUG org.apache.http.client.protocol.RequestProxyAuthentication - Proxy auth state: UNCHALLENGED
19:42:51.603 [main] DEBUG org.apache.http.impl.client.DefaultHttpClient - Attempt 1 to execute request
19:42:51.603 [main] DEBUG org.apache.http.impl.conn.DefaultClientConnection - Sending request: PUT /api/users HTTP/1.1
19:42:51.603 [main] DEBUG org.apache.http.wire -  >> "PUT /api/users HTTP/1.1[\r][\n]"
19:42:51.604 [main] DEBUG org.apache.http.wire -  >> "Accept: */*[\r][\n]"
19:42:51.604 [main] DEBUG org.apache.http.wire -  >> "Content-Type: application/json[\r][\n]"
19:42:51.604 [main] DEBUG org.apache.http.wire -  >> "Content-Length: 112[\r][\n]"
19:42:51.604 [main] DEBUG org.apache.http.wire -  >> "Host: localhost:8080[\r][\n]"
19:42:51.604 [main] DEBUG org.apache.http.wire -  >> "Connection: Keep-Alive[\r][\n]"
19:42:51.604 [main] DEBUG org.apache.http.wire -  >> "User-Agent: Apache-HttpClient/4.5.14 (Java/18.0.2.1)[\r][\n]"
19:42:51.604 [main] DEBUG org.apache.http.wire -  >> "Accept-Encoding: gzip,deflate[\r][\n]"
19:42:51.604 [main] DEBUG org.apache.http.wire -  >> "[\r][\n]"
19:42:51.604 [main] DEBUG org.apache.http.headers - >> PUT /api/users HTTP/1.1
19:42:51.604 [main] DEBUG org.apache.http.headers - >> Accept: */*
19:42:51.604 [main] DEBUG org.apache.http.headers - >> Content-Type: application/json
19:42:51.604 [main] DEBUG org.apache.http.headers - >> Content-Length: 112
19:42:51.604 [main] DEBUG org.apache.http.headers - >> Host: localhost:8080
19:42:51.604 [main] DEBUG org.apache.http.headers - >> Connection: Keep-Alive
19:42:51.604 [main] DEBUG org.apache.http.headers - >> User-Agent: Apache-HttpClient/4.5.14 (Java/18.0.2.1)
19:42:51.604 [main] DEBUG org.apache.http.headers - >> Accept-Encoding: gzip,deflate
19:42:51.604 [main] DEBUG org.apache.http.wire -  >> "{"password":"testAssuredPassword213","id":"123","birthDate":"2023-07-13","age":"42","username":"testAssured123"}"
19:42:51.605 [main] DEBUG org.apache.http.wire -  << "HTTP/1.1 401 [\r][\n]"
19:42:51.605 [main] DEBUG org.apache.http.wire -  << "Content-Type: application/json;charset=ISO-8859-1[\r][\n]"
19:42:51.605 [main] DEBUG org.apache.http.wire -  << "Content-Length: 39[\r][\n]"
19:42:51.605 [main] DEBUG org.apache.http.wire -  << "Date: Fri, 11 Aug 2023 16:42:50 GMT[\r][\n]"
19:42:51.605 [main] DEBUG org.apache.http.wire -  << "Keep-Alive: timeout=60[\r][\n]"
19:42:51.606 [main] DEBUG org.apache.http.wire -  << "Connection: keep-alive[\r][\n]"
19:42:51.606 [main] DEBUG org.apache.http.wire -  << "[\r][\n]"
19:42:51.606 [main] DEBUG org.apache.http.impl.conn.DefaultClientConnection - Receiving response: HTTP/1.1 401 
19:42:51.606 [main] DEBUG org.apache.http.headers - << HTTP/1.1 401 
19:42:51.606 [main] DEBUG org.apache.http.headers - << Content-Type: application/json;charset=ISO-8859-1
19:42:51.606 [main] DEBUG org.apache.http.headers - << Content-Length: 39
19:42:51.606 [main] DEBUG org.apache.http.headers - << Date: Fri, 11 Aug 2023 16:42:50 GMT
19:42:51.606 [main] DEBUG org.apache.http.headers - << Keep-Alive: timeout=60
19:42:51.606 [main] DEBUG org.apache.http.headers - << Connection: keep-alive
19:42:51.606 [main] DEBUG org.apache.http.impl.client.DefaultHttpClient - Connection can be kept alive for 60000 MILLISECONDS
19:42:51.606 [main] DEBUG org.apache.http.impl.client.DefaultHttpClient - Authentication required
19:42:51.606 [main] DEBUG org.apache.http.impl.client.DefaultHttpClient - localhost:8080 requested authentication
19:42:51.606 [main] DEBUG org.apache.http.impl.client.DefaultHttpClient - Response contains no authentication challenges
19:42:51.606 [main] DEBUG io.restassured.internal.RequestSpecificationImpl$RestAssuredHttpBuilder - Parsing response as: application/json;charset=ISO-8859-1
19:42:51.606 [main] DEBUG io.restassured.internal.RequestSpecificationImpl$RestAssuredHttpBuilder - Parsed data to instance of: class org.apache.http.conn.EofSensorInputStream
19:42:51.607 [main] DEBUG org.apache.http.wire -  << "{"message":"User is not authenticated"}"
19:42:51.607 [main] DEBUG org.apache.http.impl.conn.BasicClientConnectionManager - Releasing connection org.apache.http.impl.conn.ManagedClientConnectionImpl@74fc3fc7
19:42:51.607 [main] DEBUG org.apache.http.impl.conn.BasicClientConnectionManager - Connection can be kept alive for 60000 MILLISECONDS
]]></system-out>
  </testcase>
  <testcase name="getUserExistTest" classname="com.yasen.rest.UserRestAssuredControllerTest" time="0.013">
    <failure message="1 expectation failed.&#10;Expected status code &lt;200&gt; but was &lt;401&gt;.&#10;" type="java.lang.AssertionError"><![CDATA[java.lang.AssertionError: 
1 expectation failed.
Expected status code <200> but was <401>.

	at com.yasen.rest.UserRestAssuredControllerTest.getUserExistTest(UserRestAssuredControllerTest.java:122)
]]></failure>
    <system-out><![CDATA[19:42:51.616 [main] DEBUG org.apache.http.impl.conn.BasicClientConnectionManager - Get connection for route {}->http://localhost:8080
19:42:51.616 [main] DEBUG org.apache.http.impl.conn.DefaultClientConnectionOperator - Connecting to localhost:8080
19:42:51.617 [main] DEBUG org.apache.http.client.protocol.RequestAddCookies - CookieSpec selected: ignoreCookies
19:42:51.617 [main] DEBUG org.apache.http.client.protocol.RequestAuthCache - Auth cache not set in the context
19:42:51.617 [main] DEBUG org.apache.http.client.protocol.RequestTargetAuthentication - Target auth state: UNCHALLENGED
19:42:51.617 [main] DEBUG org.apache.http.client.protocol.RequestProxyAuthentication - Proxy auth state: UNCHALLENGED
19:42:51.617 [main] DEBUG org.apache.http.impl.client.DefaultHttpClient - Attempt 1 to execute request
19:42:51.617 [main] DEBUG org.apache.http.impl.conn.DefaultClientConnection - Sending request: GET /api/users/user-profile/?username=testAssured&pageNum=0 HTTP/1.1
19:42:51.617 [main] DEBUG org.apache.http.wire -  >> "GET /api/users/user-profile/?username=testAssured&pageNum=0 HTTP/1.1[\r][\n]"
19:42:51.617 [main] DEBUG org.apache.http.wire -  >> "Accept: */*[\r][\n]"
19:42:51.617 [main] DEBUG org.apache.http.wire -  >> "Host: localhost:8080[\r][\n]"
19:42:51.617 [main] DEBUG org.apache.http.wire -  >> "Connection: Keep-Alive[\r][\n]"
19:42:51.617 [main] DEBUG org.apache.http.wire -  >> "User-Agent: Apache-HttpClient/4.5.14 (Java/18.0.2.1)[\r][\n]"
19:42:51.617 [main] DEBUG org.apache.http.wire -  >> "Accept-Encoding: gzip,deflate[\r][\n]"
19:42:51.617 [main] DEBUG org.apache.http.wire -  >> "[\r][\n]"
19:42:51.617 [main] DEBUG org.apache.http.headers - >> GET /api/users/user-profile/?username=testAssured&pageNum=0 HTTP/1.1
19:42:51.617 [main] DEBUG org.apache.http.headers - >> Accept: */*
19:42:51.617 [main] DEBUG org.apache.http.headers - >> Host: localhost:8080
19:42:51.617 [main] DEBUG org.apache.http.headers - >> Connection: Keep-Alive
19:42:51.617 [main] DEBUG org.apache.http.headers - >> User-Agent: Apache-HttpClient/4.5.14 (Java/18.0.2.1)
19:42:51.617 [main] DEBUG org.apache.http.headers - >> Accept-Encoding: gzip,deflate
19:42:51.619 [main] DEBUG org.apache.http.wire -  << "HTTP/1.1 401 [\r][\n]"
19:42:51.619 [main] DEBUG org.apache.http.wire -  << "Content-Type: application/json;charset=ISO-8859-1[\r][\n]"
19:42:51.619 [main] DEBUG org.apache.http.wire -  << "Content-Length: 39[\r][\n]"
19:42:51.619 [main] DEBUG org.apache.http.wire -  << "Date: Fri, 11 Aug 2023 16:42:50 GMT[\r][\n]"
19:42:51.619 [main] DEBUG org.apache.http.wire -  << "Keep-Alive: timeout=60[\r][\n]"
19:42:51.619 [main] DEBUG org.apache.http.wire -  << "Connection: keep-alive[\r][\n]"
19:42:51.619 [main] DEBUG org.apache.http.wire -  << "[\r][\n]"
19:42:51.619 [main] DEBUG org.apache.http.impl.conn.DefaultClientConnection - Receiving response: HTTP/1.1 401 
19:42:51.619 [main] DEBUG org.apache.http.headers - << HTTP/1.1 401 
19:42:51.619 [main] DEBUG org.apache.http.headers - << Content-Type: application/json;charset=ISO-8859-1
19:42:51.619 [main] DEBUG org.apache.http.headers - << Content-Length: 39
19:42:51.619 [main] DEBUG org.apache.http.headers - << Date: Fri, 11 Aug 2023 16:42:50 GMT
19:42:51.619 [main] DEBUG org.apache.http.headers - << Keep-Alive: timeout=60
19:42:51.619 [main] DEBUG org.apache.http.headers - << Connection: keep-alive
19:42:51.620 [main] DEBUG org.apache.http.impl.client.DefaultHttpClient - Connection can be kept alive for 60000 MILLISECONDS
19:42:51.620 [main] DEBUG org.apache.http.impl.client.DefaultHttpClient - Authentication required
19:42:51.620 [main] DEBUG org.apache.http.impl.client.DefaultHttpClient - localhost:8080 requested authentication
19:42:51.620 [main] DEBUG org.apache.http.impl.client.DefaultHttpClient - Response contains no authentication challenges
19:42:51.620 [main] DEBUG io.restassured.internal.RequestSpecificationImpl$RestAssuredHttpBuilder - Parsing response as: application/json;charset=ISO-8859-1
19:42:51.620 [main] DEBUG io.restassured.internal.RequestSpecificationImpl$RestAssuredHttpBuilder - Parsed data to instance of: class org.apache.http.conn.EofSensorInputStream
19:42:51.621 [main] DEBUG org.apache.http.wire -  << "{"message":"User is not authenticated"}"
19:42:51.621 [main] DEBUG org.apache.http.impl.conn.BasicClientConnectionManager - Releasing connection org.apache.http.impl.conn.ManagedClientConnectionImpl@5efe5b25
19:42:51.621 [main] DEBUG org.apache.http.impl.conn.BasicClientConnectionManager - Connection can be kept alive for 60000 MILLISECONDS
]]></system-out>
  </testcase>
  <testcase name="getUserNotExistTest" classname="com.yasen.rest.UserRestAssuredControllerTest" time="0.012">
    <failure message="1 expectation failed.&#10;Expected status code &lt;400&gt; but was &lt;401&gt;.&#10;" type="java.lang.AssertionError"><![CDATA[java.lang.AssertionError: 
1 expectation failed.
Expected status code <400> but was <401>.

	at com.yasen.rest.UserRestAssuredControllerTest.getUserNotExistTest(UserRestAssuredControllerTest.java:136)
]]></failure>
    <system-out><![CDATA[19:42:51.627 [main] DEBUG org.apache.http.impl.conn.BasicClientConnectionManager - Get connection for route {}->http://localhost:8080
19:42:51.628 [main] DEBUG org.apache.http.impl.conn.DefaultClientConnectionOperator - Connecting to localhost:8080
19:42:51.628 [main] DEBUG org.apache.http.client.protocol.RequestAddCookies - CookieSpec selected: ignoreCookies
19:42:51.628 [main] DEBUG org.apache.http.client.protocol.RequestAuthCache - Auth cache not set in the context
19:42:51.628 [main] DEBUG org.apache.http.client.protocol.RequestTargetAuthentication - Target auth state: UNCHALLENGED
19:42:51.629 [main] DEBUG org.apache.http.client.protocol.RequestProxyAuthentication - Proxy auth state: UNCHALLENGED
19:42:51.629 [main] DEBUG org.apache.http.impl.client.DefaultHttpClient - Attempt 1 to execute request
19:42:51.629 [main] DEBUG org.apache.http.impl.conn.DefaultClientConnection - Sending request: GET /api/users/user-profile/?username=test242421 HTTP/1.1
19:42:51.629 [main] DEBUG org.apache.http.wire -  >> "GET /api/users/user-profile/?username=test242421 HTTP/1.1[\r][\n]"
19:42:51.629 [main] DEBUG org.apache.http.wire -  >> "Accept: */*[\r][\n]"
19:42:51.629 [main] DEBUG org.apache.http.wire -  >> "Host: localhost:8080[\r][\n]"
19:42:51.629 [main] DEBUG org.apache.http.wire -  >> "Connection: Keep-Alive[\r][\n]"
19:42:51.629 [main] DEBUG org.apache.http.wire -  >> "User-Agent: Apache-HttpClient/4.5.14 (Java/18.0.2.1)[\r][\n]"
19:42:51.629 [main] DEBUG org.apache.http.wire -  >> "Accept-Encoding: gzip,deflate[\r][\n]"
19:42:51.629 [main] DEBUG org.apache.http.wire -  >> "[\r][\n]"
19:42:51.629 [main] DEBUG org.apache.http.headers - >> GET /api/users/user-profile/?username=test242421 HTTP/1.1
19:42:51.629 [main] DEBUG org.apache.http.headers - >> Accept: */*
19:42:51.629 [main] DEBUG org.apache.http.headers - >> Host: localhost:8080
19:42:51.629 [main] DEBUG org.apache.http.headers - >> Connection: Keep-Alive
19:42:51.629 [main] DEBUG org.apache.http.headers - >> User-Agent: Apache-HttpClient/4.5.14 (Java/18.0.2.1)
19:42:51.629 [main] DEBUG org.apache.http.headers - >> Accept-Encoding: gzip,deflate
19:42:51.631 [main] DEBUG org.apache.http.wire -  << "HTTP/1.1 401 [\r][\n]"
19:42:51.631 [main] DEBUG org.apache.http.wire -  << "Content-Type: application/json;charset=ISO-8859-1[\r][\n]"
19:42:51.631 [main] DEBUG org.apache.http.wire -  << "Content-Length: 39[\r][\n]"
19:42:51.631 [main] DEBUG org.apache.http.wire -  << "Date: Fri, 11 Aug 2023 16:42:50 GMT[\r][\n]"
19:42:51.631 [main] DEBUG org.apache.http.wire -  << "Keep-Alive: timeout=60[\r][\n]"
19:42:51.631 [main] DEBUG org.apache.http.wire -  << "Connection: keep-alive[\r][\n]"
19:42:51.631 [main] DEBUG org.apache.http.wire -  << "[\r][\n]"
19:42:51.631 [main] DEBUG org.apache.http.impl.conn.DefaultClientConnection - Receiving response: HTTP/1.1 401 
19:42:51.632 [main] DEBUG org.apache.http.headers - << HTTP/1.1 401 
19:42:51.632 [main] DEBUG org.apache.http.headers - << Content-Type: application/json;charset=ISO-8859-1
19:42:51.632 [main] DEBUG org.apache.http.headers - << Content-Length: 39
19:42:51.632 [main] DEBUG org.apache.http.headers - << Date: Fri, 11 Aug 2023 16:42:50 GMT
19:42:51.632 [main] DEBUG org.apache.http.headers - << Keep-Alive: timeout=60
19:42:51.632 [main] DEBUG org.apache.http.headers - << Connection: keep-alive
19:42:51.632 [main] DEBUG org.apache.http.impl.client.DefaultHttpClient - Connection can be kept alive for 60000 MILLISECONDS
19:42:51.632 [main] DEBUG org.apache.http.impl.client.DefaultHttpClient - Authentication required
19:42:51.632 [main] DEBUG org.apache.http.impl.client.DefaultHttpClient - localhost:8080 requested authentication
19:42:51.632 [main] DEBUG org.apache.http.impl.client.DefaultHttpClient - Response contains no authentication challenges
19:42:51.632 [main] DEBUG io.restassured.internal.RequestSpecificationImpl$RestAssuredHttpBuilder - Parsing response as: application/json;charset=ISO-8859-1
19:42:51.632 [main] DEBUG io.restassured.internal.RequestSpecificationImpl$RestAssuredHttpBuilder - Parsed data to instance of: class org.apache.http.conn.EofSensorInputStream
19:42:51.633 [main] DEBUG org.apache.http.wire -  << "{"message":"User is not authenticated"}"
19:42:51.633 [main] DEBUG org.apache.http.impl.conn.BasicClientConnectionManager - Releasing connection org.apache.http.impl.conn.ManagedClientConnectionImpl@44a93f8a
19:42:51.633 [main] DEBUG org.apache.http.impl.conn.BasicClientConnectionManager - Connection can be kept alive for 60000 MILLISECONDS
]]></system-out>
  </testcase>
  <testcase name="deleteUserNotExistTest" classname="com.yasen.rest.UserRestAssuredControllerTest" time="0.013">
    <failure message="1 expectation failed.&#10;Expected status code &lt;400&gt; but was &lt;401&gt;.&#10;" type="java.lang.AssertionError"><![CDATA[java.lang.AssertionError: 
1 expectation failed.
Expected status code <400> but was <401>.

	at com.yasen.rest.UserRestAssuredControllerTest.deleteUserNotExistTest(UserRestAssuredControllerTest.java:149)
]]></failure>
    <system-out><![CDATA[19:42:51.641 [main] DEBUG org.apache.http.impl.conn.BasicClientConnectionManager - Get connection for route {}->http://localhost:8080
19:42:51.641 [main] DEBUG org.apache.http.impl.conn.DefaultClientConnectionOperator - Connecting to localhost:8080
19:42:51.642 [main] DEBUG org.apache.http.client.protocol.RequestAddCookies - CookieSpec selected: ignoreCookies
19:42:51.642 [main] DEBUG org.apache.http.client.protocol.RequestAuthCache - Auth cache not set in the context
19:42:51.642 [main] DEBUG org.apache.http.client.protocol.RequestTargetAuthentication - Target auth state: UNCHALLENGED
19:42:51.642 [main] DEBUG org.apache.http.client.protocol.RequestProxyAuthentication - Proxy auth state: UNCHALLENGED
19:42:51.642 [main] DEBUG org.apache.http.impl.client.DefaultHttpClient - Attempt 1 to execute request
19:42:51.642 [main] DEBUG org.apache.http.impl.conn.DefaultClientConnection - Sending request: DELETE /api/users/234234 HTTP/1.1
19:42:51.642 [main] DEBUG org.apache.http.wire -  >> "DELETE /api/users/234234 HTTP/1.1[\r][\n]"
19:42:51.642 [main] DEBUG org.apache.http.wire -  >> "Accept: */*[\r][\n]"
19:42:51.642 [main] DEBUG org.apache.http.wire -  >> "Host: localhost:8080[\r][\n]"
19:42:51.642 [main] DEBUG org.apache.http.wire -  >> "Connection: Keep-Alive[\r][\n]"
19:42:51.642 [main] DEBUG org.apache.http.wire -  >> "User-Agent: Apache-HttpClient/4.5.14 (Java/18.0.2.1)[\r][\n]"
19:42:51.642 [main] DEBUG org.apache.http.wire -  >> "Accept-Encoding: gzip,deflate[\r][\n]"
19:42:51.642 [main] DEBUG org.apache.http.wire -  >> "[\r][\n]"
19:42:51.642 [main] DEBUG org.apache.http.headers - >> DELETE /api/users/234234 HTTP/1.1
19:42:51.642 [main] DEBUG org.apache.http.headers - >> Accept: */*
19:42:51.642 [main] DEBUG org.apache.http.headers - >> Host: localhost:8080
19:42:51.642 [main] DEBUG org.apache.http.headers - >> Connection: Keep-Alive
19:42:51.642 [main] DEBUG org.apache.http.headers - >> User-Agent: Apache-HttpClient/4.5.14 (Java/18.0.2.1)
19:42:51.642 [main] DEBUG org.apache.http.headers - >> Accept-Encoding: gzip,deflate
19:42:51.643 [main] DEBUG org.apache.http.wire -  << "HTTP/1.1 401 [\r][\n]"
19:42:51.644 [main] DEBUG org.apache.http.wire -  << "Content-Type: application/json;charset=ISO-8859-1[\r][\n]"
19:42:51.644 [main] DEBUG org.apache.http.wire -  << "Content-Length: 39[\r][\n]"
19:42:51.644 [main] DEBUG org.apache.http.wire -  << "Date: Fri, 11 Aug 2023 16:42:50 GMT[\r][\n]"
19:42:51.644 [main] DEBUG org.apache.http.wire -  << "Keep-Alive: timeout=60[\r][\n]"
19:42:51.644 [main] DEBUG org.apache.http.wire -  << "Connection: keep-alive[\r][\n]"
19:42:51.644 [main] DEBUG org.apache.http.wire -  << "[\r][\n]"
19:42:51.644 [main] DEBUG org.apache.http.impl.conn.DefaultClientConnection - Receiving response: HTTP/1.1 401 
19:42:51.644 [main] DEBUG org.apache.http.headers - << HTTP/1.1 401 
19:42:51.644 [main] DEBUG org.apache.http.headers - << Content-Type: application/json;charset=ISO-8859-1
19:42:51.644 [main] DEBUG org.apache.http.headers - << Content-Length: 39
19:42:51.644 [main] DEBUG org.apache.http.headers - << Date: Fri, 11 Aug 2023 16:42:50 GMT
19:42:51.644 [main] DEBUG org.apache.http.headers - << Keep-Alive: timeout=60
19:42:51.644 [main] DEBUG org.apache.http.headers - << Connection: keep-alive
19:42:51.644 [main] DEBUG org.apache.http.impl.client.DefaultHttpClient - Connection can be kept alive for 60000 MILLISECONDS
19:42:51.644 [main] DEBUG org.apache.http.impl.client.DefaultHttpClient - Authentication required
19:42:51.644 [main] DEBUG org.apache.http.impl.client.DefaultHttpClient - localhost:8080 requested authentication
19:42:51.644 [main] DEBUG org.apache.http.impl.client.DefaultHttpClient - Response contains no authentication challenges
19:42:51.644 [main] DEBUG io.restassured.internal.RequestSpecificationImpl$RestAssuredHttpBuilder - Parsing response as: application/json;charset=ISO-8859-1
19:42:51.644 [main] DEBUG io.restassured.internal.RequestSpecificationImpl$RestAssuredHttpBuilder - Parsed data to instance of: class org.apache.http.conn.EofSensorInputStream
19:42:51.645 [main] DEBUG org.apache.http.wire -  << "{"message":"User is not authenticated"}"
19:42:51.645 [main] DEBUG org.apache.http.impl.conn.BasicClientConnectionManager - Releasing connection org.apache.http.impl.conn.ManagedClientConnectionImpl@134c38
19:42:51.645 [main] DEBUG org.apache.http.impl.conn.BasicClientConnectionManager - Connection can be kept alive for 60000 MILLISECONDS
]]></system-out>
  </testcase>
  <testcase name="deleteUserExistTest" classname="com.yasen.rest.UserRestAssuredControllerTest" time="0.025">
    <failure message="Cannot invoke &quot;java.lang.Integer.intValue()&quot; because the return value of &quot;io.restassured.internal.common.path.ObjectConverter.convertObjectTo(Object, java.lang.Class)&quot; is null" type="java.lang.NullPointerException">java.lang.NullPointerException: Cannot invoke "java.lang.Integer.intValue()" because the return value of "io.restassured.internal.common.path.ObjectConverter.convertObjectTo(Object, java.lang.Class)" is null
	at com.yasen.rest.UserRestAssuredControllerTest.deleteUserExistTest(UserRestAssuredControllerTest.java:165)
</failure>
    <system-out><![CDATA[19:42:51.652 [main] DEBUG org.apache.http.impl.conn.BasicClientConnectionManager - Get connection for route {}->http://localhost:8080
19:42:51.652 [main] DEBUG org.apache.http.impl.conn.DefaultClientConnectionOperator - Connecting to localhost:8080
19:42:51.652 [main] DEBUG org.apache.http.client.protocol.RequestAddCookies - CookieSpec selected: ignoreCookies
19:42:51.652 [main] DEBUG org.apache.http.client.protocol.RequestAuthCache - Auth cache not set in the context
19:42:51.653 [main] DEBUG org.apache.http.client.protocol.RequestTargetAuthentication - Target auth state: UNCHALLENGED
19:42:51.653 [main] DEBUG org.apache.http.client.protocol.RequestProxyAuthentication - Proxy auth state: UNCHALLENGED
19:42:51.653 [main] DEBUG org.apache.http.impl.client.DefaultHttpClient - Attempt 1 to execute request
19:42:51.653 [main] DEBUG org.apache.http.impl.conn.DefaultClientConnection - Sending request: GET /api/users?pageNum=0 HTTP/1.1
19:42:51.653 [main] DEBUG org.apache.http.wire -  >> "GET /api/users?pageNum=0 HTTP/1.1[\r][\n]"
19:42:51.653 [main] DEBUG org.apache.http.wire -  >> "Accept: */*[\r][\n]"
19:42:51.653 [main] DEBUG org.apache.http.wire -  >> "Host: localhost:8080[\r][\n]"
19:42:51.653 [main] DEBUG org.apache.http.wire -  >> "Connection: Keep-Alive[\r][\n]"
19:42:51.653 [main] DEBUG org.apache.http.wire -  >> "User-Agent: Apache-HttpClient/4.5.14 (Java/18.0.2.1)[\r][\n]"
19:42:51.653 [main] DEBUG org.apache.http.wire -  >> "Accept-Encoding: gzip,deflate[\r][\n]"
19:42:51.653 [main] DEBUG org.apache.http.wire -  >> "[\r][\n]"
19:42:51.653 [main] DEBUG org.apache.http.headers - >> GET /api/users?pageNum=0 HTTP/1.1
19:42:51.653 [main] DEBUG org.apache.http.headers - >> Accept: */*
19:42:51.653 [main] DEBUG org.apache.http.headers - >> Host: localhost:8080
19:42:51.653 [main] DEBUG org.apache.http.headers - >> Connection: Keep-Alive
19:42:51.653 [main] DEBUG org.apache.http.headers - >> User-Agent: Apache-HttpClient/4.5.14 (Java/18.0.2.1)
19:42:51.653 [main] DEBUG org.apache.http.headers - >> Accept-Encoding: gzip,deflate
19:42:51.654 [main] DEBUG org.apache.http.wire -  << "HTTP/1.1 401 [\r][\n]"
19:42:51.654 [main] DEBUG org.apache.http.wire -  << "Content-Type: application/json;charset=ISO-8859-1[\r][\n]"
19:42:51.654 [main] DEBUG org.apache.http.wire -  << "Content-Length: 39[\r][\n]"
19:42:51.654 [main] DEBUG org.apache.http.wire -  << "Date: Fri, 11 Aug 2023 16:42:50 GMT[\r][\n]"
19:42:51.654 [main] DEBUG org.apache.http.wire -  << "Keep-Alive: timeout=60[\r][\n]"
19:42:51.654 [main] DEBUG org.apache.http.wire -  << "Connection: keep-alive[\r][\n]"
19:42:51.654 [main] DEBUG org.apache.http.wire -  << "[\r][\n]"
19:42:51.654 [main] DEBUG org.apache.http.impl.conn.DefaultClientConnection - Receiving response: HTTP/1.1 401 
19:42:51.654 [main] DEBUG org.apache.http.headers - << HTTP/1.1 401 
19:42:51.654 [main] DEBUG org.apache.http.headers - << Content-Type: application/json;charset=ISO-8859-1
19:42:51.654 [main] DEBUG org.apache.http.headers - << Content-Length: 39
19:42:51.654 [main] DEBUG org.apache.http.headers - << Date: Fri, 11 Aug 2023 16:42:50 GMT
19:42:51.654 [main] DEBUG org.apache.http.headers - << Keep-Alive: timeout=60
19:42:51.654 [main] DEBUG org.apache.http.headers - << Connection: keep-alive
19:42:51.655 [main] DEBUG org.apache.http.impl.client.DefaultHttpClient - Connection can be kept alive for 60000 MILLISECONDS
19:42:51.655 [main] DEBUG org.apache.http.impl.client.DefaultHttpClient - Authentication required
19:42:51.655 [main] DEBUG org.apache.http.impl.client.DefaultHttpClient - localhost:8080 requested authentication
19:42:51.655 [main] DEBUG org.apache.http.impl.client.DefaultHttpClient - Response contains no authentication challenges
19:42:51.655 [main] DEBUG io.restassured.internal.RequestSpecificationImpl$RestAssuredHttpBuilder - Parsing response as: application/json;charset=ISO-8859-1
19:42:51.655 [main] DEBUG io.restassured.internal.RequestSpecificationImpl$RestAssuredHttpBuilder - Parsed data to instance of: class org.apache.http.conn.EofSensorInputStream
19:42:51.656 [main] DEBUG org.apache.http.wire -  << "{"message":"User is not authenticated"}"
19:42:51.656 [main] DEBUG org.apache.http.impl.conn.BasicClientConnectionManager - Releasing connection org.apache.http.impl.conn.ManagedClientConnectionImpl@47be41c6
19:42:51.656 [main] DEBUG org.apache.http.impl.conn.BasicClientConnectionManager - Connection can be kept alive for 60000 MILLISECONDS
]]></system-out>
  </testcase>
  <testcase name="closeBrowser" classname="com.game_classes.GameUiTest" time="0.029">
    <failure message="disconnected: not connected to DevTools&#10;  (failed to check if window was closed: disconnected: not connected to DevTools)&#10;  (Session info: chrome=115.0.5790.171)&#10;Build info: version: &apos;4.1.4&apos;, revision: &apos;535d840ee2&apos;&#10;System info: host: &apos;DESKTOP-TUFNRNQ&apos;, ip: &apos;192.168.0.102&apos;, os.name: &apos;Windows 10&apos;, os.arch: &apos;amd64&apos;, os.version: &apos;10.0&apos;, java.version: &apos;18.0.2.1&apos;&#10;Driver info: org.openqa.selenium.chrome.ChromeDriver&#10;Command: [3e668823bca2ed481073a58d85bdd53b, close {}]&#10;Capabilities {acceptInsecureCerts: false, browserName: chrome, browserVersion: 115.0.5790.171, chrome: {chromedriverVersion: 114.0.5735.90 (386bc09e8f4f..., userDataDir: C:\Users\HP\AppData\Local\T...}, goog:chromeOptions: {debuggerAddress: localhost:49513}, javascriptEnabled: true, networkConnectionEnabled: false, pageLoadStrategy: normal, platform: WINDOWS, platformName: WINDOWS, proxy: Proxy(), se:cdp: ws://localhost:49513/devtoo..., se:cdpVersion: 115.0.5790.171, setWindowRect: true, strictFileInteractability: false, timeouts: {implicit: 0, pageLoad: 300000, script: 30000}, unhandledPromptBehavior: dismiss and notify, webauthn:extension:credBlob: true, webauthn:extension:largeBlob: true, webauthn:extension:minPinLength: true, webauthn:extension:prf: true, webauthn:virtualAuthenticators: true}&#10;Session ID: 3e668823bca2ed481073a58d85bdd53b" type="org.openqa.selenium.WebDriverException">org.openqa.selenium.WebDriverException: 
disconnected: not connected to DevTools
  (failed to check if window was closed: disconnected: not connected to DevTools)
  (Session info: chrome=115.0.5790.171)
Build info: version: '4.1.4', revision: '535d840ee2'
System info: host: 'DESKTOP-TUFNRNQ', ip: '192.168.0.102', os.name: 'Windows 10', os.arch: 'amd64', os.version: '10.0', java.version: '18.0.2.1'
Driver info: org.openqa.selenium.chrome.ChromeDriver
Command: [3e668823bca2ed481073a58d85bdd53b, close {}]
Capabilities {acceptInsecureCerts: false, browserName: chrome, browserVersion: 115.0.5790.171, chrome: {chromedriverVersion: 114.0.5735.90 (386bc09e8f4f..., userDataDir: C:\Users\HP\AppData\Local\T...}, goog:chromeOptions: {debuggerAddress: localhost:49513}, javascriptEnabled: true, networkConnectionEnabled: false, pageLoadStrategy: normal, platform: WINDOWS, platformName: WINDOWS, proxy: Proxy(), se:cdp: ws://localhost:49513/devtoo..., se:cdpVersion: 115.0.5790.171, setWindowRect: true, strictFileInteractability: false, timeouts: {implicit: 0, pageLoad: 300000, script: 30000}, unhandledPromptBehavior: dismiss and notify, webauthn:extension:credBlob: true, webauthn:extension:largeBlob: true, webauthn:extension:minPinLength: true, webauthn:extension:prf: true, webauthn:virtualAuthenticators: true}
Session ID: 3e668823bca2ed481073a58d85bdd53b
	at com.game_classes.GameUiTest.closeBrowser(GameUiTest.java:120)
</failure>
    <system-out><![CDATA[19:42:51.673 [Forwarding close on session 3e668823bca2ed481073a58d85bdd53b to remote] DEBUG org.asynchttpclient.netty.request.NettyRequestSender - Using pooled Channel '[id: 0x66ad5e08, L:/127.0.0.1:49512 - R:localhost/127.0.0.1:64354]' for 'DELETE' to 'http://localhost:64354/session/3e668823bca2ed481073a58d85bdd53b/window'
19:42:51.673 [Forwarding close on session 3e668823bca2ed481073a58d85bdd53b to remote] DEBUG org.asynchttpclient.netty.request.NettyRequestSender - Using open Channel [id: 0x66ad5e08, L:/127.0.0.1:49512 - R:localhost/127.0.0.1:64354] for DELETE '/session/3e668823bca2ed481073a58d85bdd53b/window'
19:42:51.674 [AsyncHttpClient-1-2] DEBUG org.asynchttpclient.netty.handler.HttpHandler - 

Request DefaultFullHttpRequest(decodeResult: success, version: HTTP/1.1, content: EmptyByteBufBE)
DELETE /session/3e668823bca2ed481073a58d85bdd53b/window HTTP/1.1
User-Agent: selenium/4.1.4 (java windows)
Content-Type: application/json; charset=utf-8
host: localhost:64354
accept: */*

Response DefaultHttpResponse(decodeResult: success, version: HTTP/1.1)
HTTP/1.1 500 Internal Server Error
Content-Length: 1040
Content-Type: application/json; charset=utf-8
cache-control: no-cache

19:42:51.674 [AsyncHttpClient-1-2] DEBUG org.asynchttpclient.netty.channel.ChannelManager - Adding key: http://localhost:64354 for channel [id: 0x66ad5e08, L:/127.0.0.1:49512 - R:localhost/127.0.0.1:64354]
]]></system-out>
  </testcase>
  <testcase name="closeBrowser" classname="com.react_tests.ReactUiTest" time="0">
    <skipped/>
  </testcase>
  <testcase name="closeBrowser" classname="com.game_classes.UsersUITest" time="0">
    <skipped/>
  </testcase>
  <testcase name="testDeleteUsers on testDeleteUsers(com.game_classes.UserServiceTest)" classname="com.game_classes.UserServiceTest" time="0.158"/>
  <testcase name="testListAllUsers on testListAllUsers(com.game_classes.UserServiceTest)" classname="com.game_classes.UserServiceTest" time="0.011">
    <failure message="Iterables not equal: expected: null and actual: Page 1 of 0 containing UNKNOWN instances" type="java.lang.AssertionError">java.lang.AssertionError: Iterables not equal: expected: null and actual: Page 1 of 0 containing UNKNOWN instances
	at com.game_classes.UserServiceTest.testListAllUsers(UserServiceTest.java:62)
</failure>
  </testcase>
  <testcase name="testCreateOrUpdateUser on testCreateOrUpdateUser(com.game_classes.UserServiceTest)" classname="com.game_classes.UserServiceTest" time="0.001"/>
</testsuite>