<?xml version="1.0" encoding="UTF-8"?>
<testsuite xmlns:xsi="http://www.w3.org/2001/XMLSchema-instance" xsi:noNamespaceSchemaLocation="https://maven.apache.org/surefire/maven-surefire-plugin/xsd/surefire-test-report.xsd" name="TestSuite" time="53.936" tests="15" errors="0" skipped="0" failures="6">
  <properties>
    <property name="java.specification.version" value="18"/>
    <property name="sun.cpu.isalist" value="amd64"/>
    <property name="sun.jnu.encoding" value="Cp1251"/>
    <property name="java.class.path" value="H:\Programirane\Java\Proxiad-Hangman\target\test-classes;H:\Programirane\Java\Proxiad-Hangman\target\classes;C:\Users\HP\.m2\repository\com\fasterxml\jackson\datatype\jackson-datatype-jsr310\2.13.5\jackson-datatype-jsr310-2.13.5.jar;C:\Users\HP\.m2\repository\com\fasterxml\jackson\core\jackson-annotations\2.13.5\jackson-annotations-2.13.5.jar;C:\Users\HP\.m2\repository\com\fasterxml\jackson\core\jackson-core\2.13.5\jackson-core-2.13.5.jar;C:\Users\HP\.m2\repository\com\fasterxml\jackson\core\jackson-databind\2.13.5\jackson-databind-2.13.5.jar;C:\Users\HP\.m2\repository\javax\inject\javax.inject\1\javax.inject-1.jar;C:\Users\HP\.m2\repository\org\hamcrest\hamcrest\2.2\hamcrest-2.2.jar;C:\Users\HP\.m2\repository\org\springframework\boot\spring-boot-starter-web\2.7.13\spring-boot-starter-web-2.7.13.jar;C:\Users\HP\.m2\repository\org\springframework\boot\spring-boot-starter\2.7.13\spring-boot-starter-2.7.13.jar;C:\Users\HP\.m2\repository\org\springframework\boot\spring-boot-starter-logging\2.7.13\spring-boot-starter-logging-2.7.13.jar;C:\Users\HP\.m2\repository\ch\qos\logback\logback-classic\1.2.12\logback-classic-1.2.12.jar;C:\Users\HP\.m2\repository\ch\qos\logback\logback-core\1.2.12\logback-core-1.2.12.jar;C:\Users\HP\.m2\repository\org\apache\logging\log4j\log4j-to-slf4j\2.17.2\log4j-to-slf4j-2.17.2.jar;C:\Users\HP\.m2\repository\org\apache\logging\log4j\log4j-api\2.17.2\log4j-api-2.17.2.jar;C:\Users\HP\.m2\repository\org\slf4j\jul-to-slf4j\1.7.36\jul-to-slf4j-1.7.36.jar;C:\Users\HP\.m2\repository\org\yaml\snakeyaml\1.30\snakeyaml-1.30.jar;C:\Users\HP\.m2\repository\org\springframework\boot\spring-boot-starter-json\2.7.13\spring-boot-starter-json-2.7.13.jar;C:\Users\HP\.m2\repository\com\fasterxml\jackson\datatype\jackson-datatype-jdk8\2.13.5\jackson-datatype-jdk8-2.13.5.jar;C:\Users\HP\.m2\repository\com\fasterxml\jackson\module\jackson-module-parameter-names\2.13.5\jackson-module-parameter-names-2.13.5.jar;C:\Users\HP\.m2\repository\org\springframework\boot\spring-boot-starter-tomcat\2.7.13\spring-boot-starter-tomcat-2.7.13.jar;C:\Users\HP\.m2\repository\org\apache\tomcat\embed\tomcat-embed-websocket\9.0.76\tomcat-embed-websocket-9.0.76.jar;C:\Users\HP\.m2\repository\org\springframework\spring-web\5.3.28\spring-web-5.3.28.jar;C:\Users\HP\.m2\repository\org\springframework\spring-webmvc\5.3.28\spring-webmvc-5.3.28.jar;C:\Users\HP\.m2\repository\org\springframework\spring-aop\5.3.28\spring-aop-5.3.28.jar;C:\Users\HP\.m2\repository\org\springframework\spring-expression\5.3.28\spring-expression-5.3.28.jar;C:\Users\HP\.m2\repository\org\springframework\boot\spring-boot-starter-validation\2.7.13\spring-boot-starter-validation-2.7.13.jar;C:\Users\HP\.m2\repository\org\apache\tomcat\embed\tomcat-embed-el\9.0.76\tomcat-embed-el-9.0.76.jar;C:\Users\HP\.m2\repository\org\hibernate\validator\hibernate-validator\6.2.5.Final\hibernate-validator-6.2.5.Final.jar;C:\Users\HP\.m2\repository\org\jboss\logging\jboss-logging\3.4.3.Final\jboss-logging-3.4.3.Final.jar;C:\Users\HP\.m2\repository\com\fasterxml\classmate\1.5.1\classmate-1.5.1.jar;C:\Users\HP\.m2\repository\org\springframework\boot\spring-boot-devtools\2.7.13\spring-boot-devtools-2.7.13.jar;C:\Users\HP\.m2\repository\org\springframework\boot\spring-boot\2.7.13\spring-boot-2.7.13.jar;C:\Users\HP\.m2\repository\org\springframework\boot\spring-boot-autoconfigure\2.7.13\spring-boot-autoconfigure-2.7.13.jar;C:\Users\HP\.m2\repository\org\springframework\boot\spring-boot-starter-web-services\2.7.13\spring-boot-starter-web-services-2.7.13.jar;C:\Users\HP\.m2\repository\com\sun\xml\messaging\saaj\saaj-impl\1.5.3\saaj-impl-1.5.3.jar;C:\Users\HP\.m2\repository\org\jvnet\staxex\stax-ex\1.8.3\stax-ex-1.8.3.jar;C:\Users\HP\.m2\repository\org\springframework\spring-oxm\5.3.28\spring-oxm-5.3.28.jar;C:\Users\HP\.m2\repository\org\springframework\ws\spring-ws-core\3.1.6\spring-ws-core-3.1.6.jar;C:\Users\HP\.m2\repository\org\apache\cxf\cxf-spring-boot-starter-jaxws\3.5.0\cxf-spring-boot-starter-jaxws-3.5.0.jar;C:\Users\HP\.m2\repository\org\apache\cxf\cxf-spring-boot-autoconfigure\3.5.0\cxf-spring-boot-autoconfigure-3.5.0.jar;C:\Users\HP\.m2\repository\org\apache\cxf\cxf-rt-features-metrics\3.5.0\cxf-rt-features-metrics-3.5.0.jar;C:\Users\HP\.m2\repository\jakarta\validation\jakarta.validation-api\2.0.2\jakarta.validation-api-2.0.2.jar;C:\Users\HP\.m2\repository\jakarta\annotation\jakarta.annotation-api\1.3.5\jakarta.annotation-api-1.3.5.jar;C:\Users\HP\.m2\repository\jakarta\jws\jakarta.jws-api\2.1.0\jakarta.jws-api-2.1.0.jar;C:\Users\HP\.m2\repository\jakarta\xml\soap\jakarta.xml.soap-api\1.4.2\jakarta.xml.soap-api-1.4.2.jar;C:\Users\HP\.m2\repository\jakarta\activation\jakarta.activation-api\1.2.2\jakarta.activation-api-1.2.2.jar;C:\Users\HP\.m2\repository\com\sun\activation\jakarta.activation\1.2.2\jakarta.activation-1.2.2.jar;C:\Users\HP\.m2\repository\org\apache\geronimo\specs\geronimo-jta_1.1_spec\1.1.1\geronimo-jta_1.1_spec-1.1.1.jar;C:\Users\HP\.m2\repository\junit\junit\4.13.2\junit-4.13.2.jar;C:\Users\HP\.m2\repository\org\hamcrest\hamcrest-core\2.2\hamcrest-core-2.2.jar;C:\Users\HP\.m2\repository\org\apache\cxf\cxf-rt-frontend-jaxws\3.5.0\cxf-rt-frontend-jaxws-3.5.0.jar;C:\Users\HP\.m2\repository\xml-resolver\xml-resolver\1.2\xml-resolver-1.2.jar;C:\Users\HP\.m2\repository\org\ow2\asm\asm\9.2\asm-9.2.jar;C:\Users\HP\.m2\repository\org\apache\cxf\cxf-core\3.5.0\cxf-core-3.5.0.jar;C:\Users\HP\.m2\repository\org\glassfish\jaxb\jaxb-runtime\2.3.8\jaxb-runtime-2.3.8.jar;C:\Users\HP\.m2\repository\org\glassfish\jaxb\txw2\2.3.8\txw2-2.3.8.jar;C:\Users\HP\.m2\repository\com\sun\istack\istack-commons-runtime\3.0.12\istack-commons-runtime-3.0.12.jar;C:\Users\HP\.m2\repository\com\fasterxml\woodstox\woodstox-core\6.2.7\woodstox-core-6.2.7.jar;C:\Users\HP\.m2\repository\org\codehaus\woodstox\stax2-api\4.2.1\stax2-api-4.2.1.jar;C:\Users\HP\.m2\repository\org\apache\ws\xmlschema\xmlschema-core\2.3.0\xmlschema-core-2.3.0.jar;C:\Users\HP\.m2\repository\org\apache\cxf\cxf-rt-bindings-soap\3.5.0\cxf-rt-bindings-soap-3.5.0.jar;C:\Users\HP\.m2\repository\org\apache\cxf\cxf-rt-wsdl\3.5.0\cxf-rt-wsdl-3.5.0.jar;C:\Users\HP\.m2\repository\wsdl4j\wsdl4j\1.6.3\wsdl4j-1.6.3.jar;C:\Users\HP\.m2\repository\org\apache\cxf\cxf-rt-databinding-jaxb\3.5.0\cxf-rt-databinding-jaxb-3.5.0.jar;C:\Users\HP\.m2\repository\org\apache\cxf\cxf-rt-bindings-xml\3.5.0\cxf-rt-bindings-xml-3.5.0.jar;C:\Users\HP\.m2\repository\org\apache\cxf\cxf-rt-frontend-simple\3.5.0\cxf-rt-frontend-simple-3.5.0.jar;C:\Users\HP\.m2\repository\org\apache\cxf\cxf-rt-ws-addr\3.5.0\cxf-rt-ws-addr-3.5.0.jar;C:\Users\HP\.m2\repository\org\apache\cxf\cxf-rt-ws-policy\3.5.0\cxf-rt-ws-policy-3.5.0.jar;C:\Users\HP\.m2\repository\org\apache\neethi\neethi\3.2.0\neethi-3.2.0.jar;C:\Users\HP\.m2\repository\org\apache\cxf\cxf-rt-transports-http\3.5.0\cxf-rt-transports-http-3.5.0.jar;C:\Users\HP\.m2\repository\org\apache\cxf\cxf-rt-transports-http-jetty\3.5.0\cxf-rt-transports-http-jetty-3.5.0.jar;C:\Users\HP\.m2\repository\org\eclipse\jetty\jetty-server\9.4.51.v20230217\jetty-server-9.4.51.v20230217.jar;C:\Users\HP\.m2\repository\javax\servlet\javax.servlet-api\4.0.1\javax.servlet-api-4.0.1.jar;C:\Users\HP\.m2\repository\org\eclipse\jetty\jetty-util\9.4.51.v20230217\jetty-util-9.4.51.v20230217.jar;C:\Users\HP\.m2\repository\org\eclipse\jetty\jetty-io\9.4.51.v20230217\jetty-io-9.4.51.v20230217.jar;C:\Users\HP\.m2\repository\org\eclipse\jetty\jetty-security\9.4.51.v20230217\jetty-security-9.4.51.v20230217.jar;C:\Users\HP\.m2\repository\org\eclipse\jetty\jetty-continuation\9.4.51.v20230217\jetty-continuation-9.4.51.v20230217.jar;C:\Users\HP\.m2\repository\org\eclipse\jetty\jetty-http\9.4.51.v20230217\jetty-http-9.4.51.v20230217.jar;C:\Users\HP\.m2\repository\org\slf4j\slf4j-api\1.7.36\slf4j-api-1.7.36.jar;C:\Users\HP\.m2\repository\org\springframework\boot\spring-boot-starter-test\2.7.13\spring-boot-starter-test-2.7.13.jar;C:\Users\HP\.m2\repository\org\springframework\boot\spring-boot-test\2.7.13\spring-boot-test-2.7.13.jar;C:\Users\HP\.m2\repository\org\springframework\boot\spring-boot-test-autoconfigure\2.7.13\spring-boot-test-autoconfigure-2.7.13.jar;C:\Users\HP\.m2\repository\com\jayway\jsonpath\json-path\2.7.0\json-path-2.7.0.jar;C:\Users\HP\.m2\repository\net\minidev\json-smart\2.4.11\json-smart-2.4.11.jar;C:\Users\HP\.m2\repository\net\minidev\accessors-smart\2.4.11\accessors-smart-2.4.11.jar;C:\Users\HP\.m2\repository\jakarta\xml\bind\jakarta.xml.bind-api\2.3.3\jakarta.xml.bind-api-2.3.3.jar;C:\Users\HP\.m2\repository\org\assertj\assertj-core\3.22.0\assertj-core-3.22.0.jar;C:\Users\HP\.m2\repository\org\junit\jupiter\junit-jupiter\5.8.2\junit-jupiter-5.8.2.jar;C:\Users\HP\.m2\repository\org\junit\jupiter\junit-jupiter-api\5.8.2\junit-jupiter-api-5.8.2.jar;C:\Users\HP\.m2\repository\org\opentest4j\opentest4j\1.2.0\opentest4j-1.2.0.jar;C:\Users\HP\.m2\repository\org\junit\platform\junit-platform-commons\1.8.2\junit-platform-commons-1.8.2.jar;C:\Users\HP\.m2\repository\org\apiguardian\apiguardian-api\1.1.2\apiguardian-api-1.1.2.jar;C:\Users\HP\.m2\repository\org\junit\jupiter\junit-jupiter-params\5.8.2\junit-jupiter-params-5.8.2.jar;C:\Users\HP\.m2\repository\org\junit\jupiter\junit-jupiter-engine\5.8.2\junit-jupiter-engine-5.8.2.jar;C:\Users\HP\.m2\repository\org\junit\platform\junit-platform-engine\1.8.2\junit-platform-engine-1.8.2.jar;C:\Users\HP\.m2\repository\org\mockito\mockito-core\4.5.1\mockito-core-4.5.1.jar;C:\Users\HP\.m2\repository\net\bytebuddy\byte-buddy\1.12.23\byte-buddy-1.12.23.jar;C:\Users\HP\.m2\repository\net\bytebuddy\byte-buddy-agent\1.12.23\byte-buddy-agent-1.12.23.jar;C:\Users\HP\.m2\repository\org\objenesis\objenesis\3.2\objenesis-3.2.jar;C:\Users\HP\.m2\repository\org\mockito\mockito-junit-jupiter\4.5.1\mockito-junit-jupiter-4.5.1.jar;C:\Users\HP\.m2\repository\org\skyscreamer\jsonassert\1.5.1\jsonassert-1.5.1.jar;C:\Users\HP\.m2\repository\com\vaadin\external\google\android-json\0.0.20131108.vaadin1\android-json-0.0.20131108.vaadin1.jar;C:\Users\HP\.m2\repository\org\springframework\spring-core\5.3.28\spring-core-5.3.28.jar;C:\Users\HP\.m2\repository\org\springframework\spring-jcl\5.3.28\spring-jcl-5.3.28.jar;C:\Users\HP\.m2\repository\org\springframework\spring-test\5.3.28\spring-test-5.3.28.jar;C:\Users\HP\.m2\repository\org\xmlunit\xmlunit-core\2.9.1\xmlunit-core-2.9.1.jar;C:\Users\HP\.m2\repository\org\mariadb\jdbc\mariadb-java-client\3.0.10\mariadb-java-client-3.0.10.jar;C:\Users\HP\.m2\repository\org\flywaydb\flyway-core\8.5.13\flyway-core-8.5.13.jar;C:\Users\HP\.m2\repository\org\flywaydb\flyway-mysql\8.5.13\flyway-mysql-8.5.13.jar;C:\Users\HP\.m2\repository\com\mysql\mysql-connector-j\8.0.33\mysql-connector-j-8.0.33.jar;C:\Users\HP\.m2\repository\org\springframework\boot\spring-boot-starter-data-jpa\2.7.13\spring-boot-starter-data-jpa-2.7.13.jar;C:\Users\HP\.m2\repository\org\springframework\boot\spring-boot-starter-aop\2.7.13\spring-boot-starter-aop-2.7.13.jar;C:\Users\HP\.m2\repository\org\aspectj\aspectjweaver\1.9.7\aspectjweaver-1.9.7.jar;C:\Users\HP\.m2\repository\org\springframework\boot\spring-boot-starter-jdbc\2.7.13\spring-boot-starter-jdbc-2.7.13.jar;C:\Users\HP\.m2\repository\com\zaxxer\HikariCP\4.0.3\HikariCP-4.0.3.jar;C:\Users\HP\.m2\repository\org\springframework\spring-jdbc\5.3.28\spring-jdbc-5.3.28.jar;C:\Users\HP\.m2\repository\jakarta\transaction\jakarta.transaction-api\1.3.3\jakarta.transaction-api-1.3.3.jar;C:\Users\HP\.m2\repository\jakarta\persistence\jakarta.persistence-api\2.2.3\jakarta.persistence-api-2.2.3.jar;C:\Users\HP\.m2\repository\org\hibernate\hibernate-core\5.6.15.Final\hibernate-core-5.6.15.Final.jar;C:\Users\HP\.m2\repository\antlr\antlr\2.7.7\antlr-2.7.7.jar;C:\Users\HP\.m2\repository\org\jboss\jandex\2.4.2.Final\jandex-2.4.2.Final.jar;C:\Users\HP\.m2\repository\org\hibernate\common\hibernate-commons-annotations\5.1.2.Final\hibernate-commons-annotations-5.1.2.Final.jar;C:\Users\HP\.m2\repository\org\springframework\data\spring-data-jpa\2.7.13\spring-data-jpa-2.7.13.jar;C:\Users\HP\.m2\repository\org\springframework\data\spring-data-commons\2.7.13\spring-data-commons-2.7.13.jar;C:\Users\HP\.m2\repository\org\springframework\spring-orm\5.3.28\spring-orm-5.3.28.jar;C:\Users\HP\.m2\repository\org\springframework\spring-tx\5.3.28\spring-tx-5.3.28.jar;C:\Users\HP\.m2\repository\org\springframework\spring-aspects\5.3.28\spring-aspects-5.3.28.jar;C:\Users\HP\.m2\repository\org\apache\tomcat\embed\tomcat-embed-jasper\9.0.76\tomcat-embed-jasper-9.0.76.jar;C:\Users\HP\.m2\repository\org\apache\tomcat\embed\tomcat-embed-core\9.0.76\tomcat-embed-core-9.0.76.jar;C:\Users\HP\.m2\repository\org\apache\tomcat\tomcat-annotations-api\9.0.76\tomcat-annotations-api-9.0.76.jar;C:\Users\HP\.m2\repository\org\eclipse\jdt\ecj\3.26.0\ecj-3.26.0.jar;C:\Users\HP\.m2\repository\javax\servlet\jstl\1.2\jstl-1.2.jar;C:\Users\HP\.m2\repository\io\github\bonigarcia\webdrivermanager\5.3.3\webdrivermanager-5.3.3.jar;C:\Users\HP\.m2\repository\com\google\code\gson\gson\2.9.1\gson-2.9.1.jar;C:\Users\HP\.m2\repository\com\github\docker-java\docker-java\3.3.0\docker-java-3.3.0.jar;C:\Users\HP\.m2\repository\com\github\docker-java\docker-java-core\3.3.0\docker-java-core-3.3.0.jar;C:\Users\HP\.m2\repository\com\github\docker-java\docker-java-api\3.3.0\docker-java-api-3.3.0.jar;C:\Users\HP\.m2\repository\commons-io\commons-io\2.6\commons-io-2.6.jar;C:\Users\HP\.m2\repository\org\apache\commons\commons-compress\1.21\commons-compress-1.21.jar;C:\Users\HP\.m2\repository\org\bouncycastle\bcpkix-jdk15on\1.64\bcpkix-jdk15on-1.64.jar;C:\Users\HP\.m2\repository\org\bouncycastle\bcprov-jdk15on\1.64\bcprov-jdk15on-1.64.jar;C:\Users\HP\.m2\repository\org\slf4j\jcl-over-slf4j\1.7.36\jcl-over-slf4j-1.7.36.jar;C:\Users\HP\.m2\repository\com\github\docker-java\docker-java-transport-httpclient5\3.3.0\docker-java-transport-httpclient5-3.3.0.jar;C:\Users\HP\.m2\repository\com\github\docker-java\docker-java-transport\3.3.0\docker-java-transport-3.3.0.jar;C:\Users\HP\.m2\repository\net\java\dev\jna\jna\5.12.1\jna-5.12.1.jar;C:\Users\HP\.m2\repository\org\brotli\dec\0.1.2\dec-0.1.2.jar;C:\Users\HP\.m2\repository\org\apache\commons\commons-lang3\3.12.0\commons-lang3-3.12.0.jar;C:\Users\HP\.m2\repository\org\apache\httpcomponents\client5\httpclient5\5.1.4\httpclient5-5.1.4.jar;C:\Users\HP\.m2\repository\org\apache\httpcomponents\core5\httpcore5\5.1.5\httpcore5-5.1.5.jar;C:\Users\HP\.m2\repository\org\apache\httpcomponents\core5\httpcore5-h2\5.1.5\httpcore5-h2-5.1.5.jar;C:\Users\HP\.m2\repository\commons-codec\commons-codec\1.15\commons-codec-1.15.jar;C:\Users\HP\.m2\repository\javax\ejb\ejb-api\3.0\ejb-api-3.0.jar;C:\Users\HP\.m2\repository\javax\jws\javax.jws-api\1.1\javax.jws-api-1.1.jar;C:\Users\HP\.m2\repository\org\springdoc\springdoc-openapi-ui\1.6.14\springdoc-openapi-ui-1.6.14.jar;C:\Users\HP\.m2\repository\org\springdoc\springdoc-openapi-webmvc-core\1.6.14\springdoc-openapi-webmvc-core-1.6.14.jar;C:\Users\HP\.m2\repository\org\springdoc\springdoc-openapi-common\1.6.14\springdoc-openapi-common-1.6.14.jar;C:\Users\HP\.m2\repository\io\swagger\core\v3\swagger-core\2.2.7\swagger-core-2.2.7.jar;C:\Users\HP\.m2\repository\com\fasterxml\jackson\dataformat\jackson-dataformat-yaml\2.13.5\jackson-dataformat-yaml-2.13.5.jar;C:\Users\HP\.m2\repository\io\swagger\core\v3\swagger-annotations\2.2.7\swagger-annotations-2.2.7.jar;C:\Users\HP\.m2\repository\io\swagger\core\v3\swagger-models\2.2.7\swagger-models-2.2.7.jar;C:\Users\HP\.m2\repository\org\webjars\swagger-ui\4.15.5\swagger-ui-4.15.5.jar;C:\Users\HP\.m2\repository\org\webjars\webjars-locator-core\0.50\webjars-locator-core-0.50.jar;C:\Users\HP\.m2\repository\io\github\classgraph\classgraph\4.8.149\classgraph-4.8.149.jar;C:\Users\HP\.m2\repository\jakarta\xml\ws\jakarta.xml.ws-api\2.3.3\jakarta.xml.ws-api-2.3.3.jar;C:\Users\HP\.m2\repository\org\seleniumhq\selenium\selenium-java\4.1.4\selenium-java-4.1.4.jar;C:\Users\HP\.m2\repository\org\seleniumhq\selenium\selenium-api\4.1.4\selenium-api-4.1.4.jar;C:\Users\HP\.m2\repository\org\seleniumhq\selenium\selenium-chrome-driver\4.1.4\selenium-chrome-driver-4.1.4.jar;C:\Users\HP\.m2\repository\com\google\auto\service\auto-service-annotations\1.0.1\auto-service-annotations-1.0.1.jar;C:\Users\HP\.m2\repository\com\google\auto\service\auto-service\1.0.1\auto-service-1.0.1.jar;C:\Users\HP\.m2\repository\com\google\auto\auto-common\1.2\auto-common-1.2.jar;C:\Users\HP\.m2\repository\com\google\guava\guava\31.1-jre\guava-31.1-jre.jar;C:\Users\HP\.m2\repository\com\google\guava\failureaccess\1.0.1\failureaccess-1.0.1.jar;C:\Users\HP\.m2\repository\com\google\guava\listenablefuture\9999.0-empty-to-avoid-conflict-with-guava\listenablefuture-9999.0-empty-to-avoid-conflict-with-guava.jar;C:\Users\HP\.m2\repository\com\google\code\findbugs\jsr305\3.0.2\jsr305-3.0.2.jar;C:\Users\HP\.m2\repository\org\checkerframework\checker-qual\3.12.0\checker-qual-3.12.0.jar;C:\Users\HP\.m2\repository\com\google\errorprone\error_prone_annotations\2.11.0\error_prone_annotations-2.11.0.jar;C:\Users\HP\.m2\repository\com\google\j2objc\j2objc-annotations\1.3\j2objc-annotations-1.3.jar;C:\Users\HP\.m2\repository\org\seleniumhq\selenium\selenium-chromium-driver\4.1.4\selenium-chromium-driver-4.1.4.jar;C:\Users\HP\.m2\repository\org\seleniumhq\selenium\selenium-json\4.1.4\selenium-json-4.1.4.jar;C:\Users\HP\.m2\repository\org\seleniumhq\selenium\selenium-devtools-v100\4.1.4\selenium-devtools-v100-4.1.4.jar;C:\Users\HP\.m2\repository\org\seleniumhq\selenium\selenium-devtools-v101\4.1.4\selenium-devtools-v101-4.1.4.jar;C:\Users\HP\.m2\repository\org\seleniumhq\selenium\selenium-devtools-v85\4.1.4\selenium-devtools-v85-4.1.4.jar;C:\Users\HP\.m2\repository\org\seleniumhq\selenium\selenium-devtools-v99\4.1.4\selenium-devtools-v99-4.1.4.jar;C:\Users\HP\.m2\repository\org\seleniumhq\selenium\selenium-edge-driver\4.1.4\selenium-edge-driver-4.1.4.jar;C:\Users\HP\.m2\repository\org\seleniumhq\selenium\selenium-firefox-driver\4.1.4\selenium-firefox-driver-4.1.4.jar;C:\Users\HP\.m2\repository\org\seleniumhq\selenium\selenium-ie-driver\4.1.4\selenium-ie-driver-4.1.4.jar;C:\Users\HP\.m2\repository\org\seleniumhq\selenium\selenium-opera-driver\4.1.4\selenium-opera-driver-4.1.4.jar;C:\Users\HP\.m2\repository\org\seleniumhq\selenium\selenium-remote-driver\4.1.4\selenium-remote-driver-4.1.4.jar;C:\Users\HP\.m2\repository\io\netty\netty-buffer\4.1.94.Final\netty-buffer-4.1.94.Final.jar;C:\Users\HP\.m2\repository\io\netty\netty-codec-http\4.1.94.Final\netty-codec-http-4.1.94.Final.jar;C:\Users\HP\.m2\repository\io\netty\netty-codec\4.1.94.Final\netty-codec-4.1.94.Final.jar;C:\Users\HP\.m2\repository\io\netty\netty-handler\4.1.94.Final\netty-handler-4.1.94.Final.jar;C:\Users\HP\.m2\repository\io\netty\netty-common\4.1.94.Final\netty-common-4.1.94.Final.jar;C:\Users\HP\.m2\repository\io\netty\netty-transport-classes-epoll\4.1.94.Final\netty-transport-classes-epoll-4.1.94.Final.jar;C:\Users\HP\.m2\repository\io\netty\netty-transport-classes-kqueue\4.1.94.Final\netty-transport-classes-kqueue-4.1.94.Final.jar;C:\Users\HP\.m2\repository\io\netty\netty-transport-native-epoll\4.1.94.Final\netty-transport-native-epoll-4.1.94.Final.jar;C:\Users\HP\.m2\repository\io\netty\netty-transport-native-kqueue\4.1.94.Final\netty-transport-native-kqueue-4.1.94.Final.jar;C:\Users\HP\.m2\repository\io\netty\netty-transport-native-unix-common\4.1.94.Final\netty-transport-native-unix-common-4.1.94.Final.jar;C:\Users\HP\.m2\repository\io\netty\netty-transport\4.1.94.Final\netty-transport-4.1.94.Final.jar;C:\Users\HP\.m2\repository\io\netty\netty-resolver\4.1.94.Final\netty-resolver-4.1.94.Final.jar;C:\Users\HP\.m2\repository\io\opentelemetry\opentelemetry-api\1.13.0\opentelemetry-api-1.13.0.jar;C:\Users\HP\.m2\repository\io\opentelemetry\opentelemetry-context\1.13.0\opentelemetry-context-1.13.0.jar;C:\Users\HP\.m2\repository\io\opentelemetry\opentelemetry-exporter-logging\1.13.0\opentelemetry-exporter-logging-1.13.0.jar;C:\Users\HP\.m2\repository\io\opentelemetry\opentelemetry-sdk-metrics\1.13.0-alpha\opentelemetry-sdk-metrics-1.13.0-alpha.jar;C:\Users\HP\.m2\repository\io\opentelemetry\opentelemetry-sdk-logs\1.13.0-alpha\opentelemetry-sdk-logs-1.13.0-alpha.jar;C:\Users\HP\.m2\repository\io\opentelemetry\opentelemetry-sdk-common\1.13.0\opentelemetry-sdk-common-1.13.0.jar;C:\Users\HP\.m2\repository\io\opentelemetry\opentelemetry-sdk-extension-autoconfigure-spi\1.13.0\opentelemetry-sdk-extension-autoconfigure-spi-1.13.0.jar;C:\Users\HP\.m2\repository\io\opentelemetry\opentelemetry-sdk-extension-autoconfigure\1.13.0-alpha\opentelemetry-sdk-extension-autoconfigure-1.13.0-alpha.jar;C:\Users\HP\.m2\repository\io\opentelemetry\opentelemetry-sdk-trace\1.13.0\opentelemetry-sdk-trace-1.13.0.jar;C:\Users\HP\.m2\repository\io\opentelemetry\opentelemetry-sdk\1.13.0\opentelemetry-sdk-1.13.0.jar;C:\Users\HP\.m2\repository\io\opentelemetry\opentelemetry-semconv\1.13.0-alpha\opentelemetry-semconv-1.13.0-alpha.jar;C:\Users\HP\.m2\repository\io\ous\jtoml\2.0.0\jtoml-2.0.0.jar;C:\Users\HP\.m2\repository\org\apache\commons\commons-exec\1.3\commons-exec-1.3.jar;C:\Users\HP\.m2\repository\org\asynchttpclient\async-http-client\2.12.3\async-http-client-2.12.3.jar;C:\Users\HP\.m2\repository\org\asynchttpclient\async-http-client-netty-utils\2.12.3\async-http-client-netty-utils-2.12.3.jar;C:\Users\HP\.m2\repository\io\netty\netty-codec-socks\4.1.94.Final\netty-codec-socks-4.1.94.Final.jar;C:\Users\HP\.m2\repository\io\netty\netty-handler-proxy\4.1.94.Final\netty-handler-proxy-4.1.94.Final.jar;C:\Users\HP\.m2\repository\io\netty\netty-transport-native-epoll\4.1.94.Final\netty-transport-native-epoll-4.1.94.Final-linux-x86_64.jar;C:\Users\HP\.m2\repository\io\netty\netty-transport-native-kqueue\4.1.94.Final\netty-transport-native-kqueue-4.1.94.Final-osx-x86_64.jar;C:\Users\HP\.m2\repository\com\typesafe\netty\netty-reactive-streams\2.0.4\netty-reactive-streams-2.0.4.jar;C:\Users\HP\.m2\repository\org\seleniumhq\selenium\selenium-http\4.1.4\selenium-http-4.1.4.jar;C:\Users\HP\.m2\repository\dev\failsafe\failsafe\3.2.3\failsafe-3.2.3.jar;C:\Users\HP\.m2\repository\org\seleniumhq\selenium\selenium-safari-driver\4.1.4\selenium-safari-driver-4.1.4.jar;C:\Users\HP\.m2\repository\org\seleniumhq\selenium\selenium-support\4.1.4\selenium-support-4.1.4.jar;C:\Users\HP\.m2\repository\io\rest-assured\rest-assured\4.5.1\rest-assured-4.5.1.jar;C:\Users\HP\.m2\repository\org\codehaus\groovy\groovy\3.0.17\groovy-3.0.17.jar;C:\Users\HP\.m2\repository\org\codehaus\groovy\groovy-xml\3.0.17\groovy-xml-3.0.17.jar;C:\Users\HP\.m2\repository\org\apache\httpcomponents\httpclient\4.5.14\httpclient-4.5.14.jar;C:\Users\HP\.m2\repository\org\apache\httpcomponents\httpcore\4.4.16\httpcore-4.4.16.jar;C:\Users\HP\.m2\repository\org\apache\httpcomponents\httpmime\4.5.14\httpmime-4.5.14.jar;C:\Users\HP\.m2\repository\org\ccil\cowan\tagsoup\tagsoup\1.2.1\tagsoup-1.2.1.jar;C:\Users\HP\.m2\repository\io\rest-assured\json-path\4.5.1\json-path-4.5.1.jar;C:\Users\HP\.m2\repository\org\codehaus\groovy\groovy-json\3.0.17\groovy-json-3.0.17.jar;C:\Users\HP\.m2\repository\io\rest-assured\rest-assured-common\4.5.1\rest-assured-common-4.5.1.jar;C:\Users\HP\.m2\repository\io\rest-assured\xml-path\4.5.1\xml-path-4.5.1.jar;C:\Users\HP\.m2\repository\org\springframework\boot\spring-boot-starter-webflux\2.7.13\spring-boot-starter-webflux-2.7.13.jar;C:\Users\HP\.m2\repository\org\springframework\boot\spring-boot-starter-reactor-netty\2.7.13\spring-boot-starter-reactor-netty-2.7.13.jar;C:\Users\HP\.m2\repository\io\projectreactor\netty\reactor-netty-http\1.0.33\reactor-netty-http-1.0.33.jar;C:\Users\HP\.m2\repository\io\netty\netty-codec-http2\4.1.94.Final\netty-codec-http2-4.1.94.Final.jar;C:\Users\HP\.m2\repository\io\netty\netty-resolver-dns\4.1.94.Final\netty-resolver-dns-4.1.94.Final.jar;C:\Users\HP\.m2\repository\io\netty\netty-codec-dns\4.1.94.Final\netty-codec-dns-4.1.94.Final.jar;C:\Users\HP\.m2\repository\io\netty\netty-resolver-dns-native-macos\4.1.94.Final\netty-resolver-dns-native-macos-4.1.94.Final-osx-x86_64.jar;C:\Users\HP\.m2\repository\io\netty\netty-resolver-dns-classes-macos\4.1.94.Final\netty-resolver-dns-classes-macos-4.1.94.Final.jar;C:\Users\HP\.m2\repository\io\projectreactor\netty\reactor-netty-core\1.0.33\reactor-netty-core-1.0.33.jar;C:\Users\HP\.m2\repository\org\springframework\spring-webflux\5.3.28\spring-webflux-5.3.28.jar;C:\Users\HP\.m2\repository\org\springframework\spring-beans\5.3.28\spring-beans-5.3.28.jar;C:\Users\HP\.m2\repository\io\projectreactor\reactor-core\3.4.30\reactor-core-3.4.30.jar;C:\Users\HP\.m2\repository\org\reactivestreams\reactive-streams\1.0.4\reactive-streams-1.0.4.jar;C:\Users\HP\.m2\repository\org\springframework\boot\spring-boot-starter-hateoas\2.7.13\spring-boot-starter-hateoas-2.7.13.jar;C:\Users\HP\.m2\repository\org\springframework\hateoas\spring-hateoas\1.5.4\spring-hateoas-1.5.4.jar;C:\Users\HP\.m2\repository\org\springframework\plugin\spring-plugin-core\2.0.0.RELEASE\spring-plugin-core-2.0.0.RELEASE.jar;C:\Users\HP\.m2\repository\org\testng\testng\7.4.0\testng-7.4.0.jar;C:\Users\HP\.m2\repository\com\beust\jcommander\1.78\jcommander-1.78.jar;C:\Users\HP\.m2\repository\org\webjars\jquery\3.5.1\jquery-3.5.1.jar;C:\Users\HP\.m2\repository\org\springframework\ws\spring-ws-test\3.1.6\spring-ws-test-3.1.6.jar;C:\Users\HP\.m2\repository\org\springframework\ws\spring-xml\3.1.6\spring-xml-3.1.6.jar;C:\Users\HP\.m2\repository\org\springframework\spring-context\5.3.28\spring-context-5.3.28.jar;C:\Users\HP\.m2\repository\xmlunit\xmlunit\1.6\xmlunit-1.6.jar;C:\Users\HP\.m2\repository\com\squareup\okhttp3\okhttp\4.9.3\okhttp-4.9.3.jar;C:\Users\HP\.m2\repository\com\squareup\okio\okio\2.8.0\okio-2.8.0.jar;C:\Users\HP\.m2\repository\org\jetbrains\kotlin\kotlin-stdlib-common\1.6.21\kotlin-stdlib-common-1.6.21.jar;C:\Users\HP\.m2\repository\org\jetbrains\kotlin\kotlin-stdlib\1.6.21\kotlin-stdlib-1.6.21.jar;C:\Users\HP\.m2\repository\org\jetbrains\annotations\13.0\annotations-13.0.jar;C:\Users\HP\.m2\repository\com\squareup\okhttp3\mockwebserver\4.9.3\mockwebserver-4.9.3.jar;C:\Users\HP\.m2\repository\org\jetbrains\kotlin\kotlin-stdlib-jdk8\1.6.21\kotlin-stdlib-jdk8-1.6.21.jar;C:\Users\HP\.m2\repository\org\jetbrains\kotlin\kotlin-stdlib-jdk7\1.6.21\kotlin-stdlib-jdk7-1.6.21.jar;"/>
    <property name="java.vm.vendor" value="Eclipse Adoptium"/>
    <property name="sun.arch.data.model" value="64"/>
    <property name="user.variant" value=""/>
    <property name="java.vendor.url" value="https://adoptium.net/"/>
    <property name="user.timezone" value="Europe/Sofia"/>
    <property name="os.name" value="Windows 10"/>
    <property name="java.vm.specification.version" value="18"/>
    <property name="sun.java.launcher" value="SUN_STANDARD"/>
    <property name="user.country" value="US"/>
    <property name="sun.boot.library.path" value="C:\Users\HP\.p2\pool\plugins\org.eclipse.justj.openjdk.hotspot.jre.full.win32.x86_64_18.0.2.v20221005-1040\jre\bin"/>
    <property name="sun.java.command" value="C:\Users\HP\AppData\Local\Temp\surefire8596021957496119638\surefirebooter4865521252435332661.jar C:\Users\HP\AppData\Local\Temp\surefire8596021957496119638 2023-07-26T22-47-05_915-jvmRun1 surefire17095557268391839024tmp surefire_012104915967782798481tmp"/>
    <property name="jdk.debug" value="release"/>
    <property name="surefire.test.class.path" value="H:\Programirane\Java\Proxiad-Hangman\target\test-classes;H:\Programirane\Java\Proxiad-Hangman\target\classes;C:\Users\HP\.m2\repository\com\fasterxml\jackson\datatype\jackson-datatype-jsr310\2.13.5\jackson-datatype-jsr310-2.13.5.jar;C:\Users\HP\.m2\repository\com\fasterxml\jackson\core\jackson-annotations\2.13.5\jackson-annotations-2.13.5.jar;C:\Users\HP\.m2\repository\com\fasterxml\jackson\core\jackson-core\2.13.5\jackson-core-2.13.5.jar;C:\Users\HP\.m2\repository\com\fasterxml\jackson\core\jackson-databind\2.13.5\jackson-databind-2.13.5.jar;C:\Users\HP\.m2\repository\javax\inject\javax.inject\1\javax.inject-1.jar;C:\Users\HP\.m2\repository\org\hamcrest\hamcrest\2.2\hamcrest-2.2.jar;C:\Users\HP\.m2\repository\org\springframework\boot\spring-boot-starter-web\2.7.13\spring-boot-starter-web-2.7.13.jar;C:\Users\HP\.m2\repository\org\springframework\boot\spring-boot-starter\2.7.13\spring-boot-starter-2.7.13.jar;C:\Users\HP\.m2\repository\org\springframework\boot\spring-boot-starter-logging\2.7.13\spring-boot-starter-logging-2.7.13.jar;C:\Users\HP\.m2\repository\ch\qos\logback\logback-classic\1.2.12\logback-classic-1.2.12.jar;C:\Users\HP\.m2\repository\ch\qos\logback\logback-core\1.2.12\logback-core-1.2.12.jar;C:\Users\HP\.m2\repository\org\apache\logging\log4j\log4j-to-slf4j\2.17.2\log4j-to-slf4j-2.17.2.jar;C:\Users\HP\.m2\repository\org\apache\logging\log4j\log4j-api\2.17.2\log4j-api-2.17.2.jar;C:\Users\HP\.m2\repository\org\slf4j\jul-to-slf4j\1.7.36\jul-to-slf4j-1.7.36.jar;C:\Users\HP\.m2\repository\org\yaml\snakeyaml\1.30\snakeyaml-1.30.jar;C:\Users\HP\.m2\repository\org\springframework\boot\spring-boot-starter-json\2.7.13\spring-boot-starter-json-2.7.13.jar;C:\Users\HP\.m2\repository\com\fasterxml\jackson\datatype\jackson-datatype-jdk8\2.13.5\jackson-datatype-jdk8-2.13.5.jar;C:\Users\HP\.m2\repository\com\fasterxml\jackson\module\jackson-module-parameter-names\2.13.5\jackson-module-parameter-names-2.13.5.jar;C:\Users\HP\.m2\repository\org\springframework\boot\spring-boot-starter-tomcat\2.7.13\spring-boot-starter-tomcat-2.7.13.jar;C:\Users\HP\.m2\repository\org\apache\tomcat\embed\tomcat-embed-websocket\9.0.76\tomcat-embed-websocket-9.0.76.jar;C:\Users\HP\.m2\repository\org\springframework\spring-web\5.3.28\spring-web-5.3.28.jar;C:\Users\HP\.m2\repository\org\springframework\spring-webmvc\5.3.28\spring-webmvc-5.3.28.jar;C:\Users\HP\.m2\repository\org\springframework\spring-aop\5.3.28\spring-aop-5.3.28.jar;C:\Users\HP\.m2\repository\org\springframework\spring-expression\5.3.28\spring-expression-5.3.28.jar;C:\Users\HP\.m2\repository\org\springframework\boot\spring-boot-starter-validation\2.7.13\spring-boot-starter-validation-2.7.13.jar;C:\Users\HP\.m2\repository\org\apache\tomcat\embed\tomcat-embed-el\9.0.76\tomcat-embed-el-9.0.76.jar;C:\Users\HP\.m2\repository\org\hibernate\validator\hibernate-validator\6.2.5.Final\hibernate-validator-6.2.5.Final.jar;C:\Users\HP\.m2\repository\org\jboss\logging\jboss-logging\3.4.3.Final\jboss-logging-3.4.3.Final.jar;C:\Users\HP\.m2\repository\com\fasterxml\classmate\1.5.1\classmate-1.5.1.jar;C:\Users\HP\.m2\repository\org\springframework\boot\spring-boot-devtools\2.7.13\spring-boot-devtools-2.7.13.jar;C:\Users\HP\.m2\repository\org\springframework\boot\spring-boot\2.7.13\spring-boot-2.7.13.jar;C:\Users\HP\.m2\repository\org\springframework\boot\spring-boot-autoconfigure\2.7.13\spring-boot-autoconfigure-2.7.13.jar;C:\Users\HP\.m2\repository\org\springframework\boot\spring-boot-starter-web-services\2.7.13\spring-boot-starter-web-services-2.7.13.jar;C:\Users\HP\.m2\repository\com\sun\xml\messaging\saaj\saaj-impl\1.5.3\saaj-impl-1.5.3.jar;C:\Users\HP\.m2\repository\org\jvnet\staxex\stax-ex\1.8.3\stax-ex-1.8.3.jar;C:\Users\HP\.m2\repository\org\springframework\spring-oxm\5.3.28\spring-oxm-5.3.28.jar;C:\Users\HP\.m2\repository\org\springframework\ws\spring-ws-core\3.1.6\spring-ws-core-3.1.6.jar;C:\Users\HP\.m2\repository\org\apache\cxf\cxf-spring-boot-starter-jaxws\3.5.0\cxf-spring-boot-starter-jaxws-3.5.0.jar;C:\Users\HP\.m2\repository\org\apache\cxf\cxf-spring-boot-autoconfigure\3.5.0\cxf-spring-boot-autoconfigure-3.5.0.jar;C:\Users\HP\.m2\repository\org\apache\cxf\cxf-rt-features-metrics\3.5.0\cxf-rt-features-metrics-3.5.0.jar;C:\Users\HP\.m2\repository\jakarta\validation\jakarta.validation-api\2.0.2\jakarta.validation-api-2.0.2.jar;C:\Users\HP\.m2\repository\jakarta\annotation\jakarta.annotation-api\1.3.5\jakarta.annotation-api-1.3.5.jar;C:\Users\HP\.m2\repository\jakarta\jws\jakarta.jws-api\2.1.0\jakarta.jws-api-2.1.0.jar;C:\Users\HP\.m2\repository\jakarta\xml\soap\jakarta.xml.soap-api\1.4.2\jakarta.xml.soap-api-1.4.2.jar;C:\Users\HP\.m2\repository\jakarta\activation\jakarta.activation-api\1.2.2\jakarta.activation-api-1.2.2.jar;C:\Users\HP\.m2\repository\com\sun\activation\jakarta.activation\1.2.2\jakarta.activation-1.2.2.jar;C:\Users\HP\.m2\repository\org\apache\geronimo\specs\geronimo-jta_1.1_spec\1.1.1\geronimo-jta_1.1_spec-1.1.1.jar;C:\Users\HP\.m2\repository\junit\junit\4.13.2\junit-4.13.2.jar;C:\Users\HP\.m2\repository\org\hamcrest\hamcrest-core\2.2\hamcrest-core-2.2.jar;C:\Users\HP\.m2\repository\org\apache\cxf\cxf-rt-frontend-jaxws\3.5.0\cxf-rt-frontend-jaxws-3.5.0.jar;C:\Users\HP\.m2\repository\xml-resolver\xml-resolver\1.2\xml-resolver-1.2.jar;C:\Users\HP\.m2\repository\org\ow2\asm\asm\9.2\asm-9.2.jar;C:\Users\HP\.m2\repository\org\apache\cxf\cxf-core\3.5.0\cxf-core-3.5.0.jar;C:\Users\HP\.m2\repository\org\glassfish\jaxb\jaxb-runtime\2.3.8\jaxb-runtime-2.3.8.jar;C:\Users\HP\.m2\repository\org\glassfish\jaxb\txw2\2.3.8\txw2-2.3.8.jar;C:\Users\HP\.m2\repository\com\sun\istack\istack-commons-runtime\3.0.12\istack-commons-runtime-3.0.12.jar;C:\Users\HP\.m2\repository\com\fasterxml\woodstox\woodstox-core\6.2.7\woodstox-core-6.2.7.jar;C:\Users\HP\.m2\repository\org\codehaus\woodstox\stax2-api\4.2.1\stax2-api-4.2.1.jar;C:\Users\HP\.m2\repository\org\apache\ws\xmlschema\xmlschema-core\2.3.0\xmlschema-core-2.3.0.jar;C:\Users\HP\.m2\repository\org\apache\cxf\cxf-rt-bindings-soap\3.5.0\cxf-rt-bindings-soap-3.5.0.jar;C:\Users\HP\.m2\repository\org\apache\cxf\cxf-rt-wsdl\3.5.0\cxf-rt-wsdl-3.5.0.jar;C:\Users\HP\.m2\repository\wsdl4j\wsdl4j\1.6.3\wsdl4j-1.6.3.jar;C:\Users\HP\.m2\repository\org\apache\cxf\cxf-rt-databinding-jaxb\3.5.0\cxf-rt-databinding-jaxb-3.5.0.jar;C:\Users\HP\.m2\repository\org\apache\cxf\cxf-rt-bindings-xml\3.5.0\cxf-rt-bindings-xml-3.5.0.jar;C:\Users\HP\.m2\repository\org\apache\cxf\cxf-rt-frontend-simple\3.5.0\cxf-rt-frontend-simple-3.5.0.jar;C:\Users\HP\.m2\repository\org\apache\cxf\cxf-rt-ws-addr\3.5.0\cxf-rt-ws-addr-3.5.0.jar;C:\Users\HP\.m2\repository\org\apache\cxf\cxf-rt-ws-policy\3.5.0\cxf-rt-ws-policy-3.5.0.jar;C:\Users\HP\.m2\repository\org\apache\neethi\neethi\3.2.0\neethi-3.2.0.jar;C:\Users\HP\.m2\repository\org\apache\cxf\cxf-rt-transports-http\3.5.0\cxf-rt-transports-http-3.5.0.jar;C:\Users\HP\.m2\repository\org\apache\cxf\cxf-rt-transports-http-jetty\3.5.0\cxf-rt-transports-http-jetty-3.5.0.jar;C:\Users\HP\.m2\repository\org\eclipse\jetty\jetty-server\9.4.51.v20230217\jetty-server-9.4.51.v20230217.jar;C:\Users\HP\.m2\repository\javax\servlet\javax.servlet-api\4.0.1\javax.servlet-api-4.0.1.jar;C:\Users\HP\.m2\repository\org\eclipse\jetty\jetty-util\9.4.51.v20230217\jetty-util-9.4.51.v20230217.jar;C:\Users\HP\.m2\repository\org\eclipse\jetty\jetty-io\9.4.51.v20230217\jetty-io-9.4.51.v20230217.jar;C:\Users\HP\.m2\repository\org\eclipse\jetty\jetty-security\9.4.51.v20230217\jetty-security-9.4.51.v20230217.jar;C:\Users\HP\.m2\repository\org\eclipse\jetty\jetty-continuation\9.4.51.v20230217\jetty-continuation-9.4.51.v20230217.jar;C:\Users\HP\.m2\repository\org\eclipse\jetty\jetty-http\9.4.51.v20230217\jetty-http-9.4.51.v20230217.jar;C:\Users\HP\.m2\repository\org\slf4j\slf4j-api\1.7.36\slf4j-api-1.7.36.jar;C:\Users\HP\.m2\repository\org\springframework\boot\spring-boot-starter-test\2.7.13\spring-boot-starter-test-2.7.13.jar;C:\Users\HP\.m2\repository\org\springframework\boot\spring-boot-test\2.7.13\spring-boot-test-2.7.13.jar;C:\Users\HP\.m2\repository\org\springframework\boot\spring-boot-test-autoconfigure\2.7.13\spring-boot-test-autoconfigure-2.7.13.jar;C:\Users\HP\.m2\repository\com\jayway\jsonpath\json-path\2.7.0\json-path-2.7.0.jar;C:\Users\HP\.m2\repository\net\minidev\json-smart\2.4.11\json-smart-2.4.11.jar;C:\Users\HP\.m2\repository\net\minidev\accessors-smart\2.4.11\accessors-smart-2.4.11.jar;C:\Users\HP\.m2\repository\jakarta\xml\bind\jakarta.xml.bind-api\2.3.3\jakarta.xml.bind-api-2.3.3.jar;C:\Users\HP\.m2\repository\org\assertj\assertj-core\3.22.0\assertj-core-3.22.0.jar;C:\Users\HP\.m2\repository\org\junit\jupiter\junit-jupiter\5.8.2\junit-jupiter-5.8.2.jar;C:\Users\HP\.m2\repository\org\junit\jupiter\junit-jupiter-api\5.8.2\junit-jupiter-api-5.8.2.jar;C:\Users\HP\.m2\repository\org\opentest4j\opentest4j\1.2.0\opentest4j-1.2.0.jar;C:\Users\HP\.m2\repository\org\junit\platform\junit-platform-commons\1.8.2\junit-platform-commons-1.8.2.jar;C:\Users\HP\.m2\repository\org\apiguardian\apiguardian-api\1.1.2\apiguardian-api-1.1.2.jar;C:\Users\HP\.m2\repository\org\junit\jupiter\junit-jupiter-params\5.8.2\junit-jupiter-params-5.8.2.jar;C:\Users\HP\.m2\repository\org\junit\jupiter\junit-jupiter-engine\5.8.2\junit-jupiter-engine-5.8.2.jar;C:\Users\HP\.m2\repository\org\junit\platform\junit-platform-engine\1.8.2\junit-platform-engine-1.8.2.jar;C:\Users\HP\.m2\repository\org\mockito\mockito-core\4.5.1\mockito-core-4.5.1.jar;C:\Users\HP\.m2\repository\net\bytebuddy\byte-buddy\1.12.23\byte-buddy-1.12.23.jar;C:\Users\HP\.m2\repository\net\bytebuddy\byte-buddy-agent\1.12.23\byte-buddy-agent-1.12.23.jar;C:\Users\HP\.m2\repository\org\objenesis\objenesis\3.2\objenesis-3.2.jar;C:\Users\HP\.m2\repository\org\mockito\mockito-junit-jupiter\4.5.1\mockito-junit-jupiter-4.5.1.jar;C:\Users\HP\.m2\repository\org\skyscreamer\jsonassert\1.5.1\jsonassert-1.5.1.jar;C:\Users\HP\.m2\repository\com\vaadin\external\google\android-json\0.0.20131108.vaadin1\android-json-0.0.20131108.vaadin1.jar;C:\Users\HP\.m2\repository\org\springframework\spring-core\5.3.28\spring-core-5.3.28.jar;C:\Users\HP\.m2\repository\org\springframework\spring-jcl\5.3.28\spring-jcl-5.3.28.jar;C:\Users\HP\.m2\repository\org\springframework\spring-test\5.3.28\spring-test-5.3.28.jar;C:\Users\HP\.m2\repository\org\xmlunit\xmlunit-core\2.9.1\xmlunit-core-2.9.1.jar;C:\Users\HP\.m2\repository\org\mariadb\jdbc\mariadb-java-client\3.0.10\mariadb-java-client-3.0.10.jar;C:\Users\HP\.m2\repository\org\flywaydb\flyway-core\8.5.13\flyway-core-8.5.13.jar;C:\Users\HP\.m2\repository\org\flywaydb\flyway-mysql\8.5.13\flyway-mysql-8.5.13.jar;C:\Users\HP\.m2\repository\com\mysql\mysql-connector-j\8.0.33\mysql-connector-j-8.0.33.jar;C:\Users\HP\.m2\repository\org\springframework\boot\spring-boot-starter-data-jpa\2.7.13\spring-boot-starter-data-jpa-2.7.13.jar;C:\Users\HP\.m2\repository\org\springframework\boot\spring-boot-starter-aop\2.7.13\spring-boot-starter-aop-2.7.13.jar;C:\Users\HP\.m2\repository\org\aspectj\aspectjweaver\1.9.7\aspectjweaver-1.9.7.jar;C:\Users\HP\.m2\repository\org\springframework\boot\spring-boot-starter-jdbc\2.7.13\spring-boot-starter-jdbc-2.7.13.jar;C:\Users\HP\.m2\repository\com\zaxxer\HikariCP\4.0.3\HikariCP-4.0.3.jar;C:\Users\HP\.m2\repository\org\springframework\spring-jdbc\5.3.28\spring-jdbc-5.3.28.jar;C:\Users\HP\.m2\repository\jakarta\transaction\jakarta.transaction-api\1.3.3\jakarta.transaction-api-1.3.3.jar;C:\Users\HP\.m2\repository\jakarta\persistence\jakarta.persistence-api\2.2.3\jakarta.persistence-api-2.2.3.jar;C:\Users\HP\.m2\repository\org\hibernate\hibernate-core\5.6.15.Final\hibernate-core-5.6.15.Final.jar;C:\Users\HP\.m2\repository\antlr\antlr\2.7.7\antlr-2.7.7.jar;C:\Users\HP\.m2\repository\org\jboss\jandex\2.4.2.Final\jandex-2.4.2.Final.jar;C:\Users\HP\.m2\repository\org\hibernate\common\hibernate-commons-annotations\5.1.2.Final\hibernate-commons-annotations-5.1.2.Final.jar;C:\Users\HP\.m2\repository\org\springframework\data\spring-data-jpa\2.7.13\spring-data-jpa-2.7.13.jar;C:\Users\HP\.m2\repository\org\springframework\data\spring-data-commons\2.7.13\spring-data-commons-2.7.13.jar;C:\Users\HP\.m2\repository\org\springframework\spring-orm\5.3.28\spring-orm-5.3.28.jar;C:\Users\HP\.m2\repository\org\springframework\spring-tx\5.3.28\spring-tx-5.3.28.jar;C:\Users\HP\.m2\repository\org\springframework\spring-aspects\5.3.28\spring-aspects-5.3.28.jar;C:\Users\HP\.m2\repository\org\apache\tomcat\embed\tomcat-embed-jasper\9.0.76\tomcat-embed-jasper-9.0.76.jar;C:\Users\HP\.m2\repository\org\apache\tomcat\embed\tomcat-embed-core\9.0.76\tomcat-embed-core-9.0.76.jar;C:\Users\HP\.m2\repository\org\apache\tomcat\tomcat-annotations-api\9.0.76\tomcat-annotations-api-9.0.76.jar;C:\Users\HP\.m2\repository\org\eclipse\jdt\ecj\3.26.0\ecj-3.26.0.jar;C:\Users\HP\.m2\repository\javax\servlet\jstl\1.2\jstl-1.2.jar;C:\Users\HP\.m2\repository\io\github\bonigarcia\webdrivermanager\5.3.3\webdrivermanager-5.3.3.jar;C:\Users\HP\.m2\repository\com\google\code\gson\gson\2.9.1\gson-2.9.1.jar;C:\Users\HP\.m2\repository\com\github\docker-java\docker-java\3.3.0\docker-java-3.3.0.jar;C:\Users\HP\.m2\repository\com\github\docker-java\docker-java-core\3.3.0\docker-java-core-3.3.0.jar;C:\Users\HP\.m2\repository\com\github\docker-java\docker-java-api\3.3.0\docker-java-api-3.3.0.jar;C:\Users\HP\.m2\repository\commons-io\commons-io\2.6\commons-io-2.6.jar;C:\Users\HP\.m2\repository\org\apache\commons\commons-compress\1.21\commons-compress-1.21.jar;C:\Users\HP\.m2\repository\org\bouncycastle\bcpkix-jdk15on\1.64\bcpkix-jdk15on-1.64.jar;C:\Users\HP\.m2\repository\org\bouncycastle\bcprov-jdk15on\1.64\bcprov-jdk15on-1.64.jar;C:\Users\HP\.m2\repository\org\slf4j\jcl-over-slf4j\1.7.36\jcl-over-slf4j-1.7.36.jar;C:\Users\HP\.m2\repository\com\github\docker-java\docker-java-transport-httpclient5\3.3.0\docker-java-transport-httpclient5-3.3.0.jar;C:\Users\HP\.m2\repository\com\github\docker-java\docker-java-transport\3.3.0\docker-java-transport-3.3.0.jar;C:\Users\HP\.m2\repository\net\java\dev\jna\jna\5.12.1\jna-5.12.1.jar;C:\Users\HP\.m2\repository\org\brotli\dec\0.1.2\dec-0.1.2.jar;C:\Users\HP\.m2\repository\org\apache\commons\commons-lang3\3.12.0\commons-lang3-3.12.0.jar;C:\Users\HP\.m2\repository\org\apache\httpcomponents\client5\httpclient5\5.1.4\httpclient5-5.1.4.jar;C:\Users\HP\.m2\repository\org\apache\httpcomponents\core5\httpcore5\5.1.5\httpcore5-5.1.5.jar;C:\Users\HP\.m2\repository\org\apache\httpcomponents\core5\httpcore5-h2\5.1.5\httpcore5-h2-5.1.5.jar;C:\Users\HP\.m2\repository\commons-codec\commons-codec\1.15\commons-codec-1.15.jar;C:\Users\HP\.m2\repository\javax\ejb\ejb-api\3.0\ejb-api-3.0.jar;C:\Users\HP\.m2\repository\javax\jws\javax.jws-api\1.1\javax.jws-api-1.1.jar;C:\Users\HP\.m2\repository\org\springdoc\springdoc-openapi-ui\1.6.14\springdoc-openapi-ui-1.6.14.jar;C:\Users\HP\.m2\repository\org\springdoc\springdoc-openapi-webmvc-core\1.6.14\springdoc-openapi-webmvc-core-1.6.14.jar;C:\Users\HP\.m2\repository\org\springdoc\springdoc-openapi-common\1.6.14\springdoc-openapi-common-1.6.14.jar;C:\Users\HP\.m2\repository\io\swagger\core\v3\swagger-core\2.2.7\swagger-core-2.2.7.jar;C:\Users\HP\.m2\repository\com\fasterxml\jackson\dataformat\jackson-dataformat-yaml\2.13.5\jackson-dataformat-yaml-2.13.5.jar;C:\Users\HP\.m2\repository\io\swagger\core\v3\swagger-annotations\2.2.7\swagger-annotations-2.2.7.jar;C:\Users\HP\.m2\repository\io\swagger\core\v3\swagger-models\2.2.7\swagger-models-2.2.7.jar;C:\Users\HP\.m2\repository\org\webjars\swagger-ui\4.15.5\swagger-ui-4.15.5.jar;C:\Users\HP\.m2\repository\org\webjars\webjars-locator-core\0.50\webjars-locator-core-0.50.jar;C:\Users\HP\.m2\repository\io\github\classgraph\classgraph\4.8.149\classgraph-4.8.149.jar;C:\Users\HP\.m2\repository\jakarta\xml\ws\jakarta.xml.ws-api\2.3.3\jakarta.xml.ws-api-2.3.3.jar;C:\Users\HP\.m2\repository\org\seleniumhq\selenium\selenium-java\4.1.4\selenium-java-4.1.4.jar;C:\Users\HP\.m2\repository\org\seleniumhq\selenium\selenium-api\4.1.4\selenium-api-4.1.4.jar;C:\Users\HP\.m2\repository\org\seleniumhq\selenium\selenium-chrome-driver\4.1.4\selenium-chrome-driver-4.1.4.jar;C:\Users\HP\.m2\repository\com\google\auto\service\auto-service-annotations\1.0.1\auto-service-annotations-1.0.1.jar;C:\Users\HP\.m2\repository\com\google\auto\service\auto-service\1.0.1\auto-service-1.0.1.jar;C:\Users\HP\.m2\repository\com\google\auto\auto-common\1.2\auto-common-1.2.jar;C:\Users\HP\.m2\repository\com\google\guava\guava\31.1-jre\guava-31.1-jre.jar;C:\Users\HP\.m2\repository\com\google\guava\failureaccess\1.0.1\failureaccess-1.0.1.jar;C:\Users\HP\.m2\repository\com\google\guava\listenablefuture\9999.0-empty-to-avoid-conflict-with-guava\listenablefuture-9999.0-empty-to-avoid-conflict-with-guava.jar;C:\Users\HP\.m2\repository\com\google\code\findbugs\jsr305\3.0.2\jsr305-3.0.2.jar;C:\Users\HP\.m2\repository\org\checkerframework\checker-qual\3.12.0\checker-qual-3.12.0.jar;C:\Users\HP\.m2\repository\com\google\errorprone\error_prone_annotations\2.11.0\error_prone_annotations-2.11.0.jar;C:\Users\HP\.m2\repository\com\google\j2objc\j2objc-annotations\1.3\j2objc-annotations-1.3.jar;C:\Users\HP\.m2\repository\org\seleniumhq\selenium\selenium-chromium-driver\4.1.4\selenium-chromium-driver-4.1.4.jar;C:\Users\HP\.m2\repository\org\seleniumhq\selenium\selenium-json\4.1.4\selenium-json-4.1.4.jar;C:\Users\HP\.m2\repository\org\seleniumhq\selenium\selenium-devtools-v100\4.1.4\selenium-devtools-v100-4.1.4.jar;C:\Users\HP\.m2\repository\org\seleniumhq\selenium\selenium-devtools-v101\4.1.4\selenium-devtools-v101-4.1.4.jar;C:\Users\HP\.m2\repository\org\seleniumhq\selenium\selenium-devtools-v85\4.1.4\selenium-devtools-v85-4.1.4.jar;C:\Users\HP\.m2\repository\org\seleniumhq\selenium\selenium-devtools-v99\4.1.4\selenium-devtools-v99-4.1.4.jar;C:\Users\HP\.m2\repository\org\seleniumhq\selenium\selenium-edge-driver\4.1.4\selenium-edge-driver-4.1.4.jar;C:\Users\HP\.m2\repository\org\seleniumhq\selenium\selenium-firefox-driver\4.1.4\selenium-firefox-driver-4.1.4.jar;C:\Users\HP\.m2\repository\org\seleniumhq\selenium\selenium-ie-driver\4.1.4\selenium-ie-driver-4.1.4.jar;C:\Users\HP\.m2\repository\org\seleniumhq\selenium\selenium-opera-driver\4.1.4\selenium-opera-driver-4.1.4.jar;C:\Users\HP\.m2\repository\org\seleniumhq\selenium\selenium-remote-driver\4.1.4\selenium-remote-driver-4.1.4.jar;C:\Users\HP\.m2\repository\io\netty\netty-buffer\4.1.94.Final\netty-buffer-4.1.94.Final.jar;C:\Users\HP\.m2\repository\io\netty\netty-codec-http\4.1.94.Final\netty-codec-http-4.1.94.Final.jar;C:\Users\HP\.m2\repository\io\netty\netty-codec\4.1.94.Final\netty-codec-4.1.94.Final.jar;C:\Users\HP\.m2\repository\io\netty\netty-handler\4.1.94.Final\netty-handler-4.1.94.Final.jar;C:\Users\HP\.m2\repository\io\netty\netty-common\4.1.94.Final\netty-common-4.1.94.Final.jar;C:\Users\HP\.m2\repository\io\netty\netty-transport-classes-epoll\4.1.94.Final\netty-transport-classes-epoll-4.1.94.Final.jar;C:\Users\HP\.m2\repository\io\netty\netty-transport-classes-kqueue\4.1.94.Final\netty-transport-classes-kqueue-4.1.94.Final.jar;C:\Users\HP\.m2\repository\io\netty\netty-transport-native-epoll\4.1.94.Final\netty-transport-native-epoll-4.1.94.Final.jar;C:\Users\HP\.m2\repository\io\netty\netty-transport-native-kqueue\4.1.94.Final\netty-transport-native-kqueue-4.1.94.Final.jar;C:\Users\HP\.m2\repository\io\netty\netty-transport-native-unix-common\4.1.94.Final\netty-transport-native-unix-common-4.1.94.Final.jar;C:\Users\HP\.m2\repository\io\netty\netty-transport\4.1.94.Final\netty-transport-4.1.94.Final.jar;C:\Users\HP\.m2\repository\io\netty\netty-resolver\4.1.94.Final\netty-resolver-4.1.94.Final.jar;C:\Users\HP\.m2\repository\io\opentelemetry\opentelemetry-api\1.13.0\opentelemetry-api-1.13.0.jar;C:\Users\HP\.m2\repository\io\opentelemetry\opentelemetry-context\1.13.0\opentelemetry-context-1.13.0.jar;C:\Users\HP\.m2\repository\io\opentelemetry\opentelemetry-exporter-logging\1.13.0\opentelemetry-exporter-logging-1.13.0.jar;C:\Users\HP\.m2\repository\io\opentelemetry\opentelemetry-sdk-metrics\1.13.0-alpha\opentelemetry-sdk-metrics-1.13.0-alpha.jar;C:\Users\HP\.m2\repository\io\opentelemetry\opentelemetry-sdk-logs\1.13.0-alpha\opentelemetry-sdk-logs-1.13.0-alpha.jar;C:\Users\HP\.m2\repository\io\opentelemetry\opentelemetry-sdk-common\1.13.0\opentelemetry-sdk-common-1.13.0.jar;C:\Users\HP\.m2\repository\io\opentelemetry\opentelemetry-sdk-extension-autoconfigure-spi\1.13.0\opentelemetry-sdk-extension-autoconfigure-spi-1.13.0.jar;C:\Users\HP\.m2\repository\io\opentelemetry\opentelemetry-sdk-extension-autoconfigure\1.13.0-alpha\opentelemetry-sdk-extension-autoconfigure-1.13.0-alpha.jar;C:\Users\HP\.m2\repository\io\opentelemetry\opentelemetry-sdk-trace\1.13.0\opentelemetry-sdk-trace-1.13.0.jar;C:\Users\HP\.m2\repository\io\opentelemetry\opentelemetry-sdk\1.13.0\opentelemetry-sdk-1.13.0.jar;C:\Users\HP\.m2\repository\io\opentelemetry\opentelemetry-semconv\1.13.0-alpha\opentelemetry-semconv-1.13.0-alpha.jar;C:\Users\HP\.m2\repository\io\ous\jtoml\2.0.0\jtoml-2.0.0.jar;C:\Users\HP\.m2\repository\org\apache\commons\commons-exec\1.3\commons-exec-1.3.jar;C:\Users\HP\.m2\repository\org\asynchttpclient\async-http-client\2.12.3\async-http-client-2.12.3.jar;C:\Users\HP\.m2\repository\org\asynchttpclient\async-http-client-netty-utils\2.12.3\async-http-client-netty-utils-2.12.3.jar;C:\Users\HP\.m2\repository\io\netty\netty-codec-socks\4.1.94.Final\netty-codec-socks-4.1.94.Final.jar;C:\Users\HP\.m2\repository\io\netty\netty-handler-proxy\4.1.94.Final\netty-handler-proxy-4.1.94.Final.jar;C:\Users\HP\.m2\repository\io\netty\netty-transport-native-epoll\4.1.94.Final\netty-transport-native-epoll-4.1.94.Final-linux-x86_64.jar;C:\Users\HP\.m2\repository\io\netty\netty-transport-native-kqueue\4.1.94.Final\netty-transport-native-kqueue-4.1.94.Final-osx-x86_64.jar;C:\Users\HP\.m2\repository\com\typesafe\netty\netty-reactive-streams\2.0.4\netty-reactive-streams-2.0.4.jar;C:\Users\HP\.m2\repository\org\seleniumhq\selenium\selenium-http\4.1.4\selenium-http-4.1.4.jar;C:\Users\HP\.m2\repository\dev\failsafe\failsafe\3.2.3\failsafe-3.2.3.jar;C:\Users\HP\.m2\repository\org\seleniumhq\selenium\selenium-safari-driver\4.1.4\selenium-safari-driver-4.1.4.jar;C:\Users\HP\.m2\repository\org\seleniumhq\selenium\selenium-support\4.1.4\selenium-support-4.1.4.jar;C:\Users\HP\.m2\repository\io\rest-assured\rest-assured\4.5.1\rest-assured-4.5.1.jar;C:\Users\HP\.m2\repository\org\codehaus\groovy\groovy\3.0.17\groovy-3.0.17.jar;C:\Users\HP\.m2\repository\org\codehaus\groovy\groovy-xml\3.0.17\groovy-xml-3.0.17.jar;C:\Users\HP\.m2\repository\org\apache\httpcomponents\httpclient\4.5.14\httpclient-4.5.14.jar;C:\Users\HP\.m2\repository\org\apache\httpcomponents\httpcore\4.4.16\httpcore-4.4.16.jar;C:\Users\HP\.m2\repository\org\apache\httpcomponents\httpmime\4.5.14\httpmime-4.5.14.jar;C:\Users\HP\.m2\repository\org\ccil\cowan\tagsoup\tagsoup\1.2.1\tagsoup-1.2.1.jar;C:\Users\HP\.m2\repository\io\rest-assured\json-path\4.5.1\json-path-4.5.1.jar;C:\Users\HP\.m2\repository\org\codehaus\groovy\groovy-json\3.0.17\groovy-json-3.0.17.jar;C:\Users\HP\.m2\repository\io\rest-assured\rest-assured-common\4.5.1\rest-assured-common-4.5.1.jar;C:\Users\HP\.m2\repository\io\rest-assured\xml-path\4.5.1\xml-path-4.5.1.jar;C:\Users\HP\.m2\repository\org\springframework\boot\spring-boot-starter-webflux\2.7.13\spring-boot-starter-webflux-2.7.13.jar;C:\Users\HP\.m2\repository\org\springframework\boot\spring-boot-starter-reactor-netty\2.7.13\spring-boot-starter-reactor-netty-2.7.13.jar;C:\Users\HP\.m2\repository\io\projectreactor\netty\reactor-netty-http\1.0.33\reactor-netty-http-1.0.33.jar;C:\Users\HP\.m2\repository\io\netty\netty-codec-http2\4.1.94.Final\netty-codec-http2-4.1.94.Final.jar;C:\Users\HP\.m2\repository\io\netty\netty-resolver-dns\4.1.94.Final\netty-resolver-dns-4.1.94.Final.jar;C:\Users\HP\.m2\repository\io\netty\netty-codec-dns\4.1.94.Final\netty-codec-dns-4.1.94.Final.jar;C:\Users\HP\.m2\repository\io\netty\netty-resolver-dns-native-macos\4.1.94.Final\netty-resolver-dns-native-macos-4.1.94.Final-osx-x86_64.jar;C:\Users\HP\.m2\repository\io\netty\netty-resolver-dns-classes-macos\4.1.94.Final\netty-resolver-dns-classes-macos-4.1.94.Final.jar;C:\Users\HP\.m2\repository\io\projectreactor\netty\reactor-netty-core\1.0.33\reactor-netty-core-1.0.33.jar;C:\Users\HP\.m2\repository\org\springframework\spring-webflux\5.3.28\spring-webflux-5.3.28.jar;C:\Users\HP\.m2\repository\org\springframework\spring-beans\5.3.28\spring-beans-5.3.28.jar;C:\Users\HP\.m2\repository\io\projectreactor\reactor-core\3.4.30\reactor-core-3.4.30.jar;C:\Users\HP\.m2\repository\org\reactivestreams\reactive-streams\1.0.4\reactive-streams-1.0.4.jar;C:\Users\HP\.m2\repository\org\springframework\boot\spring-boot-starter-hateoas\2.7.13\spring-boot-starter-hateoas-2.7.13.jar;C:\Users\HP\.m2\repository\org\springframework\hateoas\spring-hateoas\1.5.4\spring-hateoas-1.5.4.jar;C:\Users\HP\.m2\repository\org\springframework\plugin\spring-plugin-core\2.0.0.RELEASE\spring-plugin-core-2.0.0.RELEASE.jar;C:\Users\HP\.m2\repository\org\testng\testng\7.4.0\testng-7.4.0.jar;C:\Users\HP\.m2\repository\com\beust\jcommander\1.78\jcommander-1.78.jar;C:\Users\HP\.m2\repository\org\webjars\jquery\3.5.1\jquery-3.5.1.jar;C:\Users\HP\.m2\repository\org\springframework\ws\spring-ws-test\3.1.6\spring-ws-test-3.1.6.jar;C:\Users\HP\.m2\repository\org\springframework\ws\spring-xml\3.1.6\spring-xml-3.1.6.jar;C:\Users\HP\.m2\repository\org\springframework\spring-context\5.3.28\spring-context-5.3.28.jar;C:\Users\HP\.m2\repository\xmlunit\xmlunit\1.6\xmlunit-1.6.jar;C:\Users\HP\.m2\repository\com\squareup\okhttp3\okhttp\4.9.3\okhttp-4.9.3.jar;C:\Users\HP\.m2\repository\com\squareup\okio\okio\2.8.0\okio-2.8.0.jar;C:\Users\HP\.m2\repository\org\jetbrains\kotlin\kotlin-stdlib-common\1.6.21\kotlin-stdlib-common-1.6.21.jar;C:\Users\HP\.m2\repository\org\jetbrains\kotlin\kotlin-stdlib\1.6.21\kotlin-stdlib-1.6.21.jar;C:\Users\HP\.m2\repository\org\jetbrains\annotations\13.0\annotations-13.0.jar;C:\Users\HP\.m2\repository\com\squareup\okhttp3\mockwebserver\4.9.3\mockwebserver-4.9.3.jar;C:\Users\HP\.m2\repository\org\jetbrains\kotlin\kotlin-stdlib-jdk8\1.6.21\kotlin-stdlib-jdk8-1.6.21.jar;C:\Users\HP\.m2\repository\org\jetbrains\kotlin\kotlin-stdlib-jdk7\1.6.21\kotlin-stdlib-jdk7-1.6.21.jar;"/>
    <property name="sun.cpu.endian" value="little"/>
    <property name="user.home" value="C:\Users\HP"/>
    <property name="user.language" value="en"/>
    <property name="java.specification.vendor" value="Oracle Corporation"/>
    <property name="java.version.date" value="2022-08-18"/>
    <property name="java.home" value="C:\Users\HP\.p2\pool\plugins\org.eclipse.justj.openjdk.hotspot.jre.full.win32.x86_64_18.0.2.v20221005-1040\jre"/>
    <property name="file.separator" value="\"/>
    <property name="basedir" value="H:\Programirane\Java\Proxiad-Hangman"/>
    <property name="style.color" value="always"/>
    <property name="java.vm.compressedOopsMode" value="Zero based"/>
    <property name="line.separator" value="&#10;"/>
    <property name="java.vm.specification.vendor" value="Oracle Corporation"/>
    <property name="java.specification.name" value="Java Platform API Specification"/>
    <property name="surefire.real.class.path" value="C:\Users\HP\AppData\Local\Temp\surefire8596021957496119638\surefirebooter4865521252435332661.jar"/>
    <property name="user.script" value=""/>
    <property name="sun.management.compiler" value="HotSpot 64-Bit Tiered Compilers"/>
    <property name="java.runtime.version" value="18.0.2.1+1"/>
    <property name="user.name" value="HP"/>
    <property name="path.separator" value=";"/>
    <property name="os.version" value="10.0"/>
    <property name="java.runtime.name" value="OpenJDK Runtime Environment"/>
    <property name="file.encoding" value="UTF-8"/>
    <property name="java.vm.name" value="OpenJDK 64-Bit Server VM"/>
    <property name="java.vendor.version" value="Temurin-18.0.2.1+1"/>
    <property name="localRepository" value="C:\Users\HP\.m2\repository"/>
    <property name="java.vendor.url.bug" value="https://github.com/adoptium/adoptium-support/issues"/>
    <property name="java.io.tmpdir" value="C:\Users\HP\AppData\Local\Temp\"/>
    <property name="java.version" value="18.0.2.1"/>
    <property name="user.dir" value="H:\Programirane\Java\Proxiad-Hangman"/>
    <property name="os.arch" value="amd64"/>
    <property name="java.vm.specification.name" value="Java Virtual Machine Specification"/>
    <property name="sun.os.patch.level" value=""/>
    <property name="native.encoding" value="Cp1251"/>
    <property name="java.library.path" value="C:\Users\HP\.p2\pool\plugins\org.eclipse.justj.openjdk.hotspot.jre.full.win32.x86_64_18.0.2.v20221005-1040\jre\bin;C:\Windows\Sun\Java\bin;C:\Windows\system32;C:\Windows;C:/Users/HP/.p2/pool/plugins/org.eclipse.justj.openjdk.hotspot.jre.full.win32.x86_64_18.0.2.v20221005-1040/jre/bin/server;C:/Users/HP/.p2/pool/plugins/org.eclipse.justj.openjdk.hotspot.jre.full.win32.x86_64_18.0.2.v20221005-1040/jre/bin;C:\Windows\system32;C:\Windows;C:\Windows\System32\Wbem;C:\Windows\System32\WindowsPowerShell\v1.0\;C:\Windows\System32\OpenSSH\;C:\Program Files\dotnet\;C:\Program Files\Microsoft SQL Server\150\Tools\Binn\;C:\Program Files\Microsoft SQL Server\Client SDK\ODBC\170\Tools\Binn\;C:\Program Files\NVIDIA Corporation\NVIDIA NvDLISR;C:\Program Files (x86)\NVIDIA Corporation\PhysX\Common;C:\Program Files\Git\cmd;H:\jdk-20\bin;;C:\Program Files\Docker\Docker\resources\bin;C:\Program Files\nodejs\;C:\Users\HP\anaconda3;C:\Users\HP\anaconda3\Library\mingw-w64\bin;C:\Users\HP\anaconda3\Library\usr\bin;C:\Users\HP\anaconda3\Library\bin;C:\Users\HP\anaconda3\Scripts;C:\Users\HP\AppData\Local\Microsoft\WindowsApps;C:\Users\HP\AppData\Local\Programs\Microsoft VS Code\bin;C:\Users\HP\.dotnet\tools;C:\Program Files\JetBrains\IntelliJ IDEA 2023.1.3\bin;;C:\Program Files\JetBrains\IntelliJ IDEA Community Edition 2023.1.3\bin;;C:\Users\HP\AppData\Roaming\npm;C:\Users\HP\Desktop;;."/>
    <property name="java.vm.info" value="mixed mode"/>
    <property name="java.vendor" value="Eclipse Adoptium"/>
    <property name="java.vm.version" value="18.0.2.1+1"/>
    <property name="sun.io.unicode.encoding" value="UnicodeLittle"/>
    <property name="java.class.version" value="62.0"/>
  </properties>
  <testcase name="looseGameTest" classname="com.game_classes.GameUiTest" time="11.607">
    <failure message="no such element: Unable to locate element: {&quot;method&quot;:&quot;css selector&quot;,&quot;selector&quot;:&quot;#username&quot;}&#10;  (Session info: chrome=114.0.5735.248)&#10;For documentation on this error, please visit: https://selenium.dev/exceptions/#no_such_element&#10;Build info: version: &apos;4.1.4&apos;, revision: &apos;535d840ee2&apos;&#10;System info: host: &apos;DESKTOP-TUFNRNQ&apos;, ip: &apos;192.168.0.101&apos;, os.name: &apos;Windows 10&apos;, os.arch: &apos;amd64&apos;, os.version: &apos;10.0&apos;, java.version: &apos;18.0.2.1&apos;&#10;Driver info: org.openqa.selenium.chrome.ChromeDriver&#10;Command: [c99ccc66ac58b52bb2d7847068ed0109, findElement {using=id, value=username}]&#10;Capabilities {acceptInsecureCerts: false, browserName: chrome, browserVersion: 114.0.5735.248, chrome: {chromedriverVersion: 114.0.5735.90 (386bc09e8f4f..., userDataDir: C:\Users\HP\AppData\Local\T...}, goog:chromeOptions: {debuggerAddress: localhost:61299}, javascriptEnabled: true, networkConnectionEnabled: false, pageLoadStrategy: normal, platform: WINDOWS, platformName: WINDOWS, proxy: Proxy(), se:cdp: ws://localhost:61299/devtoo..., se:cdpVersion: 114.0.5735.248, setWindowRect: true, strictFileInteractability: false, timeouts: {implicit: 0, pageLoad: 300000, script: 30000}, unhandledPromptBehavior: dismiss and notify, webauthn:extension:credBlob: true, webauthn:extension:largeBlob: true, webauthn:extension:minPinLength: true, webauthn:extension:prf: true, webauthn:virtualAuthenticators: true}&#10;Session ID: c99ccc66ac58b52bb2d7847068ed0109" type="org.openqa.selenium.NoSuchElementException">org.openqa.selenium.NoSuchElementException: 
no such element: Unable to locate element: {"method":"css selector","selector":"#username"}
  (Session info: chrome=114.0.5735.248)
For documentation on this error, please visit: https://selenium.dev/exceptions/#no_such_element
Build info: version: '4.1.4', revision: '535d840ee2'
System info: host: 'DESKTOP-TUFNRNQ', ip: '192.168.0.101', os.name: 'Windows 10', os.arch: 'amd64', os.version: '10.0', java.version: '18.0.2.1'
Driver info: org.openqa.selenium.chrome.ChromeDriver
Command: [c99ccc66ac58b52bb2d7847068ed0109, findElement {using=id, value=username}]
Capabilities {acceptInsecureCerts: false, browserName: chrome, browserVersion: 114.0.5735.248, chrome: {chromedriverVersion: 114.0.5735.90 (386bc09e8f4f..., userDataDir: C:\Users\HP\AppData\Local\T...}, goog:chromeOptions: {debuggerAddress: localhost:61299}, javascriptEnabled: true, networkConnectionEnabled: false, pageLoadStrategy: normal, platform: WINDOWS, platformName: WINDOWS, proxy: Proxy(), se:cdp: ws://localhost:61299/devtoo..., se:cdpVersion: 114.0.5735.248, setWindowRect: true, strictFileInteractability: false, timeouts: {implicit: 0, pageLoad: 300000, script: 30000}, unhandledPromptBehavior: dismiss and notify, webauthn:extension:credBlob: true, webauthn:extension:largeBlob: true, webauthn:extension:minPinLength: true, webauthn:extension:prf: true, webauthn:virtualAuthenticators: true}
Session ID: c99ccc66ac58b52bb2d7847068ed0109
	at com.game_classes.GameUiTest.looseGameTest(GameUiTest.java:108)
</failure>
    <system-out><![CDATA[22:47:07.065 [main] DEBUG io.netty.util.internal.logging.InternalLoggerFactory - Using SLF4J as the default logging framework
22:47:07.070 [main] DEBUG io.netty.util.ResourceLeakDetector - -Dio.netty.leakDetection.level: simple
22:47:07.070 [main] DEBUG io.netty.util.ResourceLeakDetector - -Dio.netty.leakDetection.targetRecords: 4
22:47:07.073 [main] DEBUG io.netty.util.ResourceLeakDetectorFactory - Loaded default ResourceLeakDetector: io.netty.util.ResourceLeakDetector@6155d082
22:47:07.089 [main] DEBUG io.netty.util.internal.PlatformDependent0 - -Dio.netty.noUnsafe: false
22:47:07.089 [main] DEBUG io.netty.util.internal.PlatformDependent0 - Java version: 18
22:47:07.091 [main] DEBUG io.netty.util.internal.PlatformDependent0 - sun.misc.Unsafe.theUnsafe: available
22:47:07.091 [main] DEBUG io.netty.util.internal.PlatformDependent0 - sun.misc.Unsafe.copyMemory: available
22:47:07.091 [main] DEBUG io.netty.util.internal.PlatformDependent0 - sun.misc.Unsafe.storeFence: available
22:47:07.092 [main] DEBUG io.netty.util.internal.PlatformDependent0 - java.nio.Buffer.address: available
22:47:07.092 [main] DEBUG io.netty.util.internal.PlatformDependent0 - direct buffer constructor: unavailable: Reflective setAccessible(true) disabled
22:47:07.093 [main] DEBUG io.netty.util.internal.PlatformDependent0 - java.nio.Bits.unaligned: available, true
22:47:07.093 [main] DEBUG io.netty.util.internal.PlatformDependent0 - jdk.internal.misc.Unsafe.allocateUninitializedArray(int): unavailable: class io.netty.util.internal.PlatformDependent0$7 cannot access class jdk.internal.misc.Unsafe (in module java.base) because module java.base does not export jdk.internal.misc to unnamed module @3b07a0d6
22:47:07.094 [main] DEBUG io.netty.util.internal.PlatformDependent0 - java.nio.DirectByteBuffer.<init>(long, {int,long}): unavailable
22:47:07.095 [main] DEBUG io.netty.util.internal.PlatformDependent - sun.misc.Unsafe: available
22:47:07.096 [main] DEBUG io.netty.util.internal.PlatformDependent - maxDirectMemory: 8568963072 bytes (maybe)
22:47:07.096 [main] DEBUG io.netty.util.internal.PlatformDependent - -Dio.netty.tmpdir: C:\Users\HP\AppData\Local\Temp (java.io.tmpdir)
22:47:07.096 [main] DEBUG io.netty.util.internal.PlatformDependent - -Dio.netty.bitMode: 64 (sun.arch.data.model)
22:47:07.097 [main] DEBUG io.netty.util.internal.PlatformDependent - Platform: Windows
22:47:07.097 [main] DEBUG io.netty.util.internal.PlatformDependent - -Dio.netty.maxDirectMemory: -1 bytes
22:47:07.097 [main] DEBUG io.netty.util.internal.PlatformDependent - -Dio.netty.uninitializedArrayAllocationThreshold: -1
22:47:07.099 [main] DEBUG io.netty.util.internal.CleanerJava9 - java.nio.ByteBuffer.cleaner(): available
22:47:07.099 [main] DEBUG io.netty.util.internal.PlatformDependent - -Dio.netty.noPreferDirect: false
22:47:07.113 [main] DEBUG io.netty.util.internal.PlatformDependent - org.jctools-core.MpscChunkedArrayQueue: available
22:47:07.133 [main] DEBUG io.netty.util.internal.InternalThreadLocalMap - -Dio.netty.threadLocalMap.stringBuilder.initialSize: 1024
22:47:07.134 [main] DEBUG io.netty.util.internal.InternalThreadLocalMap - -Dio.netty.threadLocalMap.stringBuilder.maxSize: 4096
22:47:07.323 [main] DEBUG io.netty.handler.ssl.JdkSslContext - Default protocols (JDK): [TLSv1.3, TLSv1.2] 
22:47:07.324 [main] DEBUG io.netty.handler.ssl.JdkSslContext - Default cipher suites (JDK): [TLS_ECDHE_ECDSA_WITH_AES_256_GCM_SHA384, TLS_ECDHE_ECDSA_WITH_AES_128_GCM_SHA256, TLS_ECDHE_RSA_WITH_AES_128_GCM_SHA256, TLS_ECDHE_RSA_WITH_AES_256_GCM_SHA384, TLS_ECDHE_RSA_WITH_AES_128_CBC_SHA, TLS_ECDHE_RSA_WITH_AES_256_CBC_SHA, TLS_RSA_WITH_AES_128_GCM_SHA256, TLS_RSA_WITH_AES_128_CBC_SHA, TLS_RSA_WITH_AES_256_CBC_SHA, TLS_AES_128_GCM_SHA256, TLS_AES_256_GCM_SHA384]
22:47:07.335 [main] DEBUG io.netty.util.concurrent.GlobalEventExecutor - -Dio.netty.globalEventExecutor.quietPeriodSeconds: 1
22:47:07.346 [main] DEBUG io.netty.channel.MultithreadEventLoopGroup - -Dio.netty.eventLoopThreads: 24
22:47:07.353 [main] DEBUG io.netty.channel.nio.NioEventLoop - -Dio.netty.noKeySetOptimization: false
22:47:07.353 [main] DEBUG io.netty.channel.nio.NioEventLoop - -Dio.netty.selectorAutoRebuildThreshold: 512
22:47:07.388 [main] DEBUG io.netty.buffer.PooledByteBufAllocator - -Dio.netty.allocator.numHeapArenas: 24
22:47:07.388 [main] DEBUG io.netty.buffer.PooledByteBufAllocator - -Dio.netty.allocator.numDirectArenas: 24
22:47:07.388 [main] DEBUG io.netty.buffer.PooledByteBufAllocator - -Dio.netty.allocator.pageSize: 8192
22:47:07.388 [main] DEBUG io.netty.buffer.PooledByteBufAllocator - -Dio.netty.allocator.maxOrder: 9
22:47:07.389 [main] DEBUG io.netty.buffer.PooledByteBufAllocator - -Dio.netty.allocator.chunkSize: 4194304
22:47:07.389 [main] DEBUG io.netty.buffer.PooledByteBufAllocator - -Dio.netty.allocator.smallCacheSize: 256
22:47:07.389 [main] DEBUG io.netty.buffer.PooledByteBufAllocator - -Dio.netty.allocator.normalCacheSize: 64
22:47:07.389 [main] DEBUG io.netty.buffer.PooledByteBufAllocator - -Dio.netty.allocator.maxCachedBufferCapacity: 32768
22:47:07.389 [main] DEBUG io.netty.buffer.PooledByteBufAllocator - -Dio.netty.allocator.cacheTrimInterval: 8192
22:47:07.389 [main] DEBUG io.netty.buffer.PooledByteBufAllocator - -Dio.netty.allocator.cacheTrimIntervalMillis: 0
22:47:07.389 [main] DEBUG io.netty.buffer.PooledByteBufAllocator - -Dio.netty.allocator.useCacheForAllThreads: false
22:47:07.389 [main] DEBUG io.netty.buffer.PooledByteBufAllocator - -Dio.netty.allocator.maxCachedByteBuffersPerChunk: 1023
22:47:07.398 [main] DEBUG io.netty.buffer.ByteBufUtil - -Dio.netty.allocator.type: pooled
22:47:07.398 [main] DEBUG io.netty.buffer.ByteBufUtil - -Dio.netty.threadLocalDirectBufferSize: 0
22:47:07.398 [main] DEBUG io.netty.buffer.ByteBufUtil - -Dio.netty.maxThreadLocalCharBufferSize: 16384
22:47:07.699 [Forwarding newSession on session null to remote] DEBUG io.netty.channel.DefaultChannelId - -Dio.netty.processId: 18608 (auto-detected)
22:47:07.702 [Forwarding newSession on session null to remote] DEBUG io.netty.util.NetUtil - -Djava.net.preferIPv4Stack: false
22:47:07.702 [Forwarding newSession on session null to remote] DEBUG io.netty.util.NetUtil - -Djava.net.preferIPv6Addresses: false
22:47:07.707 [Forwarding newSession on session null to remote] DEBUG io.netty.util.NetUtilInitializations - Loopback interface: lo (Software Loopback Interface 1, 127.0.0.1)
22:47:07.708 [Forwarding newSession on session null to remote] DEBUG io.netty.util.NetUtil - Failed to get SOMAXCONN from sysctl and file \proc\sys\net\core\somaxconn. Default: 200
22:47:07.715 [Forwarding newSession on session null to remote] DEBUG io.netty.channel.DefaultChannelId - -Dio.netty.machineId: 3c:52:82:ff:fe:5f:9d:42 (auto-detected)
22:47:07.757 [AsyncHttpClient-1-2] DEBUG io.netty.buffer.AbstractByteBuf - -Dio.netty.buffer.checkAccessible: true
22:47:07.757 [AsyncHttpClient-1-2] DEBUG io.netty.buffer.AbstractByteBuf - -Dio.netty.buffer.checkBounds: true
22:47:07.757 [AsyncHttpClient-1-2] DEBUG io.netty.util.ResourceLeakDetectorFactory - Loaded default ResourceLeakDetector: io.netty.util.ResourceLeakDetector@290942d1
22:47:07.772 [AsyncHttpClient-1-2] DEBUG org.asynchttpclient.netty.channel.NettyConnectListener - Using new Channel '[id: 0x18458360, L:/127.0.0.1:61298 - R:localhost/127.0.0.1:55830]' for 'POST' to '/session'
22:47:07.786 [AsyncHttpClient-1-2] DEBUG io.netty.util.Recycler - -Dio.netty.recycler.maxCapacityPerThread: 4096
22:47:07.786 [AsyncHttpClient-1-2] DEBUG io.netty.util.Recycler - -Dio.netty.recycler.ratio: 8
22:47:07.786 [AsyncHttpClient-1-2] DEBUG io.netty.util.Recycler - -Dio.netty.recycler.chunkSize: 32
22:47:07.786 [AsyncHttpClient-1-2] DEBUG io.netty.util.Recycler - -Dio.netty.recycler.blocking: false
22:47:07.786 [AsyncHttpClient-1-2] DEBUG io.netty.util.Recycler - -Dio.netty.recycler.batchFastThreadLocalOnly: true
22:47:08.336 [AsyncHttpClient-1-2] DEBUG io.netty.handler.codec.compression.Brotli - brotli4j not in the classpath; Brotli support will be unavailable.
22:47:08.336 [AsyncHttpClient-1-2] DEBUG org.asynchttpclient.netty.handler.HttpHandler - 

Request DefaultHttpRequest(decodeResult: success, version: HTTP/1.1)
POST /session HTTP/1.1
User-Agent: selenium/4.1.4 (java windows)
Content-Length: 439
Content-Type: application/json; charset=utf-8
host: localhost:55830
accept: */*

Response DefaultHttpResponse(decodeResult: success, version: HTTP/1.1)
HTTP/1.1 200 OK
Content-Length: 856
Content-Type: application/json; charset=utf-8
cache-control: no-cache

22:47:08.342 [AsyncHttpClient-1-2] DEBUG org.asynchttpclient.netty.channel.ChannelManager - Adding key: http://localhost:55830 for channel [id: 0x18458360, L:/127.0.0.1:61298 - R:localhost/127.0.0.1:55830]
22:47:08.425 [AsyncHttpClient-1-1] DEBUG org.asynchttpclient.netty.channel.DefaultChannelPool - Entry count for : http://localhost:55830 : 1
22:47:08.433 [AsyncHttpClient-1-3] DEBUG org.asynchttpclient.netty.channel.NettyConnectListener - Using new Channel '[id: 0xa0cec85d, L:/127.0.0.1:61305 - R:localhost/127.0.0.1:61299]' for 'GET' to '/json/version'
22:47:08.436 [AsyncHttpClient-1-3] DEBUG org.asynchttpclient.netty.handler.HttpHandler - 

Request DefaultFullHttpRequest(decodeResult: success, version: HTTP/1.1, content: EmptyByteBufBE)
GET /json/version HTTP/1.1
User-Agent: selenium/4.1.4 (java windows)
host: localhost:61299
accept: */*

Response DefaultHttpResponse(decodeResult: success, version: HTTP/1.1)
HTTP/1.1 200 OK
Content-Security-Policy: frame-ancestors 'none'
Content-Length: 424
Content-Type: application/json; charset=UTF-8

22:47:08.436 [AsyncHttpClient-1-3] DEBUG org.asynchttpclient.netty.channel.ChannelManager - Adding key: http://localhost:61299 for channel [id: 0xa0cec85d, L:/127.0.0.1:61305 - R:localhost/127.0.0.1:61299]
22:47:08.446 [main] DEBUG io.netty.util.internal.ThreadLocalRandom - -Dio.netty.initialSeedUniquifier: 0x47e64b503790205a
22:47:08.448 [AsyncHttpClient-1-4] DEBUG org.asynchttpclient.netty.channel.NettyConnectListener - Using new Channel '[id: 0x4a8061ea, L:/127.0.0.1:61306 - R:localhost/127.0.0.1:61299]' for 'GET' to '/devtools/browser/a418fad1-da08-4f36-a9d1-1099f13c4e01'
22:47:08.450 [AsyncHttpClient-1-4] DEBUG org.asynchttpclient.netty.handler.WebSocketHandler - 

Request DefaultFullHttpRequest(decodeResult: success, version: HTTP/1.1, content: EmptyByteBufBE)
GET /devtools/browser/a418fad1-da08-4f36-a9d1-1099f13c4e01 HTTP/1.1
upgrade: websocket
connection: upgrade
sec-websocket-key: gkqsFXySndZumikNE1d+jg==
sec-websocket-version: 13
origin: http://localhost:61299
host: localhost:61299
accept: */*
user-agent: AHC/2.1

Response DefaultHttpResponse(decodeResult: success, version: HTTP/1.1)
HTTP/1.1 101 WebSocket Protocol Handshake
Upgrade: WebSocket
Connection: Upgrade
Sec-WebSocket-Accept: zAd9uEBzRopz6QqK77reGhKl4Gg=

22:47:08.576 [AsyncHttpClient-1-5] DEBUG org.asynchttpclient.netty.channel.NettyConnectListener - Using new Channel '[id: 0xc519e78b, L:/127.0.0.1:61311 - R:localhost/127.0.0.1:57313]' for 'POST' to '/session'
22:47:09.135 [AsyncHttpClient-1-5] DEBUG org.asynchttpclient.netty.handler.HttpHandler - 

Request DefaultHttpRequest(decodeResult: success, version: HTTP/1.1)
POST /session HTTP/1.1
User-Agent: selenium/4.1.4 (java windows)
Content-Length: 439
Content-Type: application/json; charset=utf-8
host: localhost:57313
accept: */*

Response DefaultHttpResponse(decodeResult: success, version: HTTP/1.1)
HTTP/1.1 200 OK
Content-Length: 858
Content-Type: application/json; charset=utf-8
cache-control: no-cache

22:47:09.135 [AsyncHttpClient-1-5] DEBUG org.asynchttpclient.netty.channel.ChannelManager - Adding key: http://localhost:57313 for channel [id: 0xc519e78b, L:/127.0.0.1:61311 - R:localhost/127.0.0.1:57313]
22:47:09.143 [AsyncHttpClient-1-6] DEBUG org.asynchttpclient.netty.channel.NettyConnectListener - Using new Channel '[id: 0x258d4d05, L:/127.0.0.1:61320 - R:localhost/127.0.0.1:61314]' for 'GET' to '/json/version'
22:47:09.145 [AsyncHttpClient-1-6] DEBUG org.asynchttpclient.netty.handler.HttpHandler - 

Request DefaultFullHttpRequest(decodeResult: success, version: HTTP/1.1, content: EmptyByteBufBE)
GET /json/version HTTP/1.1
User-Agent: selenium/4.1.4 (java windows)
host: localhost:61314
accept: */*

Response DefaultHttpResponse(decodeResult: success, version: HTTP/1.1)
HTTP/1.1 200 OK
Content-Security-Policy: frame-ancestors 'none'
Content-Length: 424
Content-Type: application/json; charset=UTF-8

22:47:09.146 [AsyncHttpClient-1-6] DEBUG org.asynchttpclient.netty.channel.ChannelManager - Adding key: http://localhost:61314 for channel [id: 0x258d4d05, L:/127.0.0.1:61320 - R:localhost/127.0.0.1:61314]
22:47:09.148 [AsyncHttpClient-1-7] DEBUG org.asynchttpclient.netty.channel.NettyConnectListener - Using new Channel '[id: 0xc520cd42, L:/127.0.0.1:61321 - R:localhost/127.0.0.1:61314]' for 'GET' to '/devtools/browser/222dc56b-ebbb-405f-b36f-0e71ebb39080'
22:47:09.150 [AsyncHttpClient-1-7] DEBUG org.asynchttpclient.netty.handler.WebSocketHandler - 

Request DefaultFullHttpRequest(decodeResult: success, version: HTTP/1.1, content: EmptyByteBufBE)
GET /devtools/browser/222dc56b-ebbb-405f-b36f-0e71ebb39080 HTTP/1.1
upgrade: websocket
connection: upgrade
sec-websocket-key: 4wmUbwFmn+dgedHLlGqw0A==
sec-websocket-version: 13
origin: http://localhost:61314
host: localhost:61314
accept: */*
user-agent: AHC/2.1

Response DefaultHttpResponse(decodeResult: success, version: HTTP/1.1)
HTTP/1.1 101 WebSocket Protocol Handshake
Upgrade: WebSocket
Connection: Upgrade
Sec-WebSocket-Accept: A27nBdvCsSm0iXFLmf2Aem3Wwfg=

22:47:09.179 [Forwarding get on session c99ccc66ac58b52bb2d7847068ed0109 to remote] DEBUG org.asynchttpclient.netty.request.NettyRequestSender - Using pooled Channel '[id: 0x18458360, L:/127.0.0.1:61298 - R:localhost/127.0.0.1:55830]' for 'POST' to 'http://localhost:55830/session/c99ccc66ac58b52bb2d7847068ed0109/url'
22:47:09.179 [Forwarding get on session c99ccc66ac58b52bb2d7847068ed0109 to remote] DEBUG org.asynchttpclient.netty.request.NettyRequestSender - Using open Channel [id: 0x18458360, L:/127.0.0.1:61298 - R:localhost/127.0.0.1:55830] for POST '/session/c99ccc66ac58b52bb2d7847068ed0109/url'
22:47:09.502 [AsyncHttpClient-1-2] DEBUG org.asynchttpclient.netty.handler.HttpHandler - 

Request DefaultHttpRequest(decodeResult: success, version: HTTP/1.1)
POST /session/c99ccc66ac58b52bb2d7847068ed0109/url HTTP/1.1
User-Agent: selenium/4.1.4 (java windows)
Content-Length: 55
Content-Type: application/json; charset=utf-8
host: localhost:55830
accept: */*

Response DefaultHttpResponse(decodeResult: success, version: HTTP/1.1)
HTTP/1.1 200 OK
Content-Length: 14
Content-Type: application/json; charset=utf-8
cache-control: no-cache

22:47:09.502 [AsyncHttpClient-1-2] DEBUG org.asynchttpclient.netty.channel.ChannelManager - Adding key: http://localhost:55830 for channel [id: 0x18458360, L:/127.0.0.1:61298 - R:localhost/127.0.0.1:55830]
22:47:09.508 [Forwarding findElement on session c99ccc66ac58b52bb2d7847068ed0109 to remote] DEBUG org.asynchttpclient.netty.request.NettyRequestSender - Using pooled Channel '[id: 0x18458360, L:/127.0.0.1:61298 - R:localhost/127.0.0.1:55830]' for 'POST' to 'http://localhost:55830/session/c99ccc66ac58b52bb2d7847068ed0109/element'
22:47:09.508 [Forwarding findElement on session c99ccc66ac58b52bb2d7847068ed0109 to remote] DEBUG org.asynchttpclient.netty.request.NettyRequestSender - Using open Channel [id: 0x18458360, L:/127.0.0.1:61298 - R:localhost/127.0.0.1:55830] for POST '/session/c99ccc66ac58b52bb2d7847068ed0109/element'
22:47:09.520 [AsyncHttpClient-1-1] DEBUG org.asynchttpclient.netty.channel.DefaultChannelPool - Entry count for : http://localhost:61299 : 1
22:47:09.520 [AsyncHttpClient-1-1] DEBUG org.asynchttpclient.netty.channel.DefaultChannelPool - Entry count for : http://localhost:57313 : 1
22:47:09.520 [AsyncHttpClient-1-1] DEBUG org.asynchttpclient.netty.channel.DefaultChannelPool - Entry count for : http://localhost:61314 : 1
22:47:09.533 [AsyncHttpClient-1-2] DEBUG org.asynchttpclient.netty.handler.HttpHandler - 

Request DefaultHttpRequest(decodeResult: success, version: HTTP/1.1)
POST /session/c99ccc66ac58b52bb2d7847068ed0109/element HTTP/1.1
User-Agent: selenium/4.1.4 (java windows)
Content-Length: 53
Content-Type: application/json; charset=utf-8
host: localhost:55830
accept: */*

Response DefaultHttpResponse(decodeResult: success, version: HTTP/1.1)
HTTP/1.1 200 OK
Content-Length: 95
Content-Type: application/json; charset=utf-8
cache-control: no-cache

22:47:09.534 [AsyncHttpClient-1-2] DEBUG org.asynchttpclient.netty.channel.ChannelManager - Adding key: http://localhost:55830 for channel [id: 0x18458360, L:/127.0.0.1:61298 - R:localhost/127.0.0.1:55830]
22:47:09.551 [Forwarding getElementAttribute on session c99ccc66ac58b52bb2d7847068ed0109 to remote] DEBUG org.asynchttpclient.netty.request.NettyRequestSender - Using pooled Channel '[id: 0x18458360, L:/127.0.0.1:61298 - R:localhost/127.0.0.1:55830]' for 'POST' to 'http://localhost:55830/session/c99ccc66ac58b52bb2d7847068ed0109/execute/sync'
22:47:09.551 [Forwarding getElementAttribute on session c99ccc66ac58b52bb2d7847068ed0109 to remote] DEBUG org.asynchttpclient.netty.request.NettyRequestSender - Using open Channel [id: 0x18458360, L:/127.0.0.1:61298 - R:localhost/127.0.0.1:55830] for POST '/session/c99ccc66ac58b52bb2d7847068ed0109/execute/sync'
22:47:09.569 [AsyncHttpClient-1-2] DEBUG org.asynchttpclient.netty.handler.HttpHandler - 

Request DefaultHttpRequest(decodeResult: success, version: HTTP/1.1)
POST /session/c99ccc66ac58b52bb2d7847068ed0109/execute/sync HTTP/1.1
User-Agent: selenium/4.1.4 (java windows)
Content-Length: 47347
Content-Type: application/json; charset=utf-8
host: localhost:55830
accept: */*

Response DefaultHttpResponse(decodeResult: success, version: HTTP/1.1)
HTTP/1.1 200 OK
Content-Length: 16
Content-Type: application/json; charset=utf-8
cache-control: no-cache

22:47:09.569 [AsyncHttpClient-1-2] DEBUG org.asynchttpclient.netty.channel.ChannelManager - Adding key: http://localhost:55830 for channel [id: 0x18458360, L:/127.0.0.1:61298 - R:localhost/127.0.0.1:55830]
22:47:09.580 [Forwarding findElement on session c99ccc66ac58b52bb2d7847068ed0109 to remote] DEBUG org.asynchttpclient.netty.request.NettyRequestSender - Using pooled Channel '[id: 0x18458360, L:/127.0.0.1:61298 - R:localhost/127.0.0.1:55830]' for 'POST' to 'http://localhost:55830/session/c99ccc66ac58b52bb2d7847068ed0109/element'
22:47:09.580 [Forwarding findElement on session c99ccc66ac58b52bb2d7847068ed0109 to remote] DEBUG org.asynchttpclient.netty.request.NettyRequestSender - Using open Channel [id: 0x18458360, L:/127.0.0.1:61298 - R:localhost/127.0.0.1:55830] for POST '/session/c99ccc66ac58b52bb2d7847068ed0109/element'
22:47:09.590 [AsyncHttpClient-1-2] DEBUG org.asynchttpclient.netty.handler.HttpHandler - 

Request DefaultHttpRequest(decodeResult: success, version: HTTP/1.1)
POST /session/c99ccc66ac58b52bb2d7847068ed0109/element HTTP/1.1
User-Agent: selenium/4.1.4 (java windows)
Content-Length: 46
Content-Type: application/json; charset=utf-8
host: localhost:55830
accept: */*

Response DefaultHttpResponse(decodeResult: success, version: HTTP/1.1)
HTTP/1.1 200 OK
Content-Length: 95
Content-Type: application/json; charset=utf-8
cache-control: no-cache

22:47:09.591 [AsyncHttpClient-1-2] DEBUG org.asynchttpclient.netty.channel.ChannelManager - Adding key: http://localhost:55830 for channel [id: 0x18458360, L:/127.0.0.1:61298 - R:localhost/127.0.0.1:55830]
22:47:09.593 [Forwarding clickElement on session c99ccc66ac58b52bb2d7847068ed0109 to remote] DEBUG org.asynchttpclient.netty.request.NettyRequestSender - Using pooled Channel '[id: 0x18458360, L:/127.0.0.1:61298 - R:localhost/127.0.0.1:55830]' for 'POST' to 'http://localhost:55830/session/c99ccc66ac58b52bb2d7847068ed0109/element/449B6CF355661A6FD85F567AF5EF0039_element_39/click'
22:47:09.593 [Forwarding clickElement on session c99ccc66ac58b52bb2d7847068ed0109 to remote] DEBUG org.asynchttpclient.netty.request.NettyRequestSender - Using open Channel [id: 0x18458360, L:/127.0.0.1:61298 - R:localhost/127.0.0.1:55830] for POST '/session/c99ccc66ac58b52bb2d7847068ed0109/element/449B6CF355661A6FD85F567AF5EF0039_element_39/click'
22:47:09.672 [AsyncHttpClient-1-2] DEBUG org.asynchttpclient.netty.handler.HttpHandler - 

Request DefaultHttpRequest(decodeResult: success, version: HTTP/1.1)
POST /session/c99ccc66ac58b52bb2d7847068ed0109/element/449B6CF355661A6FD85F567AF5EF0039_element_39/click HTTP/1.1
User-Agent: selenium/4.1.4 (java windows)
Content-Length: 57
Content-Type: application/json; charset=utf-8
host: localhost:55830
accept: */*

Response DefaultHttpResponse(decodeResult: success, version: HTTP/1.1)
HTTP/1.1 200 OK
Content-Length: 14
Content-Type: application/json; charset=utf-8
cache-control: no-cache

22:47:09.672 [AsyncHttpClient-1-2] DEBUG org.asynchttpclient.netty.channel.ChannelManager - Adding key: http://localhost:55830 for channel [id: 0x18458360, L:/127.0.0.1:61298 - R:localhost/127.0.0.1:55830]
22:47:10.627 [AsyncHttpClient-1-1] DEBUG org.asynchttpclient.netty.channel.DefaultChannelPool - Entry count for : http://localhost:61299 : 1
22:47:10.627 [AsyncHttpClient-1-1] DEBUG org.asynchttpclient.netty.channel.DefaultChannelPool - Entry count for : http://localhost:57313 : 1
22:47:10.627 [AsyncHttpClient-1-1] DEBUG org.asynchttpclient.netty.channel.DefaultChannelPool - Entry count for : http://localhost:61314 : 1
22:47:10.627 [AsyncHttpClient-1-1] DEBUG org.asynchttpclient.netty.channel.DefaultChannelPool - Entry count for : http://localhost:55830 : 1
22:47:11.189 [Forwarding findElement on session c99ccc66ac58b52bb2d7847068ed0109 to remote] DEBUG org.asynchttpclient.netty.request.NettyRequestSender - Using pooled Channel '[id: 0x18458360, L:/127.0.0.1:61298 - R:localhost/127.0.0.1:55830]' for 'POST' to 'http://localhost:55830/session/c99ccc66ac58b52bb2d7847068ed0109/element'
22:47:11.189 [Forwarding findElement on session c99ccc66ac58b52bb2d7847068ed0109 to remote] DEBUG org.asynchttpclient.netty.request.NettyRequestSender - Using open Channel [id: 0x18458360, L:/127.0.0.1:61298 - R:localhost/127.0.0.1:55830] for POST '/session/c99ccc66ac58b52bb2d7847068ed0109/element'
22:47:11.218 [AsyncHttpClient-1-2] DEBUG org.asynchttpclient.netty.handler.HttpHandler - 

Request DefaultHttpRequest(decodeResult: success, version: HTTP/1.1)
POST /session/c99ccc66ac58b52bb2d7847068ed0109/element HTTP/1.1
User-Agent: selenium/4.1.4 (java windows)
Content-Length: 46
Content-Type: application/json; charset=utf-8
host: localhost:55830
accept: */*

Response DefaultHttpResponse(decodeResult: success, version: HTTP/1.1)
HTTP/1.1 200 OK
Content-Length: 95
Content-Type: application/json; charset=utf-8
cache-control: no-cache

22:47:11.218 [AsyncHttpClient-1-2] DEBUG org.asynchttpclient.netty.channel.ChannelManager - Adding key: http://localhost:55830 for channel [id: 0x18458360, L:/127.0.0.1:61298 - R:localhost/127.0.0.1:55830]
22:47:11.221 [Forwarding clickElement on session c99ccc66ac58b52bb2d7847068ed0109 to remote] DEBUG org.asynchttpclient.netty.request.NettyRequestSender - Using pooled Channel '[id: 0x18458360, L:/127.0.0.1:61298 - R:localhost/127.0.0.1:55830]' for 'POST' to 'http://localhost:55830/session/c99ccc66ac58b52bb2d7847068ed0109/element/08EF53E0B96AB0B3EA9049EE8741FD26_element_42/click'
22:47:11.221 [Forwarding clickElement on session c99ccc66ac58b52bb2d7847068ed0109 to remote] DEBUG org.asynchttpclient.netty.request.NettyRequestSender - Using open Channel [id: 0x18458360, L:/127.0.0.1:61298 - R:localhost/127.0.0.1:55830] for POST '/session/c99ccc66ac58b52bb2d7847068ed0109/element/08EF53E0B96AB0B3EA9049EE8741FD26_element_42/click'
22:47:11.314 [AsyncHttpClient-1-2] DEBUG org.asynchttpclient.netty.handler.HttpHandler - 

Request DefaultHttpRequest(decodeResult: success, version: HTTP/1.1)
POST /session/c99ccc66ac58b52bb2d7847068ed0109/element/08EF53E0B96AB0B3EA9049EE8741FD26_element_42/click HTTP/1.1
User-Agent: selenium/4.1.4 (java windows)
Content-Length: 57
Content-Type: application/json; charset=utf-8
host: localhost:55830
accept: */*

Response DefaultHttpResponse(decodeResult: success, version: HTTP/1.1)
HTTP/1.1 200 OK
Content-Length: 14
Content-Type: application/json; charset=utf-8
cache-control: no-cache

22:47:11.315 [AsyncHttpClient-1-2] DEBUG org.asynchttpclient.netty.channel.ChannelManager - Adding key: http://localhost:55830 for channel [id: 0x18458360, L:/127.0.0.1:61298 - R:localhost/127.0.0.1:55830]
22:47:11.720 [AsyncHttpClient-1-1] DEBUG org.asynchttpclient.netty.channel.DefaultChannelPool - Entry count for : http://localhost:61299 : 1
22:47:11.720 [AsyncHttpClient-1-1] DEBUG org.asynchttpclient.netty.channel.DefaultChannelPool - Entry count for : http://localhost:57313 : 1
22:47:11.720 [AsyncHttpClient-1-1] DEBUG org.asynchttpclient.netty.channel.DefaultChannelPool - Entry count for : http://localhost:61314 : 1
22:47:11.720 [AsyncHttpClient-1-1] DEBUG org.asynchttpclient.netty.channel.DefaultChannelPool - Entry count for : http://localhost:55830 : 1
22:47:12.818 [Forwarding findElement on session c99ccc66ac58b52bb2d7847068ed0109 to remote] DEBUG org.asynchttpclient.netty.request.NettyRequestSender - Using pooled Channel '[id: 0x18458360, L:/127.0.0.1:61298 - R:localhost/127.0.0.1:55830]' for 'POST' to 'http://localhost:55830/session/c99ccc66ac58b52bb2d7847068ed0109/element'
22:47:12.818 [Forwarding findElement on session c99ccc66ac58b52bb2d7847068ed0109 to remote] DEBUG org.asynchttpclient.netty.request.NettyRequestSender - Using open Channel [id: 0x18458360, L:/127.0.0.1:61298 - R:localhost/127.0.0.1:55830] for POST '/session/c99ccc66ac58b52bb2d7847068ed0109/element'
22:47:12.820 [AsyncHttpClient-1-1] DEBUG org.asynchttpclient.netty.channel.DefaultChannelPool - Entry count for : http://localhost:61299 : 1
22:47:12.820 [AsyncHttpClient-1-1] DEBUG org.asynchttpclient.netty.channel.DefaultChannelPool - Entry count for : http://localhost:57313 : 1
22:47:12.820 [AsyncHttpClient-1-1] DEBUG org.asynchttpclient.netty.channel.DefaultChannelPool - Entry count for : http://localhost:61314 : 1
22:47:12.839 [AsyncHttpClient-1-2] DEBUG org.asynchttpclient.netty.handler.HttpHandler - 

Request DefaultHttpRequest(decodeResult: success, version: HTTP/1.1)
POST /session/c99ccc66ac58b52bb2d7847068ed0109/element HTTP/1.1
User-Agent: selenium/4.1.4 (java windows)
Content-Length: 46
Content-Type: application/json; charset=utf-8
host: localhost:55830
accept: */*

Response DefaultHttpResponse(decodeResult: success, version: HTTP/1.1)
HTTP/1.1 200 OK
Content-Length: 95
Content-Type: application/json; charset=utf-8
cache-control: no-cache

22:47:12.839 [AsyncHttpClient-1-2] DEBUG org.asynchttpclient.netty.channel.ChannelManager - Adding key: http://localhost:55830 for channel [id: 0x18458360, L:/127.0.0.1:61298 - R:localhost/127.0.0.1:55830]
22:47:12.841 [Forwarding clickElement on session c99ccc66ac58b52bb2d7847068ed0109 to remote] DEBUG org.asynchttpclient.netty.request.NettyRequestSender - Using pooled Channel '[id: 0x18458360, L:/127.0.0.1:61298 - R:localhost/127.0.0.1:55830]' for 'POST' to 'http://localhost:55830/session/c99ccc66ac58b52bb2d7847068ed0109/element/D231F294D1CD418DE915F5F16EF46572_element_46/click'
22:47:12.841 [Forwarding clickElement on session c99ccc66ac58b52bb2d7847068ed0109 to remote] DEBUG org.asynchttpclient.netty.request.NettyRequestSender - Using open Channel [id: 0x18458360, L:/127.0.0.1:61298 - R:localhost/127.0.0.1:55830] for POST '/session/c99ccc66ac58b52bb2d7847068ed0109/element/D231F294D1CD418DE915F5F16EF46572_element_46/click'
22:47:12.886 [AsyncHttpClient-1-2] DEBUG org.asynchttpclient.netty.handler.HttpHandler - 

Request DefaultHttpRequest(decodeResult: success, version: HTTP/1.1)
POST /session/c99ccc66ac58b52bb2d7847068ed0109/element/D231F294D1CD418DE915F5F16EF46572_element_46/click HTTP/1.1
User-Agent: selenium/4.1.4 (java windows)
Content-Length: 57
Content-Type: application/json; charset=utf-8
host: localhost:55830
accept: */*

Response DefaultHttpResponse(decodeResult: success, version: HTTP/1.1)
HTTP/1.1 200 OK
Content-Length: 14
Content-Type: application/json; charset=utf-8
cache-control: no-cache

22:47:12.886 [AsyncHttpClient-1-2] DEBUG org.asynchttpclient.netty.channel.ChannelManager - Adding key: http://localhost:55830 for channel [id: 0x18458360, L:/127.0.0.1:61298 - R:localhost/127.0.0.1:55830]
22:47:13.925 [AsyncHttpClient-1-1] DEBUG org.asynchttpclient.netty.channel.DefaultChannelPool - Entry count for : http://localhost:61299 : 1
22:47:13.925 [AsyncHttpClient-1-1] DEBUG org.asynchttpclient.netty.channel.DefaultChannelPool - Entry count for : http://localhost:57313 : 1
22:47:13.925 [AsyncHttpClient-1-1] DEBUG org.asynchttpclient.netty.channel.DefaultChannelPool - Entry count for : http://localhost:61314 : 1
22:47:13.925 [AsyncHttpClient-1-1] DEBUG org.asynchttpclient.netty.channel.DefaultChannelPool - Entry count for : http://localhost:55830 : 1
22:47:14.397 [Forwarding findElement on session c99ccc66ac58b52bb2d7847068ed0109 to remote] DEBUG org.asynchttpclient.netty.request.NettyRequestSender - Using pooled Channel '[id: 0x18458360, L:/127.0.0.1:61298 - R:localhost/127.0.0.1:55830]' for 'POST' to 'http://localhost:55830/session/c99ccc66ac58b52bb2d7847068ed0109/element'
22:47:14.397 [Forwarding findElement on session c99ccc66ac58b52bb2d7847068ed0109 to remote] DEBUG org.asynchttpclient.netty.request.NettyRequestSender - Using open Channel [id: 0x18458360, L:/127.0.0.1:61298 - R:localhost/127.0.0.1:55830] for POST '/session/c99ccc66ac58b52bb2d7847068ed0109/element'
22:47:14.407 [AsyncHttpClient-1-2] DEBUG org.asynchttpclient.netty.handler.HttpHandler - 

Request DefaultHttpRequest(decodeResult: success, version: HTTP/1.1)
POST /session/c99ccc66ac58b52bb2d7847068ed0109/element HTTP/1.1
User-Agent: selenium/4.1.4 (java windows)
Content-Length: 46
Content-Type: application/json; charset=utf-8
host: localhost:55830
accept: */*

Response DefaultHttpResponse(decodeResult: success, version: HTTP/1.1)
HTTP/1.1 200 OK
Content-Length: 95
Content-Type: application/json; charset=utf-8
cache-control: no-cache

22:47:14.408 [AsyncHttpClient-1-2] DEBUG org.asynchttpclient.netty.channel.ChannelManager - Adding key: http://localhost:55830 for channel [id: 0x18458360, L:/127.0.0.1:61298 - R:localhost/127.0.0.1:55830]
22:47:14.409 [Forwarding clickElement on session c99ccc66ac58b52bb2d7847068ed0109 to remote] DEBUG org.asynchttpclient.netty.request.NettyRequestSender - Using pooled Channel '[id: 0x18458360, L:/127.0.0.1:61298 - R:localhost/127.0.0.1:55830]' for 'POST' to 'http://localhost:55830/session/c99ccc66ac58b52bb2d7847068ed0109/element/D231F294D1CD418DE915F5F16EF46572_element_48/click'
22:47:14.409 [Forwarding clickElement on session c99ccc66ac58b52bb2d7847068ed0109 to remote] DEBUG org.asynchttpclient.netty.request.NettyRequestSender - Using open Channel [id: 0x18458360, L:/127.0.0.1:61298 - R:localhost/127.0.0.1:55830] for POST '/session/c99ccc66ac58b52bb2d7847068ed0109/element/D231F294D1CD418DE915F5F16EF46572_element_48/click'
22:47:14.434 [AsyncHttpClient-1-2] DEBUG org.asynchttpclient.netty.handler.HttpHandler - 

Request DefaultHttpRequest(decodeResult: success, version: HTTP/1.1)
POST /session/c99ccc66ac58b52bb2d7847068ed0109/element/D231F294D1CD418DE915F5F16EF46572_element_48/click HTTP/1.1
User-Agent: selenium/4.1.4 (java windows)
Content-Length: 57
Content-Type: application/json; charset=utf-8
host: localhost:55830
accept: */*

Response DefaultHttpResponse(decodeResult: success, version: HTTP/1.1)
HTTP/1.1 200 OK
Content-Length: 14
Content-Type: application/json; charset=utf-8
cache-control: no-cache

22:47:14.434 [AsyncHttpClient-1-2] DEBUG org.asynchttpclient.netty.channel.ChannelManager - Adding key: http://localhost:55830 for channel [id: 0x18458360, L:/127.0.0.1:61298 - R:localhost/127.0.0.1:55830]
22:47:15.020 [AsyncHttpClient-1-1] DEBUG org.asynchttpclient.netty.channel.DefaultChannelPool - Entry count for : http://localhost:61299 : 1
22:47:15.020 [AsyncHttpClient-1-1] DEBUG org.asynchttpclient.netty.channel.DefaultChannelPool - Entry count for : http://localhost:57313 : 1
22:47:15.020 [AsyncHttpClient-1-1] DEBUG org.asynchttpclient.netty.channel.DefaultChannelPool - Entry count for : http://localhost:61314 : 1
22:47:15.020 [AsyncHttpClient-1-1] DEBUG org.asynchttpclient.netty.channel.DefaultChannelPool - Entry count for : http://localhost:55830 : 1
22:47:15.940 [Forwarding findElement on session c99ccc66ac58b52bb2d7847068ed0109 to remote] DEBUG org.asynchttpclient.netty.request.NettyRequestSender - Using pooled Channel '[id: 0x18458360, L:/127.0.0.1:61298 - R:localhost/127.0.0.1:55830]' for 'POST' to 'http://localhost:55830/session/c99ccc66ac58b52bb2d7847068ed0109/element'
22:47:15.940 [Forwarding findElement on session c99ccc66ac58b52bb2d7847068ed0109 to remote] DEBUG org.asynchttpclient.netty.request.NettyRequestSender - Using open Channel [id: 0x18458360, L:/127.0.0.1:61298 - R:localhost/127.0.0.1:55830] for POST '/session/c99ccc66ac58b52bb2d7847068ed0109/element'
22:47:15.950 [AsyncHttpClient-1-2] DEBUG org.asynchttpclient.netty.handler.HttpHandler - 

Request DefaultHttpRequest(decodeResult: success, version: HTTP/1.1)
POST /session/c99ccc66ac58b52bb2d7847068ed0109/element HTTP/1.1
User-Agent: selenium/4.1.4 (java windows)
Content-Length: 46
Content-Type: application/json; charset=utf-8
host: localhost:55830
accept: */*

Response DefaultHttpResponse(decodeResult: success, version: HTTP/1.1)
HTTP/1.1 200 OK
Content-Length: 95
Content-Type: application/json; charset=utf-8
cache-control: no-cache

22:47:15.950 [AsyncHttpClient-1-2] DEBUG org.asynchttpclient.netty.channel.ChannelManager - Adding key: http://localhost:55830 for channel [id: 0x18458360, L:/127.0.0.1:61298 - R:localhost/127.0.0.1:55830]
22:47:15.952 [Forwarding clickElement on session c99ccc66ac58b52bb2d7847068ed0109 to remote] DEBUG org.asynchttpclient.netty.request.NettyRequestSender - Using pooled Channel '[id: 0x18458360, L:/127.0.0.1:61298 - R:localhost/127.0.0.1:55830]' for 'POST' to 'http://localhost:55830/session/c99ccc66ac58b52bb2d7847068ed0109/element/D231F294D1CD418DE915F5F16EF46572_element_49/click'
22:47:15.952 [Forwarding clickElement on session c99ccc66ac58b52bb2d7847068ed0109 to remote] DEBUG org.asynchttpclient.netty.request.NettyRequestSender - Using open Channel [id: 0x18458360, L:/127.0.0.1:61298 - R:localhost/127.0.0.1:55830] for POST '/session/c99ccc66ac58b52bb2d7847068ed0109/element/D231F294D1CD418DE915F5F16EF46572_element_49/click'
22:47:15.980 [AsyncHttpClient-1-2] DEBUG org.asynchttpclient.netty.handler.HttpHandler - 

Request DefaultHttpRequest(decodeResult: success, version: HTTP/1.1)
POST /session/c99ccc66ac58b52bb2d7847068ed0109/element/D231F294D1CD418DE915F5F16EF46572_element_49/click HTTP/1.1
User-Agent: selenium/4.1.4 (java windows)
Content-Length: 57
Content-Type: application/json; charset=utf-8
host: localhost:55830
accept: */*

Response DefaultHttpResponse(decodeResult: success, version: HTTP/1.1)
HTTP/1.1 200 OK
Content-Length: 14
Content-Type: application/json; charset=utf-8
cache-control: no-cache

22:47:15.980 [AsyncHttpClient-1-2] DEBUG org.asynchttpclient.netty.channel.ChannelManager - Adding key: http://localhost:55830 for channel [id: 0x18458360, L:/127.0.0.1:61298 - R:localhost/127.0.0.1:55830]
22:47:16.129 [AsyncHttpClient-1-1] DEBUG org.asynchttpclient.netty.channel.DefaultChannelPool - Entry count for : http://localhost:61299 : 1
22:47:16.129 [AsyncHttpClient-1-1] DEBUG org.asynchttpclient.netty.channel.DefaultChannelPool - Entry count for : http://localhost:57313 : 1
22:47:16.129 [AsyncHttpClient-1-1] DEBUG org.asynchttpclient.netty.channel.DefaultChannelPool - Entry count for : http://localhost:61314 : 1
22:47:16.129 [AsyncHttpClient-1-1] DEBUG org.asynchttpclient.netty.channel.DefaultChannelPool - Entry count for : http://localhost:55830 : 1
22:47:17.219 [AsyncHttpClient-1-1] DEBUG org.asynchttpclient.netty.channel.DefaultChannelPool - Entry count for : http://localhost:61299 : 1
22:47:17.219 [AsyncHttpClient-1-1] DEBUG org.asynchttpclient.netty.channel.DefaultChannelPool - Entry count for : http://localhost:57313 : 1
22:47:17.219 [AsyncHttpClient-1-1] DEBUG org.asynchttpclient.netty.channel.DefaultChannelPool - Entry count for : http://localhost:61314 : 1
22:47:17.219 [AsyncHttpClient-1-1] DEBUG org.asynchttpclient.netty.channel.DefaultChannelPool - Entry count for : http://localhost:55830 : 1
22:47:17.494 [Forwarding findElement on session c99ccc66ac58b52bb2d7847068ed0109 to remote] DEBUG org.asynchttpclient.netty.request.NettyRequestSender - Using pooled Channel '[id: 0x18458360, L:/127.0.0.1:61298 - R:localhost/127.0.0.1:55830]' for 'POST' to 'http://localhost:55830/session/c99ccc66ac58b52bb2d7847068ed0109/element'
22:47:17.494 [Forwarding findElement on session c99ccc66ac58b52bb2d7847068ed0109 to remote] DEBUG org.asynchttpclient.netty.request.NettyRequestSender - Using open Channel [id: 0x18458360, L:/127.0.0.1:61298 - R:localhost/127.0.0.1:55830] for POST '/session/c99ccc66ac58b52bb2d7847068ed0109/element'
22:47:17.504 [AsyncHttpClient-1-2] DEBUG org.asynchttpclient.netty.handler.HttpHandler - 

Request DefaultHttpRequest(decodeResult: success, version: HTTP/1.1)
POST /session/c99ccc66ac58b52bb2d7847068ed0109/element HTTP/1.1
User-Agent: selenium/4.1.4 (java windows)
Content-Length: 46
Content-Type: application/json; charset=utf-8
host: localhost:55830
accept: */*

Response DefaultHttpResponse(decodeResult: success, version: HTTP/1.1)
HTTP/1.1 200 OK
Content-Length: 95
Content-Type: application/json; charset=utf-8
cache-control: no-cache

22:47:17.504 [AsyncHttpClient-1-2] DEBUG org.asynchttpclient.netty.channel.ChannelManager - Adding key: http://localhost:55830 for channel [id: 0x18458360, L:/127.0.0.1:61298 - R:localhost/127.0.0.1:55830]
22:47:17.505 [Forwarding clickElement on session c99ccc66ac58b52bb2d7847068ed0109 to remote] DEBUG org.asynchttpclient.netty.request.NettyRequestSender - Using pooled Channel '[id: 0x18458360, L:/127.0.0.1:61298 - R:localhost/127.0.0.1:55830]' for 'POST' to 'http://localhost:55830/session/c99ccc66ac58b52bb2d7847068ed0109/element/D231F294D1CD418DE915F5F16EF46572_element_50/click'
22:47:17.505 [Forwarding clickElement on session c99ccc66ac58b52bb2d7847068ed0109 to remote] DEBUG org.asynchttpclient.netty.request.NettyRequestSender - Using open Channel [id: 0x18458360, L:/127.0.0.1:61298 - R:localhost/127.0.0.1:55830] for POST '/session/c99ccc66ac58b52bb2d7847068ed0109/element/D231F294D1CD418DE915F5F16EF46572_element_50/click'
22:47:17.570 [AsyncHttpClient-1-2] DEBUG org.asynchttpclient.netty.handler.HttpHandler - 

Request DefaultHttpRequest(decodeResult: success, version: HTTP/1.1)
POST /session/c99ccc66ac58b52bb2d7847068ed0109/element/D231F294D1CD418DE915F5F16EF46572_element_50/click HTTP/1.1
User-Agent: selenium/4.1.4 (java windows)
Content-Length: 57
Content-Type: application/json; charset=utf-8
host: localhost:55830
accept: */*

Response DefaultHttpResponse(decodeResult: success, version: HTTP/1.1)
HTTP/1.1 200 OK
Content-Length: 14
Content-Type: application/json; charset=utf-8
cache-control: no-cache

22:47:17.570 [AsyncHttpClient-1-2] DEBUG org.asynchttpclient.netty.channel.ChannelManager - Adding key: http://localhost:55830 for channel [id: 0x18458360, L:/127.0.0.1:61298 - R:localhost/127.0.0.1:55830]
22:47:18.325 [AsyncHttpClient-1-1] DEBUG org.asynchttpclient.netty.channel.DefaultChannelPool - Entry count for : http://localhost:61299 : 1
22:47:18.325 [AsyncHttpClient-1-1] DEBUG org.asynchttpclient.netty.channel.DefaultChannelPool - Entry count for : http://localhost:57313 : 1
22:47:18.325 [AsyncHttpClient-1-1] DEBUG org.asynchttpclient.netty.channel.DefaultChannelPool - Entry count for : http://localhost:61314 : 1
22:47:18.325 [AsyncHttpClient-1-1] DEBUG org.asynchttpclient.netty.channel.DefaultChannelPool - Entry count for : http://localhost:55830 : 1
22:47:19.075 [Forwarding findElement on session c99ccc66ac58b52bb2d7847068ed0109 to remote] DEBUG org.asynchttpclient.netty.request.NettyRequestSender - Using pooled Channel '[id: 0x18458360, L:/127.0.0.1:61298 - R:localhost/127.0.0.1:55830]' for 'POST' to 'http://localhost:55830/session/c99ccc66ac58b52bb2d7847068ed0109/element'
22:47:19.076 [Forwarding findElement on session c99ccc66ac58b52bb2d7847068ed0109 to remote] DEBUG org.asynchttpclient.netty.request.NettyRequestSender - Using open Channel [id: 0x18458360, L:/127.0.0.1:61298 - R:localhost/127.0.0.1:55830] for POST '/session/c99ccc66ac58b52bb2d7847068ed0109/element'
22:47:19.105 [AsyncHttpClient-1-2] DEBUG org.asynchttpclient.netty.handler.HttpHandler - 

Request DefaultHttpRequest(decodeResult: success, version: HTTP/1.1)
POST /session/c99ccc66ac58b52bb2d7847068ed0109/element HTTP/1.1
User-Agent: selenium/4.1.4 (java windows)
Content-Length: 46
Content-Type: application/json; charset=utf-8
host: localhost:55830
accept: */*

Response DefaultHttpResponse(decodeResult: success, version: HTTP/1.1)
HTTP/1.1 200 OK
Content-Length: 95
Content-Type: application/json; charset=utf-8
cache-control: no-cache

22:47:19.106 [AsyncHttpClient-1-2] DEBUG org.asynchttpclient.netty.channel.ChannelManager - Adding key: http://localhost:55830 for channel [id: 0x18458360, L:/127.0.0.1:61298 - R:localhost/127.0.0.1:55830]
22:47:19.109 [Forwarding clickElement on session c99ccc66ac58b52bb2d7847068ed0109 to remote] DEBUG org.asynchttpclient.netty.request.NettyRequestSender - Using pooled Channel '[id: 0x18458360, L:/127.0.0.1:61298 - R:localhost/127.0.0.1:55830]' for 'POST' to 'http://localhost:55830/session/c99ccc66ac58b52bb2d7847068ed0109/element/723ADFCFF9EB14A7D229ACA12487E8AA_element_53/click'
22:47:19.109 [Forwarding clickElement on session c99ccc66ac58b52bb2d7847068ed0109 to remote] DEBUG org.asynchttpclient.netty.request.NettyRequestSender - Using open Channel [id: 0x18458360, L:/127.0.0.1:61298 - R:localhost/127.0.0.1:55830] for POST '/session/c99ccc66ac58b52bb2d7847068ed0109/element/723ADFCFF9EB14A7D229ACA12487E8AA_element_53/click'
22:47:19.232 [AsyncHttpClient-1-2] DEBUG org.asynchttpclient.netty.handler.HttpHandler - 

Request DefaultHttpRequest(decodeResult: success, version: HTTP/1.1)
POST /session/c99ccc66ac58b52bb2d7847068ed0109/element/723ADFCFF9EB14A7D229ACA12487E8AA_element_53/click HTTP/1.1
User-Agent: selenium/4.1.4 (java windows)
Content-Length: 57
Content-Type: application/json; charset=utf-8
host: localhost:55830
accept: */*

Response DefaultHttpResponse(decodeResult: success, version: HTTP/1.1)
HTTP/1.1 200 OK
Content-Length: 14
Content-Type: application/json; charset=utf-8
cache-control: no-cache

22:47:19.232 [AsyncHttpClient-1-2] DEBUG org.asynchttpclient.netty.channel.ChannelManager - Adding key: http://localhost:55830 for channel [id: 0x18458360, L:/127.0.0.1:61298 - R:localhost/127.0.0.1:55830]
22:47:19.418 [AsyncHttpClient-1-1] DEBUG org.asynchttpclient.netty.channel.DefaultChannelPool - Entry count for : http://localhost:61299 : 1
22:47:19.418 [AsyncHttpClient-1-1] DEBUG org.asynchttpclient.netty.channel.DefaultChannelPool - Entry count for : http://localhost:57313 : 1
22:47:19.418 [AsyncHttpClient-1-1] DEBUG org.asynchttpclient.netty.channel.DefaultChannelPool - Entry count for : http://localhost:61314 : 1
22:47:19.418 [AsyncHttpClient-1-1] DEBUG org.asynchttpclient.netty.channel.DefaultChannelPool - Entry count for : http://localhost:55830 : 1
22:47:20.521 [AsyncHttpClient-1-1] DEBUG org.asynchttpclient.netty.channel.DefaultChannelPool - Entry count for : http://localhost:61299 : 1
22:47:20.521 [AsyncHttpClient-1-1] DEBUG org.asynchttpclient.netty.channel.DefaultChannelPool - Entry count for : http://localhost:57313 : 1
22:47:20.521 [AsyncHttpClient-1-1] DEBUG org.asynchttpclient.netty.channel.DefaultChannelPool - Entry count for : http://localhost:61314 : 1
22:47:20.521 [AsyncHttpClient-1-1] DEBUG org.asynchttpclient.netty.channel.DefaultChannelPool - Entry count for : http://localhost:55830 : 1
22:47:20.739 [Forwarding findElement on session c99ccc66ac58b52bb2d7847068ed0109 to remote] DEBUG org.asynchttpclient.netty.request.NettyRequestSender - Using pooled Channel '[id: 0x18458360, L:/127.0.0.1:61298 - R:localhost/127.0.0.1:55830]' for 'POST' to 'http://localhost:55830/session/c99ccc66ac58b52bb2d7847068ed0109/element'
22:47:20.739 [Forwarding findElement on session c99ccc66ac58b52bb2d7847068ed0109 to remote] DEBUG org.asynchttpclient.netty.request.NettyRequestSender - Using open Channel [id: 0x18458360, L:/127.0.0.1:61298 - R:localhost/127.0.0.1:55830] for POST '/session/c99ccc66ac58b52bb2d7847068ed0109/element'
22:47:20.754 [AsyncHttpClient-1-2] DEBUG org.asynchttpclient.netty.handler.HttpHandler - 

Request DefaultHttpRequest(decodeResult: success, version: HTTP/1.1)
POST /session/c99ccc66ac58b52bb2d7847068ed0109/element HTTP/1.1
User-Agent: selenium/4.1.4 (java windows)
Content-Length: 53
Content-Type: application/json; charset=utf-8
host: localhost:55830
accept: */*

Response DefaultHttpResponse(decodeResult: success, version: HTTP/1.1)
HTTP/1.1 404 Not Found
Content-Length: 964
Content-Type: application/json; charset=utf-8
cache-control: no-cache

22:47:20.754 [AsyncHttpClient-1-2] DEBUG org.asynchttpclient.netty.channel.ChannelManager - Adding key: http://localhost:55830 for channel [id: 0x18458360, L:/127.0.0.1:61298 - R:localhost/127.0.0.1:55830]
]]></system-out>
    <system-err><![CDATA[Starting ChromeDriver 114.0.5735.90 (386bc09e8f4f2e025eddae123f36f6263096ae49-refs/branch-heads/5735@{#1052}) on port 55830
Only local connections are allowed.
Please see https://chromedriver.chromium.org/security-considerations for suggestions on keeping ChromeDriver safe.
ChromeDriver was started successfully.
Jul 26, 2023 10:47:08 PM org.openqa.selenium.remote.ProtocolHandshake createSession
INFO: Detected dialect: W3C
Jul 26, 2023 10:47:08 PM org.openqa.selenium.devtools.CdpVersionFinder findNearestMatch
WARNING: Unable to find an exact match for CDP version 114, so returning the closest version found: a no-op implementation
Jul 26, 2023 10:47:08 PM org.openqa.selenium.devtools.CdpVersionFinder findNearestMatch
INFO: Unable to find CDP implementation matching 114.
Jul 26, 2023 10:47:08 PM org.openqa.selenium.chromium.ChromiumDriver lambda$new$3
WARNING: Unable to find version of CDP to use for . You may need to include a dependency on a specific version of the CDP using something similar to `org.seleniumhq.selenium:selenium-devtools-v86:4.1.4` where the version ("v86") matches the version of the chromium-based browser you're using and the version number of the artifact is the same as Selenium's.
Starting ChromeDriver 114.0.5735.90 (386bc09e8f4f2e025eddae123f36f6263096ae49-refs/branch-heads/5735@{#1052}) on port 57313
Only local connections are allowed.
Please see https://chromedriver.chromium.org/security-considerations for suggestions on keeping ChromeDriver safe.
ChromeDriver was started successfully.
Jul 26, 2023 10:47:09 PM org.openqa.selenium.remote.ProtocolHandshake createSession
INFO: Detected dialect: W3C
Jul 26, 2023 10:47:09 PM org.openqa.selenium.devtools.CdpVersionFinder findNearestMatch
WARNING: Unable to find an exact match for CDP version 114, so returning the closest version found: a no-op implementation
Jul 26, 2023 10:47:09 PM org.openqa.selenium.devtools.CdpVersionFinder findNearestMatch
INFO: Unable to find CDP implementation matching 114.
Jul 26, 2023 10:47:09 PM org.openqa.selenium.chromium.ChromiumDriver lambda$new$3
WARNING: Unable to find version of CDP to use for . You may need to include a dependency on a specific version of the CDP using something similar to `org.seleniumhq.selenium:selenium-devtools-v86:4.1.4` where the version ("v86") matches the version of the chromium-based browser you're using and the version number of the artifact is the same as Selenium's.
]]></system-err>
  </testcase>
  <testcase name="winGameTest" classname="com.game_classes.GameUiTest" time="8.263">
    <failure message="element not interactable&#10;  (Session info: chrome=114.0.5735.248)&#10;Build info: version: &apos;4.1.4&apos;, revision: &apos;535d840ee2&apos;&#10;System info: host: &apos;DESKTOP-TUFNRNQ&apos;, ip: &apos;192.168.0.101&apos;, os.name: &apos;Windows 10&apos;, os.arch: &apos;amd64&apos;, os.version: &apos;10.0&apos;, java.version: &apos;18.0.2.1&apos;&#10;Driver info: org.openqa.selenium.chrome.ChromeDriver&#10;Command: [c99ccc66ac58b52bb2d7847068ed0109, sendKeysToElement {id=FE9444896EF223A396D51B9F6B832E5C_element_78, value=[Ljava.lang.CharSequence;@cf67838}]&#10;Capabilities {acceptInsecureCerts: false, browserName: chrome, browserVersion: 114.0.5735.248, chrome: {chromedriverVersion: 114.0.5735.90 (386bc09e8f4f..., userDataDir: C:\Users\HP\AppData\Local\T...}, goog:chromeOptions: {debuggerAddress: localhost:61299}, javascriptEnabled: true, networkConnectionEnabled: false, pageLoadStrategy: normal, platform: WINDOWS, platformName: WINDOWS, proxy: Proxy(), se:cdp: ws://localhost:61299/devtoo..., se:cdpVersion: 114.0.5735.248, setWindowRect: true, strictFileInteractability: false, timeouts: {implicit: 0, pageLoad: 300000, script: 30000}, unhandledPromptBehavior: dismiss and notify, webauthn:extension:credBlob: true, webauthn:extension:largeBlob: true, webauthn:extension:minPinLength: true, webauthn:extension:prf: true, webauthn:virtualAuthenticators: true}&#10;Element: [[ChromeDriver: chrome on WINDOWS (c99ccc66ac58b52bb2d7847068ed0109)] -&gt; tag name: input]&#10;Session ID: c99ccc66ac58b52bb2d7847068ed0109" type="org.openqa.selenium.ElementNotInteractableException">org.openqa.selenium.ElementNotInteractableException: 
element not interactable
  (Session info: chrome=114.0.5735.248)
Build info: version: '4.1.4', revision: '535d840ee2'
System info: host: 'DESKTOP-TUFNRNQ', ip: '192.168.0.101', os.name: 'Windows 10', os.arch: 'amd64', os.version: '10.0', java.version: '18.0.2.1'
Driver info: org.openqa.selenium.chrome.ChromeDriver
Command: [c99ccc66ac58b52bb2d7847068ed0109, sendKeysToElement {id=FE9444896EF223A396D51B9F6B832E5C_element_78, value=[Ljava.lang.CharSequence;@cf67838}]
Capabilities {acceptInsecureCerts: false, browserName: chrome, browserVersion: 114.0.5735.248, chrome: {chromedriverVersion: 114.0.5735.90 (386bc09e8f4f..., userDataDir: C:\Users\HP\AppData\Local\T...}, goog:chromeOptions: {debuggerAddress: localhost:61299}, javascriptEnabled: true, networkConnectionEnabled: false, pageLoadStrategy: normal, platform: WINDOWS, platformName: WINDOWS, proxy: Proxy(), se:cdp: ws://localhost:61299/devtoo..., se:cdpVersion: 114.0.5735.248, setWindowRect: true, strictFileInteractability: false, timeouts: {implicit: 0, pageLoad: 300000, script: 30000}, unhandledPromptBehavior: dismiss and notify, webauthn:extension:credBlob: true, webauthn:extension:largeBlob: true, webauthn:extension:minPinLength: true, webauthn:extension:prf: true, webauthn:virtualAuthenticators: true}
Element: [[ChromeDriver: chrome on WINDOWS (c99ccc66ac58b52bb2d7847068ed0109)] -> tag name: input]
Session ID: c99ccc66ac58b52bb2d7847068ed0109
	at com.game_classes.GameUiTest.winGameTest(GameUiTest.java:64)
</failure>
    <system-out><![CDATA[22:47:20.784 [Forwarding get on session c99ccc66ac58b52bb2d7847068ed0109 to remote] DEBUG org.asynchttpclient.netty.request.NettyRequestSender - Using pooled Channel '[id: 0x18458360, L:/127.0.0.1:61298 - R:localhost/127.0.0.1:55830]' for 'POST' to 'http://localhost:55830/session/c99ccc66ac58b52bb2d7847068ed0109/url'
22:47:20.784 [Forwarding get on session c99ccc66ac58b52bb2d7847068ed0109 to remote] DEBUG org.asynchttpclient.netty.request.NettyRequestSender - Using open Channel [id: 0x18458360, L:/127.0.0.1:61298 - R:localhost/127.0.0.1:55830] for POST '/session/c99ccc66ac58b52bb2d7847068ed0109/url'
22:47:20.823 [AsyncHttpClient-1-2] DEBUG org.asynchttpclient.netty.handler.HttpHandler - 

Request DefaultHttpRequest(decodeResult: success, version: HTTP/1.1)
POST /session/c99ccc66ac58b52bb2d7847068ed0109/url HTTP/1.1
User-Agent: selenium/4.1.4 (java windows)
Content-Length: 55
Content-Type: application/json; charset=utf-8
host: localhost:55830
accept: */*

Response DefaultHttpResponse(decodeResult: success, version: HTTP/1.1)
HTTP/1.1 200 OK
Content-Length: 14
Content-Type: application/json; charset=utf-8
cache-control: no-cache

22:47:20.823 [AsyncHttpClient-1-2] DEBUG org.asynchttpclient.netty.channel.ChannelManager - Adding key: http://localhost:55830 for channel [id: 0x18458360, L:/127.0.0.1:61298 - R:localhost/127.0.0.1:55830]
22:47:20.825 [Forwarding findElement on session c99ccc66ac58b52bb2d7847068ed0109 to remote] DEBUG org.asynchttpclient.netty.request.NettyRequestSender - Using pooled Channel '[id: 0x18458360, L:/127.0.0.1:61298 - R:localhost/127.0.0.1:55830]' for 'POST' to 'http://localhost:55830/session/c99ccc66ac58b52bb2d7847068ed0109/element'
22:47:20.825 [Forwarding findElement on session c99ccc66ac58b52bb2d7847068ed0109 to remote] DEBUG org.asynchttpclient.netty.request.NettyRequestSender - Using open Channel [id: 0x18458360, L:/127.0.0.1:61298 - R:localhost/127.0.0.1:55830] for POST '/session/c99ccc66ac58b52bb2d7847068ed0109/element'
22:47:20.837 [AsyncHttpClient-1-2] DEBUG org.asynchttpclient.netty.handler.HttpHandler - 

Request DefaultHttpRequest(decodeResult: success, version: HTTP/1.1)
POST /session/c99ccc66ac58b52bb2d7847068ed0109/element HTTP/1.1
User-Agent: selenium/4.1.4 (java windows)
Content-Length: 53
Content-Type: application/json; charset=utf-8
host: localhost:55830
accept: */*

Response DefaultHttpResponse(decodeResult: success, version: HTTP/1.1)
HTTP/1.1 200 OK
Content-Length: 95
Content-Type: application/json; charset=utf-8
cache-control: no-cache

22:47:20.837 [AsyncHttpClient-1-2] DEBUG org.asynchttpclient.netty.channel.ChannelManager - Adding key: http://localhost:55830 for channel [id: 0x18458360, L:/127.0.0.1:61298 - R:localhost/127.0.0.1:55830]
22:47:20.847 [Forwarding getElementAttribute on session c99ccc66ac58b52bb2d7847068ed0109 to remote] DEBUG org.asynchttpclient.netty.request.NettyRequestSender - Using pooled Channel '[id: 0x18458360, L:/127.0.0.1:61298 - R:localhost/127.0.0.1:55830]' for 'POST' to 'http://localhost:55830/session/c99ccc66ac58b52bb2d7847068ed0109/execute/sync'
22:47:20.847 [Forwarding getElementAttribute on session c99ccc66ac58b52bb2d7847068ed0109 to remote] DEBUG org.asynchttpclient.netty.request.NettyRequestSender - Using open Channel [id: 0x18458360, L:/127.0.0.1:61298 - R:localhost/127.0.0.1:55830] for POST '/session/c99ccc66ac58b52bb2d7847068ed0109/execute/sync'
22:47:20.866 [AsyncHttpClient-1-2] DEBUG org.asynchttpclient.netty.handler.HttpHandler - 

Request DefaultHttpRequest(decodeResult: success, version: HTTP/1.1)
POST /session/c99ccc66ac58b52bb2d7847068ed0109/execute/sync HTTP/1.1
User-Agent: selenium/4.1.4 (java windows)
Content-Length: 47347
Content-Type: application/json; charset=utf-8
host: localhost:55830
accept: */*

Response DefaultHttpResponse(decodeResult: success, version: HTTP/1.1)
HTTP/1.1 200 OK
Content-Length: 16
Content-Type: application/json; charset=utf-8
cache-control: no-cache

22:47:20.866 [AsyncHttpClient-1-2] DEBUG org.asynchttpclient.netty.channel.ChannelManager - Adding key: http://localhost:55830 for channel [id: 0x18458360, L:/127.0.0.1:61298 - R:localhost/127.0.0.1:55830]
22:47:20.881 [Forwarding findElement on session c99ccc66ac58b52bb2d7847068ed0109 to remote] DEBUG org.asynchttpclient.netty.request.NettyRequestSender - Using pooled Channel '[id: 0x18458360, L:/127.0.0.1:61298 - R:localhost/127.0.0.1:55830]' for 'POST' to 'http://localhost:55830/session/c99ccc66ac58b52bb2d7847068ed0109/element'
22:47:20.881 [Forwarding findElement on session c99ccc66ac58b52bb2d7847068ed0109 to remote] DEBUG org.asynchttpclient.netty.request.NettyRequestSender - Using open Channel [id: 0x18458360, L:/127.0.0.1:61298 - R:localhost/127.0.0.1:55830] for POST '/session/c99ccc66ac58b52bb2d7847068ed0109/element'
22:47:20.891 [AsyncHttpClient-1-2] DEBUG org.asynchttpclient.netty.handler.HttpHandler - 

Request DefaultHttpRequest(decodeResult: success, version: HTTP/1.1)
POST /session/c99ccc66ac58b52bb2d7847068ed0109/element HTTP/1.1
User-Agent: selenium/4.1.4 (java windows)
Content-Length: 46
Content-Type: application/json; charset=utf-8
host: localhost:55830
accept: */*

Response DefaultHttpResponse(decodeResult: success, version: HTTP/1.1)
HTTP/1.1 200 OK
Content-Length: 95
Content-Type: application/json; charset=utf-8
cache-control: no-cache

22:47:20.892 [AsyncHttpClient-1-2] DEBUG org.asynchttpclient.netty.channel.ChannelManager - Adding key: http://localhost:55830 for channel [id: 0x18458360, L:/127.0.0.1:61298 - R:localhost/127.0.0.1:55830]
22:47:20.893 [Forwarding clickElement on session c99ccc66ac58b52bb2d7847068ed0109 to remote] DEBUG org.asynchttpclient.netty.request.NettyRequestSender - Using pooled Channel '[id: 0x18458360, L:/127.0.0.1:61298 - R:localhost/127.0.0.1:55830]' for 'POST' to 'http://localhost:55830/session/c99ccc66ac58b52bb2d7847068ed0109/element/C362A8391C909FFA468534029EC92055_element_61/click'
22:47:20.893 [Forwarding clickElement on session c99ccc66ac58b52bb2d7847068ed0109 to remote] DEBUG org.asynchttpclient.netty.request.NettyRequestSender - Using open Channel [id: 0x18458360, L:/127.0.0.1:61298 - R:localhost/127.0.0.1:55830] for POST '/session/c99ccc66ac58b52bb2d7847068ed0109/element/C362A8391C909FFA468534029EC92055_element_61/click'
22:47:20.972 [AsyncHttpClient-1-2] DEBUG org.asynchttpclient.netty.handler.HttpHandler - 

Request DefaultHttpRequest(decodeResult: success, version: HTTP/1.1)
POST /session/c99ccc66ac58b52bb2d7847068ed0109/element/C362A8391C909FFA468534029EC92055_element_61/click HTTP/1.1
User-Agent: selenium/4.1.4 (java windows)
Content-Length: 57
Content-Type: application/json; charset=utf-8
host: localhost:55830
accept: */*

Response DefaultHttpResponse(decodeResult: success, version: HTTP/1.1)
HTTP/1.1 200 OK
Content-Length: 14
Content-Type: application/json; charset=utf-8
cache-control: no-cache

22:47:20.972 [AsyncHttpClient-1-2] DEBUG org.asynchttpclient.netty.channel.ChannelManager - Adding key: http://localhost:55830 for channel [id: 0x18458360, L:/127.0.0.1:61298 - R:localhost/127.0.0.1:55830]
22:47:21.620 [AsyncHttpClient-1-1] DEBUG org.asynchttpclient.netty.channel.DefaultChannelPool - Entry count for : http://localhost:61299 : 1
22:47:21.620 [AsyncHttpClient-1-1] DEBUG org.asynchttpclient.netty.channel.DefaultChannelPool - Entry count for : http://localhost:57313 : 1
22:47:21.620 [AsyncHttpClient-1-1] DEBUG org.asynchttpclient.netty.channel.DefaultChannelPool - Entry count for : http://localhost:61314 : 1
22:47:21.620 [AsyncHttpClient-1-1] DEBUG org.asynchttpclient.netty.channel.DefaultChannelPool - Entry count for : http://localhost:55830 : 1
22:47:22.477 [Forwarding findElement on session c99ccc66ac58b52bb2d7847068ed0109 to remote] DEBUG org.asynchttpclient.netty.request.NettyRequestSender - Using pooled Channel '[id: 0x18458360, L:/127.0.0.1:61298 - R:localhost/127.0.0.1:55830]' for 'POST' to 'http://localhost:55830/session/c99ccc66ac58b52bb2d7847068ed0109/element'
22:47:22.477 [Forwarding findElement on session c99ccc66ac58b52bb2d7847068ed0109 to remote] DEBUG org.asynchttpclient.netty.request.NettyRequestSender - Using open Channel [id: 0x18458360, L:/127.0.0.1:61298 - R:localhost/127.0.0.1:55830] for POST '/session/c99ccc66ac58b52bb2d7847068ed0109/element'
22:47:22.507 [AsyncHttpClient-1-2] DEBUG org.asynchttpclient.netty.handler.HttpHandler - 

Request DefaultHttpRequest(decodeResult: success, version: HTTP/1.1)
POST /session/c99ccc66ac58b52bb2d7847068ed0109/element HTTP/1.1
User-Agent: selenium/4.1.4 (java windows)
Content-Length: 46
Content-Type: application/json; charset=utf-8
host: localhost:55830
accept: */*

Response DefaultHttpResponse(decodeResult: success, version: HTTP/1.1)
HTTP/1.1 200 OK
Content-Length: 95
Content-Type: application/json; charset=utf-8
cache-control: no-cache

22:47:22.508 [AsyncHttpClient-1-2] DEBUG org.asynchttpclient.netty.channel.ChannelManager - Adding key: http://localhost:55830 for channel [id: 0x18458360, L:/127.0.0.1:61298 - R:localhost/127.0.0.1:55830]
22:47:22.511 [Forwarding clickElement on session c99ccc66ac58b52bb2d7847068ed0109 to remote] DEBUG org.asynchttpclient.netty.request.NettyRequestSender - Using pooled Channel '[id: 0x18458360, L:/127.0.0.1:61298 - R:localhost/127.0.0.1:55830]' for 'POST' to 'http://localhost:55830/session/c99ccc66ac58b52bb2d7847068ed0109/element/8C4E6364016A7C5138449CEBC48F61C0_element_65/click'
22:47:22.511 [Forwarding clickElement on session c99ccc66ac58b52bb2d7847068ed0109 to remote] DEBUG org.asynchttpclient.netty.request.NettyRequestSender - Using open Channel [id: 0x18458360, L:/127.0.0.1:61298 - R:localhost/127.0.0.1:55830] for POST '/session/c99ccc66ac58b52bb2d7847068ed0109/element/8C4E6364016A7C5138449CEBC48F61C0_element_65/click'
22:47:22.654 [AsyncHttpClient-1-2] DEBUG org.asynchttpclient.netty.handler.HttpHandler - 

Request DefaultHttpRequest(decodeResult: success, version: HTTP/1.1)
POST /session/c99ccc66ac58b52bb2d7847068ed0109/element/8C4E6364016A7C5138449CEBC48F61C0_element_65/click HTTP/1.1
User-Agent: selenium/4.1.4 (java windows)
Content-Length: 57
Content-Type: application/json; charset=utf-8
host: localhost:55830
accept: */*

Response DefaultHttpResponse(decodeResult: success, version: HTTP/1.1)
HTTP/1.1 200 OK
Content-Length: 14
Content-Type: application/json; charset=utf-8
cache-control: no-cache

22:47:22.654 [AsyncHttpClient-1-2] DEBUG org.asynchttpclient.netty.channel.ChannelManager - Adding key: http://localhost:55830 for channel [id: 0x18458360, L:/127.0.0.1:61298 - R:localhost/127.0.0.1:55830]
22:47:22.725 [AsyncHttpClient-1-1] DEBUG org.asynchttpclient.netty.channel.DefaultChannelPool - Entry count for : http://localhost:61299 : 1
22:47:22.725 [AsyncHttpClient-1-1] DEBUG org.asynchttpclient.netty.channel.DefaultChannelPool - Entry count for : http://localhost:57313 : 1
22:47:22.725 [AsyncHttpClient-1-1] DEBUG org.asynchttpclient.netty.channel.DefaultChannelPool - Entry count for : http://localhost:61314 : 1
22:47:22.725 [AsyncHttpClient-1-1] DEBUG org.asynchttpclient.netty.channel.DefaultChannelPool - Entry count for : http://localhost:55830 : 1
22:47:23.821 [AsyncHttpClient-1-1] DEBUG org.asynchttpclient.netty.channel.DefaultChannelPool - Entry count for : http://localhost:61299 : 1
22:47:23.821 [AsyncHttpClient-1-1] DEBUG org.asynchttpclient.netty.channel.DefaultChannelPool - Entry count for : http://localhost:57313 : 1
22:47:23.821 [AsyncHttpClient-1-1] DEBUG org.asynchttpclient.netty.channel.DefaultChannelPool - Entry count for : http://localhost:61314 : 1
22:47:23.821 [AsyncHttpClient-1-1] DEBUG org.asynchttpclient.netty.channel.DefaultChannelPool - Entry count for : http://localhost:55830 : 1
22:47:24.160 [Forwarding findElement on session c99ccc66ac58b52bb2d7847068ed0109 to remote] DEBUG org.asynchttpclient.netty.request.NettyRequestSender - Using pooled Channel '[id: 0x18458360, L:/127.0.0.1:61298 - R:localhost/127.0.0.1:55830]' for 'POST' to 'http://localhost:55830/session/c99ccc66ac58b52bb2d7847068ed0109/element'
22:47:24.160 [Forwarding findElement on session c99ccc66ac58b52bb2d7847068ed0109 to remote] DEBUG org.asynchttpclient.netty.request.NettyRequestSender - Using open Channel [id: 0x18458360, L:/127.0.0.1:61298 - R:localhost/127.0.0.1:55830] for POST '/session/c99ccc66ac58b52bb2d7847068ed0109/element'
22:47:24.176 [AsyncHttpClient-1-2] DEBUG org.asynchttpclient.netty.handler.HttpHandler - 

Request DefaultHttpRequest(decodeResult: success, version: HTTP/1.1)
POST /session/c99ccc66ac58b52bb2d7847068ed0109/element HTTP/1.1
User-Agent: selenium/4.1.4 (java windows)
Content-Length: 46
Content-Type: application/json; charset=utf-8
host: localhost:55830
accept: */*

Response DefaultHttpResponse(decodeResult: success, version: HTTP/1.1)
HTTP/1.1 200 OK
Content-Length: 95
Content-Type: application/json; charset=utf-8
cache-control: no-cache

22:47:24.176 [AsyncHttpClient-1-2] DEBUG org.asynchttpclient.netty.channel.ChannelManager - Adding key: http://localhost:55830 for channel [id: 0x18458360, L:/127.0.0.1:61298 - R:localhost/127.0.0.1:55830]
22:47:24.178 [Forwarding clickElement on session c99ccc66ac58b52bb2d7847068ed0109 to remote] DEBUG org.asynchttpclient.netty.request.NettyRequestSender - Using pooled Channel '[id: 0x18458360, L:/127.0.0.1:61298 - R:localhost/127.0.0.1:55830]' for 'POST' to 'http://localhost:55830/session/c99ccc66ac58b52bb2d7847068ed0109/element/474C3332D2BB13F20E22667CB3B1E710_element_69/click'
22:47:24.178 [Forwarding clickElement on session c99ccc66ac58b52bb2d7847068ed0109 to remote] DEBUG org.asynchttpclient.netty.request.NettyRequestSender - Using open Channel [id: 0x18458360, L:/127.0.0.1:61298 - R:localhost/127.0.0.1:55830] for POST '/session/c99ccc66ac58b52bb2d7847068ed0109/element/474C3332D2BB13F20E22667CB3B1E710_element_69/click'
22:47:24.265 [AsyncHttpClient-1-2] DEBUG org.asynchttpclient.netty.handler.HttpHandler - 

Request DefaultHttpRequest(decodeResult: success, version: HTTP/1.1)
POST /session/c99ccc66ac58b52bb2d7847068ed0109/element/474C3332D2BB13F20E22667CB3B1E710_element_69/click HTTP/1.1
User-Agent: selenium/4.1.4 (java windows)
Content-Length: 57
Content-Type: application/json; charset=utf-8
host: localhost:55830
accept: */*

Response DefaultHttpResponse(decodeResult: success, version: HTTP/1.1)
HTTP/1.1 200 OK
Content-Length: 14
Content-Type: application/json; charset=utf-8
cache-control: no-cache

22:47:24.266 [AsyncHttpClient-1-2] DEBUG org.asynchttpclient.netty.channel.ChannelManager - Adding key: http://localhost:55830 for channel [id: 0x18458360, L:/127.0.0.1:61298 - R:localhost/127.0.0.1:55830]
22:47:24.920 [AsyncHttpClient-1-1] DEBUG org.asynchttpclient.netty.channel.DefaultChannelPool - Entry count for : http://localhost:61299 : 1
22:47:24.920 [AsyncHttpClient-1-1] DEBUG org.asynchttpclient.netty.channel.DefaultChannelPool - Entry count for : http://localhost:57313 : 1
22:47:24.920 [AsyncHttpClient-1-1] DEBUG org.asynchttpclient.netty.channel.DefaultChannelPool - Entry count for : http://localhost:61314 : 1
22:47:24.920 [AsyncHttpClient-1-1] DEBUG org.asynchttpclient.netty.channel.DefaultChannelPool - Entry count for : http://localhost:55830 : 1
22:47:25.775 [Forwarding findElement on session c99ccc66ac58b52bb2d7847068ed0109 to remote] DEBUG org.asynchttpclient.netty.request.NettyRequestSender - Using pooled Channel '[id: 0x18458360, L:/127.0.0.1:61298 - R:localhost/127.0.0.1:55830]' for 'POST' to 'http://localhost:55830/session/c99ccc66ac58b52bb2d7847068ed0109/element'
22:47:25.775 [Forwarding findElement on session c99ccc66ac58b52bb2d7847068ed0109 to remote] DEBUG org.asynchttpclient.netty.request.NettyRequestSender - Using open Channel [id: 0x18458360, L:/127.0.0.1:61298 - R:localhost/127.0.0.1:55830] for POST '/session/c99ccc66ac58b52bb2d7847068ed0109/element'
22:47:25.787 [AsyncHttpClient-1-2] DEBUG org.asynchttpclient.netty.handler.HttpHandler - 

Request DefaultHttpRequest(decodeResult: success, version: HTTP/1.1)
POST /session/c99ccc66ac58b52bb2d7847068ed0109/element HTTP/1.1
User-Agent: selenium/4.1.4 (java windows)
Content-Length: 46
Content-Type: application/json; charset=utf-8
host: localhost:55830
accept: */*

Response DefaultHttpResponse(decodeResult: success, version: HTTP/1.1)
HTTP/1.1 200 OK
Content-Length: 95
Content-Type: application/json; charset=utf-8
cache-control: no-cache

22:47:25.787 [AsyncHttpClient-1-2] DEBUG org.asynchttpclient.netty.channel.ChannelManager - Adding key: http://localhost:55830 for channel [id: 0x18458360, L:/127.0.0.1:61298 - R:localhost/127.0.0.1:55830]
22:47:25.788 [Forwarding clickElement on session c99ccc66ac58b52bb2d7847068ed0109 to remote] DEBUG org.asynchttpclient.netty.request.NettyRequestSender - Using pooled Channel '[id: 0x18458360, L:/127.0.0.1:61298 - R:localhost/127.0.0.1:55830]' for 'POST' to 'http://localhost:55830/session/c99ccc66ac58b52bb2d7847068ed0109/element/A630D3400A6549BD7AA9C76F97976B79_element_73/click'
22:47:25.788 [Forwarding clickElement on session c99ccc66ac58b52bb2d7847068ed0109 to remote] DEBUG org.asynchttpclient.netty.request.NettyRequestSender - Using open Channel [id: 0x18458360, L:/127.0.0.1:61298 - R:localhost/127.0.0.1:55830] for POST '/session/c99ccc66ac58b52bb2d7847068ed0109/element/A630D3400A6549BD7AA9C76F97976B79_element_73/click'
22:47:25.818 [AsyncHttpClient-1-2] DEBUG org.asynchttpclient.netty.handler.HttpHandler - 

Request DefaultHttpRequest(decodeResult: success, version: HTTP/1.1)
POST /session/c99ccc66ac58b52bb2d7847068ed0109/element/A630D3400A6549BD7AA9C76F97976B79_element_73/click HTTP/1.1
User-Agent: selenium/4.1.4 (java windows)
Content-Length: 57
Content-Type: application/json; charset=utf-8
host: localhost:55830
accept: */*

Response DefaultHttpResponse(decodeResult: success, version: HTTP/1.1)
HTTP/1.1 200 OK
Content-Length: 14
Content-Type: application/json; charset=utf-8
cache-control: no-cache

22:47:25.818 [AsyncHttpClient-1-2] DEBUG org.asynchttpclient.netty.channel.ChannelManager - Adding key: http://localhost:55830 for channel [id: 0x18458360, L:/127.0.0.1:61298 - R:localhost/127.0.0.1:55830]
22:47:26.035 [AsyncHttpClient-1-1] DEBUG org.asynchttpclient.netty.channel.DefaultChannelPool - Entry count for : http://localhost:61299 : 1
22:47:26.035 [AsyncHttpClient-1-1] DEBUG org.asynchttpclient.netty.channel.DefaultChannelPool - Entry count for : http://localhost:57313 : 1
22:47:26.035 [AsyncHttpClient-1-1] DEBUG org.asynchttpclient.netty.channel.DefaultChannelPool - Entry count for : http://localhost:61314 : 1
22:47:26.035 [AsyncHttpClient-1-1] DEBUG org.asynchttpclient.netty.channel.DefaultChannelPool - Entry count for : http://localhost:55830 : 1
22:47:27.122 [AsyncHttpClient-1-1] DEBUG org.asynchttpclient.netty.channel.DefaultChannelPool - Entry count for : http://localhost:61299 : 1
22:47:27.122 [AsyncHttpClient-1-1] DEBUG org.asynchttpclient.netty.channel.DefaultChannelPool - Entry count for : http://localhost:57313 : 1
22:47:27.122 [AsyncHttpClient-1-1] DEBUG org.asynchttpclient.netty.channel.DefaultChannelPool - Entry count for : http://localhost:61314 : 1
22:47:27.122 [AsyncHttpClient-1-1] DEBUG org.asynchttpclient.netty.channel.DefaultChannelPool - Entry count for : http://localhost:55830 : 1
22:47:27.328 [Forwarding findElement on session c99ccc66ac58b52bb2d7847068ed0109 to remote] DEBUG org.asynchttpclient.netty.request.NettyRequestSender - Using pooled Channel '[id: 0x18458360, L:/127.0.0.1:61298 - R:localhost/127.0.0.1:55830]' for 'POST' to 'http://localhost:55830/session/c99ccc66ac58b52bb2d7847068ed0109/element'
22:47:27.329 [Forwarding findElement on session c99ccc66ac58b52bb2d7847068ed0109 to remote] DEBUG org.asynchttpclient.netty.request.NettyRequestSender - Using open Channel [id: 0x18458360, L:/127.0.0.1:61298 - R:localhost/127.0.0.1:55830] for POST '/session/c99ccc66ac58b52bb2d7847068ed0109/element'
22:47:27.353 [AsyncHttpClient-1-2] DEBUG org.asynchttpclient.netty.handler.HttpHandler - 

Request DefaultHttpRequest(decodeResult: success, version: HTTP/1.1)
POST /session/c99ccc66ac58b52bb2d7847068ed0109/element HTTP/1.1
User-Agent: selenium/4.1.4 (java windows)
Content-Length: 46
Content-Type: application/json; charset=utf-8
host: localhost:55830
accept: */*

Response DefaultHttpResponse(decodeResult: success, version: HTTP/1.1)
HTTP/1.1 200 OK
Content-Length: 95
Content-Type: application/json; charset=utf-8
cache-control: no-cache

22:47:27.353 [AsyncHttpClient-1-2] DEBUG org.asynchttpclient.netty.channel.ChannelManager - Adding key: http://localhost:55830 for channel [id: 0x18458360, L:/127.0.0.1:61298 - R:localhost/127.0.0.1:55830]
22:47:27.355 [Forwarding clickElement on session c99ccc66ac58b52bb2d7847068ed0109 to remote] DEBUG org.asynchttpclient.netty.request.NettyRequestSender - Using pooled Channel '[id: 0x18458360, L:/127.0.0.1:61298 - R:localhost/127.0.0.1:55830]' for 'POST' to 'http://localhost:55830/session/c99ccc66ac58b52bb2d7847068ed0109/element/A630D3400A6549BD7AA9C76F97976B79_element_75/click'
22:47:27.355 [Forwarding clickElement on session c99ccc66ac58b52bb2d7847068ed0109 to remote] DEBUG org.asynchttpclient.netty.request.NettyRequestSender - Using open Channel [id: 0x18458360, L:/127.0.0.1:61298 - R:localhost/127.0.0.1:55830] for POST '/session/c99ccc66ac58b52bb2d7847068ed0109/element/A630D3400A6549BD7AA9C76F97976B79_element_75/click'
22:47:27.470 [AsyncHttpClient-1-2] DEBUG org.asynchttpclient.netty.handler.HttpHandler - 

Request DefaultHttpRequest(decodeResult: success, version: HTTP/1.1)
POST /session/c99ccc66ac58b52bb2d7847068ed0109/element/A630D3400A6549BD7AA9C76F97976B79_element_75/click HTTP/1.1
User-Agent: selenium/4.1.4 (java windows)
Content-Length: 57
Content-Type: application/json; charset=utf-8
host: localhost:55830
accept: */*

Response DefaultHttpResponse(decodeResult: success, version: HTTP/1.1)
HTTP/1.1 200 OK
Content-Length: 14
Content-Type: application/json; charset=utf-8
cache-control: no-cache

22:47:27.470 [AsyncHttpClient-1-2] DEBUG org.asynchttpclient.netty.channel.ChannelManager - Adding key: http://localhost:55830 for channel [id: 0x18458360, L:/127.0.0.1:61298 - R:localhost/127.0.0.1:55830]
22:47:28.221 [AsyncHttpClient-1-1] DEBUG org.asynchttpclient.netty.channel.DefaultChannelPool - Entry count for : http://localhost:61299 : 1
22:47:28.221 [AsyncHttpClient-1-1] DEBUG org.asynchttpclient.netty.channel.DefaultChannelPool - Entry count for : http://localhost:57313 : 1
22:47:28.221 [AsyncHttpClient-1-1] DEBUG org.asynchttpclient.netty.channel.DefaultChannelPool - Entry count for : http://localhost:61314 : 1
22:47:28.221 [AsyncHttpClient-1-1] DEBUG org.asynchttpclient.netty.channel.DefaultChannelPool - Entry count for : http://localhost:55830 : 1
22:47:28.973 [Forwarding findElement on session c99ccc66ac58b52bb2d7847068ed0109 to remote] DEBUG org.asynchttpclient.netty.request.NettyRequestSender - Using pooled Channel '[id: 0x18458360, L:/127.0.0.1:61298 - R:localhost/127.0.0.1:55830]' for 'POST' to 'http://localhost:55830/session/c99ccc66ac58b52bb2d7847068ed0109/element'
22:47:28.974 [Forwarding findElement on session c99ccc66ac58b52bb2d7847068ed0109 to remote] DEBUG org.asynchttpclient.netty.request.NettyRequestSender - Using open Channel [id: 0x18458360, L:/127.0.0.1:61298 - R:localhost/127.0.0.1:55830] for POST '/session/c99ccc66ac58b52bb2d7847068ed0109/element'
22:47:28.987 [AsyncHttpClient-1-2] DEBUG org.asynchttpclient.netty.handler.HttpHandler - 

Request DefaultHttpRequest(decodeResult: success, version: HTTP/1.1)
POST /session/c99ccc66ac58b52bb2d7847068ed0109/element HTTP/1.1
User-Agent: selenium/4.1.4 (java windows)
Content-Length: 45
Content-Type: application/json; charset=utf-8
host: localhost:55830
accept: */*

Response DefaultHttpResponse(decodeResult: success, version: HTTP/1.1)
HTTP/1.1 200 OK
Content-Length: 95
Content-Type: application/json; charset=utf-8
cache-control: no-cache

22:47:28.988 [AsyncHttpClient-1-2] DEBUG org.asynchttpclient.netty.channel.ChannelManager - Adding key: http://localhost:55830 for channel [id: 0x18458360, L:/127.0.0.1:61298 - R:localhost/127.0.0.1:55830]
22:47:28.993 [Forwarding sendKeysToElement on session c99ccc66ac58b52bb2d7847068ed0109 to remote] DEBUG org.asynchttpclient.netty.request.NettyRequestSender - Using pooled Channel '[id: 0x18458360, L:/127.0.0.1:61298 - R:localhost/127.0.0.1:55830]' for 'POST' to 'http://localhost:55830/session/c99ccc66ac58b52bb2d7847068ed0109/element/FE9444896EF223A396D51B9F6B832E5C_element_78/value'
22:47:28.993 [Forwarding sendKeysToElement on session c99ccc66ac58b52bb2d7847068ed0109 to remote] DEBUG org.asynchttpclient.netty.request.NettyRequestSender - Using open Channel [id: 0x18458360, L:/127.0.0.1:61298 - R:localhost/127.0.0.1:55830] for POST '/session/c99ccc66ac58b52bb2d7847068ed0109/element/FE9444896EF223A396D51B9F6B832E5C_element_78/value'
22:47:29.045 [AsyncHttpClient-1-2] DEBUG org.asynchttpclient.netty.handler.HttpHandler - 

Request DefaultHttpRequest(decodeResult: success, version: HTTP/1.1)
POST /session/c99ccc66ac58b52bb2d7847068ed0109/element/FE9444896EF223A396D51B9F6B832E5C_element_78/value HTTP/1.1
User-Agent: selenium/4.1.4 (java windows)
Content-Length: 198
Content-Type: application/json; charset=utf-8
host: localhost:55830
accept: */*

Response DefaultHttpResponse(decodeResult: success, version: HTTP/1.1)
HTTP/1.1 400 Bad Request
Content-Length: 926
Content-Type: application/json; charset=utf-8
cache-control: no-cache

22:47:29.046 [AsyncHttpClient-1-2] DEBUG org.asynchttpclient.netty.channel.ChannelManager - Adding key: http://localhost:55830 for channel [id: 0x18458360, L:/127.0.0.1:61298 - R:localhost/127.0.0.1:55830]
]]></system-out>
  </testcase>
  <testcase name="createUserTest" classname="com.game_classes.UsersUITest" time="12.222">
    <failure message="expected [JohnDoe] but found [zapo]" type="java.lang.AssertionError">java.lang.AssertionError: expected [JohnDoe] but found [zapo]
	at com.game_classes.UsersUITest.createUserTest(UsersUITest.java:75)
</failure>
    <system-out><![CDATA[22:47:29.049 [Forwarding get on session f1d602ee9c89fc030b3d81785a934af5 to remote] DEBUG org.asynchttpclient.netty.request.NettyRequestSender - Using pooled Channel '[id: 0xc519e78b, L:/127.0.0.1:61311 - R:localhost/127.0.0.1:57313]' for 'POST' to 'http://localhost:57313/session/f1d602ee9c89fc030b3d81785a934af5/url'
22:47:29.050 [Forwarding get on session f1d602ee9c89fc030b3d81785a934af5 to remote] DEBUG org.asynchttpclient.netty.request.NettyRequestSender - Using open Channel [id: 0xc519e78b, L:/127.0.0.1:61311 - R:localhost/127.0.0.1:57313] for POST '/session/f1d602ee9c89fc030b3d81785a934af5/url'
22:47:29.320 [AsyncHttpClient-1-1] DEBUG org.asynchttpclient.netty.channel.DefaultChannelPool - Entry count for : http://localhost:61299 : 1
22:47:29.320 [AsyncHttpClient-1-1] DEBUG org.asynchttpclient.netty.channel.DefaultChannelPool - Entry count for : http://localhost:61314 : 1
22:47:29.320 [AsyncHttpClient-1-1] DEBUG org.asynchttpclient.netty.channel.DefaultChannelPool - Entry count for : http://localhost:55830 : 1
22:47:29.760 [AsyncHttpClient-1-5] DEBUG org.asynchttpclient.netty.handler.HttpHandler - 

Request DefaultHttpRequest(decodeResult: success, version: HTTP/1.1)
POST /session/f1d602ee9c89fc030b3d81785a934af5/url HTTP/1.1
User-Agent: selenium/4.1.4 (java windows)
Content-Length: 57
Content-Type: application/json; charset=utf-8
host: localhost:57313
accept: */*

Response DefaultHttpResponse(decodeResult: success, version: HTTP/1.1)
HTTP/1.1 200 OK
Content-Length: 14
Content-Type: application/json; charset=utf-8
cache-control: no-cache

22:47:29.760 [AsyncHttpClient-1-5] DEBUG org.asynchttpclient.netty.channel.ChannelManager - Adding key: http://localhost:57313 for channel [id: 0xc519e78b, L:/127.0.0.1:61311 - R:localhost/127.0.0.1:57313]
22:47:29.762 [Forwarding findElement on session f1d602ee9c89fc030b3d81785a934af5 to remote] DEBUG org.asynchttpclient.netty.request.NettyRequestSender - Using pooled Channel '[id: 0xc519e78b, L:/127.0.0.1:61311 - R:localhost/127.0.0.1:57313]' for 'POST' to 'http://localhost:57313/session/f1d602ee9c89fc030b3d81785a934af5/element'
22:47:29.762 [Forwarding findElement on session f1d602ee9c89fc030b3d81785a934af5 to remote] DEBUG org.asynchttpclient.netty.request.NettyRequestSender - Using open Channel [id: 0xc519e78b, L:/127.0.0.1:61311 - R:localhost/127.0.0.1:57313] for POST '/session/f1d602ee9c89fc030b3d81785a934af5/element'
22:47:29.775 [AsyncHttpClient-1-5] DEBUG org.asynchttpclient.netty.handler.HttpHandler - 

Request DefaultHttpRequest(decodeResult: success, version: HTTP/1.1)
POST /session/f1d602ee9c89fc030b3d81785a934af5/element HTTP/1.1
User-Agent: selenium/4.1.4 (java windows)
Content-Length: 57
Content-Type: application/json; charset=utf-8
host: localhost:57313
accept: */*

Response DefaultHttpResponse(decodeResult: success, version: HTTP/1.1)
HTTP/1.1 200 OK
Content-Length: 94
Content-Type: application/json; charset=utf-8
cache-control: no-cache

22:47:29.775 [AsyncHttpClient-1-5] DEBUG org.asynchttpclient.netty.channel.ChannelManager - Adding key: http://localhost:57313 for channel [id: 0xc519e78b, L:/127.0.0.1:61311 - R:localhost/127.0.0.1:57313]
22:47:29.776 [Forwarding clickElement on session f1d602ee9c89fc030b3d81785a934af5 to remote] DEBUG org.asynchttpclient.netty.request.NettyRequestSender - Using pooled Channel '[id: 0xc519e78b, L:/127.0.0.1:61311 - R:localhost/127.0.0.1:57313]' for 'POST' to 'http://localhost:57313/session/f1d602ee9c89fc030b3d81785a934af5/element/C6D422D2155A7099C790C07FEAB65F0D_element_2/click'
22:47:29.776 [Forwarding clickElement on session f1d602ee9c89fc030b3d81785a934af5 to remote] DEBUG org.asynchttpclient.netty.request.NettyRequestSender - Using open Channel [id: 0xc519e78b, L:/127.0.0.1:61311 - R:localhost/127.0.0.1:57313] for POST '/session/f1d602ee9c89fc030b3d81785a934af5/element/C6D422D2155A7099C790C07FEAB65F0D_element_2/click'
22:47:29.823 [AsyncHttpClient-1-5] DEBUG org.asynchttpclient.netty.handler.HttpHandler - 

Request DefaultHttpRequest(decodeResult: success, version: HTTP/1.1)
POST /session/f1d602ee9c89fc030b3d81785a934af5/element/C6D422D2155A7099C790C07FEAB65F0D_element_2/click HTTP/1.1
User-Agent: selenium/4.1.4 (java windows)
Content-Length: 56
Content-Type: application/json; charset=utf-8
host: localhost:57313
accept: */*

Response DefaultHttpResponse(decodeResult: success, version: HTTP/1.1)
HTTP/1.1 200 OK
Content-Length: 14
Content-Type: application/json; charset=utf-8
cache-control: no-cache

22:47:29.823 [AsyncHttpClient-1-5] DEBUG org.asynchttpclient.netty.channel.ChannelManager - Adding key: http://localhost:57313 for channel [id: 0xc519e78b, L:/127.0.0.1:61311 - R:localhost/127.0.0.1:57313]
22:47:30.419 [AsyncHttpClient-1-1] DEBUG org.asynchttpclient.netty.channel.DefaultChannelPool - Entry count for : http://localhost:61299 : 1
22:47:30.419 [AsyncHttpClient-1-1] DEBUG org.asynchttpclient.netty.channel.DefaultChannelPool - Entry count for : http://localhost:57313 : 1
22:47:30.419 [AsyncHttpClient-1-1] DEBUG org.asynchttpclient.netty.channel.DefaultChannelPool - Entry count for : http://localhost:61314 : 1
22:47:30.419 [AsyncHttpClient-1-1] DEBUG org.asynchttpclient.netty.channel.DefaultChannelPool - Entry count for : http://localhost:55830 : 1
22:47:31.339 [Forwarding findElement on session f1d602ee9c89fc030b3d81785a934af5 to remote] DEBUG org.asynchttpclient.netty.request.NettyRequestSender - Using pooled Channel '[id: 0xc519e78b, L:/127.0.0.1:61311 - R:localhost/127.0.0.1:57313]' for 'POST' to 'http://localhost:57313/session/f1d602ee9c89fc030b3d81785a934af5/element'
22:47:31.339 [Forwarding findElement on session f1d602ee9c89fc030b3d81785a934af5 to remote] DEBUG org.asynchttpclient.netty.request.NettyRequestSender - Using open Channel [id: 0xc519e78b, L:/127.0.0.1:61311 - R:localhost/127.0.0.1:57313] for POST '/session/f1d602ee9c89fc030b3d81785a934af5/element'
22:47:31.365 [AsyncHttpClient-1-5] DEBUG org.asynchttpclient.netty.handler.HttpHandler - 

Request DefaultHttpRequest(decodeResult: success, version: HTTP/1.1)
POST /session/f1d602ee9c89fc030b3d81785a934af5/element HTTP/1.1
User-Agent: selenium/4.1.4 (java windows)
Content-Length: 61
Content-Type: application/json; charset=utf-8
host: localhost:57313
accept: */*

Response DefaultHttpResponse(decodeResult: success, version: HTTP/1.1)
HTTP/1.1 200 OK
Content-Length: 95
Content-Type: application/json; charset=utf-8
cache-control: no-cache

22:47:31.366 [AsyncHttpClient-1-5] DEBUG org.asynchttpclient.netty.channel.ChannelManager - Adding key: http://localhost:57313 for channel [id: 0xc519e78b, L:/127.0.0.1:61311 - R:localhost/127.0.0.1:57313]
22:47:31.368 [Forwarding sendKeysToElement on session f1d602ee9c89fc030b3d81785a934af5 to remote] DEBUG org.asynchttpclient.netty.request.NettyRequestSender - Using pooled Channel '[id: 0xc519e78b, L:/127.0.0.1:61311 - R:localhost/127.0.0.1:57313]' for 'POST' to 'http://localhost:57313/session/f1d602ee9c89fc030b3d81785a934af5/element/C6D422D2155A7099C790C07FEAB65F0D_element_56/value'
22:47:31.368 [Forwarding sendKeysToElement on session f1d602ee9c89fc030b3d81785a934af5 to remote] DEBUG org.asynchttpclient.netty.request.NettyRequestSender - Using open Channel [id: 0xc519e78b, L:/127.0.0.1:61311 - R:localhost/127.0.0.1:57313] for POST '/session/f1d602ee9c89fc030b3d81785a934af5/element/C6D422D2155A7099C790C07FEAB65F0D_element_56/value'
22:47:31.468 [AsyncHttpClient-1-5] DEBUG org.asynchttpclient.netty.handler.HttpHandler - 

Request DefaultHttpRequest(decodeResult: success, version: HTTP/1.1)
POST /session/f1d602ee9c89fc030b3d81785a934af5/element/C6D422D2155A7099C790C07FEAB65F0D_element_56/value HTTP/1.1
User-Agent: selenium/4.1.4 (java windows)
Content-Length: 158
Content-Type: application/json; charset=utf-8
host: localhost:57313
accept: */*

Response DefaultHttpResponse(decodeResult: success, version: HTTP/1.1)
HTTP/1.1 200 OK
Content-Length: 14
Content-Type: application/json; charset=utf-8
cache-control: no-cache

22:47:31.468 [AsyncHttpClient-1-5] DEBUG org.asynchttpclient.netty.channel.ChannelManager - Adding key: http://localhost:57313 for channel [id: 0xc519e78b, L:/127.0.0.1:61311 - R:localhost/127.0.0.1:57313]
22:47:31.519 [AsyncHttpClient-1-1] DEBUG org.asynchttpclient.netty.channel.DefaultChannelPool - Entry count for : http://localhost:61299 : 1
22:47:31.519 [AsyncHttpClient-1-1] DEBUG org.asynchttpclient.netty.channel.DefaultChannelPool - Entry count for : http://localhost:57313 : 1
22:47:31.519 [AsyncHttpClient-1-1] DEBUG org.asynchttpclient.netty.channel.DefaultChannelPool - Entry count for : http://localhost:61314 : 1
22:47:31.519 [AsyncHttpClient-1-1] DEBUG org.asynchttpclient.netty.channel.DefaultChannelPool - Entry count for : http://localhost:55830 : 1
22:47:32.628 [AsyncHttpClient-1-1] DEBUG org.asynchttpclient.netty.channel.DefaultChannelPool - Entry count for : http://localhost:61299 : 1
22:47:32.628 [AsyncHttpClient-1-1] DEBUG org.asynchttpclient.netty.channel.DefaultChannelPool - Entry count for : http://localhost:57313 : 1
22:47:32.628 [AsyncHttpClient-1-1] DEBUG org.asynchttpclient.netty.channel.DefaultChannelPool - Entry count for : http://localhost:61314 : 1
22:47:32.628 [AsyncHttpClient-1-1] DEBUG org.asynchttpclient.netty.channel.DefaultChannelPool - Entry count for : http://localhost:55830 : 1
22:47:32.974 [Forwarding findElement on session f1d602ee9c89fc030b3d81785a934af5 to remote] DEBUG org.asynchttpclient.netty.request.NettyRequestSender - Using pooled Channel '[id: 0xc519e78b, L:/127.0.0.1:61311 - R:localhost/127.0.0.1:57313]' for 'POST' to 'http://localhost:57313/session/f1d602ee9c89fc030b3d81785a934af5/element'
22:47:32.974 [Forwarding findElement on session f1d602ee9c89fc030b3d81785a934af5 to remote] DEBUG org.asynchttpclient.netty.request.NettyRequestSender - Using open Channel [id: 0xc519e78b, L:/127.0.0.1:61311 - R:localhost/127.0.0.1:57313] for POST '/session/f1d602ee9c89fc030b3d81785a934af5/element'
22:47:32.997 [AsyncHttpClient-1-5] DEBUG org.asynchttpclient.netty.handler.HttpHandler - 

Request DefaultHttpRequest(decodeResult: success, version: HTTP/1.1)
POST /session/f1d602ee9c89fc030b3d81785a934af5/element HTTP/1.1
User-Agent: selenium/4.1.4 (java windows)
Content-Length: 61
Content-Type: application/json; charset=utf-8
host: localhost:57313
accept: */*

Response DefaultHttpResponse(decodeResult: success, version: HTTP/1.1)
HTTP/1.1 200 OK
Content-Length: 95
Content-Type: application/json; charset=utf-8
cache-control: no-cache

22:47:32.998 [AsyncHttpClient-1-5] DEBUG org.asynchttpclient.netty.channel.ChannelManager - Adding key: http://localhost:57313 for channel [id: 0xc519e78b, L:/127.0.0.1:61311 - R:localhost/127.0.0.1:57313]
22:47:33.001 [Forwarding sendKeysToElement on session f1d602ee9c89fc030b3d81785a934af5 to remote] DEBUG org.asynchttpclient.netty.request.NettyRequestSender - Using pooled Channel '[id: 0xc519e78b, L:/127.0.0.1:61311 - R:localhost/127.0.0.1:57313]' for 'POST' to 'http://localhost:57313/session/f1d602ee9c89fc030b3d81785a934af5/element/C6D422D2155A7099C790C07FEAB65F0D_element_58/value'
22:47:33.002 [Forwarding sendKeysToElement on session f1d602ee9c89fc030b3d81785a934af5 to remote] DEBUG org.asynchttpclient.netty.request.NettyRequestSender - Using open Channel [id: 0xc519e78b, L:/127.0.0.1:61311 - R:localhost/127.0.0.1:57313] for POST '/session/f1d602ee9c89fc030b3d81785a934af5/element/C6D422D2155A7099C790C07FEAB65F0D_element_58/value'
22:47:33.079 [AsyncHttpClient-1-5] DEBUG org.asynchttpclient.netty.handler.HttpHandler - 

Request DefaultHttpRequest(decodeResult: success, version: HTTP/1.1)
POST /session/f1d602ee9c89fc030b3d81785a934af5/element/C6D422D2155A7099C790C07FEAB65F0D_element_58/value HTTP/1.1
User-Agent: selenium/4.1.4 (java windows)
Content-Length: 198
Content-Type: application/json; charset=utf-8
host: localhost:57313
accept: */*

Response DefaultHttpResponse(decodeResult: success, version: HTTP/1.1)
HTTP/1.1 200 OK
Content-Length: 14
Content-Type: application/json; charset=utf-8
cache-control: no-cache

22:47:33.080 [AsyncHttpClient-1-5] DEBUG org.asynchttpclient.netty.channel.ChannelManager - Adding key: http://localhost:57313 for channel [id: 0xc519e78b, L:/127.0.0.1:61311 - R:localhost/127.0.0.1:57313]
22:47:33.727 [AsyncHttpClient-1-1] DEBUG org.asynchttpclient.netty.channel.DefaultChannelPool - Entry count for : http://localhost:61299 : 1
22:47:33.727 [AsyncHttpClient-1-1] DEBUG org.asynchttpclient.netty.channel.DefaultChannelPool - Entry count for : http://localhost:57313 : 1
22:47:33.727 [AsyncHttpClient-1-1] DEBUG org.asynchttpclient.netty.channel.DefaultChannelPool - Entry count for : http://localhost:61314 : 1
22:47:33.727 [AsyncHttpClient-1-1] DEBUG org.asynchttpclient.netty.channel.DefaultChannelPool - Entry count for : http://localhost:55830 : 1
22:47:34.586 [Forwarding findElement on session f1d602ee9c89fc030b3d81785a934af5 to remote] DEBUG org.asynchttpclient.netty.request.NettyRequestSender - Using pooled Channel '[id: 0xc519e78b, L:/127.0.0.1:61311 - R:localhost/127.0.0.1:57313]' for 'POST' to 'http://localhost:57313/session/f1d602ee9c89fc030b3d81785a934af5/element'
22:47:34.586 [Forwarding findElement on session f1d602ee9c89fc030b3d81785a934af5 to remote] DEBUG org.asynchttpclient.netty.request.NettyRequestSender - Using open Channel [id: 0xc519e78b, L:/127.0.0.1:61311 - R:localhost/127.0.0.1:57313] for POST '/session/f1d602ee9c89fc030b3d81785a934af5/element'
22:47:34.612 [AsyncHttpClient-1-5] DEBUG org.asynchttpclient.netty.handler.HttpHandler - 

Request DefaultHttpRequest(decodeResult: success, version: HTTP/1.1)
POST /session/f1d602ee9c89fc030b3d81785a934af5/element HTTP/1.1
User-Agent: selenium/4.1.4 (java windows)
Content-Length: 56
Content-Type: application/json; charset=utf-8
host: localhost:57313
accept: */*

Response DefaultHttpResponse(decodeResult: success, version: HTTP/1.1)
HTTP/1.1 200 OK
Content-Length: 95
Content-Type: application/json; charset=utf-8
cache-control: no-cache

22:47:34.612 [AsyncHttpClient-1-5] DEBUG org.asynchttpclient.netty.channel.ChannelManager - Adding key: http://localhost:57313 for channel [id: 0xc519e78b, L:/127.0.0.1:61311 - R:localhost/127.0.0.1:57313]
22:47:34.614 [Forwarding sendKeysToElement on session f1d602ee9c89fc030b3d81785a934af5 to remote] DEBUG org.asynchttpclient.netty.request.NettyRequestSender - Using pooled Channel '[id: 0xc519e78b, L:/127.0.0.1:61311 - R:localhost/127.0.0.1:57313]' for 'POST' to 'http://localhost:57313/session/f1d602ee9c89fc030b3d81785a934af5/element/C6D422D2155A7099C790C07FEAB65F0D_element_59/value'
22:47:34.614 [Forwarding sendKeysToElement on session f1d602ee9c89fc030b3d81785a934af5 to remote] DEBUG org.asynchttpclient.netty.request.NettyRequestSender - Using open Channel [id: 0xc519e78b, L:/127.0.0.1:61311 - R:localhost/127.0.0.1:57313] for POST '/session/f1d602ee9c89fc030b3d81785a934af5/element/C6D422D2155A7099C790C07FEAB65F0D_element_59/value'
22:47:34.685 [AsyncHttpClient-1-5] DEBUG org.asynchttpclient.netty.handler.HttpHandler - 

Request DefaultHttpRequest(decodeResult: success, version: HTTP/1.1)
POST /session/f1d602ee9c89fc030b3d81785a934af5/element/C6D422D2155A7099C790C07FEAB65F0D_element_59/value HTTP/1.1
User-Agent: selenium/4.1.4 (java windows)
Content-Length: 108
Content-Type: application/json; charset=utf-8
host: localhost:57313
accept: */*

Response DefaultHttpResponse(decodeResult: success, version: HTTP/1.1)
HTTP/1.1 200 OK
Content-Length: 14
Content-Type: application/json; charset=utf-8
cache-control: no-cache

22:47:34.686 [AsyncHttpClient-1-5] DEBUG org.asynchttpclient.netty.channel.ChannelManager - Adding key: http://localhost:57313 for channel [id: 0xc519e78b, L:/127.0.0.1:61311 - R:localhost/127.0.0.1:57313]
22:47:34.821 [AsyncHttpClient-1-1] DEBUG org.asynchttpclient.netty.channel.DefaultChannelPool - Entry count for : http://localhost:61299 : 1
22:47:34.821 [AsyncHttpClient-1-1] DEBUG org.asynchttpclient.netty.channel.DefaultChannelPool - Entry count for : http://localhost:57313 : 1
22:47:34.821 [AsyncHttpClient-1-1] DEBUG org.asynchttpclient.netty.channel.DefaultChannelPool - Entry count for : http://localhost:61314 : 1
22:47:34.821 [AsyncHttpClient-1-1] DEBUG org.asynchttpclient.netty.channel.DefaultChannelPool - Entry count for : http://localhost:55830 : 1
22:47:35.920 [AsyncHttpClient-1-1] DEBUG org.asynchttpclient.netty.channel.DefaultChannelPool - Entry count for : http://localhost:61299 : 1
22:47:35.920 [AsyncHttpClient-1-1] DEBUG org.asynchttpclient.netty.channel.DefaultChannelPool - Entry count for : http://localhost:57313 : 1
22:47:35.920 [AsyncHttpClient-1-1] DEBUG org.asynchttpclient.netty.channel.DefaultChannelPool - Entry count for : http://localhost:61314 : 1
22:47:35.920 [AsyncHttpClient-1-1] DEBUG org.asynchttpclient.netty.channel.DefaultChannelPool - Entry count for : http://localhost:55830 : 1
22:47:36.201 [Forwarding findElement on session f1d602ee9c89fc030b3d81785a934af5 to remote] DEBUG org.asynchttpclient.netty.request.NettyRequestSender - Using pooled Channel '[id: 0xc519e78b, L:/127.0.0.1:61311 - R:localhost/127.0.0.1:57313]' for 'POST' to 'http://localhost:57313/session/f1d602ee9c89fc030b3d81785a934af5/element'
22:47:36.201 [Forwarding findElement on session f1d602ee9c89fc030b3d81785a934af5 to remote] DEBUG org.asynchttpclient.netty.request.NettyRequestSender - Using open Channel [id: 0xc519e78b, L:/127.0.0.1:61311 - R:localhost/127.0.0.1:57313] for POST '/session/f1d602ee9c89fc030b3d81785a934af5/element'
22:47:36.228 [AsyncHttpClient-1-5] DEBUG org.asynchttpclient.netty.handler.HttpHandler - 

Request DefaultHttpRequest(decodeResult: success, version: HTTP/1.1)
POST /session/f1d602ee9c89fc030b3d81785a934af5/element HTTP/1.1
User-Agent: selenium/4.1.4 (java windows)
Content-Length: 57
Content-Type: application/json; charset=utf-8
host: localhost:57313
accept: */*

Response DefaultHttpResponse(decodeResult: success, version: HTTP/1.1)
HTTP/1.1 200 OK
Content-Length: 95
Content-Type: application/json; charset=utf-8
cache-control: no-cache

22:47:36.229 [AsyncHttpClient-1-5] DEBUG org.asynchttpclient.netty.channel.ChannelManager - Adding key: http://localhost:57313 for channel [id: 0xc519e78b, L:/127.0.0.1:61311 - R:localhost/127.0.0.1:57313]
22:47:36.232 [Forwarding sendKeysToElement on session f1d602ee9c89fc030b3d81785a934af5 to remote] DEBUG org.asynchttpclient.netty.request.NettyRequestSender - Using pooled Channel '[id: 0xc519e78b, L:/127.0.0.1:61311 - R:localhost/127.0.0.1:57313]' for 'POST' to 'http://localhost:57313/session/f1d602ee9c89fc030b3d81785a934af5/element/C6D422D2155A7099C790C07FEAB65F0D_element_60/value'
22:47:36.233 [Forwarding sendKeysToElement on session f1d602ee9c89fc030b3d81785a934af5 to remote] DEBUG org.asynchttpclient.netty.request.NettyRequestSender - Using open Channel [id: 0xc519e78b, L:/127.0.0.1:61311 - R:localhost/127.0.0.1:57313] for POST '/session/f1d602ee9c89fc030b3d81785a934af5/element/C6D422D2155A7099C790C07FEAB65F0D_element_60/value'
22:47:36.336 [AsyncHttpClient-1-5] DEBUG org.asynchttpclient.netty.handler.HttpHandler - 

Request DefaultHttpRequest(decodeResult: success, version: HTTP/1.1)
POST /session/f1d602ee9c89fc030b3d81785a934af5/element/C6D422D2155A7099C790C07FEAB65F0D_element_60/value HTTP/1.1
User-Agent: selenium/4.1.4 (java windows)
Content-Length: 208
Content-Type: application/json; charset=utf-8
host: localhost:57313
accept: */*

Response DefaultHttpResponse(decodeResult: success, version: HTTP/1.1)
HTTP/1.1 200 OK
Content-Length: 14
Content-Type: application/json; charset=utf-8
cache-control: no-cache

22:47:36.337 [AsyncHttpClient-1-5] DEBUG org.asynchttpclient.netty.channel.ChannelManager - Adding key: http://localhost:57313 for channel [id: 0xc519e78b, L:/127.0.0.1:61311 - R:localhost/127.0.0.1:57313]
22:47:37.027 [AsyncHttpClient-1-1] DEBUG org.asynchttpclient.netty.channel.DefaultChannelPool - Entry count for : http://localhost:61299 : 1
22:47:37.027 [AsyncHttpClient-1-1] DEBUG org.asynchttpclient.netty.channel.DefaultChannelPool - Entry count for : http://localhost:57313 : 1
22:47:37.027 [AsyncHttpClient-1-1] DEBUG org.asynchttpclient.netty.channel.DefaultChannelPool - Entry count for : http://localhost:61314 : 1
22:47:37.027 [AsyncHttpClient-1-1] DEBUG org.asynchttpclient.netty.channel.DefaultChannelPool - Entry count for : http://localhost:55830 : 1
22:47:37.848 [Forwarding findElement on session f1d602ee9c89fc030b3d81785a934af5 to remote] DEBUG org.asynchttpclient.netty.request.NettyRequestSender - Using pooled Channel '[id: 0xc519e78b, L:/127.0.0.1:61311 - R:localhost/127.0.0.1:57313]' for 'POST' to 'http://localhost:57313/session/f1d602ee9c89fc030b3d81785a934af5/element'
22:47:37.849 [Forwarding findElement on session f1d602ee9c89fc030b3d81785a934af5 to remote] DEBUG org.asynchttpclient.netty.request.NettyRequestSender - Using open Channel [id: 0xc519e78b, L:/127.0.0.1:61311 - R:localhost/127.0.0.1:57313] for POST '/session/f1d602ee9c89fc030b3d81785a934af5/element'
22:47:37.868 [AsyncHttpClient-1-5] DEBUG org.asynchttpclient.netty.handler.HttpHandler - 

Request DefaultHttpRequest(decodeResult: success, version: HTTP/1.1)
POST /session/f1d602ee9c89fc030b3d81785a934af5/element HTTP/1.1
User-Agent: selenium/4.1.4 (java windows)
Content-Length: 55
Content-Type: application/json; charset=utf-8
host: localhost:57313
accept: */*

Response DefaultHttpResponse(decodeResult: success, version: HTTP/1.1)
HTTP/1.1 200 OK
Content-Length: 95
Content-Type: application/json; charset=utf-8
cache-control: no-cache

22:47:37.868 [AsyncHttpClient-1-5] DEBUG org.asynchttpclient.netty.channel.ChannelManager - Adding key: http://localhost:57313 for channel [id: 0xc519e78b, L:/127.0.0.1:61311 - R:localhost/127.0.0.1:57313]
22:47:37.870 [Forwarding clickElement on session f1d602ee9c89fc030b3d81785a934af5 to remote] DEBUG org.asynchttpclient.netty.request.NettyRequestSender - Using pooled Channel '[id: 0xc519e78b, L:/127.0.0.1:61311 - R:localhost/127.0.0.1:57313]' for 'POST' to 'http://localhost:57313/session/f1d602ee9c89fc030b3d81785a934af5/element/C6D422D2155A7099C790C07FEAB65F0D_element_61/click'
22:47:37.870 [Forwarding clickElement on session f1d602ee9c89fc030b3d81785a934af5 to remote] DEBUG org.asynchttpclient.netty.request.NettyRequestSender - Using open Channel [id: 0xc519e78b, L:/127.0.0.1:61311 - R:localhost/127.0.0.1:57313] for POST '/session/f1d602ee9c89fc030b3d81785a934af5/element/C6D422D2155A7099C790C07FEAB65F0D_element_61/click'
22:47:37.992 [AsyncHttpClient-1-5] DEBUG org.asynchttpclient.netty.handler.HttpHandler - 

Request DefaultHttpRequest(decodeResult: success, version: HTTP/1.1)
POST /session/f1d602ee9c89fc030b3d81785a934af5/element/C6D422D2155A7099C790C07FEAB65F0D_element_61/click HTTP/1.1
User-Agent: selenium/4.1.4 (java windows)
Content-Length: 57
Content-Type: application/json; charset=utf-8
host: localhost:57313
accept: */*

Response DefaultHttpResponse(decodeResult: success, version: HTTP/1.1)
HTTP/1.1 200 OK
Content-Length: 14
Content-Type: application/json; charset=utf-8
cache-control: no-cache

22:47:37.993 [AsyncHttpClient-1-5] DEBUG org.asynchttpclient.netty.channel.ChannelManager - Adding key: http://localhost:57313 for channel [id: 0xc519e78b, L:/127.0.0.1:61311 - R:localhost/127.0.0.1:57313]
22:47:38.119 [AsyncHttpClient-1-1] DEBUG org.asynchttpclient.netty.channel.DefaultChannelPool - Entry count for : http://localhost:61299 : 1
22:47:38.119 [AsyncHttpClient-1-1] DEBUG org.asynchttpclient.netty.channel.DefaultChannelPool - Entry count for : http://localhost:57313 : 1
22:47:38.119 [AsyncHttpClient-1-1] DEBUG org.asynchttpclient.netty.channel.DefaultChannelPool - Entry count for : http://localhost:61314 : 1
22:47:38.119 [AsyncHttpClient-1-1] DEBUG org.asynchttpclient.netty.channel.DefaultChannelPool - Entry count for : http://localhost:55830 : 1
22:47:39.223 [AsyncHttpClient-1-1] DEBUG org.asynchttpclient.netty.channel.DefaultChannelPool - Entry count for : http://localhost:61299 : 1
22:47:39.223 [AsyncHttpClient-1-1] DEBUG org.asynchttpclient.netty.channel.DefaultChannelPool - Entry count for : http://localhost:57313 : 1
22:47:39.223 [AsyncHttpClient-1-1] DEBUG org.asynchttpclient.netty.channel.DefaultChannelPool - Entry count for : http://localhost:61314 : 1
22:47:39.223 [AsyncHttpClient-1-1] DEBUG org.asynchttpclient.netty.channel.DefaultChannelPool - Entry count for : http://localhost:55830 : 1
22:47:40.321 [AsyncHttpClient-1-1] DEBUG org.asynchttpclient.netty.channel.DefaultChannelPool - Entry count for : http://localhost:61299 : 1
22:47:40.321 [AsyncHttpClient-1-1] DEBUG org.asynchttpclient.netty.channel.DefaultChannelPool - Entry count for : http://localhost:57313 : 1
22:47:40.321 [AsyncHttpClient-1-1] DEBUG org.asynchttpclient.netty.channel.DefaultChannelPool - Entry count for : http://localhost:61314 : 1
22:47:40.321 [AsyncHttpClient-1-1] DEBUG org.asynchttpclient.netty.channel.DefaultChannelPool - Entry count for : http://localhost:55830 : 1
22:47:41.006 [Forwarding findElement on session f1d602ee9c89fc030b3d81785a934af5 to remote] DEBUG org.asynchttpclient.netty.request.NettyRequestSender - Using pooled Channel '[id: 0xc519e78b, L:/127.0.0.1:61311 - R:localhost/127.0.0.1:57313]' for 'POST' to 'http://localhost:57313/session/f1d602ee9c89fc030b3d81785a934af5/element'
22:47:41.006 [Forwarding findElement on session f1d602ee9c89fc030b3d81785a934af5 to remote] DEBUG org.asynchttpclient.netty.request.NettyRequestSender - Using open Channel [id: 0xc519e78b, L:/127.0.0.1:61311 - R:localhost/127.0.0.1:57313] for POST '/session/f1d602ee9c89fc030b3d81785a934af5/element'
22:47:41.034 [AsyncHttpClient-1-5] DEBUG org.asynchttpclient.netty.handler.HttpHandler - 

Request DefaultHttpRequest(decodeResult: success, version: HTTP/1.1)
POST /session/f1d602ee9c89fc030b3d81785a934af5/element HTTP/1.1
User-Agent: selenium/4.1.4 (java windows)
Content-Length: 55
Content-Type: application/json; charset=utf-8
host: localhost:57313
accept: */*

Response DefaultHttpResponse(decodeResult: success, version: HTTP/1.1)
HTTP/1.1 200 OK
Content-Length: 95
Content-Type: application/json; charset=utf-8
cache-control: no-cache

22:47:41.034 [AsyncHttpClient-1-5] DEBUG org.asynchttpclient.netty.channel.ChannelManager - Adding key: http://localhost:57313 for channel [id: 0xc519e78b, L:/127.0.0.1:61311 - R:localhost/127.0.0.1:57313]
22:47:41.038 [Forwarding findChildElements on session f1d602ee9c89fc030b3d81785a934af5 to remote] DEBUG org.asynchttpclient.netty.request.NettyRequestSender - Using pooled Channel '[id: 0xc519e78b, L:/127.0.0.1:61311 - R:localhost/127.0.0.1:57313]' for 'POST' to 'http://localhost:57313/session/f1d602ee9c89fc030b3d81785a934af5/element/883E247DEC70D526D93EBFEA18A0FC6B_element_63/elements'
22:47:41.038 [Forwarding findChildElements on session f1d602ee9c89fc030b3d81785a934af5 to remote] DEBUG org.asynchttpclient.netty.request.NettyRequestSender - Using open Channel [id: 0xc519e78b, L:/127.0.0.1:61311 - R:localhost/127.0.0.1:57313] for POST '/session/f1d602ee9c89fc030b3d81785a934af5/element/883E247DEC70D526D93EBFEA18A0FC6B_element_63/elements'
22:47:41.061 [AsyncHttpClient-1-5] DEBUG org.asynchttpclient.netty.handler.HttpHandler - 

Request DefaultHttpRequest(decodeResult: success, version: HTTP/1.1)
POST /session/f1d602ee9c89fc030b3d81785a934af5/element/883E247DEC70D526D93EBFEA18A0FC6B_element_63/elements HTTP/1.1
User-Agent: selenium/4.1.4 (java windows)
Content-Length: 97
Content-Type: application/json; charset=utf-8
host: localhost:57313
accept: */*

Response DefaultHttpResponse(decodeResult: success, version: HTTP/1.1)
HTTP/1.1 200 OK
Content-Length: 527
Content-Type: application/json; charset=utf-8
cache-control: no-cache

22:47:41.062 [AsyncHttpClient-1-5] DEBUG org.asynchttpclient.netty.channel.ChannelManager - Adding key: http://localhost:57313 for channel [id: 0xc519e78b, L:/127.0.0.1:61311 - R:localhost/127.0.0.1:57313]
22:47:41.070 [Forwarding findChildElement on session f1d602ee9c89fc030b3d81785a934af5 to remote] DEBUG org.asynchttpclient.netty.request.NettyRequestSender - Using pooled Channel '[id: 0xc519e78b, L:/127.0.0.1:61311 - R:localhost/127.0.0.1:57313]' for 'POST' to 'http://localhost:57313/session/f1d602ee9c89fc030b3d81785a934af5/element/883E247DEC70D526D93EBFEA18A0FC6B_element_68/element'
22:47:41.070 [Forwarding findChildElement on session f1d602ee9c89fc030b3d81785a934af5 to remote] DEBUG org.asynchttpclient.netty.request.NettyRequestSender - Using open Channel [id: 0xc519e78b, L:/127.0.0.1:61311 - R:localhost/127.0.0.1:57313] for POST '/session/f1d602ee9c89fc030b3d81785a934af5/element/883E247DEC70D526D93EBFEA18A0FC6B_element_68/element'
22:47:41.091 [AsyncHttpClient-1-5] DEBUG org.asynchttpclient.netty.handler.HttpHandler - 

Request DefaultHttpRequest(decodeResult: success, version: HTTP/1.1)
POST /session/f1d602ee9c89fc030b3d81785a934af5/element/883E247DEC70D526D93EBFEA18A0FC6B_element_68/element HTTP/1.1
User-Agent: selenium/4.1.4 (java windows)
Content-Length: 96
Content-Type: application/json; charset=utf-8
host: localhost:57313
accept: */*

Response DefaultHttpResponse(decodeResult: success, version: HTTP/1.1)
HTTP/1.1 200 OK
Content-Length: 95
Content-Type: application/json; charset=utf-8
cache-control: no-cache

22:47:41.091 [AsyncHttpClient-1-5] DEBUG org.asynchttpclient.netty.channel.ChannelManager - Adding key: http://localhost:57313 for channel [id: 0xc519e78b, L:/127.0.0.1:61311 - R:localhost/127.0.0.1:57313]
22:47:41.093 [Forwarding clickElement on session f1d602ee9c89fc030b3d81785a934af5 to remote] DEBUG org.asynchttpclient.netty.request.NettyRequestSender - Using pooled Channel '[id: 0xc519e78b, L:/127.0.0.1:61311 - R:localhost/127.0.0.1:57313]' for 'POST' to 'http://localhost:57313/session/f1d602ee9c89fc030b3d81785a934af5/element/883E247DEC70D526D93EBFEA18A0FC6B_element_70/click'
22:47:41.093 [Forwarding clickElement on session f1d602ee9c89fc030b3d81785a934af5 to remote] DEBUG org.asynchttpclient.netty.request.NettyRequestSender - Using open Channel [id: 0xc519e78b, L:/127.0.0.1:61311 - R:localhost/127.0.0.1:57313] for POST '/session/f1d602ee9c89fc030b3d81785a934af5/element/883E247DEC70D526D93EBFEA18A0FC6B_element_70/click'
22:47:41.208 [AsyncHttpClient-1-5] DEBUG org.asynchttpclient.netty.handler.HttpHandler - 

Request DefaultHttpRequest(decodeResult: success, version: HTTP/1.1)
POST /session/f1d602ee9c89fc030b3d81785a934af5/element/883E247DEC70D526D93EBFEA18A0FC6B_element_70/click HTTP/1.1
User-Agent: selenium/4.1.4 (java windows)
Content-Length: 57
Content-Type: application/json; charset=utf-8
host: localhost:57313
accept: */*

Response DefaultHttpResponse(decodeResult: success, version: HTTP/1.1)
HTTP/1.1 200 OK
Content-Length: 14
Content-Type: application/json; charset=utf-8
cache-control: no-cache

22:47:41.208 [AsyncHttpClient-1-5] DEBUG org.asynchttpclient.netty.channel.ChannelManager - Adding key: http://localhost:57313 for channel [id: 0xc519e78b, L:/127.0.0.1:61311 - R:localhost/127.0.0.1:57313]
22:47:41.210 [Forwarding findElement on session f1d602ee9c89fc030b3d81785a934af5 to remote] DEBUG org.asynchttpclient.netty.request.NettyRequestSender - Using pooled Channel '[id: 0xc519e78b, L:/127.0.0.1:61311 - R:localhost/127.0.0.1:57313]' for 'POST' to 'http://localhost:57313/session/f1d602ee9c89fc030b3d81785a934af5/element'
22:47:41.210 [Forwarding findElement on session f1d602ee9c89fc030b3d81785a934af5 to remote] DEBUG org.asynchttpclient.netty.request.NettyRequestSender - Using open Channel [id: 0xc519e78b, L:/127.0.0.1:61311 - R:localhost/127.0.0.1:57313] for POST '/session/f1d602ee9c89fc030b3d81785a934af5/element'
22:47:41.221 [AsyncHttpClient-1-5] DEBUG org.asynchttpclient.netty.handler.HttpHandler - 

Request DefaultHttpRequest(decodeResult: success, version: HTTP/1.1)
POST /session/f1d602ee9c89fc030b3d81785a934af5/element HTTP/1.1
User-Agent: selenium/4.1.4 (java windows)
Content-Length: 45
Content-Type: application/json; charset=utf-8
host: localhost:57313
accept: */*

Response DefaultHttpResponse(decodeResult: success, version: HTTP/1.1)
HTTP/1.1 200 OK
Content-Length: 95
Content-Type: application/json; charset=utf-8
cache-control: no-cache

22:47:41.221 [AsyncHttpClient-1-5] DEBUG org.asynchttpclient.netty.channel.ChannelManager - Adding key: http://localhost:57313 for channel [id: 0xc519e78b, L:/127.0.0.1:61311 - R:localhost/127.0.0.1:57313]
22:47:41.223 [Forwarding findChildElements on session f1d602ee9c89fc030b3d81785a934af5 to remote] DEBUG org.asynchttpclient.netty.request.NettyRequestSender - Using pooled Channel '[id: 0xc519e78b, L:/127.0.0.1:61311 - R:localhost/127.0.0.1:57313]' for 'POST' to 'http://localhost:57313/session/f1d602ee9c89fc030b3d81785a934af5/element/47561BE922A4C42236FD6AC829E19F1E_element_74/elements'
22:47:41.223 [Forwarding findChildElements on session f1d602ee9c89fc030b3d81785a934af5 to remote] DEBUG org.asynchttpclient.netty.request.NettyRequestSender - Using open Channel [id: 0xc519e78b, L:/127.0.0.1:61311 - R:localhost/127.0.0.1:57313] for POST '/session/f1d602ee9c89fc030b3d81785a934af5/element/47561BE922A4C42236FD6AC829E19F1E_element_74/elements'
22:47:41.234 [AsyncHttpClient-1-5] DEBUG org.asynchttpclient.netty.handler.HttpHandler - 

Request DefaultHttpRequest(decodeResult: success, version: HTTP/1.1)
POST /session/f1d602ee9c89fc030b3d81785a934af5/element/47561BE922A4C42236FD6AC829E19F1E_element_74/elements HTTP/1.1
User-Agent: selenium/4.1.4 (java windows)
Content-Length: 97
Content-Type: application/json; charset=utf-8
host: localhost:57313
accept: */*

Response DefaultHttpResponse(decodeResult: success, version: HTTP/1.1)
HTTP/1.1 200 OK
Content-Length: 441
Content-Type: application/json; charset=utf-8
cache-control: no-cache

22:47:41.234 [AsyncHttpClient-1-5] DEBUG org.asynchttpclient.netty.channel.ChannelManager - Adding key: http://localhost:57313 for channel [id: 0xc519e78b, L:/127.0.0.1:61311 - R:localhost/127.0.0.1:57313]
22:47:41.235 [Forwarding findChildElement on session f1d602ee9c89fc030b3d81785a934af5 to remote] DEBUG org.asynchttpclient.netty.request.NettyRequestSender - Using pooled Channel '[id: 0xc519e78b, L:/127.0.0.1:61311 - R:localhost/127.0.0.1:57313]' for 'POST' to 'http://localhost:57313/session/f1d602ee9c89fc030b3d81785a934af5/element/47561BE922A4C42236FD6AC829E19F1E_element_79/element'
22:47:41.235 [Forwarding findChildElement on session f1d602ee9c89fc030b3d81785a934af5 to remote] DEBUG org.asynchttpclient.netty.request.NettyRequestSender - Using open Channel [id: 0xc519e78b, L:/127.0.0.1:61311 - R:localhost/127.0.0.1:57313] for POST '/session/f1d602ee9c89fc030b3d81785a934af5/element/47561BE922A4C42236FD6AC829E19F1E_element_79/element'
22:47:41.248 [AsyncHttpClient-1-5] DEBUG org.asynchttpclient.netty.handler.HttpHandler - 

Request DefaultHttpRequest(decodeResult: success, version: HTTP/1.1)
POST /session/f1d602ee9c89fc030b3d81785a934af5/element/47561BE922A4C42236FD6AC829E19F1E_element_79/element HTTP/1.1
User-Agent: selenium/4.1.4 (java windows)
Content-Length: 108
Content-Type: application/json; charset=utf-8
host: localhost:57313
accept: */*

Response DefaultHttpResponse(decodeResult: success, version: HTTP/1.1)
HTTP/1.1 200 OK
Content-Length: 95
Content-Type: application/json; charset=utf-8
cache-control: no-cache

22:47:41.248 [AsyncHttpClient-1-5] DEBUG org.asynchttpclient.netty.channel.ChannelManager - Adding key: http://localhost:57313 for channel [id: 0xc519e78b, L:/127.0.0.1:61311 - R:localhost/127.0.0.1:57313]
22:47:41.249 [Forwarding getElementText on session f1d602ee9c89fc030b3d81785a934af5 to remote] DEBUG org.asynchttpclient.netty.request.NettyRequestSender - Using pooled Channel '[id: 0xc519e78b, L:/127.0.0.1:61311 - R:localhost/127.0.0.1:57313]' for 'GET' to 'http://localhost:57313/session/f1d602ee9c89fc030b3d81785a934af5/element/47561BE922A4C42236FD6AC829E19F1E_element_80/text'
22:47:41.249 [Forwarding getElementText on session f1d602ee9c89fc030b3d81785a934af5 to remote] DEBUG org.asynchttpclient.netty.request.NettyRequestSender - Using open Channel [id: 0xc519e78b, L:/127.0.0.1:61311 - R:localhost/127.0.0.1:57313] for GET '/session/f1d602ee9c89fc030b3d81785a934af5/element/47561BE922A4C42236FD6AC829E19F1E_element_80/text'
22:47:41.267 [AsyncHttpClient-1-5] DEBUG org.asynchttpclient.netty.handler.HttpHandler - 

Request DefaultFullHttpRequest(decodeResult: success, version: HTTP/1.1, content: EmptyByteBufBE)
GET /session/f1d602ee9c89fc030b3d81785a934af5/element/47561BE922A4C42236FD6AC829E19F1E_element_80/text HTTP/1.1
User-Agent: selenium/4.1.4 (java windows)
Cache-Control: no-cache
Content-Type: application/json; charset=utf-8
host: localhost:57313
accept: */*

Response DefaultHttpResponse(decodeResult: success, version: HTTP/1.1)
HTTP/1.1 200 OK
Content-Length: 16
Content-Type: application/json; charset=utf-8
cache-control: no-cache

22:47:41.268 [AsyncHttpClient-1-5] DEBUG org.asynchttpclient.netty.channel.ChannelManager - Adding key: http://localhost:57313 for channel [id: 0xc519e78b, L:/127.0.0.1:61311 - R:localhost/127.0.0.1:57313]
]]></system-out>
  </testcase>
  <testcase name="deleteUserTest" classname="com.game_classes.UsersUITest" time="4.825"/>
  <testcase name="updateUserTest" classname="com.game_classes.UsersUITest" time="11.57"/>
  <testcase name="createUserTest" classname="com.yasen.rest.UserRestAssuredControllerTest" time="1.744"/>
  <testcase name="getUserTest" classname="com.yasen.rest.UserRestAssuredControllerTest" time="0.05">
    <failure message="Cannot invoke &quot;java.lang.Integer.intValue()&quot; because the return value of &quot;io.restassured.internal.common.path.ObjectConverter.convertObjectTo(Object, java.lang.Class)&quot; is null" type="java.lang.NullPointerException">java.lang.NullPointerException: Cannot invoke "java.lang.Integer.intValue()" because the return value of "io.restassured.internal.common.path.ObjectConverter.convertObjectTo(Object, java.lang.Class)" is null
	at com.yasen.rest.UserRestAssuredControllerTest.getUserTest(UserRestAssuredControllerTest.java:59)
</failure>
    <system-out><![CDATA[22:47:59.437 [main] DEBUG org.apache.http.impl.conn.BasicClientConnectionManager - Get connection for route {}->http://localhost:8080
22:47:59.437 [main] DEBUG org.apache.http.impl.conn.DefaultClientConnectionOperator - Connecting to localhost:8080
22:47:59.437 [main] DEBUG org.apache.http.client.protocol.RequestAddCookies - CookieSpec selected: ignoreCookies
22:47:59.437 [main] DEBUG org.apache.http.client.protocol.RequestAuthCache - Auth cache not set in the context
22:47:59.437 [main] DEBUG org.apache.http.client.protocol.RequestTargetAuthentication - Target auth state: UNCHALLENGED
22:47:59.437 [main] DEBUG org.apache.http.client.protocol.RequestProxyAuthentication - Proxy auth state: UNCHALLENGED
22:47:59.437 [main] DEBUG org.apache.http.impl.client.DefaultHttpClient - Attempt 1 to execute request
22:47:59.438 [main] DEBUG org.apache.http.impl.conn.DefaultClientConnection - Sending request: GET /api/users?pageNum=0 HTTP/1.1
22:47:59.438 [main] DEBUG org.apache.http.wire -  >> "GET /api/users?pageNum=0 HTTP/1.1[\r][\n]"
22:47:59.438 [main] DEBUG org.apache.http.wire -  >> "Accept: */*[\r][\n]"
22:47:59.438 [main] DEBUG org.apache.http.wire -  >> "Host: localhost:8080[\r][\n]"
22:47:59.438 [main] DEBUG org.apache.http.wire -  >> "Connection: Keep-Alive[\r][\n]"
22:47:59.438 [main] DEBUG org.apache.http.wire -  >> "User-Agent: Apache-HttpClient/4.5.14 (Java/18.0.2.1)[\r][\n]"
22:47:59.438 [main] DEBUG org.apache.http.wire -  >> "Accept-Encoding: gzip,deflate[\r][\n]"
22:47:59.438 [main] DEBUG org.apache.http.wire -  >> "[\r][\n]"
22:47:59.438 [main] DEBUG org.apache.http.headers - >> GET /api/users?pageNum=0 HTTP/1.1
22:47:59.438 [main] DEBUG org.apache.http.headers - >> Accept: */*
22:47:59.438 [main] DEBUG org.apache.http.headers - >> Host: localhost:8080
22:47:59.438 [main] DEBUG org.apache.http.headers - >> Connection: Keep-Alive
22:47:59.438 [main] DEBUG org.apache.http.headers - >> User-Agent: Apache-HttpClient/4.5.14 (Java/18.0.2.1)
22:47:59.438 [main] DEBUG org.apache.http.headers - >> Accept-Encoding: gzip,deflate
22:47:59.440 [main] DEBUG org.apache.http.wire -  << "HTTP/1.1 400 [\r][\n]"
22:47:59.440 [main] DEBUG org.apache.http.wire -  << "Vary: Origin[\r][\n]"
22:47:59.440 [main] DEBUG org.apache.http.wire -  << "Vary: Access-Control-Request-Method[\r][\n]"
22:47:59.440 [main] DEBUG org.apache.http.wire -  << "Vary: Access-Control-Request-Headers[\r][\n]"
22:47:59.440 [main] DEBUG org.apache.http.wire -  << "Content-Type: application/json[\r][\n]"
22:47:59.440 [main] DEBUG org.apache.http.wire -  << "Transfer-Encoding: chunked[\r][\n]"
22:47:59.440 [main] DEBUG org.apache.http.wire -  << "Date: Wed, 26 Jul 2023 19:47:58 GMT[\r][\n]"
22:47:59.440 [main] DEBUG org.apache.http.wire -  << "Connection: close[\r][\n]"
22:47:59.440 [main] DEBUG org.apache.http.wire -  << "[\r][\n]"
22:47:59.440 [main] DEBUG org.apache.http.impl.conn.DefaultClientConnection - Receiving response: HTTP/1.1 400 
22:47:59.441 [main] DEBUG org.apache.http.headers - << HTTP/1.1 400 
22:47:59.441 [main] DEBUG org.apache.http.headers - << Vary: Origin
22:47:59.441 [main] DEBUG org.apache.http.headers - << Vary: Access-Control-Request-Method
22:47:59.441 [main] DEBUG org.apache.http.headers - << Vary: Access-Control-Request-Headers
22:47:59.441 [main] DEBUG org.apache.http.headers - << Content-Type: application/json
22:47:59.441 [main] DEBUG org.apache.http.headers - << Transfer-Encoding: chunked
22:47:59.441 [main] DEBUG org.apache.http.headers - << Date: Wed, 26 Jul 2023 19:47:58 GMT
22:47:59.441 [main] DEBUG org.apache.http.headers - << Connection: close
22:47:59.441 [main] DEBUG io.restassured.internal.RequestSpecificationImpl$RestAssuredHttpBuilder - Parsing response as: application/json
22:47:59.441 [main] DEBUG io.restassured.internal.RequestSpecificationImpl$RestAssuredHttpBuilder - Parsed data to instance of: class org.apache.http.conn.EofSensorInputStream
22:47:59.442 [main] DEBUG org.apache.http.wire -  << "49[\r][\n]"
22:47:59.442 [main] DEBUG org.apache.http.wire -  << "{"error":"Bad request","message":"Page index must not be less than zero"}"
22:47:59.442 [main] DEBUG org.apache.http.wire -  << "[\r][\n]"
22:47:59.442 [main] DEBUG org.apache.http.wire -  << "0[\r][\n]"
22:47:59.442 [main] DEBUG org.apache.http.wire -  << "[\r][\n]"
22:47:59.442 [main] DEBUG org.apache.http.impl.conn.BasicClientConnectionManager - Releasing connection org.apache.http.impl.conn.ManagedClientConnectionImpl@14201a90
22:47:59.442 [main] DEBUG org.apache.http.impl.conn.DefaultClientConnection - Connection 0.0.0.0:61381<->127.0.0.1:8080 shut down
]]></system-out>
  </testcase>
  <testcase name="updateUserTest" classname="com.yasen.rest.UserRestAssuredControllerTest" time="0.034"/>
  <testcase name="getUserExistTest" classname="com.yasen.rest.UserRestAssuredControllerTest" time="0.037"/>
  <testcase name="getUserNotExistTest" classname="com.yasen.rest.UserRestAssuredControllerTest" time="0.026"/>
  <testcase name="deleteUserNotExistTest" classname="com.yasen.rest.UserRestAssuredControllerTest" time="0.031"/>
  <testcase name="deleteUserExistTest" classname="com.yasen.rest.UserRestAssuredControllerTest" time="0.027">
    <failure message="Cannot invoke &quot;java.lang.Integer.intValue()&quot; because the return value of &quot;io.restassured.internal.common.path.ObjectConverter.convertObjectTo(Object, java.lang.Class)&quot; is null" type="java.lang.NullPointerException">java.lang.NullPointerException: Cannot invoke "java.lang.Integer.intValue()" because the return value of "io.restassured.internal.common.path.ObjectConverter.convertObjectTo(Object, java.lang.Class)" is null
	at com.yasen.rest.UserRestAssuredControllerTest.deleteUserExistTest(UserRestAssuredControllerTest.java:165)
</failure>
    <system-out><![CDATA[22:47:59.595 [main] DEBUG org.apache.http.impl.conn.BasicClientConnectionManager - Get connection for route {}->http://localhost:8080
22:47:59.595 [main] DEBUG org.apache.http.impl.conn.DefaultClientConnectionOperator - Connecting to localhost:8080
22:47:59.596 [main] DEBUG org.apache.http.client.protocol.RequestAddCookies - CookieSpec selected: ignoreCookies
22:47:59.596 [main] DEBUG org.apache.http.client.protocol.RequestAuthCache - Auth cache not set in the context
22:47:59.596 [main] DEBUG org.apache.http.client.protocol.RequestTargetAuthentication - Target auth state: UNCHALLENGED
22:47:59.596 [main] DEBUG org.apache.http.client.protocol.RequestProxyAuthentication - Proxy auth state: UNCHALLENGED
22:47:59.596 [main] DEBUG org.apache.http.impl.client.DefaultHttpClient - Attempt 1 to execute request
22:47:59.596 [main] DEBUG org.apache.http.impl.conn.DefaultClientConnection - Sending request: GET /api/users?pageNum=0 HTTP/1.1
22:47:59.596 [main] DEBUG org.apache.http.wire -  >> "GET /api/users?pageNum=0 HTTP/1.1[\r][\n]"
22:47:59.596 [main] DEBUG org.apache.http.wire -  >> "Accept: */*[\r][\n]"
22:47:59.596 [main] DEBUG org.apache.http.wire -  >> "Host: localhost:8080[\r][\n]"
22:47:59.596 [main] DEBUG org.apache.http.wire -  >> "Connection: Keep-Alive[\r][\n]"
22:47:59.596 [main] DEBUG org.apache.http.wire -  >> "User-Agent: Apache-HttpClient/4.5.14 (Java/18.0.2.1)[\r][\n]"
22:47:59.596 [main] DEBUG org.apache.http.wire -  >> "Accept-Encoding: gzip,deflate[\r][\n]"
22:47:59.596 [main] DEBUG org.apache.http.wire -  >> "[\r][\n]"
22:47:59.596 [main] DEBUG org.apache.http.headers - >> GET /api/users?pageNum=0 HTTP/1.1
22:47:59.596 [main] DEBUG org.apache.http.headers - >> Accept: */*
22:47:59.596 [main] DEBUG org.apache.http.headers - >> Host: localhost:8080
22:47:59.596 [main] DEBUG org.apache.http.headers - >> Connection: Keep-Alive
22:47:59.596 [main] DEBUG org.apache.http.headers - >> User-Agent: Apache-HttpClient/4.5.14 (Java/18.0.2.1)
22:47:59.596 [main] DEBUG org.apache.http.headers - >> Accept-Encoding: gzip,deflate
22:47:59.598 [main] DEBUG org.apache.http.wire -  << "HTTP/1.1 400 [\r][\n]"
22:47:59.598 [main] DEBUG org.apache.http.wire -  << "Vary: Origin[\r][\n]"
22:47:59.598 [main] DEBUG org.apache.http.wire -  << "Vary: Access-Control-Request-Method[\r][\n]"
22:47:59.598 [main] DEBUG org.apache.http.wire -  << "Vary: Access-Control-Request-Headers[\r][\n]"
22:47:59.598 [main] DEBUG org.apache.http.wire -  << "Content-Type: application/json[\r][\n]"
22:47:59.598 [main] DEBUG org.apache.http.wire -  << "Transfer-Encoding: chunked[\r][\n]"
22:47:59.598 [main] DEBUG org.apache.http.wire -  << "Date: Wed, 26 Jul 2023 19:47:58 GMT[\r][\n]"
22:47:59.598 [main] DEBUG org.apache.http.wire -  << "Connection: close[\r][\n]"
22:47:59.598 [main] DEBUG org.apache.http.wire -  << "[\r][\n]"
22:47:59.598 [main] DEBUG org.apache.http.impl.conn.DefaultClientConnection - Receiving response: HTTP/1.1 400 
22:47:59.598 [main] DEBUG org.apache.http.headers - << HTTP/1.1 400 
22:47:59.598 [main] DEBUG org.apache.http.headers - << Vary: Origin
22:47:59.598 [main] DEBUG org.apache.http.headers - << Vary: Access-Control-Request-Method
22:47:59.598 [main] DEBUG org.apache.http.headers - << Vary: Access-Control-Request-Headers
22:47:59.598 [main] DEBUG org.apache.http.headers - << Content-Type: application/json
22:47:59.598 [main] DEBUG org.apache.http.headers - << Transfer-Encoding: chunked
22:47:59.598 [main] DEBUG org.apache.http.headers - << Date: Wed, 26 Jul 2023 19:47:58 GMT
22:47:59.598 [main] DEBUG org.apache.http.headers - << Connection: close
22:47:59.598 [main] DEBUG io.restassured.internal.RequestSpecificationImpl$RestAssuredHttpBuilder - Parsing response as: application/json
22:47:59.599 [main] DEBUG io.restassured.internal.RequestSpecificationImpl$RestAssuredHttpBuilder - Parsed data to instance of: class org.apache.http.conn.EofSensorInputStream
22:47:59.599 [main] DEBUG org.apache.http.wire -  << "49[\r][\n]"
22:47:59.599 [main] DEBUG org.apache.http.wire -  << "{"error":"Bad request","message":"Page index must not be less than zero"}"
22:47:59.599 [main] DEBUG org.apache.http.wire -  << "[\r][\n]"
22:47:59.599 [main] DEBUG org.apache.http.wire -  << "0[\r][\n]"
22:47:59.599 [main] DEBUG org.apache.http.wire -  << "[\r][\n]"
22:47:59.599 [main] DEBUG org.apache.http.impl.conn.BasicClientConnectionManager - Releasing connection org.apache.http.impl.conn.ManagedClientConnectionImpl@27e21083
22:47:59.599 [main] DEBUG org.apache.http.impl.conn.DefaultClientConnection - Connection 0.0.0.0:61386<->127.0.0.1:8080 shut down
]]></system-out>
  </testcase>
  <testcase name="testDeleteUsers on testDeleteUsers(com.game_classes.UserServiceTest)" classname="com.game_classes.UserServiceTest" time="0.156"/>
  <testcase name="testListAllUsers on testListAllUsers(com.game_classes.UserServiceTest)" classname="com.game_classes.UserServiceTest" time="0.009">
    <failure message="Iterables not equal: expected: null and actual: Page 1 of 0 containing UNKNOWN instances" type="java.lang.AssertionError">java.lang.AssertionError: Iterables not equal: expected: null and actual: Page 1 of 0 containing UNKNOWN instances
	at com.game_classes.UserServiceTest.testListAllUsers(UserServiceTest.java:62)
</failure>
  </testcase>
  <testcase name="testCreateOrUpdateUser on testCreateOrUpdateUser(com.game_classes.UserServiceTest)" classname="com.game_classes.UserServiceTest" time="0.002"/>
</testsuite>