<?xml version="1.0" encoding="UTF-8"?>
<!-- Generated by org.testng.reporters.JUnitReportReporter -->
<testsuite hostname="PC-1357" failures="0" tests="2" name="com.game_classes.HangmanUiTest" time="28.987" errors="0" timestamp="2023-06-09T23:34:33 EEST" skipped="0">
  <testcase classname="com.game_classes.HangmanUiTest" name="winGameTest" time="17.444"/>
  <system-out/>
  <testcase classname="com.game_classes.HangmanUiTest" name="looseGameTest" time="11.543"/>
  <system-out/>
</testsuite> <!-- com.game_classes.HangmanUiTest -->
