<?xml version="1.0" encoding="UTF-8"?>
<!-- Generated by org.testng.reporters.JUnitReportReporter -->
<testsuite hostname="PC-1357" failures="0" tests="7" name="com.yasen.rest.UserRestAssuredControllerTest" time="4.499" errors="0" timestamp="2023-07-17T15:16:55 EEST" skipped="0">
  <testcase classname="com.yasen.rest.UserRestAssuredControllerTest" name="createUserTest" time="3.674"/>
  <system-out/>
  <testcase classname="com.yasen.rest.UserRestAssuredControllerTest" name="getUserTest" time="0.195"/>
  <system-out/>
  <testcase classname="com.yasen.rest.UserRestAssuredControllerTest" name="updateUserTest" time="0.104"/>
  <system-out/>
  <testcase classname="com.yasen.rest.UserRestAssuredControllerTest" name="getUserExistTest" time="0.129"/>
  <system-out/>
  <testcase classname="com.yasen.rest.UserRestAssuredControllerTest" name="getUserNotExistTest" time="0.079"/>
  <system-out/>
  <testcase classname="com.yasen.rest.UserRestAssuredControllerTest" name="deleteUserNotExistTest" time="0.072"/>
  <system-out/>
  <testcase classname="com.yasen.rest.UserRestAssuredControllerTest" name="deleteUserExistTest" time="0.246"/>
  <system-out/>
</testsuite> <!-- com.yasen.rest.UserRestAssuredControllerTest -->
