<?xml version="1.0" encoding="UTF-8"?>
<!-- Generated by org.testng.reporters.JUnitReportReporter -->
<testsuite hostname="PC-1357" failures="0" tests="3" name="com.game_classes.UsersUITest" time="28.183" errors="0" timestamp="2023-06-29T16:05:00 EEST" skipped="0">
  <testcase classname="com.game_classes.UsersUITest" name="deleteUserTest" time="4.744"/>
  <system-out/>
  <testcase classname="com.game_classes.UsersUITest" name="createUserTest" time="11.865"/>
  <system-out/>
  <testcase classname="com.game_classes.UsersUITest" name="updateUserTest" time="11.574"/>
  <system-out/>
</testsuite> <!-- com.game_classes.UsersUITest -->
