<?xml version="1.0" encoding="UTF-8"?>
<!-- Generated by org.testng.reporters.JUnitReportReporter -->
<testsuite hostname="PC-1357" failures="0" tests="2" name="com.game_classes.HangmanUiTest" time="23.307" errors="0" timestamp="2023-06-12T15:31:41 EEST" skipped="0">
  <testcase classname="com.game_classes.HangmanUiTest" name="winGameTest" time="11.152"/>
  <system-out/>
  <testcase classname="com.game_classes.HangmanUiTest" name="looseGameTest" time="12.155"/>
  <system-out/>
</testsuite> <!-- com.game_classes.HangmanUiTest -->
