<?xml version="1.0" encoding="UTF-8"?>
<!-- Generated by org.testng.reporters.JUnitReportReporter -->
<testsuite hostname="DESKTOP-TUFNRNQ" failures="0" tests="2" name="com.yasen.rest.UserRestAssuredControllerTest" time="2.444" errors="0" timestamp="2023-07-11T13:41:18 EEST" skipped="0">
  <testcase classname="com.yasen.rest.UserRestAssuredControllerTest" name="getUsersDataTest" time="1.742"/>
  <testcase classname="com.yasen.rest.UserRestAssuredControllerTest" name="userProfileTest" time="0.702"/>
</testsuite> <!-- com.yasen.rest.UserRestAssuredControllerTest -->
