<?xml version="1.0" encoding="UTF-8"?>
<!-- Generated by org.testng.reporters.JUnitReportReporter -->
<testsuite hostname="PC-1357" failures="0" tests="2" name="com.yasen.rest.UserRestControllerTest" time="3.949" errors="0" timestamp="2023-07-10T14:52:15 EEST" skipped="0">
  <testcase classname="com.yasen.rest.UserRestControllerTest" name="userProfileTest" time="1.226"/>
  <system-out/>
  <testcase classname="com.yasen.rest.UserRestControllerTest" name="getUsersDataTest" time="2.723"/>
  <system-out/>
</testsuite> <!-- com.yasen.rest.UserRestControllerTest -->
