<?xml version="1.0" encoding="UTF-8"?>
<!-- Generated by org.testng.reporters.JUnitReportReporter -->
<testsuite hostname="DESKTOP-TUFNRNQ" failures="0" tests="1" name="com.game_classes.UsersUITest" time="12.051" errors="0" timestamp="2023-06-29T00:17:07 EEST" skipped="0">
  <testcase classname="com.game_classes.UsersUITest" name="updateUserTest" time="12.051"/>
</testsuite> <!-- com.game_classes.UsersUITest -->
