<?xml version="1.0" encoding="UTF-8"?>
<!-- Generated by org.testng.reporters.JUnitReportReporter -->
<testsuite hostname="PC-1357" failures="0" tests="2" name="com.game_classes.HangmanUiTest" time="21.201" errors="0" timestamp="2023-06-14T13:38:37 EEST" skipped="0">
  <testcase classname="com.game_classes.HangmanUiTest" name="winGameTest" time="9.587"/>
  <system-out/>
  <testcase classname="com.game_classes.HangmanUiTest" name="looseGameTest" time="11.614"/>
  <system-out/>
</testsuite> <!-- com.game_classes.HangmanUiTest -->
