<?xml version="1.0" encoding="UTF-8"?>
<!-- Generated by org.testng.reporters.JUnitReportReporter -->
<testsuite hostname="PC-1357" failures="0" tests="3" name="com.game_classes.UsersUITest" time="29.497" errors="0" timestamp="2023-07-03T11:44:01 EEST" skipped="0">
  <testcase classname="com.game_classes.UsersUITest" name="updateUserTest" time="12.029"/>
  <system-out/>
  <testcase classname="com.game_classes.UsersUITest" name="deleteUserTest" time="4.977"/>
  <system-out/>
  <testcase classname="com.game_classes.UsersUITest" name="createUserTest" time="12.491"/>
  <system-out/>
</testsuite> <!-- com.game_classes.UsersUITest -->
