<?xml version="1.0" encoding="UTF-8"?>
<!-- Generated by org.testng.reporters.JUnitReportReporter -->
<testsuite hostname="DESKTOP-TUFNRNQ" failures="0" tests="1" name="com.game_classes.HangmanUiTest" time="11.798" errors="0" timestamp="2023-06-28T14:24:45 EEST" skipped="0">
  <testcase classname="com.game_classes.HangmanUiTest" name="createUserTest" time="11.798"/>
</testsuite> <!-- com.game_classes.HangmanUiTest -->
