<?xml version="1.0" encoding="UTF-8"?>
<!-- Generated by org.testng.reporters.JUnitReportReporter -->
<testsuite hostname="DESKTOP-TUFNRNQ" failures="0" tests="2" name="com.react_tests.ReactUiTest" time="14.848" errors="0" timestamp="2023-08-07T13:55:25 EEST" skipped="0">
  <testcase classname="com.react_tests.ReactUiTest" name="editUser" time="7.260"/>
  <testcase classname="com.react_tests.ReactUiTest" name="createUser" time="7.588"/>
</testsuite> <!-- com.react_tests.ReactUiTest -->
