<?xml version="1.0" encoding="UTF-8"?>
<!-- Generated by org.testng.reporters.JUnitReportReporter -->
<testsuite hostname="DESKTOP-TUFNRNQ" failures="0" tests="1" name="com.react_tests.ReactUiTest" time="7.526" errors="0" timestamp="2023-08-04T17:31:17 EEST" skipped="0">
  <testcase classname="com.react_tests.ReactUiTest" name="winGameTest" time="7.526"/>
</testsuite> <!-- com.react_tests.ReactUiTest -->
